02:11:56.972 [main                     ] DEBUG Logger               - Configured Logger
02:11:56.994 [main                     ] DEBUG GameApplication      - Logging settings
Title: IntelliGame
Version: 1.0(呕心沥血)
Width: 896
Height: 896
Fullscreen: false
Intro: false
Profiling: false
Single step:false
App Mode: RELEASE
Menu Key: ESCAPE
Stage Style: DECORATED
Scene Factory: class com.almasb.fxgl.app.scene.SceneFactory

02:11:57.437 [JavaFX Application Thread] DEBUG FXGLApplication      - Initializing FXGL
02:11:57.442 [JavaFX Application Thread] INFO  Engine               - FXGL-11.11 (08.09.2020 18.00) on WINDOWS (J:11.0.7 FX:14)
02:11:57.443 [JavaFX Application Thread] DEBUG Engine               - JRE Vendor Name: Oracle Corporation
02:11:57.443 [JavaFX Application Thread] DEBUG Engine               - Running on OS: Windows 10 version 10.0
02:11:57.443 [JavaFX Application Thread] DEBUG Engine               - Architecture: amd64
02:11:57.443 [JavaFX Application Thread] INFO  Engine               - Source code and latest versions at: https://github.com/AlmasB/FXGL
02:11:57.443 [JavaFX Application Thread] INFO  Engine               -              Join the FXGL chat at: https://gitter.im/AlmasB/FXGL
02:11:57.530 [JavaFX Application Thread] DEBUG MainWindow           - Creating a JavaFX scene
02:11:57.576 [JavaFX Application Thread] DEBUG MainWindow           - Target settings size: 896.0 x 896.0
02:11:57.576 [JavaFX Application Thread] DEBUG MainWindow           - Scaled scene size:    896.0 x 896.0
02:11:57.576 [JavaFX Application Thread] DEBUG MainWindow           - Scaled ratio: (1.0, 1.0)
02:11:57.577 [JavaFX Application Thread] DEBUG MainWindow           - Set initial scene to StartupScene
02:11:57.581 [JavaFX Application Thread] DEBUG MainWindow           - Opening main window
02:11:57.659 [JavaFX Application Thread] DEBUG MainWindow           - Window border size: (16.0, 39.0)
02:11:57.659 [JavaFX Application Thread] DEBUG MainWindow           - Scaled size: 896.0 x 896.0
02:11:57.660 [JavaFX Application Thread] DEBUG MainWindow           - Scaled ratio: (1.0, 1.0)
02:11:57.660 [JavaFX Application Thread] DEBUG MainWindow           - Scene size: 896.0 x 896.0
02:11:57.660 [JavaFX Application Thread] DEBUG MainWindow           - Stage size: 912.0 x 935.0
02:11:57.666 [FXGL Background Thread 1 ] DEBUG Engine               - Initializing environment variables
02:11:57.696 [FXGL Background Thread 1 ] DEBUG GameApplicationServi - Applying CSS: fxgl_dark.css
02:11:57.696 [FXGL Background Thread 1 ] DEBUG FXGLAssetLoaderServi - Loading from file system: /assets/ui/css/fxgl_dark.css
02:11:57.739 [FXGL Background Thread 1 ] DEBUG GameApplicationServi - Initializing application scenes
02:11:57.796 [FXGL Background Thread 1 ] DEBUG GameWorld            - Game world initialized
02:11:57.841 [FXGL Background Thread 1 ] DEBUG PhysicsWorld         - Physics world initialized: appHeight=896, physics.ppm=50.0
02:11:57.842 [FXGL Background Thread 1 ] DEBUG GameScene            - Game scene initialized: 896x896
02:11:57.866 [FXGL Background Thread 1 ] DEBUG FXGLAssetLoaderServi - Loading from file system: /assets/textures/particles/trace_horizontal.png
02:11:57.918 [FXGL Background Thread 1 ] DEBUG FXGL.DefaultMenu     - createMenuBodyMainMenu()
02:11:57.930 [FXGL Background Thread 1 ] DEBUG FXGL.DefaultMenu     - createOptionsMenu()
02:11:57.933 [FXGL Background Thread 1 ] DEBUG FXGL.DefaultMenu     - createExtraMenu()
02:11:57.935 [FXGL Background Thread 1 ] DEBUG FXGLAssetLoaderServi - Loading from file system: /assets/textures/particles/smoke.png
02:11:57.989 [FXGL Background Thread 1 ] DEBUG FXGLAssetLoaderServi - Loading from cache: /assets/textures/particles/trace_horizontal.png@64.0x64.0
02:11:57.990 [FXGL Background Thread 1 ] DEBUG FXGL.DefaultMenu     - createMenuBodyGameMenu()
02:11:57.991 [FXGL Background Thread 1 ] DEBUG FXGL.DefaultMenu     - createOptionsMenu()
02:11:57.992 [FXGL Background Thread 1 ] DEBUG FXGL.DefaultMenu     - createExtraMenu()
02:11:57.993 [FXGL Background Thread 1 ] DEBUG FXGLAssetLoaderServi - Loading from cache: /assets/textures/particles/smoke.png@128.0x128.0
02:11:58.006 [FXGL Background Thread 1 ] DEBUG GameApplicationServi - Application scenes initialized
02:11:58.017 [FXGL Background Thread 1 ] DEBUG SystemBundleService  - Loading default FXGL system data
02:11:58.018 [FXGL Background Thread 3 ] DEBUG FXGLApplication      - Loading fonts
02:11:58.018 [FXGL Background Thread 3 ] DEBUG FXGLAssetLoaderServi - Loading from file system: /assets/ui/fonts/VarelaRound-Regular.ttf
02:11:58.018 [FXGL Background Thread 1 ] DEBUG FXGLApplication      - Loading default localization
02:11:58.019 [FXGL Background Thread 1 ] DEBUG FXGLAssetLoaderServi - Loading from file system: /assets/languages/english.lang
02:11:58.028 [FXGL Background Thread 1 ] INFO  FXGLApplication      - FXGL initialization took: 0.362 sec
02:11:58.035 [JavaFX Application Thread] DEBUG Input                - Registered new binding: 向左移动 - A
02:11:58.036 [JavaFX Application Thread] DEBUG Input                - Registered new binding: 向上移动 - W
02:11:58.036 [JavaFX Application Thread] DEBUG Input                - Registered new binding: 向右移动 - D
02:11:58.037 [JavaFX Application Thread] DEBUG Input                - Registered new binding: 向下移动 - S
02:11:58.037 [JavaFX Application Thread] DEBUG Input                - Registered new binding: Shoot - LMB
02:11:58.038 [JavaFX Application Thread] DEBUG FXGLAssetLoaderServi - Loading from file system: /assets/music/bgm.mp3
02:11:58.134 [JavaFX Application Thread] DEBUG AudioPlayer          - Playing music com.almasb.fxgl.audio.Music@5a63aa1c
02:11:58.137 [JavaFX Application Thread] DEBUG FXGLAssetLoaderServi - Loading from file system: /assets/textures/fxgl_icon.png
02:11:58.161 [JavaFX Application Thread] DEBUG FXGLAssetLoaderServi - Loading from file system: /assets/ui/cursors/fxgl_default.png
02:11:58.163 [JavaFX Application Thread] DEBUG Input                - Registered new binding: Screenshot - P
02:11:58.164 [JavaFX Application Thread] DEBUG LoopRunner           - Starting loop
02:11:58.167 [JavaFX Application Thread] DEBUG Input                - Clearing active input actions
02:11:58.177 [JavaFX Application Thread] DEBUG GameApplicationServi - Removing overlay from StartupScene and adding to FXGLMainMenuDummyScene
02:11:58.178 [JavaFX Application Thread] DEBUG MainWindow           - StartupScene -> FXGLMainMenuDummyScene
02:11:58.178 [JavaFX Application Thread] DEBUG MainWindow           - Push state: FXGLDefaultMenu
02:11:58.182 [JavaFX Application Thread] DEBUG Input                - Clearing active input actions
02:11:58.191 [JavaFX Application Thread] DEBUG GameApplicationServi - Removing overlay from FXGLMainMenuDummyScene and adding to FXGLDefaultMenu
02:11:58.192 [JavaFX Application Thread] DEBUG MainWindow           - FXGLMainMenuDummyScene -> FXGLDefaultMenu
02:11:58.324 [FXGL Background Thread 3 ] DEBUG FXGLAssetLoaderServi - Loading from file system: /assets/ui/fonts/Abel-Regular.ttf
02:11:58.328 [FXGL Background Thread 3 ] DEBUG FXGLAssetLoaderServi - Loading from file system: /assets/ui/fonts/lucida_console.ttf
02:11:58.334 [FXGL Background Thread 3 ] DEBUG FXGLAssetLoaderServi - Loading from file system: /assets/ui/fonts/Courier-Prime.ttf
02:11:58.342 [JavaFX Application Thread] DEBUG FXGLApplication      - Registering font factories with UI factory
02:11:59.383 [JavaFX Application Thread] DEBUG Menu                 - fireNewGame()
02:11:59.383 [JavaFX Application Thread] DEBUG GameApplicationServi - Starting new game
02:11:59.385 [JavaFX Application Thread] DEBUG MainWindow           - Pop state: FXGLDefaultMenu
02:11:59.385 [JavaFX Application Thread] DEBUG Input                - Clearing active input actions
02:11:59.386 [JavaFX Application Thread] DEBUG GameApplicationServi - Removing overlay from FXGLDefaultMenu and adding to FXGLMainMenuDummyScene
02:11:59.386 [JavaFX Application Thread] DEBUG MainWindow           - FXGLMainMenuDummyScene <- FXGLDefaultMenu
02:11:59.386 [JavaFX Application Thread] DEBUG Input                - Clearing active input actions
02:11:59.394 [JavaFX Application Thread] DEBUG GameApplicationServi - Removing overlay from FXGLMainMenuDummyScene and adding to FXGLLoadingScene
02:11:59.394 [JavaFX Application Thread] DEBUG MainWindow           - FXGLMainMenuDummyScene -> FXGLLoadingScene
02:11:59.394 [JavaFX Application Thread] DEBUG GameApplicationServi - Clearing previous game
02:11:59.394 [JavaFX Application Thread] DEBUG GameScene            - Clearing game scene
02:11:59.394 [JavaFX Application Thread] DEBUG GameWorld            - Clearing game world
02:11:59.395 [JavaFX Application Thread] DEBUG PhysicsWorld         - Clearing physics world
02:11:59.396 [FXGL Background Thread 3 ] DEBUG FXGLApplication      - Initializing game
02:11:59.403 [FXGL Background Thread 3 ] DEBUG FXGLAssetLoaderServi - Loading from file system: /assets/textures/background/background.jpg
02:11:59.546 [FXGL Background Thread 3 ] DEBUG FXGLAssetLoaderServi - Loading from file system: /assets/textures/home.png
02:11:59.583 [FXGL Background Thread 3 ] DEBUG FXGLAssetLoaderServi - Loading from cache: /assets/textures/home.png@88.0x88.0
02:11:59.600 [FXGL Background Thread 3 ] DEBUG FXGLAssetLoaderServi - Loading from cache: /assets/textures/home.png@88.0x88.0
02:11:59.607 [FXGL Background Thread 3 ] DEBUG FXGLAssetLoaderServi - Loading from cache: /assets/textures/home.png@88.0x88.0
02:11:59.614 [FXGL Background Thread 3 ] DEBUG FXGLAssetLoaderServi - Loading from cache: /assets/textures/home.png@88.0x88.0
02:11:59.621 [FXGL Background Thread 3 ] DEBUG FXGLAssetLoaderServi - Loading from cache: /assets/textures/home.png@88.0x88.0
02:11:59.628 [FXGL Background Thread 3 ] DEBUG FXGLAssetLoaderServi - Loading from cache: /assets/textures/home.png@88.0x88.0
02:11:59.635 [FXGL Background Thread 3 ] DEBUG FXGLAssetLoaderServi - Loading from file system: /assets/textures/player.png
02:11:59.667 [FXGL Background Thread 3 ] DEBUG FXGLAssetLoaderServi - Loading from file system: /assets/ui/main.fxml
02:11:59.716 [FXGL Background Thread 3 ] DEBUG FXGLAssetLoaderServi - Loading from file system: /assets/textures/life.png
02:11:59.717 [FXGL Background Thread 3 ] DEBUG FXGLAssetLoaderServi - Loading from cache: /assets/textures/life.png@32.0x42.0
02:11:59.717 [FXGL Background Thread 3 ] DEBUG FXGLAssetLoaderServi - Loading from cache: /assets/textures/life.png@32.0x42.0
02:11:59.718 [FXGL Background Thread 3 ] DEBUG FXGLAssetLoaderServi - Loading from file system: /assets/textures/houselife.png
02:11:59.725 [FXGL Background Thread 3 ] DEBUG FXGLAssetLoaderServi - Loading from cache: /assets/textures/houselife.png@32.0x32.0
02:11:59.725 [FXGL Background Thread 3 ] DEBUG FXGLAssetLoaderServi - Loading from cache: /assets/textures/houselife.png@32.0x32.0
02:11:59.725 [FXGL Background Thread 3 ] DEBUG FXGLAssetLoaderServi - Loading from cache: /assets/textures/houselife.png@32.0x32.0
02:11:59.725 [FXGL Background Thread 3 ] DEBUG FXGLAssetLoaderServi - Loading from cache: /assets/textures/houselife.png@32.0x32.0
02:11:59.725 [FXGL Background Thread 3 ] INFO  FXGLApplication      - Game initialization took: 0.330 sec
02:11:59.726 [JavaFX Application Thread] DEBUG Input                - Clearing active input actions
02:11:59.733 [JavaFX Application Thread] DEBUG GameApplicationServi - Removing overlay from FXGLLoadingScene and adding to GameScene
02:11:59.733 [JavaFX Application Thread] DEBUG MainWindow           - FXGLLoadingScene -> GameScene
02:12:00.339 [JavaFX Application Thread] DEBUG FXGLAssetLoaderServi - Loading from file system: /assets/textures/player.png
02:12:00.482 [JavaFX Application Thread] DEBUG FXGLAssetLoaderServi - Loading from file system: /assets/textures/hammer.png
02:12:00.487 [JavaFX Application Thread] DEBUG FXGLAssetLoaderServi - Loading from file system: /assets/sounds/shoot.wav
02:12:00.705 [JavaFX Application Thread] DEBUG FXGLAssetLoaderServi - Loading from file system: /assets/textures/monster2.png
02:12:00.716 [JavaFX Application Thread] DEBUG FXGLAssetLoaderServi - Loading from cache: /assets/textures/hammer.png@40.0x40.0
02:12:00.719 [JavaFX Application Thread] DEBUG FXGLAssetLoaderServi - Loading from cache: /assets/sounds/shoot.wav
02:12:00.931 [JavaFX Application Thread] DEBUG FXGLAssetLoaderServi - Loading from cache: /assets/textures/hammer.png@40.0x40.0
02:12:00.935 [JavaFX Application Thread] DEBUG FXGLAssetLoaderServi - Loading from cache: /assets/sounds/shoot.wav
02:12:01.018 [FXGL Background Thread 2 ] DEBUG Engine               - Logging environment variables
02:12:01.018 [FXGL Background Thread 2 ] DEBUG Engine               - achievements: []
02:12:01.018 [FXGL Background Thread 2 ] DEBUG Engine               - appIcon: fxgl_icon.png
02:12:01.018 [FXGL Background Thread 2 ] DEBUG Engine               - applicationMode: RELEASE
02:12:01.018 [FXGL Background Thread 2 ] DEBUG Engine               - cSSList: [fxgl_dark.css]
02:12:01.018 [FXGL Background Thread 2 ] DEBUG Engine               - configClass: Optional.empty
02:12:01.018 [FXGL Background Thread 2 ] DEBUG Engine               - credits: [赵力行, 易金鹏, 张恒锐, 张培祥, 郑伊龙, 李磊, 卢贤哲]
02:12:01.019 [FXGL Background Thread 2 ] DEBUG Engine               - devBBoxColorProperty: ObjectProperty [value: 0xff0000ff]
02:12:01.019 [FXGL Background Thread 2 ] DEBUG Engine               - devEnableDebugCameraProperty: BooleanProperty [value: false]
02:12:01.019 [FXGL Background Thread 2 ] DEBUG Engine               - devSensorColorProperty: ObjectProperty [value: 0xffff00ff]
02:12:01.019 [FXGL Background Thread 2 ] DEBUG Engine               - devShowBBoxProperty: BooleanProperty [value: false]
02:12:01.019 [FXGL Background Thread 2 ] DEBUG Engine               - devShowPositionProperty: BooleanProperty [value: false]
02:12:01.019 [FXGL Background Thread 2 ] DEBUG Engine               - enabledMenuItems: [EXTRA]
02:12:01.019 [FXGL Background Thread 2 ] DEBUG Engine               - engineServices: [class com.almasb.fxgl.app.FXGLApplication$GameApplicationService, class com.almasb.fxgl.app.services.FXGLDialogService, class com.almasb.fxgl.app.services.IOTaskExecutorService, class com.almasb.fxgl.event.EventBusService, class com.almasb.fxgl.io.FileSystemService, class com.almasb.fxgl.localization.LocalizationService, class com.almasb.fxgl.app.services.FXGLAssetLoaderService, class com.almasb.fxgl.app.services.SystemBundleService, class com.almasb.fxgl.profile.SaveLoadService, class com.almasb.fxgl.ui.FXGLUIFactoryServiceProvider, class com.almasb.fxgl.ui.FXGLDialogFactoryServiceProvider, class com.almasb.fxgl.audio.AudioPlayer, class com.almasb.fxgl.notification.impl.NotificationServiceProvider, class com.almasb.fxgl.achievement.AchievementService, class com.almasb.fxgl.cutscene.CutsceneService, class com.almasb.fxgl.minigames.MiniGameService, class com.almasb.fxgl.net.NetService, class com.almasb.fxgl.app.services.UpdaterService, class com.almasb.fxgl.dev.DevService]
02:12:01.019 [FXGL Background Thread 2 ] DEBUG Engine               - fontGame: Abel-Regular.ttf
02:12:01.019 [FXGL Background Thread 2 ] DEBUG Engine               - fontMono: lucida_console.ttf
02:12:01.019 [FXGL Background Thread 2 ] DEBUG Engine               - fontText: Courier-Prime.ttf
02:12:01.019 [FXGL Background Thread 2 ] DEBUG Engine               - fontUI: VarelaRound-Regular.ttf
02:12:01.019 [FXGL Background Thread 2 ] DEBUG Engine               - fullScreen: BooleanProperty [value: false]
02:12:01.019 [FXGL Background Thread 2 ] DEBUG Engine               - gameDifficulty: MEDIUM
02:12:01.019 [FXGL Background Thread 2 ] DEBUG Engine               - gameDifficultyProperty: ObjectProperty [value: MEDIUM]
02:12:01.020 [FXGL Background Thread 2 ] DEBUG Engine               - globalMusicVolume: 0.5
02:12:01.020 [FXGL Background Thread 2 ] DEBUG Engine               - globalMusicVolumeProperty: DoubleProperty [value: 1.0]
02:12:01.020 [FXGL Background Thread 2 ] DEBUG Engine               - globalSoundVolume: 0.5
02:12:01.020 [FXGL Background Thread 2 ] DEBUG Engine               - globalSoundVolumeProperty: DoubleProperty [value: 0.1]
02:12:01.020 [FXGL Background Thread 2 ] DEBUG Engine               - height: 896
02:12:01.020 [FXGL Background Thread 2 ] DEBUG Engine               - isAndroid: false
02:12:01.020 [FXGL Background Thread 2 ] DEBUG Engine               - isBrowser: false
02:12:01.020 [FXGL Background Thread 2 ] DEBUG Engine               - isClickFeedbackEnabled: false
02:12:01.020 [FXGL Background Thread 2 ] DEBUG Engine               - isCloseConfirmation: false
02:12:01.020 [FXGL Background Thread 2 ] DEBUG Engine               - isDesktop: true
02:12:01.020 [FXGL Background Thread 2 ] DEBUG Engine               - isDeveloperMenuEnabled: false
02:12:01.020 [FXGL Background Thread 2 ] DEBUG Engine               - isEntityPreloadEnabled: true
02:12:01.020 [FXGL Background Thread 2 ] DEBUG Engine               - isExperimentalNative: false
02:12:01.020 [FXGL Background Thread 2 ] DEBUG Engine               - isExperimentalTiledLargeMap: false
02:12:01.020 [FXGL Background Thread 2 ] DEBUG Engine               - isFileSystemWriteAllowed: true
02:12:01.020 [FXGL Background Thread 2 ] DEBUG Engine               - isFullScreenAllowed: false
02:12:01.020 [FXGL Background Thread 2 ] DEBUG Engine               - isFullScreenFromStart: false
02:12:01.020 [FXGL Background Thread 2 ] DEBUG Engine               - isGameMenuEnabled: true
02:12:01.021 [FXGL Background Thread 2 ] DEBUG Engine               - isIOS: false
02:12:01.021 [FXGL Background Thread 2 ] DEBUG Engine               - isIntroEnabled: false
02:12:01.021 [FXGL Background Thread 2 ] DEBUG Engine               - isLinux: false
02:12:01.021 [FXGL Background Thread 2 ] DEBUG Engine               - isMac: false
02:12:01.021 [FXGL Background Thread 2 ] DEBUG Engine               - isMainMenuEnabled: true
02:12:01.021 [FXGL Background Thread 2 ] DEBUG Engine               - isManualResizeEnabled: false
02:12:01.021 [FXGL Background Thread 2 ] DEBUG Engine               - isMobile: false
02:12:01.021 [FXGL Background Thread 2 ] DEBUG Engine               - isPreserveResizeRatio: false
02:12:01.021 [FXGL Background Thread 2 ] DEBUG Engine               - isProfilingEnabled: false
02:12:01.021 [FXGL Background Thread 2 ] DEBUG Engine               - isSingleStep: false
02:12:01.021 [FXGL Background Thread 2 ] DEBUG Engine               - isUserProfileEnabled: false
02:12:01.021 [FXGL Background Thread 2 ] DEBUG Engine               - isWindows: true
02:12:01.021 [FXGL Background Thread 2 ] DEBUG Engine               - language: ObjectProperty [value: ENGLISH]
02:12:01.021 [FXGL Background Thread 2 ] DEBUG Engine               - menuKey: ESCAPE
02:12:01.021 [FXGL Background Thread 2 ] DEBUG Engine               - notificationViewClass: class com.almasb.fxgl.notification.view.XboxNotificationView
02:12:01.021 [FXGL Background Thread 2 ] DEBUG Engine               - pixelsPerMeter: 50.0
02:12:01.021 [FXGL Background Thread 2 ] DEBUG Engine               - platform: WINDOWS
02:12:01.021 [FXGL Background Thread 2 ] DEBUG Engine               - profileDir: profiles/
02:12:01.021 [FXGL Background Thread 2 ] DEBUG Engine               - profileName: StringProperty [value: DEFAULT]
02:12:01.022 [FXGL Background Thread 2 ] DEBUG Engine               - randomSeed: -1
02:12:01.022 [FXGL Background Thread 2 ] DEBUG Engine               - runtimeInfo: RuntimeInfo(platform=WINDOWS, version=11.11, build=08.09.2020 18.00)
02:12:01.022 [FXGL Background Thread 2 ] DEBUG Engine               - saveFileExt: sav
02:12:01.022 [FXGL Background Thread 2 ] DEBUG Engine               - sceneFactory: com.almasb.fxgl.app.scene.SceneFactory@6c04b6f4
02:12:01.022 [FXGL Background Thread 2 ] DEBUG Engine               - secondsIn24h: 60
02:12:01.022 [FXGL Background Thread 2 ] DEBUG Engine               - soundMenuBack: menu/back.wav
02:12:01.022 [FXGL Background Thread 2 ] DEBUG Engine               - soundMenuPress: menu/press.wav
02:12:01.022 [FXGL Background Thread 2 ] DEBUG Engine               - soundMenuSelect: menu/select.wav
02:12:01.022 [FXGL Background Thread 2 ] DEBUG Engine               - soundNotification: core/notification.wav
02:12:01.022 [FXGL Background Thread 2 ] DEBUG Engine               - stageStyle: DECORATED
02:12:01.022 [FXGL Background Thread 2 ] DEBUG Engine               - supportedLanguages: [ENGLISH, FRENCH, GERMAN, HUNGARIAN, RUSSIAN]
02:12:01.022 [FXGL Background Thread 2 ] DEBUG Engine               - title: IntelliGame
02:12:01.022 [FXGL Background Thread 2 ] DEBUG Engine               - urlGithub: https://github.com/AlmasB/FXGL
02:12:01.022 [FXGL Background Thread 2 ] DEBUG Engine               - urlLeaderboard: http://fxgl-top.herokuapp.com/
02:12:01.022 [FXGL Background Thread 2 ] DEBUG Engine               - urlPOM: https://raw.githubusercontent.com/AlmasB/FXGL/master/pom.xml
02:12:01.022 [FXGL Background Thread 2 ] DEBUG Engine               - version: 1.0(呕心沥血)
02:12:01.022 [FXGL Background Thread 2 ] DEBUG Engine               - versionCheckDays: 7
02:12:01.022 [FXGL Background Thread 2 ] DEBUG Engine               - width: 896
02:12:01.022 [FXGL Background Thread 2 ] DEBUG Engine               - Logging services
02:12:01.023 [FXGL Background Thread 2 ] DEBUG Engine               - class com.almasb.fxgl.app.FXGLApplication$GameApplicationService
02:12:01.023 [FXGL Background Thread 2 ] DEBUG Engine               - class com.almasb.fxgl.app.services.FXGLDialogService
02:12:01.023 [FXGL Background Thread 2 ] DEBUG Engine               - class com.almasb.fxgl.app.services.IOTaskExecutorService
02:12:01.023 [FXGL Background Thread 2 ] DEBUG Engine               - class com.almasb.fxgl.event.EventBusService
02:12:01.023 [FXGL Background Thread 2 ] DEBUG Engine               - class com.almasb.fxgl.io.FileSystemService
02:12:01.023 [FXGL Background Thread 2 ] DEBUG Engine               - class com.almasb.fxgl.localization.LocalizationService
02:12:01.023 [FXGL Background Thread 2 ] DEBUG Engine               - class com.almasb.fxgl.app.services.FXGLAssetLoaderService
02:12:01.023 [FXGL Background Thread 2 ] DEBUG Engine               - class com.almasb.fxgl.app.services.SystemBundleService
02:12:01.023 [FXGL Background Thread 2 ] DEBUG Engine               - class com.almasb.fxgl.profile.SaveLoadService
02:12:01.023 [FXGL Background Thread 2 ] DEBUG Engine               - class com.almasb.fxgl.ui.FXGLUIFactoryServiceProvider
02:12:01.023 [FXGL Background Thread 2 ] DEBUG Engine               - class com.almasb.fxgl.ui.FXGLDialogFactoryServiceProvider
02:12:01.023 [FXGL Background Thread 2 ] DEBUG Engine               - class com.almasb.fxgl.audio.AudioPlayer
02:12:01.023 [FXGL Background Thread 2 ] DEBUG Engine               - class com.almasb.fxgl.notification.impl.NotificationServiceProvider
02:12:01.023 [FXGL Background Thread 2 ] DEBUG Engine               - class com.almasb.fxgl.achievement.AchievementService
02:12:01.023 [FXGL Background Thread 2 ] DEBUG Engine               - class com.almasb.fxgl.cutscene.CutsceneService
02:12:01.023 [FXGL Background Thread 2 ] DEBUG Engine               - class com.almasb.fxgl.minigames.MiniGameService
02:12:01.023 [FXGL Background Thread 2 ] DEBUG Engine               - class com.almasb.fxgl.net.NetService
02:12:01.024 [FXGL Background Thread 2 ] DEBUG Engine               - class com.almasb.fxgl.app.services.UpdaterService
02:12:01.024 [FXGL Background Thread 2 ] DEBUG Engine               - class com.almasb.fxgl.dev.DevService
02:12:01.147 [JavaFX Application Thread] DEBUG FXGLAssetLoaderServi - Loading from cache: /assets/textures/hammer.png@40.0x40.0
02:12:01.149 [JavaFX Application Thread] DEBUG FXGLAssetLoaderServi - Loading from cache: /assets/sounds/shoot.wav
02:12:01.343 [JavaFX Application Thread] DEBUG FXGLAssetLoaderServi - Loading from file system: /assets/textures/monster3.png
02:12:01.363 [JavaFX Application Thread] DEBUG FXGLAssetLoaderServi - Loading from cache: /assets/textures/hammer.png@40.0x40.0
02:12:01.365 [JavaFX Application Thread] DEBUG FXGLAssetLoaderServi - Loading from cache: /assets/sounds/shoot.wav
02:12:01.579 [JavaFX Application Thread] DEBUG FXGLAssetLoaderServi - Loading from cache: /assets/textures/hammer.png@40.0x40.0
02:12:01.581 [JavaFX Application Thread] DEBUG FXGLAssetLoaderServi - Loading from cache: /assets/sounds/shoot.wav
02:12:01.809 [JavaFX Application Thread] DEBUG FXGLAssetLoaderServi - Loading from cache: /assets/textures/hammer.png@40.0x40.0
02:12:01.811 [JavaFX Application Thread] DEBUG FXGLAssetLoaderServi - Loading from cache: /assets/sounds/shoot.wav
02:12:01.989 [JavaFX Application Thread] DEBUG FXGLAssetLoaderServi - Loading from cache: /assets/textures/monster2.png@40.0x40.0
02:12:02.030 [JavaFX Application Thread] DEBUG FXGLAssetLoaderServi - Loading from cache: /assets/textures/hammer.png@40.0x40.0
02:12:02.032 [JavaFX Application Thread] DEBUG FXGLAssetLoaderServi - Loading from cache: /assets/sounds/shoot.wav
02:12:02.242 [JavaFX Application Thread] DEBUG FXGLAssetLoaderServi - Loading from cache: /assets/textures/hammer.png@40.0x40.0
02:12:02.247 [JavaFX Application Thread] DEBUG FXGLAssetLoaderServi - Loading from cache: /assets/sounds/shoot.wav
02:12:02.461 [JavaFX Application Thread] DEBUG FXGLAssetLoaderServi - Loading from cache: /assets/textures/hammer.png@40.0x40.0
02:12:02.463 [JavaFX Application Thread] DEBUG FXGLAssetLoaderServi - Loading from cache: /assets/sounds/shoot.wav
02:12:02.627 [JavaFX Application Thread] DEBUG FXGLAssetLoaderServi - Loading from file system: /assets/textures/monster1.png
02:12:02.675 [JavaFX Application Thread] DEBUG FXGLAssetLoaderServi - Loading from cache: /assets/textures/hammer.png@40.0x40.0
02:12:02.677 [JavaFX Application Thread] DEBUG FXGLAssetLoaderServi - Loading from cache: /assets/sounds/shoot.wav
02:12:02.891 [JavaFX Application Thread] DEBUG FXGLAssetLoaderServi - Loading from cache: /assets/textures/hammer.png@40.0x40.0
02:12:02.893 [JavaFX Application Thread] DEBUG FXGLAssetLoaderServi - Loading from cache: /assets/sounds/shoot.wav
02:12:02.940 [JavaFX Application Thread] DEBUG FXGLAssetLoaderServi - Loading from file system: /assets/sounds/explosion.wav
02:12:02.940 [JavaFX Application Thread] DEBUG FXGLAssetLoaderServi - Loading from file system: /assets/textures/explosion.png
02:12:02.953 [JavaFX Application Thread] DEBUG EventBus             - Firing event: cn.edu.witpt.IntelliGame.event.GameEvent[source=javafx.event.Event$$Lambda$103/0x000000080021f040@316cf08b]
02:12:03.119 [JavaFX Application Thread] DEBUG FXGLAssetLoaderServi - Loading from cache: /assets/textures/hammer.png@40.0x40.0
02:12:03.122 [JavaFX Application Thread] DEBUG FXGLAssetLoaderServi - Loading from cache: /assets/sounds/shoot.wav
02:12:03.273 [JavaFX Application Thread] DEBUG FXGLAssetLoaderServi - Loading from cache: /assets/textures/monster2.png@40.0x40.0
02:12:03.331 [JavaFX Application Thread] DEBUG FXGLAssetLoaderServi - Loading from cache: /assets/textures/hammer.png@40.0x40.0
02:12:03.337 [JavaFX Application Thread] DEBUG FXGLAssetLoaderServi - Loading from cache: /assets/sounds/shoot.wav
02:12:03.523 [JavaFX Application Thread] DEBUG FXGLAssetLoaderServi - Loading from cache: /assets/sounds/explosion.wav
02:12:03.523 [JavaFX Application Thread] DEBUG FXGLAssetLoaderServi - Loading from cache: /assets/textures/explosion.png@1280.0x80.0
02:12:03.523 [JavaFX Application Thread] DEBUG EventBus             - Firing event: cn.edu.witpt.IntelliGame.event.GameEvent[source=javafx.event.Event$$Lambda$103/0x000000080021f040@316cf08b]
02:12:03.539 [JavaFX Application Thread] DEBUG FXGLAssetLoaderServi - Loading from cache: /assets/textures/hammer.png@40.0x40.0
02:12:03.545 [JavaFX Application Thread] DEBUG FXGLAssetLoaderServi - Loading from cache: /assets/sounds/shoot.wav
02:12:03.898 [JavaFX Application Thread] DEBUG FXGLAssetLoaderServi - Loading from cache: /assets/textures/monster1.png@40.0x40.0
02:12:04.572 [JavaFX Application Thread] DEBUG FXGLApplication      - Exiting FXGL
02:12:04.573 [JavaFX Application Thread] DEBUG LoopRunner           - Stopping loop
02:12:04.573 [JavaFX Application Thread] DEBUG SystemBundleService  - Saving FXGL system data
02:12:04.578 [JavaFX Application Thread] DEBUG FileSystemAccess     - Writing to: C:\Users\nIck_\Desktop\IntelliGame\target\system\fxgl.bundle
02:12:04.582 [JavaFX Application Thread] DEBUG Async                - Shutting down background threads
02:12:04.582 [JavaFX Application Thread] DEBUG MainWindow           - Closing main window
02:12:04.591 [JavaFX Application Thread] DEBUG Logger               - Closing Logger
