01:18:00.648 [main                     ] DEBUG Logger               - Configured Logger
01:18:00.668 [main                     ] DEBUG GameApplication      - Logging settings
Title: IntelliGame
Version: 1.0(呕心沥血)
Width: 896
Height: 896
Fullscreen: false
Intro: false
Profiling: false
Single step:false
App Mode: RELEASE
Menu Key: ESCAPE
Stage Style: DECORATED
Scene Factory: class com.almasb.fxgl.app.scene.SceneFactory

01:18:01.063 [JavaFX Application Thread] DEBUG FXGLApplication      - Initializing FXGL
01:18:01.077 [JavaFX Application Thread] INFO  Engine               - FXGL-11.11 (08.09.2020 18.00) on WINDOWS (J:11.0.7 FX:11.0.2)
01:18:01.077 [JavaFX Application Thread] DEBUG Engine               - JRE Vendor Name: Oracle Corporation
01:18:01.077 [JavaFX Application Thread] DEBUG Engine               - Running on OS: Windows 10 version 10.0
01:18:01.078 [JavaFX Application Thread] DEBUG Engine               - Architecture: amd64
01:18:01.078 [JavaFX Application Thread] INFO  Engine               - Source code and latest versions at: https://github.com/AlmasB/FXGL
01:18:01.078 [JavaFX Application Thread] INFO  Engine               -              Join the FXGL chat at: https://gitter.im/AlmasB/FXGL
01:18:01.186 [JavaFX Application Thread] DEBUG MainWindow           - Creating a JavaFX scene
01:18:01.249 [JavaFX Application Thread] DEBUG MainWindow           - Target settings size: 896.0 x 896.0
01:18:01.249 [JavaFX Application Thread] DEBUG MainWindow           - Scaled scene size:    896.0 x 896.0
01:18:01.249 [JavaFX Application Thread] DEBUG MainWindow           - Scaled ratio: (1.0, 1.0)
01:18:01.250 [JavaFX Application Thread] DEBUG MainWindow           - Set initial scene to StartupScene
01:18:01.257 [JavaFX Application Thread] DEBUG MainWindow           - Opening main window
01:18:01.369 [JavaFX Application Thread] DEBUG MainWindow           - Window border size: (16.0, 39.0)
01:18:01.370 [JavaFX Application Thread] DEBUG MainWindow           - Scaled size: 896.0 x 896.0
01:18:01.370 [JavaFX Application Thread] DEBUG MainWindow           - Scaled ratio: (1.0, 1.0)
01:18:01.370 [JavaFX Application Thread] DEBUG MainWindow           - Scene size: 896.0 x 896.0
01:18:01.370 [JavaFX Application Thread] DEBUG MainWindow           - Stage size: 912.0 x 935.0
01:18:01.377 [FXGL Background Thread 1 ] DEBUG Engine               - Initializing environment variables
01:18:01.411 [FXGL Background Thread 1 ] DEBUG GameApplicationServi - Applying CSS: fxgl_dark.css
01:18:01.411 [FXGL Background Thread 1 ] DEBUG FXGLAssetLoaderServi - Loading from file system: /assets/ui/css/fxgl_dark.css
01:18:01.470 [FXGL Background Thread 1 ] DEBUG GameApplicationServi - Initializing application scenes
01:18:01.548 [FXGL Background Thread 1 ] DEBUG GameWorld            - Game world initialized
01:18:01.617 [FXGL Background Thread 1 ] DEBUG PhysicsWorld         - Physics world initialized: appHeight=896, physics.ppm=50.0
01:18:01.620 [FXGL Background Thread 1 ] DEBUG GameScene            - Game scene initialized: 896x896
01:18:01.654 [FXGL Background Thread 1 ] DEBUG FXGLAssetLoaderServi - Loading from file system: /assets/textures/particles/trace_horizontal.png
01:18:01.719 [FXGL Background Thread 1 ] DEBUG FXGL.DefaultMenu     - createMenuBodyMainMenu()
01:18:01.743 [FXGL Background Thread 1 ] DEBUG FXGL.DefaultMenu     - createOptionsMenu()
01:18:01.748 [FXGL Background Thread 1 ] DEBUG FXGL.DefaultMenu     - createExtraMenu()
01:18:01.753 [FXGL Background Thread 1 ] DEBUG FXGLAssetLoaderServi - Loading from file system: /assets/textures/particles/smoke.png
01:18:01.816 [FXGL Background Thread 1 ] DEBUG FXGLAssetLoaderServi - Loading from cache: /assets/textures/particles/trace_horizontal.png@64.0x64.0
01:18:01.816 [FXGL Background Thread 1 ] DEBUG FXGL.DefaultMenu     - createMenuBodyGameMenu()
01:18:01.817 [FXGL Background Thread 1 ] DEBUG FXGL.DefaultMenu     - createOptionsMenu()
01:18:01.819 [FXGL Background Thread 1 ] DEBUG FXGL.DefaultMenu     - createExtraMenu()
01:18:01.822 [FXGL Background Thread 1 ] DEBUG FXGLAssetLoaderServi - Loading from cache: /assets/textures/particles/smoke.png@128.0x128.0
01:18:01.836 [FXGL Background Thread 1 ] DEBUG GameApplicationServi - Application scenes initialized
01:18:01.844 [FXGL Background Thread 1 ] DEBUG SystemBundleService  - Loading FXGL system data
01:18:01.848 [FXGL Background Thread 1 ] DEBUG FileSystemAccess     - Reading from: C:\Users\nIck_\Desktop\IntelliGame\system\fxgl.bundle
01:18:01.851 [FXGL Background Thread 1 ] DEBUG SystemBundleService  - Bundle FXGL: {}
01:18:01.853 [FXGL Background Thread 3 ] DEBUG FXGLApplication      - Loading fonts
01:18:01.853 [FXGL Background Thread 3 ] DEBUG FXGLAssetLoaderServi - Loading from file system: /assets/ui/fonts/VarelaRound-Regular.ttf
01:18:01.854 [FXGL Background Thread 1 ] DEBUG FXGLApplication      - Loading default localization
01:18:01.854 [FXGL Background Thread 1 ] DEBUG FXGLAssetLoaderServi - Loading from file system: /assets/languages/english.lang
01:18:01.869 [FXGL Background Thread 1 ] INFO  FXGLApplication      - FXGL initialization took: 0.490 sec
01:18:01.877 [JavaFX Application Thread] DEBUG Input                - Registered new binding: 向左移动 - A
01:18:01.878 [JavaFX Application Thread] DEBUG Input                - Registered new binding: 向上移动 - W
01:18:01.878 [JavaFX Application Thread] DEBUG Input                - Registered new binding: 向右移动 - D
01:18:01.878 [JavaFX Application Thread] DEBUG Input                - Registered new binding: 向下移动 - S
01:18:01.879 [JavaFX Application Thread] DEBUG Input                - Registered new binding: 扔锤子 - LMB
01:18:01.880 [JavaFX Application Thread] DEBUG FXGLAssetLoaderServi - Loading from file system: /assets/music/bgm.mp3
01:18:01.983 [JavaFX Application Thread] DEBUG AudioPlayer          - Playing music com.almasb.fxgl.audio.Music@1aa607e7
01:18:01.984 [JavaFX Application Thread] DEBUG FXGLAssetLoaderServi - Loading from file system: /assets/textures/fxgl_icon.png
01:18:02.010 [JavaFX Application Thread] DEBUG FXGLAssetLoaderServi - Loading from file system: /assets/ui/cursors/fxgl_default.png
01:18:02.014 [JavaFX Application Thread] DEBUG Input                - Registered new binding: Screenshot - P
01:18:02.017 [JavaFX Application Thread] DEBUG LoopRunner           - Starting loop
01:18:02.019 [JavaFX Application Thread] DEBUG Input                - Clearing active input actions
01:18:02.027 [JavaFX Application Thread] DEBUG GameApplicationServi - Removing overlay from StartupScene and adding to FXGLMainMenuDummyScene
01:18:02.027 [JavaFX Application Thread] DEBUG MainWindow           - StartupScene -> FXGLMainMenuDummyScene
01:18:02.027 [JavaFX Application Thread] DEBUG MainWindow           - Push state: FXGLDefaultMenu
01:18:02.033 [JavaFX Application Thread] DEBUG Input                - Clearing active input actions
01:18:02.047 [JavaFX Application Thread] DEBUG GameApplicationServi - Removing overlay from FXGLMainMenuDummyScene and adding to FXGLDefaultMenu
01:18:02.047 [JavaFX Application Thread] DEBUG MainWindow           - FXGLMainMenuDummyScene -> FXGLDefaultMenu
01:18:02.199 [FXGL Background Thread 3 ] DEBUG FXGLAssetLoaderServi - Loading from file system: /assets/ui/fonts/Abel-Regular.ttf
01:18:02.203 [FXGL Background Thread 3 ] DEBUG FXGLAssetLoaderServi - Loading from file system: /assets/ui/fonts/lucida_console.ttf
01:18:02.207 [FXGL Background Thread 3 ] DEBUG FXGLAssetLoaderServi - Loading from file system: /assets/ui/fonts/Courier-Prime.ttf
01:18:02.213 [JavaFX Application Thread] DEBUG FXGLApplication      - Registering font factories with UI factory
01:18:03.111 [JavaFX Application Thread] DEBUG Menu                 - fireNewGame()
01:18:03.111 [JavaFX Application Thread] DEBUG GameApplicationServi - Starting new game
01:18:03.113 [JavaFX Application Thread] DEBUG MainWindow           - Pop state: FXGLDefaultMenu
01:18:03.113 [JavaFX Application Thread] DEBUG Input                - Clearing active input actions
01:18:03.114 [JavaFX Application Thread] DEBUG GameApplicationServi - Removing overlay from FXGLDefaultMenu and adding to FXGLMainMenuDummyScene
01:18:03.114 [JavaFX Application Thread] DEBUG MainWindow           - FXGLMainMenuDummyScene <- FXGLDefaultMenu
01:18:03.114 [JavaFX Application Thread] DEBUG Input                - Clearing active input actions
01:18:03.122 [JavaFX Application Thread] DEBUG GameApplicationServi - Removing overlay from FXGLMainMenuDummyScene and adding to FXGLLoadingScene
01:18:03.122 [JavaFX Application Thread] DEBUG MainWindow           - FXGLMainMenuDummyScene -> FXGLLoadingScene
01:18:03.122 [JavaFX Application Thread] DEBUG GameApplicationServi - Clearing previous game
01:18:03.122 [JavaFX Application Thread] DEBUG GameScene            - Clearing game scene
01:18:03.122 [JavaFX Application Thread] DEBUG GameWorld            - Clearing game world
01:18:03.122 [JavaFX Application Thread] DEBUG PhysicsWorld         - Clearing physics world
01:18:03.123 [FXGL Background Thread 3 ] DEBUG FXGLApplication      - Initializing game
01:18:03.131 [FXGL Background Thread 3 ] DEBUG FXGLAssetLoaderServi - Loading from file system: /assets/textures/background/background.jpg
01:18:03.254 [FXGL Background Thread 3 ] DEBUG FXGLAssetLoaderServi - Loading from file system: /assets/textures/home.png
01:18:03.283 [FXGL Background Thread 3 ] DEBUG FXGLAssetLoaderServi - Loading from cache: /assets/textures/home.png@88.0x88.0
01:18:03.300 [FXGL Background Thread 3 ] DEBUG FXGLAssetLoaderServi - Loading from cache: /assets/textures/home.png@88.0x88.0
01:18:03.307 [FXGL Background Thread 3 ] DEBUG FXGLAssetLoaderServi - Loading from cache: /assets/textures/home.png@88.0x88.0
01:18:03.314 [FXGL Background Thread 3 ] DEBUG FXGLAssetLoaderServi - Loading from cache: /assets/textures/home.png@88.0x88.0
01:18:03.320 [FXGL Background Thread 3 ] DEBUG FXGLAssetLoaderServi - Loading from cache: /assets/textures/home.png@88.0x88.0
01:18:03.327 [FXGL Background Thread 3 ] DEBUG FXGLAssetLoaderServi - Loading from cache: /assets/textures/home.png@88.0x88.0
01:18:03.334 [FXGL Background Thread 3 ] DEBUG FXGLAssetLoaderServi - Loading from file system: /assets/textures/player.png
01:18:03.369 [FXGL Background Thread 3 ] DEBUG FXGLAssetLoaderServi - Loading from file system: /assets/ui/main.fxml
01:18:03.418 [FXGL Background Thread 3 ] DEBUG FXGLAssetLoaderServi - Loading from file system: /assets/textures/life.png
01:18:03.420 [FXGL Background Thread 3 ] DEBUG FXGLAssetLoaderServi - Loading from cache: /assets/textures/life.png@32.0x42.0
01:18:03.420 [FXGL Background Thread 3 ] DEBUG FXGLAssetLoaderServi - Loading from cache: /assets/textures/life.png@32.0x42.0
01:18:03.421 [FXGL Background Thread 3 ] DEBUG FXGLAssetLoaderServi - Loading from file system: /assets/textures/houselife.png
01:18:03.428 [FXGL Background Thread 3 ] DEBUG FXGLAssetLoaderServi - Loading from cache: /assets/textures/houselife.png@32.0x32.0
01:18:03.428 [FXGL Background Thread 3 ] DEBUG FXGLAssetLoaderServi - Loading from cache: /assets/textures/houselife.png@32.0x32.0
01:18:03.429 [FXGL Background Thread 3 ] DEBUG FXGLAssetLoaderServi - Loading from cache: /assets/textures/houselife.png@32.0x32.0
01:18:03.429 [FXGL Background Thread 3 ] DEBUG FXGLAssetLoaderServi - Loading from cache: /assets/textures/houselife.png@32.0x32.0
01:18:03.429 [FXGL Background Thread 3 ] INFO  FXGLApplication      - Game initialization took: 0.306 sec
01:18:03.429 [JavaFX Application Thread] DEBUG Input                - Clearing active input actions
01:18:03.439 [JavaFX Application Thread] DEBUG GameApplicationServi - Removing overlay from FXGLLoadingScene and adding to GameScene
01:18:03.439 [JavaFX Application Thread] DEBUG MainWindow           - FXGLLoadingScene -> GameScene
01:18:04.407 [JavaFX Application Thread] DEBUG FXGLAssetLoaderServi - Loading from file system: /assets/textures/hammer.png
01:18:04.414 [JavaFX Application Thread] DEBUG FXGLAssetLoaderServi - Loading from file system: /assets/sounds/shoot.wav
01:18:04.628 [JavaFX Application Thread] DEBUG FXGLAssetLoaderServi - Loading from file system: /assets/textures/monster3.png
01:18:04.647 [JavaFX Application Thread] DEBUG FXGLAssetLoaderServi - Loading from cache: /assets/textures/hammer.png@40.0x40.0
01:18:04.649 [JavaFX Application Thread] DEBUG FXGLAssetLoaderServi - Loading from cache: /assets/sounds/shoot.wav
01:18:04.852 [FXGL Background Thread 2 ] DEBUG Engine               - Logging environment variables
01:18:04.852 [FXGL Background Thread 2 ] DEBUG Engine               - achievements: []
01:18:04.852 [FXGL Background Thread 2 ] DEBUG Engine               - appIcon: fxgl_icon.png
01:18:04.852 [FXGL Background Thread 2 ] DEBUG Engine               - applicationMode: RELEASE
01:18:04.852 [FXGL Background Thread 2 ] DEBUG Engine               - cSSList: [fxgl_dark.css]
01:18:04.853 [FXGL Background Thread 2 ] DEBUG Engine               - configClass: Optional.empty
01:18:04.853 [FXGL Background Thread 2 ] DEBUG Engine               - credits: [赵力行, 易金鹏, 张恒锐, 张培祥, 郑伊龙, 李磊, 卢贤哲]
01:18:04.853 [FXGL Background Thread 2 ] DEBUG Engine               - devBBoxColorProperty: ObjectProperty [value: 0xff0000ff]
01:18:04.853 [FXGL Background Thread 2 ] DEBUG Engine               - devEnableDebugCameraProperty: BooleanProperty [value: false]
01:18:04.853 [FXGL Background Thread 2 ] DEBUG Engine               - devSensorColorProperty: ObjectProperty [value: 0xffff00ff]
01:18:04.853 [FXGL Background Thread 2 ] DEBUG Engine               - devShowBBoxProperty: BooleanProperty [value: false]
01:18:04.853 [FXGL Background Thread 2 ] DEBUG Engine               - devShowPositionProperty: BooleanProperty [value: false]
01:18:04.853 [FXGL Background Thread 2 ] DEBUG Engine               - enabledMenuItems: [EXTRA]
01:18:04.853 [FXGL Background Thread 2 ] DEBUG Engine               - engineServices: [class com.almasb.fxgl.app.FXGLApplication$GameApplicationService, class com.almasb.fxgl.app.services.FXGLDialogService, class com.almasb.fxgl.app.services.IOTaskExecutorService, class com.almasb.fxgl.event.EventBusService, class com.almasb.fxgl.io.FileSystemService, class com.almasb.fxgl.localization.LocalizationService, class com.almasb.fxgl.app.services.FXGLAssetLoaderService, class com.almasb.fxgl.app.services.SystemBundleService, class com.almasb.fxgl.profile.SaveLoadService, class com.almasb.fxgl.ui.FXGLUIFactoryServiceProvider, class com.almasb.fxgl.ui.FXGLDialogFactoryServiceProvider, class com.almasb.fxgl.audio.AudioPlayer, class com.almasb.fxgl.notification.impl.NotificationServiceProvider, class com.almasb.fxgl.achievement.AchievementService, class com.almasb.fxgl.cutscene.CutsceneService, class com.almasb.fxgl.minigames.MiniGameService, class com.almasb.fxgl.net.NetService, class com.almasb.fxgl.app.services.UpdaterService, class com.almasb.fxgl.dev.DevService]
01:18:04.853 [FXGL Background Thread 2 ] DEBUG Engine               - fontGame: Abel-Regular.ttf
01:18:04.853 [FXGL Background Thread 2 ] DEBUG Engine               - fontMono: lucida_console.ttf
01:18:04.854 [FXGL Background Thread 2 ] DEBUG Engine               - fontText: Courier-Prime.ttf
01:18:04.854 [FXGL Background Thread 2 ] DEBUG Engine               - fontUI: VarelaRound-Regular.ttf
01:18:04.854 [FXGL Background Thread 2 ] DEBUG Engine               - fullScreen: BooleanProperty [value: false]
01:18:04.854 [FXGL Background Thread 2 ] DEBUG Engine               - gameDifficulty: MEDIUM
01:18:04.854 [FXGL Background Thread 2 ] DEBUG Engine               - gameDifficultyProperty: ObjectProperty [value: MEDIUM]
01:18:04.854 [FXGL Background Thread 2 ] DEBUG Engine               - globalMusicVolume: 0.5
01:18:04.854 [FXGL Background Thread 2 ] DEBUG Engine               - globalMusicVolumeProperty: DoubleProperty [value: 1.0]
01:18:04.854 [FXGL Background Thread 2 ] DEBUG Engine               - globalSoundVolume: 0.5
01:18:04.854 [FXGL Background Thread 2 ] DEBUG Engine               - globalSoundVolumeProperty: DoubleProperty [value: 0.1]
01:18:04.854 [FXGL Background Thread 2 ] DEBUG Engine               - height: 896
01:18:04.854 [FXGL Background Thread 2 ] DEBUG Engine               - isAndroid: false
01:18:04.854 [FXGL Background Thread 2 ] DEBUG Engine               - isBrowser: false
01:18:04.854 [FXGL Background Thread 2 ] DEBUG Engine               - isClickFeedbackEnabled: false
01:18:04.854 [FXGL Background Thread 2 ] DEBUG Engine               - isCloseConfirmation: false
01:18:04.854 [FXGL Background Thread 2 ] DEBUG Engine               - isDesktop: true
01:18:04.854 [FXGL Background Thread 2 ] DEBUG Engine               - isDeveloperMenuEnabled: false
01:18:04.854 [FXGL Background Thread 2 ] DEBUG Engine               - isEntityPreloadEnabled: true
01:18:04.854 [FXGL Background Thread 2 ] DEBUG Engine               - isExperimentalNative: false
01:18:04.855 [FXGL Background Thread 2 ] DEBUG Engine               - isExperimentalTiledLargeMap: false
01:18:04.855 [FXGL Background Thread 2 ] DEBUG Engine               - isFileSystemWriteAllowed: true
01:18:04.855 [FXGL Background Thread 2 ] DEBUG Engine               - isFullScreenAllowed: false
01:18:04.855 [FXGL Background Thread 2 ] DEBUG Engine               - isFullScreenFromStart: false
01:18:04.855 [FXGL Background Thread 2 ] DEBUG Engine               - isGameMenuEnabled: true
01:18:04.855 [FXGL Background Thread 2 ] DEBUG Engine               - isIOS: false
01:18:04.855 [FXGL Background Thread 2 ] DEBUG Engine               - isIntroEnabled: false
01:18:04.855 [FXGL Background Thread 2 ] DEBUG Engine               - isLinux: false
01:18:04.855 [FXGL Background Thread 2 ] DEBUG Engine               - isMac: false
01:18:04.855 [FXGL Background Thread 2 ] DEBUG Engine               - isMainMenuEnabled: true
01:18:04.855 [FXGL Background Thread 2 ] DEBUG Engine               - isManualResizeEnabled: false
01:18:04.855 [FXGL Background Thread 2 ] DEBUG Engine               - isMobile: false
01:18:04.855 [FXGL Background Thread 2 ] DEBUG Engine               - isPreserveResizeRatio: false
01:18:04.855 [FXGL Background Thread 2 ] DEBUG Engine               - isProfilingEnabled: false
01:18:04.855 [FXGL Background Thread 2 ] DEBUG Engine               - isSingleStep: false
01:18:04.855 [FXGL Background Thread 2 ] DEBUG Engine               - isUserProfileEnabled: false
01:18:04.855 [FXGL Background Thread 2 ] DEBUG Engine               - isWindows: true
01:18:04.855 [FXGL Background Thread 2 ] DEBUG Engine               - language: ObjectProperty [value: ENGLISH]
01:18:04.855 [FXGL Background Thread 2 ] DEBUG Engine               - menuKey: ESCAPE
01:18:04.855 [FXGL Background Thread 2 ] DEBUG Engine               - notificationViewClass: class com.almasb.fxgl.notification.view.XboxNotificationView
01:18:04.855 [FXGL Background Thread 2 ] DEBUG Engine               - pixelsPerMeter: 50.0
01:18:04.856 [FXGL Background Thread 2 ] DEBUG Engine               - platform: WINDOWS
01:18:04.856 [FXGL Background Thread 2 ] DEBUG Engine               - profileDir: profiles/
01:18:04.856 [FXGL Background Thread 2 ] DEBUG Engine               - profileName: StringProperty [value: DEFAULT]
01:18:04.856 [FXGL Background Thread 2 ] DEBUG Engine               - randomSeed: -1
01:18:04.856 [FXGL Background Thread 2 ] DEBUG Engine               - runtimeInfo: RuntimeInfo(platform=WINDOWS, version=11.11, build=08.09.2020 18.00)
01:18:04.856 [FXGL Background Thread 2 ] DEBUG Engine               - saveFileExt: sav
01:18:04.856 [FXGL Background Thread 2 ] DEBUG Engine               - sceneFactory: com.almasb.fxgl.app.scene.SceneFactory@dc5f3e8
01:18:04.856 [FXGL Background Thread 2 ] DEBUG Engine               - secondsIn24h: 60
01:18:04.856 [FXGL Background Thread 2 ] DEBUG Engine               - soundMenuBack: menu/back.wav
01:18:04.856 [FXGL Background Thread 2 ] DEBUG Engine               - soundMenuPress: menu/press.wav
01:18:04.856 [FXGL Background Thread 2 ] DEBUG Engine               - soundMenuSelect: menu/select.wav
01:18:04.856 [FXGL Background Thread 2 ] DEBUG Engine               - soundNotification: core/notification.wav
01:18:04.856 [FXGL Background Thread 2 ] DEBUG Engine               - stageStyle: DECORATED
01:18:04.856 [FXGL Background Thread 2 ] DEBUG Engine               - supportedLanguages: [ENGLISH, FRENCH, GERMAN, HUNGARIAN, RUSSIAN]
01:18:04.856 [FXGL Background Thread 2 ] DEBUG Engine               - title: IntelliGame
01:18:04.856 [FXGL Background Thread 2 ] DEBUG Engine               - urlGithub: https://github.com/AlmasB/FXGL
01:18:04.856 [FXGL Background Thread 2 ] DEBUG Engine               - urlLeaderboard: http://fxgl-top.herokuapp.com/
01:18:04.857 [FXGL Background Thread 2 ] DEBUG Engine               - urlPOM: https://raw.githubusercontent.com/AlmasB/FXGL/master/pom.xml
01:18:04.857 [FXGL Background Thread 2 ] DEBUG Engine               - version: 1.0(呕心沥血)
01:18:04.857 [FXGL Background Thread 2 ] DEBUG Engine               - versionCheckDays: 7
01:18:04.857 [FXGL Background Thread 2 ] DEBUG Engine               - width: 896
01:18:04.857 [FXGL Background Thread 2 ] DEBUG Engine               - Logging services
01:18:04.857 [FXGL Background Thread 2 ] DEBUG Engine               - class com.almasb.fxgl.app.FXGLApplication$GameApplicationService
01:18:04.857 [FXGL Background Thread 2 ] DEBUG Engine               - class com.almasb.fxgl.app.services.FXGLDialogService
01:18:04.857 [FXGL Background Thread 2 ] DEBUG Engine               - class com.almasb.fxgl.app.services.IOTaskExecutorService
01:18:04.857 [FXGL Background Thread 2 ] DEBUG Engine               - class com.almasb.fxgl.event.EventBusService
01:18:04.857 [FXGL Background Thread 2 ] DEBUG Engine               - class com.almasb.fxgl.io.FileSystemService
01:18:04.857 [FXGL Background Thread 2 ] DEBUG Engine               - class com.almasb.fxgl.localization.LocalizationService
01:18:04.857 [FXGL Background Thread 2 ] DEBUG Engine               - class com.almasb.fxgl.app.services.FXGLAssetLoaderService
01:18:04.857 [FXGL Background Thread 2 ] DEBUG Engine               - class com.almasb.fxgl.app.services.SystemBundleService
01:18:04.857 [FXGL Background Thread 2 ] DEBUG Engine               - class com.almasb.fxgl.profile.SaveLoadService
01:18:04.857 [FXGL Background Thread 2 ] DEBUG Engine               - class com.almasb.fxgl.ui.FXGLUIFactoryServiceProvider
01:18:04.857 [FXGL Background Thread 2 ] DEBUG Engine               - class com.almasb.fxgl.ui.FXGLDialogFactoryServiceProvider
01:18:04.857 [FXGL Background Thread 2 ] DEBUG Engine               - class com.almasb.fxgl.audio.AudioPlayer
01:18:04.857 [FXGL Background Thread 2 ] DEBUG Engine               - class com.almasb.fxgl.notification.impl.NotificationServiceProvider
01:18:04.857 [FXGL Background Thread 2 ] DEBUG Engine               - class com.almasb.fxgl.achievement.AchievementService
01:18:04.857 [FXGL Background Thread 2 ] DEBUG Engine               - class com.almasb.fxgl.cutscene.CutsceneService
01:18:04.857 [FXGL Background Thread 2 ] DEBUG Engine               - class com.almasb.fxgl.minigames.MiniGameService
01:18:04.858 [FXGL Background Thread 2 ] DEBUG Engine               - class com.almasb.fxgl.net.NetService
01:18:04.858 [FXGL Background Thread 2 ] DEBUG Engine               - class com.almasb.fxgl.app.services.UpdaterService
01:18:04.858 [FXGL Background Thread 2 ] DEBUG Engine               - class com.almasb.fxgl.dev.DevService
01:18:05.272 [JavaFX Application Thread] DEBUG FXGLAssetLoaderServi - Loading from file system: /assets/textures/monster1.png
01:18:05.433 [JavaFX Application Thread] DEBUG FXGLAssetLoaderServi - Loading from file system: /assets/textures/player.png
01:18:05.717 [JavaFX Application Thread] DEBUG FXGLAssetLoaderServi - Loading from cache: /assets/textures/hammer.png@40.0x40.0
01:18:05.718 [JavaFX Application Thread] DEBUG FXGLAssetLoaderServi - Loading from cache: /assets/sounds/shoot.wav
01:18:05.905 [JavaFX Application Thread] DEBUG FXGLAssetLoaderServi - Loading from cache: /assets/textures/monster3.png@40.0x40.0
01:18:06.535 [JavaFX Application Thread] DEBUG FXGLAssetLoaderServi - Loading from file system: /assets/textures/monster4.png
01:18:07.169 [JavaFX Application Thread] DEBUG FXGLAssetLoaderServi - Loading from cache: /assets/textures/monster4.png@40.0x40.0
01:18:07.189 [JavaFX Application Thread] DEBUG FXGLAssetLoaderServi - Loading from cache: /assets/textures/hammer.png@40.0x40.0
01:18:07.191 [JavaFX Application Thread] DEBUG FXGLAssetLoaderServi - Loading from cache: /assets/sounds/shoot.wav
01:18:07.793 [JavaFX Application Thread] DEBUG FXGLAssetLoaderServi - Loading from cache: /assets/textures/monster3.png@40.0x40.0
01:18:08.264 [JavaFX Application Thread] DEBUG FXGLAssetLoaderServi - Loading from file system: /assets/sounds/explosion.wav
01:18:08.267 [JavaFX Application Thread] DEBUG FXGLAssetLoaderServi - Loading from file system: /assets/textures/explosion.png
01:18:08.280 [JavaFX Application Thread] DEBUG EventBus             - Firing event: cn.edu.witpt.IntelliGame.event.GameEvent[source=javafx.event.Event$$Lambda$111/0x000000080021fc40@45c18ff6]
01:18:08.433 [JavaFX Application Thread] DEBUG FXGLAssetLoaderServi - Loading from cache: /assets/textures/monster3.png@40.0x40.0
01:18:09.057 [JavaFX Application Thread] DEBUG FXGLAssetLoaderServi - Loading from cache: /assets/textures/monster3.png@40.0x40.0
01:18:09.406 [JavaFX Application Thread] DEBUG MainWindow           - Push state: FXGLDefaultMenu
01:18:09.406 [JavaFX Application Thread] DEBUG Input                - Clearing active input actions
01:18:09.408 [JavaFX Application Thread] DEBUG GameApplicationServi - Removing overlay from GameScene and adding to FXGLDefaultMenu
01:18:09.408 [JavaFX Application Thread] DEBUG MainWindow           - GameScene -> FXGLDefaultMenu
01:18:10.966 [JavaFX Application Thread] DEBUG Menu                 - fireExitToMainMenu()
01:18:10.969 [JavaFX Application Thread] DEBUG MainWindow           - Push state: DialogSubScene
01:18:10.969 [JavaFX Application Thread] DEBUG Input                - Clearing active input actions
01:18:10.971 [JavaFX Application Thread] DEBUG GameApplicationServi - Removing overlay from FXGLDefaultMenu and adding to DialogSubScene
01:18:10.972 [JavaFX Application Thread] DEBUG MainWindow           - FXGLDefaultMenu -> DialogSubScene
01:18:12.415 [JavaFX Application Thread] DEBUG MainWindow           - Pop state: DialogSubScene
01:18:12.415 [JavaFX Application Thread] DEBUG Input                - Clearing active input actions
01:18:12.415 [JavaFX Application Thread] DEBUG GameApplicationServi - Removing overlay from DialogSubScene and adding to FXGLDefaultMenu
01:18:12.415 [JavaFX Application Thread] DEBUG MainWindow           - FXGLDefaultMenu <- DialogSubScene
01:18:12.416 [JavaFX Application Thread] DEBUG MainWindow           - Pop state: FXGLDefaultMenu
01:18:12.416 [JavaFX Application Thread] DEBUG Input                - Clearing active input actions
01:18:12.416 [JavaFX Application Thread] DEBUG GameApplicationServi - Removing overlay from FXGLDefaultMenu and adding to GameScene
01:18:12.416 [JavaFX Application Thread] DEBUG MainWindow           - GameScene <- FXGLDefaultMenu
01:18:12.416 [JavaFX Application Thread] DEBUG Input                - Clearing active input actions
01:18:12.419 [JavaFX Application Thread] DEBUG GameApplicationServi - Removing overlay from GameScene and adding to FXGLMainMenuDummyScene
01:18:12.419 [JavaFX Application Thread] DEBUG MainWindow           - GameScene -> FXGLMainMenuDummyScene
01:18:12.419 [JavaFX Application Thread] DEBUG MainWindow           - Push state: FXGLDefaultMenu
01:18:12.419 [JavaFX Application Thread] DEBUG Input                - Clearing active input actions
01:18:12.421 [JavaFX Application Thread] DEBUG GameApplicationServi - Removing overlay from FXGLMainMenuDummyScene and adding to FXGLDefaultMenu
01:18:12.421 [JavaFX Application Thread] DEBUG MainWindow           - FXGLMainMenuDummyScene -> FXGLDefaultMenu
01:18:13.342 [JavaFX Application Thread] DEBUG Menu                 - fireExit()
01:18:13.343 [JavaFX Application Thread] DEBUG MainWindow           - Push state: DialogSubScene
01:18:13.343 [JavaFX Application Thread] DEBUG Input                - Clearing active input actions
01:18:13.344 [JavaFX Application Thread] DEBUG GameApplicationServi - Removing overlay from FXGLDefaultMenu and adding to DialogSubScene
01:18:13.344 [JavaFX Application Thread] DEBUG MainWindow           - FXGLDefaultMenu -> DialogSubScene
01:18:14.598 [JavaFX Application Thread] DEBUG MainWindow           - Pop state: DialogSubScene
01:18:14.599 [JavaFX Application Thread] DEBUG Input                - Clearing active input actions
01:18:14.599 [JavaFX Application Thread] DEBUG GameApplicationServi - Removing overlay from DialogSubScene and adding to FXGLDefaultMenu
01:18:14.599 [JavaFX Application Thread] DEBUG MainWindow           - FXGLDefaultMenu <- DialogSubScene
01:18:14.599 [JavaFX Application Thread] DEBUG FXGLApplication      - Exiting FXGL
01:18:14.599 [JavaFX Application Thread] DEBUG LoopRunner           - Stopping loop
01:18:14.599 [JavaFX Application Thread] DEBUG SystemBundleService  - Saving FXGL system data
01:18:14.600 [JavaFX Application Thread] DEBUG FileSystemAccess     - Writing to: C:\Users\nIck_\Desktop\IntelliGame\system\fxgl.bundle
01:18:14.602 [JavaFX Application Thread] DEBUG Async                - Shutting down background threads
01:18:14.602 [JavaFX Application Thread] DEBUG MainWindow           - Closing main window
01:18:14.613 [JavaFX Application Thread] DEBUG Logger               - Closing Logger
