02:06:49.356 [main                     ] DEBUG Logger               - Configured Logger
02:06:49.393 [main                     ] DEBUG GameApplication      - Logging settings
Title: IntelliGame
Version: 1.0(呕心沥血)
Width: 896
Height: 896
Fullscreen: false
Intro: false
Profiling: false
Single step:false
App Mode: RELEASE
Menu Key: ESCAPE
Stage Style: DECORATED
Scene Factory: class com.almasb.fxgl.app.scene.SceneFactory

02:06:49.798 [JavaFX Application Thread] DEBUG FXGLApplication      - Initializing FXGL
02:06:49.811 [JavaFX Application Thread] INFO  Engine               - FXGL-11.11 (08.09.2020 18.00) on WINDOWS (J:11.0.7 FX:11.0.2)
02:06:49.811 [JavaFX Application Thread] DEBUG Engine               - JRE Vendor Name: Oracle Corporation
02:06:49.811 [JavaFX Application Thread] DEBUG Engine               - Running on OS: Windows 10 version 10.0
02:06:49.811 [JavaFX Application Thread] DEBUG Engine               - Architecture: amd64
02:06:49.811 [JavaFX Application Thread] INFO  Engine               - Source code and latest versions at: https://github.com/AlmasB/FXGL
02:06:49.811 [JavaFX Application Thread] INFO  Engine               -              Join the FXGL chat at: https://gitter.im/AlmasB/FXGL
02:06:49.937 [JavaFX Application Thread] DEBUG MainWindow           - Creating a JavaFX scene
02:06:50.015 [JavaFX Application Thread] DEBUG MainWindow           - Target settings size: 896.0 x 896.0
02:06:50.015 [JavaFX Application Thread] DEBUG MainWindow           - Scaled scene size:    896.0 x 896.0
02:06:50.015 [JavaFX Application Thread] DEBUG MainWindow           - Scaled ratio: (1.0, 1.0)
02:06:50.017 [JavaFX Application Thread] DEBUG MainWindow           - Set initial scene to StartupScene
02:06:50.025 [JavaFX Application Thread] DEBUG MainWindow           - Opening main window
02:06:50.133 [JavaFX Application Thread] DEBUG MainWindow           - Window border size: (16.0, 39.0)
02:06:50.133 [JavaFX Application Thread] DEBUG MainWindow           - Scaled size: 896.0 x 896.0
02:06:50.133 [JavaFX Application Thread] DEBUG MainWindow           - Scaled ratio: (1.0, 1.0)
02:06:50.133 [JavaFX Application Thread] DEBUG MainWindow           - Scene size: 896.0 x 896.0
02:06:50.134 [JavaFX Application Thread] DEBUG MainWindow           - Stage size: 912.0 x 935.0
02:06:50.143 [FXGL Background Thread 1 ] DEBUG Engine               - Initializing environment variables
02:06:50.180 [FXGL Background Thread 1 ] DEBUG GameApplicationServi - Applying CSS: fxgl_dark.css
02:06:50.180 [FXGL Background Thread 1 ] DEBUG FXGLAssetLoaderServi - Loading from file system: /assets/ui/css/fxgl_dark.css
02:06:50.251 [FXGL Background Thread 1 ] DEBUG GameApplicationServi - Initializing application scenes
02:06:50.323 [FXGL Background Thread 1 ] DEBUG GameWorld            - Game world initialized
02:06:50.397 [FXGL Background Thread 1 ] DEBUG PhysicsWorld         - Physics world initialized: appHeight=896, physics.ppm=50.0
02:06:50.399 [FXGL Background Thread 1 ] DEBUG GameScene            - Game scene initialized: 896x896
02:06:50.432 [FXGL Background Thread 1 ] DEBUG FXGLAssetLoaderServi - Loading from file system: /assets/textures/particles/trace_horizontal.png
02:06:50.508 [FXGL Background Thread 1 ] DEBUG FXGL.DefaultMenu     - createMenuBodyMainMenu()
02:06:50.536 [FXGL Background Thread 1 ] DEBUG FXGL.DefaultMenu     - createOptionsMenu()
02:06:50.543 [FXGL Background Thread 1 ] DEBUG FXGL.DefaultMenu     - createExtraMenu()
02:06:50.547 [FXGL Background Thread 1 ] DEBUG FXGLAssetLoaderServi - Loading from file system: /assets/textures/particles/smoke.png
02:06:50.622 [FXGL Background Thread 1 ] DEBUG FXGLAssetLoaderServi - Loading from cache: /assets/textures/particles/trace_horizontal.png@64.0x64.0
02:06:50.623 [FXGL Background Thread 1 ] DEBUG FXGL.DefaultMenu     - createMenuBodyGameMenu()
02:06:50.624 [FXGL Background Thread 1 ] DEBUG FXGL.DefaultMenu     - createOptionsMenu()
02:06:50.626 [FXGL Background Thread 1 ] DEBUG FXGL.DefaultMenu     - createExtraMenu()
02:06:50.628 [FXGL Background Thread 1 ] DEBUG FXGLAssetLoaderServi - Loading from cache: /assets/textures/particles/smoke.png@128.0x128.0
02:06:50.640 [FXGL Background Thread 1 ] DEBUG GameApplicationServi - Application scenes initialized
02:06:50.652 [FXGL Background Thread 1 ] DEBUG SystemBundleService  - Loading FXGL system data
02:06:50.656 [FXGL Background Thread 1 ] DEBUG FileSystemAccess     - Reading from: C:\Users\nIck_\Desktop\IntelliGame\system\fxgl.bundle
02:06:50.661 [FXGL Background Thread 1 ] DEBUG SystemBundleService  - Bundle FXGL: {}
02:06:50.663 [FXGL Background Thread 3 ] DEBUG FXGLApplication      - Loading fonts
02:06:50.664 [FXGL Background Thread 3 ] DEBUG FXGLAssetLoaderServi - Loading from file system: /assets/ui/fonts/VarelaRound-Regular.ttf
02:06:50.664 [FXGL Background Thread 1 ] DEBUG FXGLApplication      - Loading default localization
02:06:50.664 [FXGL Background Thread 1 ] DEBUG FXGLAssetLoaderServi - Loading from file system: /assets/languages/english.lang
02:06:50.682 [FXGL Background Thread 1 ] INFO  FXGLApplication      - FXGL initialization took: 0.539 sec
02:06:50.692 [JavaFX Application Thread] DEBUG Input                - Registered new binding: 向左移动 - A
02:06:50.693 [JavaFX Application Thread] DEBUG Input                - Registered new binding: 向上移动 - W
02:06:50.694 [JavaFX Application Thread] DEBUG Input                - Registered new binding: 向右移动 - D
02:06:50.694 [JavaFX Application Thread] DEBUG Input                - Registered new binding: 向下移动 - S
02:06:50.696 [JavaFX Application Thread] DEBUG Input                - Registered new binding: Shoot - LMB
02:06:50.697 [JavaFX Application Thread] DEBUG FXGLAssetLoaderServi - Loading from file system: /assets/music/bgm.mp3
02:06:50.798 [JavaFX Application Thread] DEBUG AudioPlayer          - Playing music com.almasb.fxgl.audio.Music@5bb2be92
02:06:50.800 [JavaFX Application Thread] DEBUG FXGLAssetLoaderServi - Loading from file system: /assets/textures/fxgl_icon.png
02:06:50.824 [JavaFX Application Thread] DEBUG FXGLAssetLoaderServi - Loading from file system: /assets/ui/cursors/fxgl_default.png
02:06:50.827 [JavaFX Application Thread] DEBUG Input                - Registered new binding: Screenshot - P
02:06:50.829 [JavaFX Application Thread] DEBUG LoopRunner           - Starting loop
02:06:50.831 [JavaFX Application Thread] DEBUG Input                - Clearing active input actions
02:06:50.840 [JavaFX Application Thread] DEBUG GameApplicationServi - Removing overlay from StartupScene and adding to FXGLMainMenuDummyScene
02:06:50.840 [JavaFX Application Thread] DEBUG MainWindow           - StartupScene -> FXGLMainMenuDummyScene
02:06:50.840 [JavaFX Application Thread] DEBUG MainWindow           - Push state: FXGLDefaultMenu
02:06:50.845 [JavaFX Application Thread] DEBUG Input                - Clearing active input actions
02:06:50.858 [JavaFX Application Thread] DEBUG GameApplicationServi - Removing overlay from FXGLMainMenuDummyScene and adding to FXGLDefaultMenu
02:06:50.858 [JavaFX Application Thread] DEBUG MainWindow           - FXGLMainMenuDummyScene -> FXGLDefaultMenu
02:06:50.980 [FXGL Background Thread 3 ] DEBUG FXGLAssetLoaderServi - Loading from file system: /assets/ui/fonts/Abel-Regular.ttf
02:06:50.984 [FXGL Background Thread 3 ] DEBUG FXGLAssetLoaderServi - Loading from file system: /assets/ui/fonts/lucida_console.ttf
02:06:50.989 [FXGL Background Thread 3 ] DEBUG FXGLAssetLoaderServi - Loading from file system: /assets/ui/fonts/Courier-Prime.ttf
02:06:50.998 [JavaFX Application Thread] DEBUG FXGLApplication      - Registering font factories with UI factory
02:06:51.613 [JavaFX Application Thread] DEBUG Menu                 - fireNewGame()
02:06:51.613 [JavaFX Application Thread] DEBUG GameApplicationServi - Starting new game
02:06:51.614 [JavaFX Application Thread] DEBUG MainWindow           - Pop state: FXGLDefaultMenu
02:06:51.614 [JavaFX Application Thread] DEBUG Input                - Clearing active input actions
02:06:51.615 [JavaFX Application Thread] DEBUG GameApplicationServi - Removing overlay from FXGLDefaultMenu and adding to FXGLMainMenuDummyScene
02:06:51.615 [JavaFX Application Thread] DEBUG MainWindow           - FXGLMainMenuDummyScene <- FXGLDefaultMenu
02:06:51.616 [JavaFX Application Thread] DEBUG Input                - Clearing active input actions
02:06:51.621 [JavaFX Application Thread] DEBUG GameApplicationServi - Removing overlay from FXGLMainMenuDummyScene and adding to FXGLLoadingScene
02:06:51.621 [JavaFX Application Thread] DEBUG MainWindow           - FXGLMainMenuDummyScene -> FXGLLoadingScene
02:06:51.621 [JavaFX Application Thread] DEBUG GameApplicationServi - Clearing previous game
02:06:51.621 [JavaFX Application Thread] DEBUG GameScene            - Clearing game scene
02:06:51.621 [JavaFX Application Thread] DEBUG GameWorld            - Clearing game world
02:06:51.621 [JavaFX Application Thread] DEBUG PhysicsWorld         - Clearing physics world
02:06:51.622 [FXGL Background Thread 3 ] DEBUG FXGLApplication      - Initializing game
02:06:51.631 [FXGL Background Thread 3 ] DEBUG FXGLAssetLoaderServi - Loading from file system: /assets/textures//background/background.jpg
02:06:51.740 [FXGL Background Thread 3 ] DEBUG FXGLAssetLoaderServi - Loading from file system: /assets/textures//home/home.png
02:06:51.741 [FXGL Background Thread 3 ] WARN  FXGLAssetLoaderServi - Failed to load texture /home/home.png Error: java.lang.IllegalArgumentException: Asset "/assets/textures//home/home.png" was not found!
02:06:51.772 [FXGL Background Thread 3 ] DEBUG FXGLAssetLoaderServi - Loading from file system: /assets/textures//home/home.png
02:06:51.772 [FXGL Background Thread 3 ] WARN  FXGLAssetLoaderServi - Failed to load texture /home/home.png Error: java.lang.IllegalArgumentException: Asset "/assets/textures//home/home.png" was not found!
02:06:51.782 [FXGL Background Thread 3 ] DEBUG FXGLAssetLoaderServi - Loading from file system: /assets/textures//home/home.png
02:06:51.782 [FXGL Background Thread 3 ] WARN  FXGLAssetLoaderServi - Failed to load texture /home/home.png Error: java.lang.IllegalArgumentException: Asset "/assets/textures//home/home.png" was not found!
02:06:51.789 [FXGL Background Thread 3 ] DEBUG FXGLAssetLoaderServi - Loading from file system: /assets/textures//home/home.png
02:06:51.790 [FXGL Background Thread 3 ] WARN  FXGLAssetLoaderServi - Failed to load texture /home/home.png Error: java.lang.IllegalArgumentException: Asset "/assets/textures//home/home.png" was not found!
02:06:51.796 [FXGL Background Thread 3 ] DEBUG FXGLAssetLoaderServi - Loading from file system: /assets/textures//home/home.png
02:06:51.796 [FXGL Background Thread 3 ] WARN  FXGLAssetLoaderServi - Failed to load texture /home/home.png Error: java.lang.IllegalArgumentException: Asset "/assets/textures//home/home.png" was not found!
02:06:51.809 [FXGL Background Thread 3 ] DEBUG FXGLAssetLoaderServi - Loading from file system: /assets/textures//home/home.png
02:06:51.810 [FXGL Background Thread 3 ] WARN  FXGLAssetLoaderServi - Failed to load texture /home/home.png Error: java.lang.IllegalArgumentException: Asset "/assets/textures//home/home.png" was not found!
02:06:51.823 [FXGL Background Thread 3 ] DEBUG FXGLAssetLoaderServi - Loading from file system: /assets/textures//home/home.png
02:06:51.824 [FXGL Background Thread 3 ] WARN  FXGLAssetLoaderServi - Failed to load texture /home/home.png Error: java.lang.IllegalArgumentException: Asset "/assets/textures//home/home.png" was not found!
02:06:51.830 [FXGL Background Thread 3 ] DEBUG FXGLAssetLoaderServi - Loading from file system: /assets/textures//player/player.png
02:06:51.831 [FXGL Background Thread 3 ] WARN  FXGLAssetLoaderServi - Failed to load texture /player/player.png Error: java.lang.IllegalArgumentException: Asset "/assets/textures//player/player.png" was not found!
02:06:51.848 [FXGL Background Thread 3 ] DEBUG FXGLAssetLoaderServi - Loading from file system: /assets/ui/main.fxml
02:06:51.905 [FXGL Background Thread 3 ] DEBUG FXGLAssetLoaderServi - Loading from file system: /assets/textures//item/life.png
02:06:51.906 [FXGL Background Thread 3 ] WARN  FXGLAssetLoaderServi - Failed to load texture /item/life.png Error: java.lang.IllegalArgumentException: Asset "/assets/textures//item/life.png" was not found!
02:06:51.906 [FXGL Background Thread 3 ] DEBUG FXGLAssetLoaderServi - Loading from file system: /assets/textures//item/life.png
02:06:51.907 [FXGL Background Thread 3 ] WARN  FXGLAssetLoaderServi - Failed to load texture /item/life.png Error: java.lang.IllegalArgumentException: Asset "/assets/textures//item/life.png" was not found!
02:06:51.907 [FXGL Background Thread 3 ] DEBUG FXGLAssetLoaderServi - Loading from file system: /assets/textures//item/life.png
02:06:51.907 [FXGL Background Thread 3 ] WARN  FXGLAssetLoaderServi - Failed to load texture /item/life.png Error: java.lang.IllegalArgumentException: Asset "/assets/textures//item/life.png" was not found!
02:06:51.908 [FXGL Background Thread 3 ] DEBUG FXGLAssetLoaderServi - Loading from file system: /assets/textures//item/houselife.png
02:06:51.909 [FXGL Background Thread 3 ] WARN  FXGLAssetLoaderServi - Failed to load texture /item/houselife.png Error: java.lang.IllegalArgumentException: Asset "/assets/textures//item/houselife.png" was not found!
02:06:51.909 [FXGL Background Thread 3 ] DEBUG FXGLAssetLoaderServi - Loading from file system: /assets/textures//item/houselife.png
02:06:51.909 [FXGL Background Thread 3 ] WARN  FXGLAssetLoaderServi - Failed to load texture /item/houselife.png Error: java.lang.IllegalArgumentException: Asset "/assets/textures//item/houselife.png" was not found!
02:06:51.909 [FXGL Background Thread 3 ] DEBUG FXGLAssetLoaderServi - Loading from file system: /assets/textures//item/houselife.png
02:06:51.910 [FXGL Background Thread 3 ] WARN  FXGLAssetLoaderServi - Failed to load texture /item/houselife.png Error: java.lang.IllegalArgumentException: Asset "/assets/textures//item/houselife.png" was not found!
02:06:51.910 [FXGL Background Thread 3 ] DEBUG FXGLAssetLoaderServi - Loading from file system: /assets/textures//item/houselife.png
02:06:51.910 [FXGL Background Thread 3 ] WARN  FXGLAssetLoaderServi - Failed to load texture /item/houselife.png Error: java.lang.IllegalArgumentException: Asset "/assets/textures//item/houselife.png" was not found!
02:06:51.911 [FXGL Background Thread 3 ] DEBUG FXGLAssetLoaderServi - Loading from file system: /assets/textures//item/houselife.png
02:06:51.911 [FXGL Background Thread 3 ] WARN  FXGLAssetLoaderServi - Failed to load texture /item/houselife.png Error: java.lang.IllegalArgumentException: Asset "/assets/textures//item/houselife.png" was not found!
02:06:51.912 [FXGL Background Thread 3 ] INFO  FXGLApplication      - Game initialization took: 0.290 sec
02:06:51.913 [JavaFX Application Thread] DEBUG Input                - Clearing active input actions
02:06:51.922 [JavaFX Application Thread] DEBUG GameApplicationServi - Removing overlay from FXGLLoadingScene and adding to GameScene
02:06:51.922 [JavaFX Application Thread] DEBUG MainWindow           - FXGLLoadingScene -> GameScene
02:06:52.708 [JavaFX Application Thread] DEBUG FXGLAssetLoaderServi - Loading from file system: /assets/textures//player/player.png
02:06:52.709 [JavaFX Application Thread] WARN  FXGLAssetLoaderServi - Failed to load texture /player/player.png Error: java.lang.IllegalArgumentException: Asset "/assets/textures//player/player.png" was not found!
02:06:52.984 [JavaFX Application Thread] DEBUG FXGLAssetLoaderServi - Loading from file system: /assets/textures/monster3.png
02:06:53.059 [JavaFX Application Thread] DEBUG FXGLAssetLoaderServi - Loading from file system: /assets/textures/hammer.png
02:06:53.066 [JavaFX Application Thread] DEBUG FXGLAssetLoaderServi - Loading from file system: /assets/sounds/shoot.wav
02:06:53.284 [JavaFX Application Thread] DEBUG FXGLAssetLoaderServi - Loading from cache: /assets/textures/hammer.png@40.0x40.0
02:06:53.290 [JavaFX Application Thread] DEBUG FXGLAssetLoaderServi - Loading from cache: /assets/sounds/shoot.wav
02:06:53.504 [JavaFX Application Thread] DEBUG FXGLAssetLoaderServi - Loading from cache: /assets/textures/hammer.png@40.0x40.0
02:06:53.507 [JavaFX Application Thread] DEBUG FXGLAssetLoaderServi - Loading from cache: /assets/sounds/shoot.wav
02:06:53.636 [JavaFX Application Thread] DEBUG FXGLAssetLoaderServi - Loading from file system: /assets/textures/monster4.png
02:06:53.663 [FXGL Background Thread 2 ] DEBUG Engine               - Logging environment variables
02:06:53.663 [FXGL Background Thread 2 ] DEBUG Engine               - achievements: []
02:06:53.663 [FXGL Background Thread 2 ] DEBUG Engine               - appIcon: fxgl_icon.png
02:06:53.663 [FXGL Background Thread 2 ] DEBUG Engine               - applicationMode: RELEASE
02:06:53.664 [FXGL Background Thread 2 ] DEBUG Engine               - cSSList: [fxgl_dark.css]
02:06:53.664 [FXGL Background Thread 2 ] DEBUG Engine               - configClass: Optional.empty
02:06:53.664 [FXGL Background Thread 2 ] DEBUG Engine               - credits: [赵力行, 易金鹏, 张恒锐, 张培祥, 郑伊龙, 李磊, 卢贤哲]
02:06:53.664 [FXGL Background Thread 2 ] DEBUG Engine               - devBBoxColorProperty: ObjectProperty [value: 0xff0000ff]
02:06:53.664 [FXGL Background Thread 2 ] DEBUG Engine               - devEnableDebugCameraProperty: BooleanProperty [value: false]
02:06:53.664 [FXGL Background Thread 2 ] DEBUG Engine               - devSensorColorProperty: ObjectProperty [value: 0xffff00ff]
02:06:53.664 [FXGL Background Thread 2 ] DEBUG Engine               - devShowBBoxProperty: BooleanProperty [value: false]
02:06:53.664 [FXGL Background Thread 2 ] DEBUG Engine               - devShowPositionProperty: BooleanProperty [value: false]
02:06:53.665 [FXGL Background Thread 2 ] DEBUG Engine               - enabledMenuItems: [EXTRA]
02:06:53.665 [FXGL Background Thread 2 ] DEBUG Engine               - engineServices: [class com.almasb.fxgl.app.FXGLApplication$GameApplicationService, class com.almasb.fxgl.app.services.FXGLDialogService, class com.almasb.fxgl.app.services.IOTaskExecutorService, class com.almasb.fxgl.event.EventBusService, class com.almasb.fxgl.io.FileSystemService, class com.almasb.fxgl.localization.LocalizationService, class com.almasb.fxgl.app.services.FXGLAssetLoaderService, class com.almasb.fxgl.app.services.SystemBundleService, class com.almasb.fxgl.profile.SaveLoadService, class com.almasb.fxgl.ui.FXGLUIFactoryServiceProvider, class com.almasb.fxgl.ui.FXGLDialogFactoryServiceProvider, class com.almasb.fxgl.audio.AudioPlayer, class com.almasb.fxgl.notification.impl.NotificationServiceProvider, class com.almasb.fxgl.achievement.AchievementService, class com.almasb.fxgl.cutscene.CutsceneService, class com.almasb.fxgl.minigames.MiniGameService, class com.almasb.fxgl.net.NetService, class com.almasb.fxgl.app.services.UpdaterService, class com.almasb.fxgl.dev.DevService]
02:06:53.665 [FXGL Background Thread 2 ] DEBUG Engine               - fontGame: Abel-Regular.ttf
02:06:53.665 [FXGL Background Thread 2 ] DEBUG Engine               - fontMono: lucida_console.ttf
02:06:53.665 [FXGL Background Thread 2 ] DEBUG Engine               - fontText: Courier-Prime.ttf
02:06:53.665 [FXGL Background Thread 2 ] DEBUG Engine               - fontUI: VarelaRound-Regular.ttf
02:06:53.665 [FXGL Background Thread 2 ] DEBUG Engine               - fullScreen: BooleanProperty [value: false]
02:06:53.665 [FXGL Background Thread 2 ] DEBUG Engine               - gameDifficulty: MEDIUM
02:06:53.665 [FXGL Background Thread 2 ] DEBUG Engine               - gameDifficultyProperty: ObjectProperty [value: MEDIUM]
02:06:53.665 [FXGL Background Thread 2 ] DEBUG Engine               - globalMusicVolume: 0.5
02:06:53.665 [FXGL Background Thread 2 ] DEBUG Engine               - globalMusicVolumeProperty: DoubleProperty [value: 1.0]
02:06:53.665 [FXGL Background Thread 2 ] DEBUG Engine               - globalSoundVolume: 0.5
02:06:53.665 [FXGL Background Thread 2 ] DEBUG Engine               - globalSoundVolumeProperty: DoubleProperty [value: 0.1]
02:06:53.665 [FXGL Background Thread 2 ] DEBUG Engine               - height: 896
02:06:53.665 [FXGL Background Thread 2 ] DEBUG Engine               - isAndroid: false
02:06:53.665 [FXGL Background Thread 2 ] DEBUG Engine               - isBrowser: false
02:06:53.665 [FXGL Background Thread 2 ] DEBUG Engine               - isClickFeedbackEnabled: false
02:06:53.666 [FXGL Background Thread 2 ] DEBUG Engine               - isCloseConfirmation: false
02:06:53.666 [FXGL Background Thread 2 ] DEBUG Engine               - isDesktop: true
02:06:53.666 [FXGL Background Thread 2 ] DEBUG Engine               - isDeveloperMenuEnabled: false
02:06:53.666 [FXGL Background Thread 2 ] DEBUG Engine               - isEntityPreloadEnabled: true
02:06:53.666 [FXGL Background Thread 2 ] DEBUG Engine               - isExperimentalNative: false
02:06:53.666 [FXGL Background Thread 2 ] DEBUG Engine               - isExperimentalTiledLargeMap: false
02:06:53.666 [FXGL Background Thread 2 ] DEBUG Engine               - isFileSystemWriteAllowed: true
02:06:53.666 [FXGL Background Thread 2 ] DEBUG Engine               - isFullScreenAllowed: false
02:06:53.666 [FXGL Background Thread 2 ] DEBUG Engine               - isFullScreenFromStart: false
02:06:53.666 [FXGL Background Thread 2 ] DEBUG Engine               - isGameMenuEnabled: true
02:06:53.666 [FXGL Background Thread 2 ] DEBUG Engine               - isIOS: false
02:06:53.666 [FXGL Background Thread 2 ] DEBUG Engine               - isIntroEnabled: false
02:06:53.666 [FXGL Background Thread 2 ] DEBUG Engine               - isLinux: false
02:06:53.666 [FXGL Background Thread 2 ] DEBUG Engine               - isMac: false
02:06:53.666 [FXGL Background Thread 2 ] DEBUG Engine               - isMainMenuEnabled: true
02:06:53.666 [FXGL Background Thread 2 ] DEBUG Engine               - isManualResizeEnabled: false
02:06:53.667 [FXGL Background Thread 2 ] DEBUG Engine               - isMobile: false
02:06:53.667 [FXGL Background Thread 2 ] DEBUG Engine               - isPreserveResizeRatio: false
02:06:53.667 [FXGL Background Thread 2 ] DEBUG Engine               - isProfilingEnabled: false
02:06:53.667 [FXGL Background Thread 2 ] DEBUG Engine               - isSingleStep: false
02:06:53.667 [FXGL Background Thread 2 ] DEBUG Engine               - isUserProfileEnabled: false
02:06:53.667 [FXGL Background Thread 2 ] DEBUG Engine               - isWindows: true
02:06:53.667 [FXGL Background Thread 2 ] DEBUG Engine               - language: ObjectProperty [value: ENGLISH]
02:06:53.667 [FXGL Background Thread 2 ] DEBUG Engine               - menuKey: ESCAPE
02:06:53.667 [FXGL Background Thread 2 ] DEBUG Engine               - notificationViewClass: class com.almasb.fxgl.notification.view.XboxNotificationView
02:06:53.667 [FXGL Background Thread 2 ] DEBUG Engine               - pixelsPerMeter: 50.0
02:06:53.667 [FXGL Background Thread 2 ] DEBUG Engine               - platform: WINDOWS
02:06:53.667 [FXGL Background Thread 2 ] DEBUG Engine               - profileDir: profiles/
02:06:53.667 [FXGL Background Thread 2 ] DEBUG Engine               - profileName: StringProperty [value: DEFAULT]
02:06:53.668 [FXGL Background Thread 2 ] DEBUG Engine               - randomSeed: -1
02:06:53.668 [FXGL Background Thread 2 ] DEBUG Engine               - runtimeInfo: RuntimeInfo(platform=WINDOWS, version=11.11, build=08.09.2020 18.00)
02:06:53.668 [FXGL Background Thread 2 ] DEBUG Engine               - saveFileExt: sav
02:06:53.668 [FXGL Background Thread 2 ] DEBUG Engine               - sceneFactory: com.almasb.fxgl.app.scene.SceneFactory@36683ca6
02:06:53.668 [FXGL Background Thread 2 ] DEBUG Engine               - secondsIn24h: 60
02:06:53.668 [FXGL Background Thread 2 ] DEBUG Engine               - soundMenuBack: menu/back.wav
02:06:53.668 [FXGL Background Thread 2 ] DEBUG Engine               - soundMenuPress: menu/press.wav
02:06:53.668 [FXGL Background Thread 2 ] DEBUG Engine               - soundMenuSelect: menu/select.wav
02:06:53.668 [FXGL Background Thread 2 ] DEBUG Engine               - soundNotification: core/notification.wav
02:06:53.668 [FXGL Background Thread 2 ] DEBUG Engine               - stageStyle: DECORATED
02:06:53.668 [FXGL Background Thread 2 ] DEBUG Engine               - supportedLanguages: [ENGLISH, FRENCH, GERMAN, HUNGARIAN, RUSSIAN]
02:06:53.668 [FXGL Background Thread 2 ] DEBUG Engine               - title: IntelliGame
02:06:53.668 [FXGL Background Thread 2 ] DEBUG Engine               - urlGithub: https://github.com/AlmasB/FXGL
02:06:53.668 [FXGL Background Thread 2 ] DEBUG Engine               - urlLeaderboard: http://fxgl-top.herokuapp.com/
02:06:53.668 [FXGL Background Thread 2 ] DEBUG Engine               - urlPOM: https://raw.githubusercontent.com/AlmasB/FXGL/master/pom.xml
02:06:53.668 [FXGL Background Thread 2 ] DEBUG Engine               - version: 1.0(呕心沥血)
02:06:53.668 [FXGL Background Thread 2 ] DEBUG Engine               - versionCheckDays: 7
02:06:53.668 [FXGL Background Thread 2 ] DEBUG Engine               - width: 896
02:06:53.668 [FXGL Background Thread 2 ] DEBUG Engine               - Logging services
02:06:53.668 [FXGL Background Thread 2 ] DEBUG Engine               - class com.almasb.fxgl.app.FXGLApplication$GameApplicationService
02:06:53.668 [FXGL Background Thread 2 ] DEBUG Engine               - class com.almasb.fxgl.app.services.FXGLDialogService
02:06:53.668 [FXGL Background Thread 2 ] DEBUG Engine               - class com.almasb.fxgl.app.services.IOTaskExecutorService
02:06:53.668 [FXGL Background Thread 2 ] DEBUG Engine               - class com.almasb.fxgl.event.EventBusService
02:06:53.668 [FXGL Background Thread 2 ] DEBUG Engine               - class com.almasb.fxgl.io.FileSystemService
02:06:53.669 [FXGL Background Thread 2 ] DEBUG Engine               - class com.almasb.fxgl.localization.LocalizationService
02:06:53.669 [FXGL Background Thread 2 ] DEBUG Engine               - class com.almasb.fxgl.app.services.FXGLAssetLoaderService
02:06:53.669 [FXGL Background Thread 2 ] DEBUG Engine               - class com.almasb.fxgl.app.services.SystemBundleService
02:06:53.669 [FXGL Background Thread 2 ] DEBUG Engine               - class com.almasb.fxgl.profile.SaveLoadService
02:06:53.669 [FXGL Background Thread 2 ] DEBUG Engine               - class com.almasb.fxgl.ui.FXGLUIFactoryServiceProvider
02:06:53.669 [FXGL Background Thread 2 ] DEBUG Engine               - class com.almasb.fxgl.ui.FXGLDialogFactoryServiceProvider
02:06:53.669 [FXGL Background Thread 2 ] DEBUG Engine               - class com.almasb.fxgl.audio.AudioPlayer
02:06:53.669 [FXGL Background Thread 2 ] DEBUG Engine               - class com.almasb.fxgl.notification.impl.NotificationServiceProvider
02:06:53.669 [FXGL Background Thread 2 ] DEBUG Engine               - class com.almasb.fxgl.achievement.AchievementService
02:06:53.669 [FXGL Background Thread 2 ] DEBUG Engine               - class com.almasb.fxgl.cutscene.CutsceneService
02:06:53.669 [FXGL Background Thread 2 ] DEBUG Engine               - class com.almasb.fxgl.minigames.MiniGameService
02:06:53.669 [FXGL Background Thread 2 ] DEBUG Engine               - class com.almasb.fxgl.net.NetService
02:06:53.669 [FXGL Background Thread 2 ] DEBUG Engine               - class com.almasb.fxgl.app.services.UpdaterService
02:06:53.669 [FXGL Background Thread 2 ] DEBUG Engine               - class com.almasb.fxgl.dev.DevService
02:06:53.715 [JavaFX Application Thread] DEBUG FXGLAssetLoaderServi - Loading from cache: /assets/textures/hammer.png@40.0x40.0
02:06:53.719 [JavaFX Application Thread] DEBUG FXGLAssetLoaderServi - Loading from cache: /assets/sounds/shoot.wav
02:06:53.935 [JavaFX Application Thread] DEBUG FXGLAssetLoaderServi - Loading from cache: /assets/textures/hammer.png@40.0x40.0
02:06:53.937 [JavaFX Application Thread] DEBUG FXGLAssetLoaderServi - Loading from cache: /assets/sounds/shoot.wav
02:06:54.148 [JavaFX Application Thread] DEBUG FXGLAssetLoaderServi - Loading from cache: /assets/textures/hammer.png@40.0x40.0
02:06:54.151 [JavaFX Application Thread] DEBUG FXGLAssetLoaderServi - Loading from cache: /assets/sounds/shoot.wav
02:06:54.270 [JavaFX Application Thread] DEBUG FXGLAssetLoaderServi - Loading from cache: /assets/textures/monster4.png@40.0x40.0
02:06:54.366 [JavaFX Application Thread] DEBUG FXGLAssetLoaderServi - Loading from cache: /assets/textures/hammer.png@40.0x40.0
02:06:54.370 [JavaFX Application Thread] DEBUG FXGLAssetLoaderServi - Loading from cache: /assets/sounds/shoot.wav
02:06:54.580 [JavaFX Application Thread] DEBUG FXGLAssetLoaderServi - Loading from cache: /assets/textures/hammer.png@40.0x40.0
02:06:54.582 [JavaFX Application Thread] DEBUG FXGLAssetLoaderServi - Loading from cache: /assets/sounds/shoot.wav
02:06:54.797 [JavaFX Application Thread] DEBUG FXGLAssetLoaderServi - Loading from cache: /assets/textures/hammer.png@40.0x40.0
02:06:54.800 [JavaFX Application Thread] DEBUG FXGLAssetLoaderServi - Loading from cache: /assets/sounds/shoot.wav
02:06:54.899 [JavaFX Application Thread] DEBUG FXGLAssetLoaderServi - Loading from file system: /assets/textures/monster2.png
02:06:55.532 [JavaFX Application Thread] DEBUG FXGLAssetLoaderServi - Loading from cache: /assets/textures/monster3.png@40.0x40.0
02:06:55.957 [JavaFX Application Thread] DEBUG FXGLApplication      - Exiting FXGL
02:06:55.957 [JavaFX Application Thread] DEBUG LoopRunner           - Stopping loop
02:06:55.957 [JavaFX Application Thread] DEBUG SystemBundleService  - Saving FXGL system data
02:06:55.958 [JavaFX Application Thread] DEBUG FileSystemAccess     - Writing to: C:\Users\nIck_\Desktop\IntelliGame\system\fxgl.bundle
02:06:55.959 [JavaFX Application Thread] DEBUG Async                - Shutting down background threads
02:06:55.959 [JavaFX Application Thread] DEBUG MainWindow           - Closing main window
02:06:55.968 [JavaFX Application Thread] DEBUG Logger               - Closing Logger
