02:10:58.774 [main                     ] DEBUG Logger               - Configured Logger
02:10:58.802 [main                     ] DEBUG GameApplication      - Logging settings
Title: IntelliGame
Version: 1.0(呕心沥血)
Width: 896
Height: 896
Fullscreen: false
Intro: false
Profiling: false
Single step:false
App Mode: RELEASE
Menu Key: ESCAPE
Stage Style: DECORATED
Scene Factory: class com.almasb.fxgl.app.scene.SceneFactory

02:10:59.160 [JavaFX Application Thread] DEBUG FXGLApplication      - Initializing FXGL
02:10:59.171 [JavaFX Application Thread] INFO  Engine               - FXGL-11.11 (08.09.2020 18.00) on WINDOWS (J:11.0.7 FX:11.0.2)
02:10:59.171 [JavaFX Application Thread] DEBUG Engine               - JRE Vendor Name: Oracle Corporation
02:10:59.171 [JavaFX Application Thread] DEBUG Engine               - Running on OS: Windows 10 version 10.0
02:10:59.171 [JavaFX Application Thread] DEBUG Engine               - Architecture: amd64
02:10:59.172 [JavaFX Application Thread] INFO  Engine               - Source code and latest versions at: https://github.com/AlmasB/FXGL
02:10:59.172 [JavaFX Application Thread] INFO  Engine               -              Join the FXGL chat at: https://gitter.im/AlmasB/FXGL
02:10:59.282 [JavaFX Application Thread] DEBUG MainWindow           - Creating a JavaFX scene
02:10:59.343 [JavaFX Application Thread] DEBUG MainWindow           - Target settings size: 896.0 x 896.0
02:10:59.343 [JavaFX Application Thread] DEBUG MainWindow           - Scaled scene size:    896.0 x 896.0
02:10:59.343 [JavaFX Application Thread] DEBUG MainWindow           - Scaled ratio: (1.0, 1.0)
02:10:59.345 [JavaFX Application Thread] DEBUG MainWindow           - Set initial scene to StartupScene
02:10:59.352 [JavaFX Application Thread] DEBUG MainWindow           - Opening main window
02:10:59.449 [JavaFX Application Thread] DEBUG MainWindow           - Window border size: (16.0, 39.0)
02:10:59.450 [JavaFX Application Thread] DEBUG MainWindow           - Scaled size: 896.0 x 896.0
02:10:59.450 [JavaFX Application Thread] DEBUG MainWindow           - Scaled ratio: (1.0, 1.0)
02:10:59.450 [JavaFX Application Thread] DEBUG MainWindow           - Scene size: 896.0 x 896.0
02:10:59.451 [JavaFX Application Thread] DEBUG MainWindow           - Stage size: 912.0 x 935.0
02:10:59.461 [FXGL Background Thread 1 ] DEBUG Engine               - Initializing environment variables
02:10:59.497 [FXGL Background Thread 1 ] DEBUG GameApplicationServi - Applying CSS: fxgl_dark.css
02:10:59.497 [FXGL Background Thread 1 ] DEBUG FXGLAssetLoaderServi - Loading from file system: /assets/ui/css/fxgl_dark.css
02:10:59.560 [FXGL Background Thread 1 ] DEBUG GameApplicationServi - Initializing application scenes
02:10:59.627 [FXGL Background Thread 1 ] DEBUG GameWorld            - Game world initialized
02:10:59.691 [FXGL Background Thread 1 ] DEBUG PhysicsWorld         - Physics world initialized: appHeight=896, physics.ppm=50.0
02:10:59.693 [FXGL Background Thread 1 ] DEBUG GameScene            - Game scene initialized: 896x896
02:10:59.725 [FXGL Background Thread 1 ] DEBUG FXGLAssetLoaderServi - Loading from file system: /assets/textures/particles/trace_horizontal.png
02:10:59.792 [FXGL Background Thread 1 ] DEBUG FXGL.DefaultMenu     - createMenuBodyMainMenu()
02:10:59.813 [FXGL Background Thread 1 ] DEBUG FXGL.DefaultMenu     - createOptionsMenu()
02:10:59.826 [FXGL Background Thread 1 ] DEBUG FXGL.DefaultMenu     - createExtraMenu()
02:10:59.829 [FXGL Background Thread 1 ] DEBUG FXGLAssetLoaderServi - Loading from file system: /assets/textures/particles/smoke.png
02:10:59.887 [FXGL Background Thread 1 ] DEBUG FXGLAssetLoaderServi - Loading from cache: /assets/textures/particles/trace_horizontal.png@64.0x64.0
02:10:59.888 [FXGL Background Thread 1 ] DEBUG FXGL.DefaultMenu     - createMenuBodyGameMenu()
02:10:59.889 [FXGL Background Thread 1 ] DEBUG FXGL.DefaultMenu     - createOptionsMenu()
02:10:59.891 [FXGL Background Thread 1 ] DEBUG FXGL.DefaultMenu     - createExtraMenu()
02:10:59.893 [FXGL Background Thread 1 ] DEBUG FXGLAssetLoaderServi - Loading from cache: /assets/textures/particles/smoke.png@128.0x128.0
02:10:59.903 [FXGL Background Thread 1 ] DEBUG GameApplicationServi - Application scenes initialized
02:10:59.912 [FXGL Background Thread 1 ] DEBUG SystemBundleService  - Loading FXGL system data
02:10:59.915 [FXGL Background Thread 1 ] DEBUG FileSystemAccess     - Reading from: C:\Users\nIck_\Desktop\IntelliGame\system\fxgl.bundle
02:10:59.920 [FXGL Background Thread 1 ] DEBUG SystemBundleService  - Bundle FXGL: {}
02:10:59.922 [FXGL Background Thread 3 ] DEBUG FXGLApplication      - Loading fonts
02:10:59.923 [FXGL Background Thread 3 ] DEBUG FXGLAssetLoaderServi - Loading from file system: /assets/ui/fonts/VarelaRound-Regular.ttf
02:10:59.923 [FXGL Background Thread 1 ] DEBUG FXGLApplication      - Loading default localization
02:10:59.923 [FXGL Background Thread 1 ] DEBUG FXGLAssetLoaderServi - Loading from file system: /assets/languages/english.lang
02:10:59.938 [FXGL Background Thread 1 ] INFO  FXGLApplication      - FXGL initialization took: 0.477 sec
02:10:59.953 [JavaFX Application Thread] DEBUG Input                - Registered new binding: 向左移动 - A
02:10:59.954 [JavaFX Application Thread] DEBUG Input                - Registered new binding: 向上移动 - W
02:10:59.954 [JavaFX Application Thread] DEBUG Input                - Registered new binding: 向右移动 - D
02:10:59.954 [JavaFX Application Thread] DEBUG Input                - Registered new binding: 向下移动 - S
02:10:59.955 [JavaFX Application Thread] DEBUG Input                - Registered new binding: Shoot - LMB
02:10:59.956 [JavaFX Application Thread] DEBUG FXGLAssetLoaderServi - Loading from file system: /assets/music/bgm.mp3
02:11:00.067 [JavaFX Application Thread] DEBUG AudioPlayer          - Playing music com.almasb.fxgl.audio.Music@66acb0e2
02:11:00.069 [JavaFX Application Thread] DEBUG FXGLAssetLoaderServi - Loading from file system: /assets/textures/fxgl_icon.png
02:11:00.092 [JavaFX Application Thread] DEBUG FXGLAssetLoaderServi - Loading from file system: /assets/ui/cursors/fxgl_default.png
02:11:00.095 [JavaFX Application Thread] DEBUG Input                - Registered new binding: Screenshot - P
02:11:00.097 [JavaFX Application Thread] DEBUG LoopRunner           - Starting loop
02:11:00.099 [JavaFX Application Thread] DEBUG Input                - Clearing active input actions
02:11:00.108 [JavaFX Application Thread] DEBUG GameApplicationServi - Removing overlay from StartupScene and adding to FXGLMainMenuDummyScene
02:11:00.108 [JavaFX Application Thread] DEBUG MainWindow           - StartupScene -> FXGLMainMenuDummyScene
02:11:00.109 [JavaFX Application Thread] DEBUG MainWindow           - Push state: FXGLDefaultMenu
02:11:00.114 [JavaFX Application Thread] DEBUG Input                - Clearing active input actions
02:11:00.129 [JavaFX Application Thread] DEBUG GameApplicationServi - Removing overlay from FXGLMainMenuDummyScene and adding to FXGLDefaultMenu
02:11:00.130 [JavaFX Application Thread] DEBUG MainWindow           - FXGLMainMenuDummyScene -> FXGLDefaultMenu
02:11:00.268 [FXGL Background Thread 3 ] DEBUG FXGLAssetLoaderServi - Loading from file system: /assets/ui/fonts/Abel-Regular.ttf
02:11:00.272 [FXGL Background Thread 3 ] DEBUG FXGLAssetLoaderServi - Loading from file system: /assets/ui/fonts/lucida_console.ttf
02:11:00.276 [FXGL Background Thread 3 ] DEBUG FXGLAssetLoaderServi - Loading from file system: /assets/ui/fonts/Courier-Prime.ttf
02:11:00.288 [JavaFX Application Thread] DEBUG FXGLApplication      - Registering font factories with UI factory
02:11:00.965 [JavaFX Application Thread] DEBUG Menu                 - fireNewGame()
02:11:00.965 [JavaFX Application Thread] DEBUG GameApplicationServi - Starting new game
02:11:00.967 [JavaFX Application Thread] DEBUG MainWindow           - Pop state: FXGLDefaultMenu
02:11:00.967 [JavaFX Application Thread] DEBUG Input                - Clearing active input actions
02:11:00.968 [JavaFX Application Thread] DEBUG GameApplicationServi - Removing overlay from FXGLDefaultMenu and adding to FXGLMainMenuDummyScene
02:11:00.968 [JavaFX Application Thread] DEBUG MainWindow           - FXGLMainMenuDummyScene <- FXGLDefaultMenu
02:11:00.968 [JavaFX Application Thread] DEBUG Input                - Clearing active input actions
02:11:00.974 [JavaFX Application Thread] DEBUG GameApplicationServi - Removing overlay from FXGLMainMenuDummyScene and adding to FXGLLoadingScene
02:11:00.974 [JavaFX Application Thread] DEBUG MainWindow           - FXGLMainMenuDummyScene -> FXGLLoadingScene
02:11:00.974 [JavaFX Application Thread] DEBUG GameApplicationServi - Clearing previous game
02:11:00.974 [JavaFX Application Thread] DEBUG GameScene            - Clearing game scene
02:11:00.974 [JavaFX Application Thread] DEBUG GameWorld            - Clearing game world
02:11:00.974 [JavaFX Application Thread] DEBUG PhysicsWorld         - Clearing physics world
02:11:00.975 [FXGL Background Thread 3 ] DEBUG FXGLApplication      - Initializing game
02:11:00.984 [FXGL Background Thread 3 ] DEBUG FXGLAssetLoaderServi - Loading from file system: /assets/textures/background/background.jpg
02:11:01.107 [FXGL Background Thread 3 ] DEBUG FXGLAssetLoaderServi - Loading from file system: /assets/textures/home.png
02:11:01.150 [FXGL Background Thread 3 ] DEBUG FXGLAssetLoaderServi - Loading from cache: /assets/textures/home.png@88.0x88.0
02:11:01.161 [FXGL Background Thread 3 ] DEBUG FXGLAssetLoaderServi - Loading from cache: /assets/textures/home.png@88.0x88.0
02:11:01.175 [FXGL Background Thread 3 ] DEBUG FXGLAssetLoaderServi - Loading from cache: /assets/textures/home.png@88.0x88.0
02:11:01.189 [FXGL Background Thread 3 ] DEBUG FXGLAssetLoaderServi - Loading from cache: /assets/textures/home.png@88.0x88.0
02:11:01.195 [FXGL Background Thread 3 ] DEBUG FXGLAssetLoaderServi - Loading from cache: /assets/textures/home.png@88.0x88.0
02:11:01.202 [FXGL Background Thread 3 ] DEBUG FXGLAssetLoaderServi - Loading from cache: /assets/textures/home.png@88.0x88.0
02:11:01.208 [FXGL Background Thread 3 ] DEBUG FXGLAssetLoaderServi - Loading from file system: /assets/textures/player.png
02:11:01.244 [FXGL Background Thread 3 ] DEBUG FXGLAssetLoaderServi - Loading from file system: /assets/ui/main.fxml
02:11:01.306 [FXGL Background Thread 3 ] DEBUG FXGLAssetLoaderServi - Loading from file system: /assets/textures/life.png
02:11:01.307 [FXGL Background Thread 3 ] DEBUG FXGLAssetLoaderServi - Loading from cache: /assets/textures/life.png@32.0x42.0
02:11:01.308 [FXGL Background Thread 3 ] DEBUG FXGLAssetLoaderServi - Loading from cache: /assets/textures/life.png@32.0x42.0
02:11:01.308 [FXGL Background Thread 3 ] DEBUG FXGLAssetLoaderServi - Loading from file system: /assets/textures/houselife.png
02:11:01.314 [FXGL Background Thread 3 ] DEBUG FXGLAssetLoaderServi - Loading from cache: /assets/textures/houselife.png@32.0x32.0
02:11:01.314 [FXGL Background Thread 3 ] DEBUG FXGLAssetLoaderServi - Loading from cache: /assets/textures/houselife.png@32.0x32.0
02:11:01.315 [FXGL Background Thread 3 ] DEBUG FXGLAssetLoaderServi - Loading from cache: /assets/textures/houselife.png@32.0x32.0
02:11:01.315 [FXGL Background Thread 3 ] DEBUG FXGLAssetLoaderServi - Loading from cache: /assets/textures/houselife.png@32.0x32.0
02:11:01.315 [FXGL Background Thread 3 ] INFO  FXGLApplication      - Game initialization took: 0.340 sec
02:11:01.316 [JavaFX Application Thread] DEBUG Input                - Clearing active input actions
02:11:01.324 [JavaFX Application Thread] DEBUG GameApplicationServi - Removing overlay from FXGLLoadingScene and adding to GameScene
02:11:01.325 [JavaFX Application Thread] DEBUG MainWindow           - FXGLLoadingScene -> GameScene
02:11:02.281 [JavaFX Application Thread] DEBUG FXGLAssetLoaderServi - Loading from file system: /assets/textures/hammer.png
02:11:02.288 [JavaFX Application Thread] DEBUG FXGLAssetLoaderServi - Loading from file system: /assets/sounds/shoot.wav
02:11:02.490 [JavaFX Application Thread] DEBUG FXGLAssetLoaderServi - Loading from file system: /assets/textures/monster4.png
02:11:02.505 [JavaFX Application Thread] DEBUG FXGLAssetLoaderServi - Loading from cache: /assets/textures/hammer.png@40.0x40.0
02:11:02.509 [JavaFX Application Thread] DEBUG FXGLAssetLoaderServi - Loading from cache: /assets/sounds/shoot.wav
02:11:02.923 [FXGL Background Thread 2 ] DEBUG Engine               - Logging environment variables
02:11:02.923 [FXGL Background Thread 2 ] DEBUG Engine               - achievements: []
02:11:02.923 [FXGL Background Thread 2 ] DEBUG Engine               - appIcon: fxgl_icon.png
02:11:02.923 [FXGL Background Thread 2 ] DEBUG Engine               - applicationMode: RELEASE
02:11:02.923 [FXGL Background Thread 2 ] DEBUG Engine               - cSSList: [fxgl_dark.css]
02:11:02.924 [FXGL Background Thread 2 ] DEBUG Engine               - configClass: Optional.empty
02:11:02.924 [FXGL Background Thread 2 ] DEBUG Engine               - credits: [赵力行, 易金鹏, 张恒锐, 张培祥, 郑伊龙, 李磊, 卢贤哲]
02:11:02.924 [FXGL Background Thread 2 ] DEBUG Engine               - devBBoxColorProperty: ObjectProperty [value: 0xff0000ff]
02:11:02.924 [FXGL Background Thread 2 ] DEBUG Engine               - devEnableDebugCameraProperty: BooleanProperty [value: false]
02:11:02.924 [FXGL Background Thread 2 ] DEBUG Engine               - devSensorColorProperty: ObjectProperty [value: 0xffff00ff]
02:11:02.924 [FXGL Background Thread 2 ] DEBUG Engine               - devShowBBoxProperty: BooleanProperty [value: false]
02:11:02.924 [FXGL Background Thread 2 ] DEBUG Engine               - devShowPositionProperty: BooleanProperty [value: false]
02:11:02.925 [FXGL Background Thread 2 ] DEBUG Engine               - enabledMenuItems: [EXTRA]
02:11:02.925 [FXGL Background Thread 2 ] DEBUG Engine               - engineServices: [class com.almasb.fxgl.app.FXGLApplication$GameApplicationService, class com.almasb.fxgl.app.services.FXGLDialogService, class com.almasb.fxgl.app.services.IOTaskExecutorService, class com.almasb.fxgl.event.EventBusService, class com.almasb.fxgl.io.FileSystemService, class com.almasb.fxgl.localization.LocalizationService, class com.almasb.fxgl.app.services.FXGLAssetLoaderService, class com.almasb.fxgl.app.services.SystemBundleService, class com.almasb.fxgl.profile.SaveLoadService, class com.almasb.fxgl.ui.FXGLUIFactoryServiceProvider, class com.almasb.fxgl.ui.FXGLDialogFactoryServiceProvider, class com.almasb.fxgl.audio.AudioPlayer, class com.almasb.fxgl.notification.impl.NotificationServiceProvider, class com.almasb.fxgl.achievement.AchievementService, class com.almasb.fxgl.cutscene.CutsceneService, class com.almasb.fxgl.minigames.MiniGameService, class com.almasb.fxgl.net.NetService, class com.almasb.fxgl.app.services.UpdaterService, class com.almasb.fxgl.dev.DevService]
02:11:02.925 [FXGL Background Thread 2 ] DEBUG Engine               - fontGame: Abel-Regular.ttf
02:11:02.925 [FXGL Background Thread 2 ] DEBUG Engine               - fontMono: lucida_console.ttf
02:11:02.925 [FXGL Background Thread 2 ] DEBUG Engine               - fontText: Courier-Prime.ttf
02:11:02.925 [FXGL Background Thread 2 ] DEBUG Engine               - fontUI: VarelaRound-Regular.ttf
02:11:02.925 [FXGL Background Thread 2 ] DEBUG Engine               - fullScreen: BooleanProperty [value: false]
02:11:02.925 [FXGL Background Thread 2 ] DEBUG Engine               - gameDifficulty: MEDIUM
02:11:02.925 [FXGL Background Thread 2 ] DEBUG Engine               - gameDifficultyProperty: ObjectProperty [value: MEDIUM]
02:11:02.925 [FXGL Background Thread 2 ] DEBUG Engine               - globalMusicVolume: 0.5
02:11:02.925 [FXGL Background Thread 2 ] DEBUG Engine               - globalMusicVolumeProperty: DoubleProperty [value: 1.0]
02:11:02.925 [FXGL Background Thread 2 ] DEBUG Engine               - globalSoundVolume: 0.5
02:11:02.925 [FXGL Background Thread 2 ] DEBUG Engine               - globalSoundVolumeProperty: DoubleProperty [value: 0.1]
02:11:02.925 [FXGL Background Thread 2 ] DEBUG Engine               - height: 896
02:11:02.926 [FXGL Background Thread 2 ] DEBUG Engine               - isAndroid: false
02:11:02.926 [FXGL Background Thread 2 ] DEBUG Engine               - isBrowser: false
02:11:02.926 [FXGL Background Thread 2 ] DEBUG Engine               - isClickFeedbackEnabled: false
02:11:02.926 [FXGL Background Thread 2 ] DEBUG Engine               - isCloseConfirmation: false
02:11:02.926 [FXGL Background Thread 2 ] DEBUG Engine               - isDesktop: true
02:11:02.926 [FXGL Background Thread 2 ] DEBUG Engine               - isDeveloperMenuEnabled: false
02:11:02.926 [FXGL Background Thread 2 ] DEBUG Engine               - isEntityPreloadEnabled: true
02:11:02.926 [FXGL Background Thread 2 ] DEBUG Engine               - isExperimentalNative: false
02:11:02.926 [FXGL Background Thread 2 ] DEBUG Engine               - isExperimentalTiledLargeMap: false
02:11:02.926 [FXGL Background Thread 2 ] DEBUG Engine               - isFileSystemWriteAllowed: true
02:11:02.926 [FXGL Background Thread 2 ] DEBUG Engine               - isFullScreenAllowed: false
02:11:02.926 [FXGL Background Thread 2 ] DEBUG Engine               - isFullScreenFromStart: false
02:11:02.926 [FXGL Background Thread 2 ] DEBUG Engine               - isGameMenuEnabled: true
02:11:02.926 [FXGL Background Thread 2 ] DEBUG Engine               - isIOS: false
02:11:02.926 [FXGL Background Thread 2 ] DEBUG Engine               - isIntroEnabled: false
02:11:02.926 [FXGL Background Thread 2 ] DEBUG Engine               - isLinux: false
02:11:02.926 [FXGL Background Thread 2 ] DEBUG Engine               - isMac: false
02:11:02.926 [FXGL Background Thread 2 ] DEBUG Engine               - isMainMenuEnabled: true
02:11:02.926 [FXGL Background Thread 2 ] DEBUG Engine               - isManualResizeEnabled: false
02:11:02.926 [FXGL Background Thread 2 ] DEBUG Engine               - isMobile: false
02:11:02.926 [FXGL Background Thread 2 ] DEBUG Engine               - isPreserveResizeRatio: false
02:11:02.926 [FXGL Background Thread 2 ] DEBUG Engine               - isProfilingEnabled: false
02:11:02.927 [FXGL Background Thread 2 ] DEBUG Engine               - isSingleStep: false
02:11:02.927 [FXGL Background Thread 2 ] DEBUG Engine               - isUserProfileEnabled: false
02:11:02.927 [FXGL Background Thread 2 ] DEBUG Engine               - isWindows: true
02:11:02.927 [FXGL Background Thread 2 ] DEBUG Engine               - language: ObjectProperty [value: ENGLISH]
02:11:02.927 [FXGL Background Thread 2 ] DEBUG Engine               - menuKey: ESCAPE
02:11:02.927 [FXGL Background Thread 2 ] DEBUG Engine               - notificationViewClass: class com.almasb.fxgl.notification.view.XboxNotificationView
02:11:02.927 [FXGL Background Thread 2 ] DEBUG Engine               - pixelsPerMeter: 50.0
02:11:02.927 [FXGL Background Thread 2 ] DEBUG Engine               - platform: WINDOWS
02:11:02.927 [FXGL Background Thread 2 ] DEBUG Engine               - profileDir: profiles/
02:11:02.927 [FXGL Background Thread 2 ] DEBUG Engine               - profileName: StringProperty [value: DEFAULT]
02:11:02.927 [FXGL Background Thread 2 ] DEBUG Engine               - randomSeed: -1
02:11:02.927 [FXGL Background Thread 2 ] DEBUG Engine               - runtimeInfo: RuntimeInfo(platform=WINDOWS, version=11.11, build=08.09.2020 18.00)
02:11:02.927 [FXGL Background Thread 2 ] DEBUG Engine               - saveFileExt: sav
02:11:02.927 [FXGL Background Thread 2 ] DEBUG Engine               - sceneFactory: com.almasb.fxgl.app.scene.SceneFactory@17e79296
02:11:02.927 [FXGL Background Thread 2 ] DEBUG Engine               - secondsIn24h: 60
02:11:02.927 [FXGL Background Thread 2 ] DEBUG Engine               - soundMenuBack: menu/back.wav
02:11:02.927 [FXGL Background Thread 2 ] DEBUG Engine               - soundMenuPress: menu/press.wav
02:11:02.927 [FXGL Background Thread 2 ] DEBUG Engine               - soundMenuSelect: menu/select.wav
02:11:02.927 [FXGL Background Thread 2 ] DEBUG Engine               - soundNotification: core/notification.wav
02:11:02.927 [FXGL Background Thread 2 ] DEBUG Engine               - stageStyle: DECORATED
02:11:02.927 [FXGL Background Thread 2 ] DEBUG Engine               - supportedLanguages: [ENGLISH, FRENCH, GERMAN, HUNGARIAN, RUSSIAN]
02:11:02.928 [FXGL Background Thread 2 ] DEBUG Engine               - title: IntelliGame
02:11:02.928 [FXGL Background Thread 2 ] DEBUG Engine               - urlGithub: https://github.com/AlmasB/FXGL
02:11:02.928 [FXGL Background Thread 2 ] DEBUG Engine               - urlLeaderboard: http://fxgl-top.herokuapp.com/
02:11:02.928 [FXGL Background Thread 2 ] DEBUG Engine               - urlPOM: https://raw.githubusercontent.com/AlmasB/FXGL/master/pom.xml
02:11:02.928 [FXGL Background Thread 2 ] DEBUG Engine               - version: 1.0(呕心沥血)
02:11:02.928 [FXGL Background Thread 2 ] DEBUG Engine               - versionCheckDays: 7
02:11:02.928 [FXGL Background Thread 2 ] DEBUG Engine               - width: 896
02:11:02.928 [FXGL Background Thread 2 ] DEBUG Engine               - Logging services
02:11:02.928 [FXGL Background Thread 2 ] DEBUG Engine               - class com.almasb.fxgl.app.FXGLApplication$GameApplicationService
02:11:02.928 [FXGL Background Thread 2 ] DEBUG Engine               - class com.almasb.fxgl.app.services.FXGLDialogService
02:11:02.928 [FXGL Background Thread 2 ] DEBUG Engine               - class com.almasb.fxgl.app.services.IOTaskExecutorService
02:11:02.928 [FXGL Background Thread 2 ] DEBUG Engine               - class com.almasb.fxgl.event.EventBusService
02:11:02.928 [FXGL Background Thread 2 ] DEBUG Engine               - class com.almasb.fxgl.io.FileSystemService
02:11:02.928 [FXGL Background Thread 2 ] DEBUG Engine               - class com.almasb.fxgl.localization.LocalizationService
02:11:02.928 [FXGL Background Thread 2 ] DEBUG Engine               - class com.almasb.fxgl.app.services.FXGLAssetLoaderService
02:11:02.928 [FXGL Background Thread 2 ] DEBUG Engine               - class com.almasb.fxgl.app.services.SystemBundleService
02:11:02.928 [FXGL Background Thread 2 ] DEBUG Engine               - class com.almasb.fxgl.profile.SaveLoadService
02:11:02.928 [FXGL Background Thread 2 ] DEBUG Engine               - class com.almasb.fxgl.ui.FXGLUIFactoryServiceProvider
02:11:02.928 [FXGL Background Thread 2 ] DEBUG Engine               - class com.almasb.fxgl.ui.FXGLDialogFactoryServiceProvider
02:11:02.928 [FXGL Background Thread 2 ] DEBUG Engine               - class com.almasb.fxgl.audio.AudioPlayer
02:11:02.928 [FXGL Background Thread 2 ] DEBUG Engine               - class com.almasb.fxgl.notification.impl.NotificationServiceProvider
02:11:02.928 [FXGL Background Thread 2 ] DEBUG Engine               - class com.almasb.fxgl.achievement.AchievementService
02:11:02.928 [FXGL Background Thread 2 ] DEBUG Engine               - class com.almasb.fxgl.cutscene.CutsceneService
02:11:02.928 [FXGL Background Thread 2 ] DEBUG Engine               - class com.almasb.fxgl.minigames.MiniGameService
02:11:02.928 [FXGL Background Thread 2 ] DEBUG Engine               - class com.almasb.fxgl.net.NetService
02:11:02.928 [FXGL Background Thread 2 ] DEBUG Engine               - class com.almasb.fxgl.app.services.UpdaterService
02:11:02.929 [FXGL Background Thread 2 ] DEBUG Engine               - class com.almasb.fxgl.dev.DevService
02:11:03.126 [JavaFX Application Thread] DEBUG FXGLAssetLoaderServi - Loading from file system: /assets/textures/monster1.png
02:11:03.556 [JavaFX Application Thread] DEBUG FXGLAssetLoaderServi - Loading from file system: /assets/textures/player.png
02:11:03.753 [JavaFX Application Thread] DEBUG FXGLAssetLoaderServi - Loading from file system: /assets/textures/monster2.png
02:11:03.856 [JavaFX Application Thread] DEBUG FXGLAssetLoaderServi - Loading from file system: /assets/sounds/explosion.wav
02:11:03.858 [JavaFX Application Thread] DEBUG FXGLAssetLoaderServi - Loading from file system: /assets/textures/explosion.png
02:11:03.872 [JavaFX Application Thread] DEBUG EventBus             - Firing event: cn.edu.witpt.IntelliGame.event.GameEvent[source=javafx.event.Event$$Lambda$111/0x000000080021fc40@6a89c4f7]
02:11:04.008 [JavaFX Application Thread] DEBUG FXGLAssetLoaderServi - Loading from cache: /assets/textures/hammer.png@40.0x40.0
02:11:04.010 [JavaFX Application Thread] DEBUG FXGLAssetLoaderServi - Loading from cache: /assets/sounds/shoot.wav
02:11:04.216 [JavaFX Application Thread] DEBUG FXGLAssetLoaderServi - Loading from cache: /assets/textures/hammer.png@40.0x40.0
02:11:04.224 [JavaFX Application Thread] DEBUG FXGLAssetLoaderServi - Loading from cache: /assets/sounds/shoot.wav
02:11:04.403 [JavaFX Application Thread] DEBUG FXGLAssetLoaderServi - Loading from cache: /assets/textures/monster1.png@40.0x40.0
02:11:04.932 [JavaFX Application Thread] DEBUG FXGLAssetLoaderServi - Loading from cache: /assets/textures/hammer.png@40.0x40.0
02:11:04.934 [JavaFX Application Thread] DEBUG FXGLAssetLoaderServi - Loading from cache: /assets/sounds/shoot.wav
02:11:05.032 [JavaFX Application Thread] DEBUG FXGLAssetLoaderServi - Loading from cache: /assets/textures/monster2.png@40.0x40.0
02:11:05.145 [JavaFX Application Thread] DEBUG FXGLAssetLoaderServi - Loading from cache: /assets/textures/hammer.png@40.0x40.0
02:11:05.148 [JavaFX Application Thread] DEBUG FXGLAssetLoaderServi - Loading from cache: /assets/sounds/shoot.wav
02:11:05.353 [JavaFX Application Thread] DEBUG FXGLAssetLoaderServi - Loading from cache: /assets/textures/hammer.png@40.0x40.0
02:11:05.356 [JavaFX Application Thread] DEBUG FXGLAssetLoaderServi - Loading from cache: /assets/sounds/shoot.wav
02:11:05.560 [JavaFX Application Thread] DEBUG FXGLAssetLoaderServi - Loading from cache: /assets/textures/hammer.png@40.0x40.0
02:11:05.566 [JavaFX Application Thread] DEBUG FXGLAssetLoaderServi - Loading from cache: /assets/sounds/shoot.wav
02:11:05.658 [JavaFX Application Thread] DEBUG FXGLAssetLoaderServi - Loading from cache: /assets/textures/monster1.png@40.0x40.0
02:11:05.769 [JavaFX Application Thread] DEBUG FXGLAssetLoaderServi - Loading from cache: /assets/textures/hammer.png@40.0x40.0
02:11:05.773 [JavaFX Application Thread] DEBUG FXGLAssetLoaderServi - Loading from cache: /assets/sounds/shoot.wav
02:11:05.976 [JavaFX Application Thread] DEBUG FXGLAssetLoaderServi - Loading from cache: /assets/textures/hammer.png@40.0x40.0
02:11:05.981 [JavaFX Application Thread] DEBUG FXGLAssetLoaderServi - Loading from cache: /assets/sounds/shoot.wav
02:11:06.022 [JavaFX Application Thread] DEBUG FXGLAssetLoaderServi - Loading from cache: /assets/sounds/explosion.wav
02:11:06.022 [JavaFX Application Thread] DEBUG FXGLAssetLoaderServi - Loading from cache: /assets/textures/explosion.png@1280.0x80.0
02:11:06.023 [JavaFX Application Thread] DEBUG EventBus             - Firing event: cn.edu.witpt.IntelliGame.event.GameEvent[source=javafx.event.Event$$Lambda$111/0x000000080021fc40@6a89c4f7]
02:11:06.185 [JavaFX Application Thread] DEBUG FXGLAssetLoaderServi - Loading from cache: /assets/textures/hammer.png@40.0x40.0
02:11:06.189 [JavaFX Application Thread] DEBUG FXGLAssetLoaderServi - Loading from cache: /assets/sounds/shoot.wav
02:11:06.281 [JavaFX Application Thread] DEBUG FXGLAssetLoaderServi - Loading from cache: /assets/textures/monster4.png@40.0x40.0
02:11:06.913 [JavaFX Application Thread] DEBUG FXGLAssetLoaderServi - Loading from cache: /assets/textures/monster2.png@40.0x40.0
02:11:07.537 [JavaFX Application Thread] DEBUG FXGLAssetLoaderServi - Loading from cache: /assets/textures/monster1.png@40.0x40.0
02:11:08.161 [JavaFX Application Thread] DEBUG FXGLAssetLoaderServi - Loading from cache: /assets/textures/monster4.png@40.0x40.0
02:11:08.786 [JavaFX Application Thread] DEBUG FXGLAssetLoaderServi - Loading from cache: /assets/textures/monster4.png@40.0x40.0
02:11:09.417 [JavaFX Application Thread] DEBUG FXGLAssetLoaderServi - Loading from cache: /assets/textures/monster2.png@40.0x40.0
02:11:10.050 [JavaFX Application Thread] DEBUG FXGLAssetLoaderServi - Loading from file system: /assets/textures/monster3.png
02:11:10.181 [JavaFX Application Thread] DEBUG FXGLAssetLoaderServi - Loading from cache: /assets/textures/hammer.png@40.0x40.0
02:11:10.183 [JavaFX Application Thread] DEBUG FXGLAssetLoaderServi - Loading from cache: /assets/sounds/shoot.wav
02:11:10.393 [JavaFX Application Thread] DEBUG FXGLAssetLoaderServi - Loading from cache: /assets/textures/hammer.png@40.0x40.0
02:11:10.397 [JavaFX Application Thread] DEBUG FXGLAssetLoaderServi - Loading from cache: /assets/sounds/shoot.wav
02:11:10.613 [JavaFX Application Thread] DEBUG FXGLAssetLoaderServi - Loading from cache: /assets/textures/hammer.png@40.0x40.0
02:11:10.614 [JavaFX Application Thread] DEBUG FXGLAssetLoaderServi - Loading from cache: /assets/sounds/shoot.wav
02:11:10.682 [JavaFX Application Thread] DEBUG FXGLAssetLoaderServi - Loading from cache: /assets/textures/monster3.png@40.0x40.0
02:11:10.825 [JavaFX Application Thread] DEBUG FXGLAssetLoaderServi - Loading from cache: /assets/textures/hammer.png@40.0x40.0
02:11:10.831 [JavaFX Application Thread] DEBUG FXGLAssetLoaderServi - Loading from cache: /assets/sounds/shoot.wav
02:11:11.048 [JavaFX Application Thread] DEBUG FXGLAssetLoaderServi - Loading from cache: /assets/textures/hammer.png@40.0x40.0
02:11:11.051 [JavaFX Application Thread] DEBUG FXGLAssetLoaderServi - Loading from cache: /assets/sounds/shoot.wav
02:11:11.266 [JavaFX Application Thread] DEBUG FXGLAssetLoaderServi - Loading from cache: /assets/textures/hammer.png@40.0x40.0
02:11:11.268 [JavaFX Application Thread] DEBUG FXGLAssetLoaderServi - Loading from cache: /assets/sounds/shoot.wav
02:11:11.321 [JavaFX Application Thread] DEBUG FXGLAssetLoaderServi - Loading from cache: /assets/textures/monster3.png@40.0x40.0
02:11:11.323 [JavaFX Application Thread] DEBUG FXGLAssetLoaderServi - Loading from cache: /assets/sounds/explosion.wav
02:11:11.323 [JavaFX Application Thread] DEBUG FXGLAssetLoaderServi - Loading from cache: /assets/textures/explosion.png@1280.0x80.0
02:11:11.323 [JavaFX Application Thread] DEBUG EventBus             - Firing event: cn.edu.witpt.IntelliGame.event.GameEvent[source=javafx.event.Event$$Lambda$111/0x000000080021fc40@6a89c4f7]
02:11:11.480 [JavaFX Application Thread] DEBUG FXGLAssetLoaderServi - Loading from cache: /assets/textures/hammer.png@40.0x40.0
02:11:11.482 [JavaFX Application Thread] DEBUG FXGLAssetLoaderServi - Loading from cache: /assets/sounds/shoot.wav
02:11:11.696 [JavaFX Application Thread] DEBUG FXGLAssetLoaderServi - Loading from cache: /assets/textures/hammer.png@40.0x40.0
02:11:11.698 [JavaFX Application Thread] DEBUG FXGLAssetLoaderServi - Loading from cache: /assets/sounds/shoot.wav
02:11:11.912 [JavaFX Application Thread] DEBUG FXGLAssetLoaderServi - Loading from cache: /assets/textures/hammer.png@40.0x40.0
02:11:11.914 [JavaFX Application Thread] DEBUG FXGLAssetLoaderServi - Loading from cache: /assets/sounds/shoot.wav
02:11:11.953 [JavaFX Application Thread] DEBUG FXGLAssetLoaderServi - Loading from cache: /assets/textures/monster3.png@40.0x40.0
02:11:12.356 [JavaFX Application Thread] DEBUG FXGLAssetLoaderServi - Loading from cache: /assets/textures/hammer.png@40.0x40.0
02:11:12.358 [JavaFX Application Thread] DEBUG FXGLAssetLoaderServi - Loading from cache: /assets/sounds/shoot.wav
02:11:12.457 [JavaFX Application Thread] DEBUG FXGLAssetLoaderServi - Loading from cache: /assets/sounds/explosion.wav
02:11:12.457 [JavaFX Application Thread] DEBUG FXGLAssetLoaderServi - Loading from cache: /assets/textures/explosion.png@1280.0x80.0
02:11:12.458 [JavaFX Application Thread] DEBUG EventBus             - Firing event: cn.edu.witpt.IntelliGame.event.GameEvent[source=javafx.event.Event$$Lambda$111/0x000000080021fc40@6a89c4f7]
02:11:12.569 [JavaFX Application Thread] DEBUG FXGLAssetLoaderServi - Loading from cache: /assets/textures/hammer.png@40.0x40.0
02:11:12.572 [JavaFX Application Thread] DEBUG FXGLAssetLoaderServi - Loading from cache: /assets/sounds/shoot.wav
02:11:12.585 [JavaFX Application Thread] DEBUG FXGLAssetLoaderServi - Loading from cache: /assets/textures/monster2.png@40.0x40.0
02:11:12.786 [JavaFX Application Thread] DEBUG FXGLAssetLoaderServi - Loading from cache: /assets/textures/hammer.png@40.0x40.0
02:11:12.788 [JavaFX Application Thread] DEBUG FXGLAssetLoaderServi - Loading from cache: /assets/sounds/shoot.wav
02:11:13.000 [JavaFX Application Thread] DEBUG FXGLAssetLoaderServi - Loading from cache: /assets/textures/hammer.png@40.0x40.0
02:11:13.002 [JavaFX Application Thread] DEBUG FXGLAssetLoaderServi - Loading from cache: /assets/sounds/shoot.wav
02:11:13.216 [JavaFX Application Thread] DEBUG FXGLAssetLoaderServi - Loading from cache: /assets/textures/hammer.png@40.0x40.0
02:11:13.218 [JavaFX Application Thread] DEBUG FXGLAssetLoaderServi - Loading from cache: /assets/sounds/shoot.wav
02:11:13.218 [JavaFX Application Thread] DEBUG FXGLAssetLoaderServi - Loading from cache: /assets/textures/monster2.png@40.0x40.0
02:11:13.224 [JavaFX Application Thread] DEBUG FXGLAssetLoaderServi - Loading from cache: /assets/sounds/explosion.wav
02:11:13.224 [JavaFX Application Thread] DEBUG FXGLAssetLoaderServi - Loading from cache: /assets/textures/explosion.png@1280.0x80.0
02:11:13.224 [JavaFX Application Thread] DEBUG EventBus             - Firing event: cn.edu.witpt.IntelliGame.event.GameEvent[source=javafx.event.Event$$Lambda$111/0x000000080021fc40@6a89c4f7]
02:11:13.431 [JavaFX Application Thread] DEBUG FXGLAssetLoaderServi - Loading from cache: /assets/textures/hammer.png@40.0x40.0
02:11:13.433 [JavaFX Application Thread] DEBUG FXGLAssetLoaderServi - Loading from cache: /assets/sounds/shoot.wav
02:11:13.641 [JavaFX Application Thread] DEBUG FXGLAssetLoaderServi - Loading from cache: /assets/textures/hammer.png@40.0x40.0
02:11:13.648 [JavaFX Application Thread] DEBUG FXGLAssetLoaderServi - Loading from cache: /assets/sounds/shoot.wav
02:11:13.737 [JavaFX Application Thread] DEBUG FXGLAssetLoaderServi - Loading from cache: /assets/sounds/explosion.wav
02:11:13.737 [JavaFX Application Thread] DEBUG FXGLAssetLoaderServi - Loading from cache: /assets/textures/explosion.png@1280.0x80.0
02:11:13.738 [JavaFX Application Thread] DEBUG EventBus             - Firing event: cn.edu.witpt.IntelliGame.event.GameEvent[source=javafx.event.Event$$Lambda$111/0x000000080021fc40@6a89c4f7]
02:11:13.849 [JavaFX Application Thread] DEBUG FXGLAssetLoaderServi - Loading from cache: /assets/textures/monster4.png@40.0x40.0
02:11:13.863 [JavaFX Application Thread] DEBUG FXGLAssetLoaderServi - Loading from cache: /assets/textures/hammer.png@40.0x40.0
02:11:13.864 [JavaFX Application Thread] DEBUG FXGLAssetLoaderServi - Loading from cache: /assets/sounds/shoot.wav
02:11:14.072 [JavaFX Application Thread] DEBUG FXGLAssetLoaderServi - Loading from cache: /assets/textures/hammer.png@40.0x40.0
02:11:14.078 [JavaFX Application Thread] DEBUG FXGLAssetLoaderServi - Loading from cache: /assets/sounds/shoot.wav
02:11:14.185 [JavaFX Application Thread] DEBUG FXGLAssetLoaderServi - Loading from cache: /assets/sounds/explosion.wav
02:11:14.185 [JavaFX Application Thread] DEBUG FXGLAssetLoaderServi - Loading from cache: /assets/textures/explosion.png@1280.0x80.0
02:11:14.186 [JavaFX Application Thread] DEBUG EventBus             - Firing event: cn.edu.witpt.IntelliGame.event.GameEvent[source=javafx.event.Event$$Lambda$111/0x000000080021fc40@6a89c4f7]
02:11:14.293 [JavaFX Application Thread] DEBUG FXGLAssetLoaderServi - Loading from cache: /assets/textures/hammer.png@40.0x40.0
02:11:14.295 [JavaFX Application Thread] DEBUG FXGLAssetLoaderServi - Loading from cache: /assets/sounds/shoot.wav
02:11:14.481 [JavaFX Application Thread] DEBUG FXGLAssetLoaderServi - Loading from cache: /assets/textures/monster2.png@40.0x40.0
02:11:14.505 [JavaFX Application Thread] DEBUG FXGLAssetLoaderServi - Loading from cache: /assets/textures/hammer.png@40.0x40.0
02:11:14.510 [JavaFX Application Thread] DEBUG FXGLAssetLoaderServi - Loading from cache: /assets/sounds/shoot.wav
02:11:15.112 [JavaFX Application Thread] DEBUG FXGLAssetLoaderServi - Loading from cache: /assets/textures/monster1.png@40.0x40.0
02:11:15.641 [JavaFX Application Thread] DEBUG FXGLAssetLoaderServi - Loading from cache: /assets/textures/hammer.png@40.0x40.0
02:11:15.642 [JavaFX Application Thread] DEBUG FXGLAssetLoaderServi - Loading from cache: /assets/sounds/shoot.wav
02:11:15.745 [JavaFX Application Thread] DEBUG FXGLAssetLoaderServi - Loading from cache: /assets/textures/monster1.png@40.0x40.0
02:11:15.974 [JavaFX Application Thread] DEBUG FXGLAssetLoaderServi - Loading from cache: /assets/textures/hammer.png@40.0x40.0
02:11:15.976 [JavaFX Application Thread] DEBUG FXGLAssetLoaderServi - Loading from cache: /assets/sounds/shoot.wav
02:11:16.113 [JavaFX Application Thread] DEBUG FXGLAssetLoaderServi - Loading from cache: /assets/sounds/explosion.wav
02:11:16.113 [JavaFX Application Thread] DEBUG FXGLAssetLoaderServi - Loading from cache: /assets/textures/explosion.png@1280.0x80.0
02:11:16.113 [JavaFX Application Thread] DEBUG EventBus             - Firing event: cn.edu.witpt.IntelliGame.event.GameEvent[source=javafx.event.Event$$Lambda$111/0x000000080021fc40@6a89c4f7]
02:11:16.376 [JavaFX Application Thread] DEBUG FXGLAssetLoaderServi - Loading from cache: /assets/textures/monster3.png@40.0x40.0
02:11:16.384 [JavaFX Application Thread] DEBUG FXGLAssetLoaderServi - Loading from cache: /assets/textures/hammer.png@40.0x40.0
02:11:16.385 [JavaFX Application Thread] DEBUG FXGLAssetLoaderServi - Loading from cache: /assets/sounds/shoot.wav
02:11:16.599 [JavaFX Application Thread] DEBUG FXGLAssetLoaderServi - Loading from cache: /assets/textures/hammer.png@40.0x40.0
02:11:16.600 [JavaFX Application Thread] DEBUG FXGLAssetLoaderServi - Loading from cache: /assets/sounds/shoot.wav
02:11:16.809 [JavaFX Application Thread] DEBUG FXGLAssetLoaderServi - Loading from cache: /assets/textures/hammer.png@40.0x40.0
02:11:16.815 [JavaFX Application Thread] DEBUG FXGLAssetLoaderServi - Loading from cache: /assets/sounds/shoot.wav
02:11:17.009 [JavaFX Application Thread] DEBUG FXGLAssetLoaderServi - Loading from cache: /assets/textures/monster1.png@40.0x40.0
02:11:17.030 [JavaFX Application Thread] DEBUG FXGLAssetLoaderServi - Loading from cache: /assets/textures/hammer.png@40.0x40.0
02:11:17.031 [JavaFX Application Thread] DEBUG FXGLAssetLoaderServi - Loading from cache: /assets/sounds/shoot.wav
02:11:17.241 [JavaFX Application Thread] DEBUG FXGLAssetLoaderServi - Loading from cache: /assets/textures/hammer.png@40.0x40.0
02:11:17.246 [JavaFX Application Thread] DEBUG FXGLAssetLoaderServi - Loading from cache: /assets/sounds/shoot.wav
02:11:17.426 [JavaFX Application Thread] DEBUG EventBus             - Firing event: cn.edu.witpt.IntelliGame.event.GameEvent[source=javafx.event.Event$$Lambda$111/0x000000080021fc40@6a89c4f7]
02:11:17.465 [JavaFX Application Thread] DEBUG FXGLAssetLoaderServi - Loading from cache: /assets/textures/hammer.png@40.0x40.0
02:11:17.468 [JavaFX Application Thread] DEBUG FXGLAssetLoaderServi - Loading from cache: /assets/sounds/shoot.wav
02:11:17.647 [JavaFX Application Thread] DEBUG FXGLAssetLoaderServi - Loading from cache: /assets/textures/monster1.png@40.0x40.0
02:11:18.245 [JavaFX Application Thread] DEBUG FXGLAssetLoaderServi - Loading from cache: /assets/textures/hammer.png@40.0x40.0
02:11:18.247 [JavaFX Application Thread] DEBUG FXGLAssetLoaderServi - Loading from cache: /assets/sounds/shoot.wav
02:11:18.281 [JavaFX Application Thread] DEBUG FXGLAssetLoaderServi - Loading from cache: /assets/textures/monster1.png@40.0x40.0
02:11:18.919 [JavaFX Application Thread] DEBUG FXGLAssetLoaderServi - Loading from cache: /assets/textures/monster3.png@40.0x40.0
02:11:19.037 [JavaFX Application Thread] DEBUG FXGLApplication      - Exiting FXGL
02:11:19.037 [JavaFX Application Thread] DEBUG LoopRunner           - Stopping loop
02:11:19.037 [JavaFX Application Thread] DEBUG SystemBundleService  - Saving FXGL system data
02:11:19.038 [JavaFX Application Thread] DEBUG FileSystemAccess     - Writing to: C:\Users\nIck_\Desktop\IntelliGame\system\fxgl.bundle
02:11:19.039 [JavaFX Application Thread] DEBUG Async                - Shutting down background threads
02:11:19.039 [JavaFX Application Thread] DEBUG MainWindow           - Closing main window
02:11:19.048 [JavaFX Application Thread] DEBUG Logger               - Closing Logger
