01:01:13.041 [main                     ] DEBUG Logger               - Configured Logger
01:01:13.062 [main                     ] DEBUG GameApplication      - Logging settings
Title: IntelliGame
Version: 1.0(呕心沥血)
Width: 896
Height: 896
Fullscreen: false
Intro: false
Profiling: false
Single step:false
App Mode: RELEASE
Menu Key: ESCAPE
Stage Style: DECORATED
Scene Factory: class com.almasb.fxgl.app.scene.SceneFactory

01:01:13.418 [JavaFX Application Thread] DEBUG FXGLApplication      - Initializing FXGL
01:01:13.429 [JavaFX Application Thread] INFO  Engine               - FXGL-11.11 (08.09.2020 18.00) on WINDOWS (J:11.0.7 FX:11.0.2)
01:01:13.429 [JavaFX Application Thread] DEBUG Engine               - JRE Vendor Name: Oracle Corporation
01:01:13.430 [JavaFX Application Thread] DEBUG Engine               - Running on OS: Windows 10 version 10.0
01:01:13.430 [JavaFX Application Thread] DEBUG Engine               - Architecture: amd64
01:01:13.430 [JavaFX Application Thread] INFO  Engine               - Source code and latest versions at: https://github.com/AlmasB/FXGL
01:01:13.430 [JavaFX Application Thread] INFO  Engine               -              Join the FXGL chat at: https://gitter.im/AlmasB/FXGL
01:01:13.538 [JavaFX Application Thread] DEBUG MainWindow           - Creating a JavaFX scene
01:01:13.600 [JavaFX Application Thread] DEBUG MainWindow           - Target settings size: 896.0 x 896.0
01:01:13.600 [JavaFX Application Thread] DEBUG MainWindow           - Scaled scene size:    896.0 x 896.0
01:01:13.601 [JavaFX Application Thread] DEBUG MainWindow           - Scaled ratio: (1.0, 1.0)
01:01:13.602 [JavaFX Application Thread] DEBUG MainWindow           - Set initial scene to StartupScene
01:01:13.607 [JavaFX Application Thread] DEBUG MainWindow           - Opening main window
01:01:13.722 [JavaFX Application Thread] DEBUG MainWindow           - Window border size: (16.0, 39.0)
01:01:13.723 [JavaFX Application Thread] DEBUG MainWindow           - Scaled size: 896.0 x 896.0
01:01:13.723 [JavaFX Application Thread] DEBUG MainWindow           - Scaled ratio: (1.0, 1.0)
01:01:13.723 [JavaFX Application Thread] DEBUG MainWindow           - Scene size: 896.0 x 896.0
01:01:13.724 [JavaFX Application Thread] DEBUG MainWindow           - Stage size: 912.0 x 935.0
01:01:13.732 [FXGL Background Thread 1 ] DEBUG Engine               - Initializing environment variables
01:01:13.768 [FXGL Background Thread 1 ] DEBUG GameApplicationServi - Applying CSS: fxgl_dark.css
01:01:13.769 [FXGL Background Thread 1 ] DEBUG FXGLAssetLoaderServi - Loading from file system: /assets/ui/css/fxgl_dark.css
01:01:13.828 [FXGL Background Thread 1 ] DEBUG GameApplicationServi - Initializing application scenes
01:01:13.908 [FXGL Background Thread 1 ] DEBUG GameWorld            - Game world initialized
01:01:13.983 [FXGL Background Thread 1 ] DEBUG PhysicsWorld         - Physics world initialized: appHeight=896, physics.ppm=50.0
01:01:13.986 [FXGL Background Thread 1 ] DEBUG GameScene            - Game scene initialized: 896x896
01:01:14.018 [FXGL Background Thread 1 ] DEBUG FXGLAssetLoaderServi - Loading from file system: /assets/textures/particles/trace_horizontal.png
01:01:14.082 [FXGL Background Thread 1 ] DEBUG FXGL.DefaultMenu     - createMenuBodyMainMenu()
01:01:14.101 [FXGL Background Thread 1 ] DEBUG FXGL.DefaultMenu     - createOptionsMenu()
01:01:14.105 [FXGL Background Thread 1 ] DEBUG FXGL.DefaultMenu     - createExtraMenu()
01:01:14.108 [FXGL Background Thread 1 ] DEBUG FXGLAssetLoaderServi - Loading from file system: /assets/textures/particles/smoke.png
01:01:14.158 [FXGL Background Thread 1 ] DEBUG FXGLAssetLoaderServi - Loading from cache: /assets/textures/particles/trace_horizontal.png@64.0x64.0
01:01:14.159 [FXGL Background Thread 1 ] DEBUG FXGL.DefaultMenu     - createMenuBodyGameMenu()
01:01:14.160 [FXGL Background Thread 1 ] DEBUG FXGL.DefaultMenu     - createOptionsMenu()
01:01:14.164 [FXGL Background Thread 1 ] DEBUG FXGL.DefaultMenu     - createExtraMenu()
01:01:14.167 [FXGL Background Thread 1 ] DEBUG FXGLAssetLoaderServi - Loading from cache: /assets/textures/particles/smoke.png@128.0x128.0
01:01:14.184 [FXGL Background Thread 1 ] DEBUG GameApplicationServi - Application scenes initialized
01:01:14.195 [FXGL Background Thread 1 ] DEBUG SystemBundleService  - Loading FXGL system data
01:01:14.199 [FXGL Background Thread 1 ] DEBUG FileSystemAccess     - Reading from: C:\Users\nIck_\Desktop\IntelliGame\system\fxgl.bundle
01:01:14.203 [FXGL Background Thread 1 ] DEBUG SystemBundleService  - Bundle FXGL: {}
01:01:14.205 [FXGL Background Thread 3 ] DEBUG FXGLApplication      - Loading fonts
01:01:14.206 [FXGL Background Thread 3 ] DEBUG FXGLAssetLoaderServi - Loading from file system: /assets/ui/fonts/VarelaRound-Regular.ttf
01:01:14.206 [FXGL Background Thread 1 ] DEBUG FXGLApplication      - Loading default localization
01:01:14.206 [FXGL Background Thread 1 ] DEBUG FXGLAssetLoaderServi - Loading from file system: /assets/languages/english.lang
01:01:14.222 [FXGL Background Thread 1 ] INFO  FXGLApplication      - FXGL initialization took: 0.490 sec
01:01:14.230 [JavaFX Application Thread] DEBUG Input                - Registered new binding: 向左移动 - A
01:01:14.231 [JavaFX Application Thread] DEBUG Input                - Registered new binding: 向上移动 - W
01:01:14.231 [JavaFX Application Thread] DEBUG Input                - Registered new binding: 向右移动 - D
01:01:14.231 [JavaFX Application Thread] DEBUG Input                - Registered new binding: 向下移动 - S
01:01:14.233 [JavaFX Application Thread] DEBUG Input                - Registered new binding: 扔锤子 - LMB
01:01:14.233 [JavaFX Application Thread] DEBUG FXGLAssetLoaderServi - Loading from file system: /assets/music/bgm.mp3
01:01:14.337 [JavaFX Application Thread] DEBUG AudioPlayer          - Playing music com.almasb.fxgl.audio.Music@527a2084
01:01:14.339 [JavaFX Application Thread] DEBUG FXGLAssetLoaderServi - Loading from file system: /assets/textures/fxgl_icon.png
01:01:14.366 [JavaFX Application Thread] DEBUG FXGLAssetLoaderServi - Loading from file system: /assets/ui/cursors/fxgl_default.png
01:01:14.370 [JavaFX Application Thread] DEBUG Input                - Registered new binding: Screenshot - P
01:01:14.372 [JavaFX Application Thread] DEBUG LoopRunner           - Starting loop
01:01:14.375 [JavaFX Application Thread] DEBUG Input                - Clearing active input actions
01:01:14.385 [JavaFX Application Thread] DEBUG GameApplicationServi - Removing overlay from StartupScene and adding to FXGLMainMenuDummyScene
01:01:14.385 [JavaFX Application Thread] DEBUG MainWindow           - StartupScene -> FXGLMainMenuDummyScene
01:01:14.385 [JavaFX Application Thread] DEBUG MainWindow           - Push state: FXGLDefaultMenu
01:01:14.389 [JavaFX Application Thread] DEBUG Input                - Clearing active input actions
01:01:14.402 [JavaFX Application Thread] DEBUG GameApplicationServi - Removing overlay from FXGLMainMenuDummyScene and adding to FXGLDefaultMenu
01:01:14.402 [JavaFX Application Thread] DEBUG MainWindow           - FXGLMainMenuDummyScene -> FXGLDefaultMenu
01:01:14.563 [FXGL Background Thread 3 ] DEBUG FXGLAssetLoaderServi - Loading from file system: /assets/ui/fonts/Abel-Regular.ttf
01:01:14.568 [FXGL Background Thread 3 ] DEBUG FXGLAssetLoaderServi - Loading from file system: /assets/ui/fonts/lucida_console.ttf
01:01:14.574 [FXGL Background Thread 3 ] DEBUG FXGLAssetLoaderServi - Loading from file system: /assets/ui/fonts/Courier-Prime.ttf
01:01:14.580 [JavaFX Application Thread] DEBUG FXGLApplication      - Registering font factories with UI factory
01:01:15.320 [JavaFX Application Thread] DEBUG Menu                 - fireNewGame()
01:01:15.320 [JavaFX Application Thread] DEBUG GameApplicationServi - Starting new game
01:01:15.321 [JavaFX Application Thread] DEBUG MainWindow           - Pop state: FXGLDefaultMenu
01:01:15.321 [JavaFX Application Thread] DEBUG Input                - Clearing active input actions
01:01:15.322 [JavaFX Application Thread] DEBUG GameApplicationServi - Removing overlay from FXGLDefaultMenu and adding to FXGLMainMenuDummyScene
01:01:15.322 [JavaFX Application Thread] DEBUG MainWindow           - FXGLMainMenuDummyScene <- FXGLDefaultMenu
01:01:15.322 [JavaFX Application Thread] DEBUG Input                - Clearing active input actions
01:01:15.328 [JavaFX Application Thread] DEBUG GameApplicationServi - Removing overlay from FXGLMainMenuDummyScene and adding to FXGLLoadingScene
01:01:15.328 [JavaFX Application Thread] DEBUG MainWindow           - FXGLMainMenuDummyScene -> FXGLLoadingScene
01:01:15.329 [JavaFX Application Thread] DEBUG GameApplicationServi - Clearing previous game
01:01:15.329 [JavaFX Application Thread] DEBUG GameScene            - Clearing game scene
01:01:15.329 [JavaFX Application Thread] DEBUG GameWorld            - Clearing game world
01:01:15.329 [JavaFX Application Thread] DEBUG PhysicsWorld         - Clearing physics world
01:01:15.330 [FXGL Background Thread 3 ] DEBUG FXGLApplication      - Initializing game
01:01:15.340 [FXGL Background Thread 3 ] DEBUG FXGLAssetLoaderServi - Loading from file system: /assets/textures/background/background.jpg
01:01:15.452 [FXGL Background Thread 3 ] DEBUG FXGLAssetLoaderServi - Loading from file system: /assets/textures/home.png
01:01:15.490 [FXGL Background Thread 3 ] DEBUG FXGLAssetLoaderServi - Loading from cache: /assets/textures/home.png@88.0x88.0
01:01:15.500 [FXGL Background Thread 3 ] DEBUG FXGLAssetLoaderServi - Loading from cache: /assets/textures/home.png@88.0x88.0
01:01:15.513 [FXGL Background Thread 3 ] DEBUG FXGLAssetLoaderServi - Loading from cache: /assets/textures/home.png@88.0x88.0
01:01:15.520 [FXGL Background Thread 3 ] DEBUG FXGLAssetLoaderServi - Loading from cache: /assets/textures/home.png@88.0x88.0
01:01:15.527 [FXGL Background Thread 3 ] DEBUG FXGLAssetLoaderServi - Loading from cache: /assets/textures/home.png@88.0x88.0
01:01:15.534 [FXGL Background Thread 3 ] DEBUG FXGLAssetLoaderServi - Loading from cache: /assets/textures/home.png@88.0x88.0
01:01:15.548 [FXGL Background Thread 3 ] DEBUG FXGLAssetLoaderServi - Loading from file system: /assets/textures/player.png
01:01:15.576 [FXGL Background Thread 3 ] DEBUG FXGLAssetLoaderServi - Loading from file system: /assets/ui/main.fxml
01:01:15.620 [FXGL Background Thread 3 ] WARN  FXGLAssetLoaderServi - Failed to load FXML main.fxml Error: javafx.fxml.LoadException: 
unknown path:13

01:01:15.620 [FXGL Background Thread 3 ] WARN  FXGLAssetLoaderServi - Failed to load UI, so controller.init() will not be called
01:01:15.624 [FXGL Background Thread 3 ] DEBUG FXGLAssetLoaderServi - Loading from file system: /assets/textures/life.png
01:01:15.625 [FXGL Background Thread 3 ] DEBUG FXGLAssetLoaderServi - Loading from cache: /assets/textures/life.png@32.0x42.0
01:01:15.625 [FXGL Background Thread 3 ] DEBUG FXGLAssetLoaderServi - Loading from cache: /assets/textures/life.png@32.0x42.0
01:01:15.626 [FXGL Background Thread 3 ] DEBUG FXGLAssetLoaderServi - Loading from file system: /assets/textures/houselife.png
01:01:15.631 [FXGL Background Thread 3 ] DEBUG FXGLAssetLoaderServi - Loading from cache: /assets/textures/houselife.png@32.0x32.0
01:01:15.631 [FXGL Background Thread 3 ] DEBUG FXGLAssetLoaderServi - Loading from cache: /assets/textures/houselife.png@32.0x32.0
01:01:15.631 [FXGL Background Thread 3 ] DEBUG FXGLAssetLoaderServi - Loading from cache: /assets/textures/houselife.png@32.0x32.0
01:01:15.632 [FXGL Background Thread 3 ] DEBUG FXGLAssetLoaderServi - Loading from cache: /assets/textures/houselife.png@32.0x32.0
01:01:15.632 [FXGL Background Thread 3 ] INFO  FXGLApplication      - Game initialization took: 0.302 sec
01:01:15.632 [JavaFX Application Thread] DEBUG Input                - Clearing active input actions
01:01:15.639 [JavaFX Application Thread] DEBUG GameApplicationServi - Removing overlay from FXGLLoadingScene and adding to GameScene
01:01:15.640 [JavaFX Application Thread] DEBUG MainWindow           - FXGLLoadingScene -> GameScene
01:01:17.070 [JavaFX Application Thread] DEBUG FXGLAssetLoaderServi - Loading from file system: /assets/textures/monster4.png
01:01:17.205 [FXGL Background Thread 2 ] DEBUG Engine               - Logging environment variables
01:01:17.205 [FXGL Background Thread 2 ] DEBUG Engine               - achievements: []
01:01:17.206 [FXGL Background Thread 2 ] DEBUG Engine               - appIcon: fxgl_icon.png
01:01:17.206 [FXGL Background Thread 2 ] DEBUG Engine               - applicationMode: RELEASE
01:01:17.206 [FXGL Background Thread 2 ] DEBUG Engine               - cSSList: [fxgl_dark.css]
01:01:17.206 [FXGL Background Thread 2 ] DEBUG Engine               - configClass: Optional.empty
01:01:17.206 [FXGL Background Thread 2 ] DEBUG Engine               - credits: [赵力行, 易金鹏, 张恒锐, 张培祥, 郑伊龙, 李磊, 卢贤哲]
01:01:17.206 [FXGL Background Thread 2 ] DEBUG Engine               - devBBoxColorProperty: ObjectProperty [value: 0xff0000ff]
01:01:17.206 [FXGL Background Thread 2 ] DEBUG Engine               - devEnableDebugCameraProperty: BooleanProperty [value: false]
01:01:17.206 [FXGL Background Thread 2 ] DEBUG Engine               - devSensorColorProperty: ObjectProperty [value: 0xffff00ff]
01:01:17.206 [FXGL Background Thread 2 ] DEBUG Engine               - devShowBBoxProperty: BooleanProperty [value: false]
01:01:17.206 [FXGL Background Thread 2 ] DEBUG Engine               - devShowPositionProperty: BooleanProperty [value: false]
01:01:17.206 [FXGL Background Thread 2 ] DEBUG Engine               - enabledMenuItems: [EXTRA]
01:01:17.206 [FXGL Background Thread 2 ] DEBUG Engine               - engineServices: [class com.almasb.fxgl.app.FXGLApplication$GameApplicationService, class com.almasb.fxgl.app.services.FXGLDialogService, class com.almasb.fxgl.app.services.IOTaskExecutorService, class com.almasb.fxgl.event.EventBusService, class com.almasb.fxgl.io.FileSystemService, class com.almasb.fxgl.localization.LocalizationService, class com.almasb.fxgl.app.services.FXGLAssetLoaderService, class com.almasb.fxgl.app.services.SystemBundleService, class com.almasb.fxgl.profile.SaveLoadService, class com.almasb.fxgl.ui.FXGLUIFactoryServiceProvider, class com.almasb.fxgl.ui.FXGLDialogFactoryServiceProvider, class com.almasb.fxgl.audio.AudioPlayer, class com.almasb.fxgl.notification.impl.NotificationServiceProvider, class com.almasb.fxgl.achievement.AchievementService, class com.almasb.fxgl.cutscene.CutsceneService, class com.almasb.fxgl.minigames.MiniGameService, class com.almasb.fxgl.net.NetService, class com.almasb.fxgl.app.services.UpdaterService, class com.almasb.fxgl.dev.DevService]
01:01:17.207 [FXGL Background Thread 2 ] DEBUG Engine               - fontGame: Abel-Regular.ttf
01:01:17.207 [FXGL Background Thread 2 ] DEBUG Engine               - fontMono: lucida_console.ttf
01:01:17.207 [FXGL Background Thread 2 ] DEBUG Engine               - fontText: Courier-Prime.ttf
01:01:17.207 [FXGL Background Thread 2 ] DEBUG Engine               - fontUI: VarelaRound-Regular.ttf
01:01:17.207 [FXGL Background Thread 2 ] DEBUG Engine               - fullScreen: BooleanProperty [value: false]
01:01:17.207 [FXGL Background Thread 2 ] DEBUG Engine               - gameDifficulty: MEDIUM
01:01:17.207 [FXGL Background Thread 2 ] DEBUG Engine               - gameDifficultyProperty: ObjectProperty [value: MEDIUM]
01:01:17.207 [FXGL Background Thread 2 ] DEBUG Engine               - globalMusicVolume: 0.5
01:01:17.207 [FXGL Background Thread 2 ] DEBUG Engine               - globalMusicVolumeProperty: DoubleProperty [value: 1.0]
01:01:17.207 [FXGL Background Thread 2 ] DEBUG Engine               - globalSoundVolume: 0.5
01:01:17.207 [FXGL Background Thread 2 ] DEBUG Engine               - globalSoundVolumeProperty: DoubleProperty [value: 0.1]
01:01:17.207 [FXGL Background Thread 2 ] DEBUG Engine               - height: 896
01:01:17.207 [FXGL Background Thread 2 ] DEBUG Engine               - isAndroid: false
01:01:17.207 [FXGL Background Thread 2 ] DEBUG Engine               - isBrowser: false
01:01:17.207 [FXGL Background Thread 2 ] DEBUG Engine               - isClickFeedbackEnabled: false
01:01:17.207 [FXGL Background Thread 2 ] DEBUG Engine               - isCloseConfirmation: false
01:01:17.207 [FXGL Background Thread 2 ] DEBUG Engine               - isDesktop: true
01:01:17.207 [FXGL Background Thread 2 ] DEBUG Engine               - isDeveloperMenuEnabled: false
01:01:17.207 [FXGL Background Thread 2 ] DEBUG Engine               - isEntityPreloadEnabled: true
01:01:17.207 [FXGL Background Thread 2 ] DEBUG Engine               - isExperimentalNative: false
01:01:17.207 [FXGL Background Thread 2 ] DEBUG Engine               - isExperimentalTiledLargeMap: false
01:01:17.208 [FXGL Background Thread 2 ] DEBUG Engine               - isFileSystemWriteAllowed: true
01:01:17.208 [FXGL Background Thread 2 ] DEBUG Engine               - isFullScreenAllowed: false
01:01:17.208 [FXGL Background Thread 2 ] DEBUG Engine               - isFullScreenFromStart: false
01:01:17.208 [FXGL Background Thread 2 ] DEBUG Engine               - isGameMenuEnabled: true
01:01:17.208 [FXGL Background Thread 2 ] DEBUG Engine               - isIOS: false
01:01:17.208 [FXGL Background Thread 2 ] DEBUG Engine               - isIntroEnabled: false
01:01:17.208 [FXGL Background Thread 2 ] DEBUG Engine               - isLinux: false
01:01:17.208 [FXGL Background Thread 2 ] DEBUG Engine               - isMac: false
01:01:17.208 [FXGL Background Thread 2 ] DEBUG Engine               - isMainMenuEnabled: true
01:01:17.208 [FXGL Background Thread 2 ] DEBUG Engine               - isManualResizeEnabled: false
01:01:17.208 [FXGL Background Thread 2 ] DEBUG Engine               - isMobile: false
01:01:17.208 [FXGL Background Thread 2 ] DEBUG Engine               - isPreserveResizeRatio: false
01:01:17.208 [FXGL Background Thread 2 ] DEBUG Engine               - isProfilingEnabled: false
01:01:17.208 [FXGL Background Thread 2 ] DEBUG Engine               - isSingleStep: false
01:01:17.208 [FXGL Background Thread 2 ] DEBUG Engine               - isUserProfileEnabled: false
01:01:17.208 [FXGL Background Thread 2 ] DEBUG Engine               - isWindows: true
01:01:17.208 [FXGL Background Thread 2 ] DEBUG Engine               - language: ObjectProperty [value: ENGLISH]
01:01:17.208 [FXGL Background Thread 2 ] DEBUG Engine               - menuKey: ESCAPE
01:01:17.208 [FXGL Background Thread 2 ] DEBUG Engine               - notificationViewClass: class com.almasb.fxgl.notification.view.XboxNotificationView
01:01:17.209 [FXGL Background Thread 2 ] DEBUG Engine               - pixelsPerMeter: 50.0
01:01:17.209 [FXGL Background Thread 2 ] DEBUG Engine               - platform: WINDOWS
01:01:17.209 [FXGL Background Thread 2 ] DEBUG Engine               - profileDir: profiles/
01:01:17.209 [FXGL Background Thread 2 ] DEBUG Engine               - profileName: StringProperty [value: DEFAULT]
01:01:17.209 [FXGL Background Thread 2 ] DEBUG Engine               - randomSeed: -1
01:01:17.209 [FXGL Background Thread 2 ] DEBUG Engine               - runtimeInfo: RuntimeInfo(platform=WINDOWS, version=11.11, build=08.09.2020 18.00)
01:01:17.209 [FXGL Background Thread 2 ] DEBUG Engine               - saveFileExt: sav
01:01:17.209 [FXGL Background Thread 2 ] DEBUG Engine               - sceneFactory: com.almasb.fxgl.app.scene.SceneFactory@a885e86
01:01:17.209 [FXGL Background Thread 2 ] DEBUG Engine               - secondsIn24h: 60
01:01:17.209 [FXGL Background Thread 2 ] DEBUG Engine               - soundMenuBack: menu/back.wav
01:01:17.209 [FXGL Background Thread 2 ] DEBUG Engine               - soundMenuPress: menu/press.wav
01:01:17.209 [FXGL Background Thread 2 ] DEBUG Engine               - soundMenuSelect: menu/select.wav
01:01:17.209 [FXGL Background Thread 2 ] DEBUG Engine               - soundNotification: core/notification.wav
01:01:17.209 [FXGL Background Thread 2 ] DEBUG Engine               - stageStyle: DECORATED
01:01:17.209 [FXGL Background Thread 2 ] DEBUG Engine               - supportedLanguages: [ENGLISH, FRENCH, GERMAN, HUNGARIAN, RUSSIAN]
01:01:17.209 [FXGL Background Thread 2 ] DEBUG Engine               - title: IntelliGame
01:01:17.209 [FXGL Background Thread 2 ] DEBUG Engine               - urlGithub: https://github.com/AlmasB/FXGL
01:01:17.209 [FXGL Background Thread 2 ] DEBUG Engine               - urlLeaderboard: http://fxgl-top.herokuapp.com/
01:01:17.209 [FXGL Background Thread 2 ] DEBUG Engine               - urlPOM: https://raw.githubusercontent.com/AlmasB/FXGL/master/pom.xml
01:01:17.209 [FXGL Background Thread 2 ] DEBUG Engine               - version: 1.0(呕心沥血)
01:01:17.210 [FXGL Background Thread 2 ] DEBUG Engine               - versionCheckDays: 7
01:01:17.210 [FXGL Background Thread 2 ] DEBUG Engine               - width: 896
01:01:17.210 [FXGL Background Thread 2 ] DEBUG Engine               - Logging services
01:01:17.210 [FXGL Background Thread 2 ] DEBUG Engine               - class com.almasb.fxgl.app.FXGLApplication$GameApplicationService
01:01:17.210 [FXGL Background Thread 2 ] DEBUG Engine               - class com.almasb.fxgl.app.services.FXGLDialogService
01:01:17.210 [FXGL Background Thread 2 ] DEBUG Engine               - class com.almasb.fxgl.app.services.IOTaskExecutorService
01:01:17.210 [FXGL Background Thread 2 ] DEBUG Engine               - class com.almasb.fxgl.event.EventBusService
01:01:17.210 [FXGL Background Thread 2 ] DEBUG Engine               - class com.almasb.fxgl.io.FileSystemService
01:01:17.210 [FXGL Background Thread 2 ] DEBUG Engine               - class com.almasb.fxgl.localization.LocalizationService
01:01:17.210 [FXGL Background Thread 2 ] DEBUG Engine               - class com.almasb.fxgl.app.services.FXGLAssetLoaderService
01:01:17.210 [FXGL Background Thread 2 ] DEBUG Engine               - class com.almasb.fxgl.app.services.SystemBundleService
01:01:17.210 [FXGL Background Thread 2 ] DEBUG Engine               - class com.almasb.fxgl.profile.SaveLoadService
01:01:17.210 [FXGL Background Thread 2 ] DEBUG Engine               - class com.almasb.fxgl.ui.FXGLUIFactoryServiceProvider
01:01:17.210 [FXGL Background Thread 2 ] DEBUG Engine               - class com.almasb.fxgl.ui.FXGLDialogFactoryServiceProvider
01:01:17.210 [FXGL Background Thread 2 ] DEBUG Engine               - class com.almasb.fxgl.audio.AudioPlayer
01:01:17.210 [FXGL Background Thread 2 ] DEBUG Engine               - class com.almasb.fxgl.notification.impl.NotificationServiceProvider
01:01:17.210 [FXGL Background Thread 2 ] DEBUG Engine               - class com.almasb.fxgl.achievement.AchievementService
01:01:17.210 [FXGL Background Thread 2 ] DEBUG Engine               - class com.almasb.fxgl.cutscene.CutsceneService
01:01:17.210 [FXGL Background Thread 2 ] DEBUG Engine               - class com.almasb.fxgl.minigames.MiniGameService
01:01:17.210 [FXGL Background Thread 2 ] DEBUG Engine               - class com.almasb.fxgl.net.NetService
01:01:17.210 [FXGL Background Thread 2 ] DEBUG Engine               - class com.almasb.fxgl.app.services.UpdaterService
01:01:17.210 [FXGL Background Thread 2 ] DEBUG Engine               - class com.almasb.fxgl.dev.DevService
01:01:17.701 [JavaFX Application Thread] DEBUG FXGLAssetLoaderServi - Loading from file system: /assets/textures/monster2.png
01:01:18.332 [JavaFX Application Thread] DEBUG FXGLAssetLoaderServi - Loading from cache: /assets/textures/monster2.png@40.0x40.0
01:01:18.965 [JavaFX Application Thread] DEBUG FXGLAssetLoaderServi - Loading from file system: /assets/textures/monster3.png
01:01:19.596 [JavaFX Application Thread] DEBUG FXGLAssetLoaderServi - Loading from cache: /assets/textures/monster4.png@40.0x40.0
01:01:19.709 [JavaFX Application Thread] DEBUG FXGLAssetLoaderServi - Loading from file system: /assets/textures/player.png
01:01:20.220 [JavaFX Application Thread] DEBUG FXGLAssetLoaderServi - Loading from file system: /assets/textures/monster1.png
01:01:20.845 [JavaFX Application Thread] DEBUG FXGLAssetLoaderServi - Loading from cache: /assets/textures/monster2.png@40.0x40.0
01:01:21.189 [JavaFX Application Thread] DEBUG FXGLAssetLoaderServi - Loading from file system: /assets/textures/hammer.png
01:01:21.195 [JavaFX Application Thread] DEBUG FXGLAssetLoaderServi - Loading from file system: /assets/sounds/shoot.wav
01:01:21.404 [JavaFX Application Thread] DEBUG FXGLAssetLoaderServi - Loading from cache: /assets/textures/hammer.png@40.0x40.0
01:01:21.410 [JavaFX Application Thread] DEBUG FXGLAssetLoaderServi - Loading from cache: /assets/sounds/shoot.wav
01:01:21.484 [JavaFX Application Thread] DEBUG FXGLAssetLoaderServi - Loading from cache: /assets/textures/monster3.png@40.0x40.0
01:01:21.619 [JavaFX Application Thread] DEBUG FXGLAssetLoaderServi - Loading from cache: /assets/textures/hammer.png@40.0x40.0
01:01:21.621 [JavaFX Application Thread] DEBUG FXGLAssetLoaderServi - Loading from cache: /assets/sounds/shoot.wav
01:01:21.826 [JavaFX Application Thread] DEBUG FXGLAssetLoaderServi - Loading from cache: /assets/textures/hammer.png@40.0x40.0
01:01:21.828 [JavaFX Application Thread] DEBUG FXGLAssetLoaderServi - Loading from cache: /assets/sounds/shoot.wav
01:01:21.987 [JavaFX Application Thread] DEBUG FXGLAssetLoaderServi - Loading from file system: /assets/sounds/explosion.wav
01:01:21.989 [JavaFX Application Thread] DEBUG FXGLAssetLoaderServi - Loading from file system: /assets/textures/explosion.png
01:01:22.002 [JavaFX Application Thread] DEBUG EventBus             - Firing event: cn.edu.witpt.IntelliGame.event.GameEvent[source=javafx.event.Event$$Lambda$111/0x000000080021fc40@57399d19]
01:01:22.043 [JavaFX Application Thread] DEBUG FXGLAssetLoaderServi - Loading from cache: /assets/textures/hammer.png@40.0x40.0
01:01:22.049 [JavaFX Application Thread] DEBUG FXGLAssetLoaderServi - Loading from cache: /assets/sounds/shoot.wav
01:01:22.124 [JavaFX Application Thread] DEBUG FXGLAssetLoaderServi - Loading from cache: /assets/textures/monster3.png@40.0x40.0
01:01:22.748 [JavaFX Application Thread] DEBUG FXGLAssetLoaderServi - Loading from cache: /assets/textures/monster4.png@40.0x40.0
01:01:23.152 [JavaFX Application Thread] DEBUG FXGLApplication      - Exiting FXGL
01:01:23.152 [JavaFX Application Thread] DEBUG LoopRunner           - Stopping loop
01:01:23.152 [JavaFX Application Thread] DEBUG SystemBundleService  - Saving FXGL system data
01:01:23.154 [JavaFX Application Thread] DEBUG FileSystemAccess     - Writing to: C:\Users\nIck_\Desktop\IntelliGame\system\fxgl.bundle
01:01:23.154 [JavaFX Application Thread] DEBUG Async                - Shutting down background threads
01:01:23.155 [JavaFX Application Thread] DEBUG MainWindow           - Closing main window
01:01:23.164 [JavaFX Application Thread] DEBUG Logger               - Closing Logger
