00:58:49.932 [main                     ] DEBUG Logger               - Configured Logger
00:58:49.962 [main                     ] DEBUG GameApplication      - Logging settings
Title: IntelliGame
Version: 1.0(呕心沥血)
Width: 896
Height: 896
Fullscreen: false
Intro: false
Profiling: false
Single step:false
App Mode: RELEASE
Menu Key: ESCAPE
Stage Style: DECORATED
Scene Factory: class com.almasb.fxgl.app.scene.SceneFactory

00:58:50.353 [JavaFX Application Thread] DEBUG FXGLApplication      - Initializing FXGL
00:58:50.369 [JavaFX Application Thread] INFO  Engine               - FXGL-11.11 (08.09.2020 18.00) on WINDOWS (J:11.0.7 FX:11.0.2)
00:58:50.370 [JavaFX Application Thread] DEBUG Engine               - JRE Vendor Name: Oracle Corporation
00:58:50.370 [JavaFX Application Thread] DEBUG Engine               - Running on OS: Windows 10 version 10.0
00:58:50.370 [JavaFX Application Thread] DEBUG Engine               - Architecture: amd64
00:58:50.370 [JavaFX Application Thread] INFO  Engine               - Source code and latest versions at: https://github.com/AlmasB/FXGL
00:58:50.370 [JavaFX Application Thread] INFO  Engine               -              Join the FXGL chat at: https://gitter.im/AlmasB/FXGL
00:58:50.507 [JavaFX Application Thread] DEBUG MainWindow           - Creating a JavaFX scene
00:58:50.572 [JavaFX Application Thread] DEBUG MainWindow           - Target settings size: 896.0 x 896.0
00:58:50.572 [JavaFX Application Thread] DEBUG MainWindow           - Scaled scene size:    896.0 x 896.0
00:58:50.572 [JavaFX Application Thread] DEBUG MainWindow           - Scaled ratio: (1.0, 1.0)
00:58:50.574 [JavaFX Application Thread] DEBUG MainWindow           - Set initial scene to StartupScene
00:58:50.584 [JavaFX Application Thread] DEBUG MainWindow           - Opening main window
00:58:50.689 [JavaFX Application Thread] DEBUG MainWindow           - Window border size: (16.0, 39.0)
00:58:50.690 [JavaFX Application Thread] DEBUG MainWindow           - Scaled size: 896.0 x 896.0
00:58:50.690 [JavaFX Application Thread] DEBUG MainWindow           - Scaled ratio: (1.0, 1.0)
00:58:50.690 [JavaFX Application Thread] DEBUG MainWindow           - Scene size: 896.0 x 896.0
00:58:50.690 [JavaFX Application Thread] DEBUG MainWindow           - Stage size: 912.0 x 935.0
00:58:50.700 [FXGL Background Thread 1 ] DEBUG Engine               - Initializing environment variables
00:58:50.734 [FXGL Background Thread 1 ] DEBUG GameApplicationServi - Applying CSS: fxgl_dark.css
00:58:50.735 [FXGL Background Thread 1 ] DEBUG FXGLAssetLoaderServi - Loading from file system: /assets/ui/css/fxgl_dark.css
00:58:50.800 [FXGL Background Thread 1 ] DEBUG GameApplicationServi - Initializing application scenes
00:58:50.868 [FXGL Background Thread 1 ] DEBUG GameWorld            - Game world initialized
00:58:50.939 [FXGL Background Thread 1 ] DEBUG PhysicsWorld         - Physics world initialized: appHeight=896, physics.ppm=50.0
00:58:50.943 [FXGL Background Thread 1 ] DEBUG GameScene            - Game scene initialized: 896x896
00:58:50.977 [FXGL Background Thread 1 ] DEBUG FXGLAssetLoaderServi - Loading from file system: /assets/textures/particles/trace_horizontal.png
00:58:51.045 [FXGL Background Thread 1 ] DEBUG FXGL.DefaultMenu     - createMenuBodyMainMenu()
00:58:51.062 [FXGL Background Thread 1 ] DEBUG FXGL.DefaultMenu     - createOptionsMenu()
00:58:51.066 [FXGL Background Thread 1 ] DEBUG FXGL.DefaultMenu     - createExtraMenu()
00:58:51.068 [FXGL Background Thread 1 ] DEBUG FXGLAssetLoaderServi - Loading from file system: /assets/textures/particles/smoke.png
00:58:51.143 [FXGL Background Thread 1 ] DEBUG FXGLAssetLoaderServi - Loading from cache: /assets/textures/particles/trace_horizontal.png@64.0x64.0
00:58:51.144 [FXGL Background Thread 1 ] DEBUG FXGL.DefaultMenu     - createMenuBodyGameMenu()
00:58:51.145 [FXGL Background Thread 1 ] DEBUG FXGL.DefaultMenu     - createOptionsMenu()
00:58:51.148 [FXGL Background Thread 1 ] DEBUG FXGL.DefaultMenu     - createExtraMenu()
00:58:51.150 [FXGL Background Thread 1 ] DEBUG FXGLAssetLoaderServi - Loading from cache: /assets/textures/particles/smoke.png@128.0x128.0
00:58:51.167 [FXGL Background Thread 1 ] DEBUG GameApplicationServi - Application scenes initialized
00:58:51.179 [FXGL Background Thread 1 ] DEBUG SystemBundleService  - Loading FXGL system data
00:58:51.184 [FXGL Background Thread 1 ] DEBUG FileSystemAccess     - Reading from: C:\Users\nIck_\Desktop\IntelliGame\system\fxgl.bundle
00:58:51.189 [FXGL Background Thread 1 ] DEBUG SystemBundleService  - Bundle FXGL: {}
00:58:51.192 [FXGL Background Thread 3 ] DEBUG FXGLApplication      - Loading fonts
00:58:51.192 [FXGL Background Thread 3 ] DEBUG FXGLAssetLoaderServi - Loading from file system: /assets/ui/fonts/VarelaRound-Regular.ttf
00:58:51.192 [FXGL Background Thread 1 ] DEBUG FXGLApplication      - Loading default localization
00:58:51.193 [FXGL Background Thread 1 ] DEBUG FXGLAssetLoaderServi - Loading from file system: /assets/languages/english.lang
00:58:51.210 [FXGL Background Thread 1 ] INFO  FXGLApplication      - FXGL initialization took: 0.509 sec
00:58:51.220 [JavaFX Application Thread] DEBUG Input                - Registered new binding: 向左移动 - A
00:58:51.220 [JavaFX Application Thread] DEBUG Input                - Registered new binding: 向上移动 - W
00:58:51.221 [JavaFX Application Thread] DEBUG Input                - Registered new binding: 向右移动 - D
00:58:51.221 [JavaFX Application Thread] DEBUG Input                - Registered new binding: 向下移动 - S
00:58:51.222 [JavaFX Application Thread] DEBUG Input                - Registered new binding: 扔锤子 - LMB
00:58:51.223 [JavaFX Application Thread] DEBUG FXGLAssetLoaderServi - Loading from file system: /assets/music/bgm.mp3
00:58:51.323 [JavaFX Application Thread] DEBUG AudioPlayer          - Playing music com.almasb.fxgl.audio.Music@23003ef3
00:58:51.325 [JavaFX Application Thread] DEBUG FXGLAssetLoaderServi - Loading from file system: /assets/textures/fxgl_icon.png
00:58:51.355 [JavaFX Application Thread] DEBUG FXGLAssetLoaderServi - Loading from file system: /assets/ui/cursors/fxgl_default.png
00:58:51.358 [JavaFX Application Thread] DEBUG Input                - Registered new binding: Screenshot - P
00:58:51.360 [JavaFX Application Thread] DEBUG LoopRunner           - Starting loop
00:58:51.362 [JavaFX Application Thread] DEBUG Input                - Clearing active input actions
00:58:51.370 [JavaFX Application Thread] DEBUG GameApplicationServi - Removing overlay from StartupScene and adding to FXGLMainMenuDummyScene
00:58:51.370 [JavaFX Application Thread] DEBUG MainWindow           - StartupScene -> FXGLMainMenuDummyScene
00:58:51.371 [JavaFX Application Thread] DEBUG MainWindow           - Push state: FXGLDefaultMenu
00:58:51.376 [JavaFX Application Thread] DEBUG Input                - Clearing active input actions
00:58:51.391 [JavaFX Application Thread] DEBUG GameApplicationServi - Removing overlay from FXGLMainMenuDummyScene and adding to FXGLDefaultMenu
00:58:51.392 [JavaFX Application Thread] DEBUG MainWindow           - FXGLMainMenuDummyScene -> FXGLDefaultMenu
00:58:51.532 [FXGL Background Thread 3 ] DEBUG FXGLAssetLoaderServi - Loading from file system: /assets/ui/fonts/Abel-Regular.ttf
00:58:51.535 [FXGL Background Thread 3 ] DEBUG FXGLAssetLoaderServi - Loading from file system: /assets/ui/fonts/lucida_console.ttf
00:58:51.539 [FXGL Background Thread 3 ] DEBUG FXGLAssetLoaderServi - Loading from file system: /assets/ui/fonts/Courier-Prime.ttf
00:58:51.543 [JavaFX Application Thread] DEBUG FXGLApplication      - Registering font factories with UI factory
00:58:52.546 [JavaFX Application Thread] DEBUG Menu                 - fireNewGame()
00:58:52.546 [JavaFX Application Thread] DEBUG GameApplicationServi - Starting new game
00:58:52.548 [JavaFX Application Thread] DEBUG MainWindow           - Pop state: FXGLDefaultMenu
00:58:52.548 [JavaFX Application Thread] DEBUG Input                - Clearing active input actions
00:58:52.549 [JavaFX Application Thread] DEBUG GameApplicationServi - Removing overlay from FXGLDefaultMenu and adding to FXGLMainMenuDummyScene
00:58:52.549 [JavaFX Application Thread] DEBUG MainWindow           - FXGLMainMenuDummyScene <- FXGLDefaultMenu
00:58:52.550 [JavaFX Application Thread] DEBUG Input                - Clearing active input actions
00:58:52.558 [JavaFX Application Thread] DEBUG GameApplicationServi - Removing overlay from FXGLMainMenuDummyScene and adding to FXGLLoadingScene
00:58:52.558 [JavaFX Application Thread] DEBUG MainWindow           - FXGLMainMenuDummyScene -> FXGLLoadingScene
00:58:52.558 [JavaFX Application Thread] DEBUG GameApplicationServi - Clearing previous game
00:58:52.558 [JavaFX Application Thread] DEBUG GameScene            - Clearing game scene
00:58:52.558 [JavaFX Application Thread] DEBUG GameWorld            - Clearing game world
00:58:52.559 [JavaFX Application Thread] DEBUG PhysicsWorld         - Clearing physics world
00:58:52.559 [FXGL Background Thread 3 ] DEBUG FXGLApplication      - Initializing game
00:58:52.569 [FXGL Background Thread 3 ] DEBUG FXGLAssetLoaderServi - Loading from file system: /assets/textures/background/background.jpg
00:58:52.686 [FXGL Background Thread 3 ] DEBUG FXGLAssetLoaderServi - Loading from file system: /assets/textures/home.png
00:58:52.725 [FXGL Background Thread 3 ] DEBUG FXGLAssetLoaderServi - Loading from cache: /assets/textures/home.png@88.0x88.0
00:58:52.735 [FXGL Background Thread 3 ] DEBUG FXGLAssetLoaderServi - Loading from cache: /assets/textures/home.png@88.0x88.0
00:58:52.748 [FXGL Background Thread 3 ] DEBUG FXGLAssetLoaderServi - Loading from cache: /assets/textures/home.png@88.0x88.0
00:58:52.755 [FXGL Background Thread 3 ] DEBUG FXGLAssetLoaderServi - Loading from cache: /assets/textures/home.png@88.0x88.0
00:58:52.762 [FXGL Background Thread 3 ] DEBUG FXGLAssetLoaderServi - Loading from cache: /assets/textures/home.png@88.0x88.0
00:58:52.769 [FXGL Background Thread 3 ] DEBUG FXGLAssetLoaderServi - Loading from cache: /assets/textures/home.png@88.0x88.0
00:58:52.776 [FXGL Background Thread 3 ] DEBUG FXGLAssetLoaderServi - Loading from file system: /assets/textures/player.png
00:58:52.803 [FXGL Background Thread 3 ] DEBUG FXGLAssetLoaderServi - Loading from file system: /assets/ui/main.fxml
00:58:52.857 [FXGL Background Thread 3 ] DEBUG FXGLAssetLoaderServi - Loading from file system: /assets/textures/life.png
00:58:52.859 [FXGL Background Thread 3 ] DEBUG FXGLAssetLoaderServi - Loading from cache: /assets/textures/life.png@32.0x42.0
00:58:52.859 [FXGL Background Thread 3 ] DEBUG FXGLAssetLoaderServi - Loading from cache: /assets/textures/life.png@32.0x42.0
00:58:52.859 [FXGL Background Thread 3 ] DEBUG FXGLAssetLoaderServi - Loading from file system: /assets/textures/houselife.png
00:58:52.866 [FXGL Background Thread 3 ] DEBUG FXGLAssetLoaderServi - Loading from cache: /assets/textures/houselife.png@32.0x32.0
00:58:52.866 [FXGL Background Thread 3 ] DEBUG FXGLAssetLoaderServi - Loading from cache: /assets/textures/houselife.png@32.0x32.0
00:58:52.867 [FXGL Background Thread 3 ] DEBUG FXGLAssetLoaderServi - Loading from cache: /assets/textures/houselife.png@32.0x32.0
00:58:52.867 [FXGL Background Thread 3 ] DEBUG FXGLAssetLoaderServi - Loading from cache: /assets/textures/houselife.png@32.0x32.0
00:58:52.867 [FXGL Background Thread 3 ] INFO  FXGLApplication      - Game initialization took: 0.307 sec
00:58:52.867 [JavaFX Application Thread] DEBUG Input                - Clearing active input actions
00:58:52.874 [JavaFX Application Thread] DEBUG GameApplicationServi - Removing overlay from FXGLLoadingScene and adding to GameScene
00:58:52.875 [JavaFX Application Thread] DEBUG MainWindow           - FXGLLoadingScene -> GameScene
00:58:54.192 [FXGL Background Thread 2 ] DEBUG Engine               - Logging environment variables
00:58:54.192 [FXGL Background Thread 2 ] DEBUG Engine               - achievements: []
00:58:54.192 [FXGL Background Thread 2 ] DEBUG Engine               - appIcon: fxgl_icon.png
00:58:54.192 [FXGL Background Thread 2 ] DEBUG Engine               - applicationMode: RELEASE
00:58:54.192 [FXGL Background Thread 2 ] DEBUG Engine               - cSSList: [fxgl_dark.css]
00:58:54.192 [FXGL Background Thread 2 ] DEBUG Engine               - configClass: Optional.empty
00:58:54.192 [FXGL Background Thread 2 ] DEBUG Engine               - credits: [赵力行, 易金鹏, 张恒锐, 张培祥, 郑伊龙, 李磊, 卢贤哲]
00:58:54.193 [FXGL Background Thread 2 ] DEBUG Engine               - devBBoxColorProperty: ObjectProperty [value: 0xff0000ff]
00:58:54.193 [FXGL Background Thread 2 ] DEBUG Engine               - devEnableDebugCameraProperty: BooleanProperty [value: false]
00:58:54.193 [FXGL Background Thread 2 ] DEBUG Engine               - devSensorColorProperty: ObjectProperty [value: 0xffff00ff]
00:58:54.193 [FXGL Background Thread 2 ] DEBUG Engine               - devShowBBoxProperty: BooleanProperty [value: false]
00:58:54.193 [FXGL Background Thread 2 ] DEBUG Engine               - devShowPositionProperty: BooleanProperty [value: false]
00:58:54.193 [FXGL Background Thread 2 ] DEBUG Engine               - enabledMenuItems: [EXTRA]
00:58:54.193 [FXGL Background Thread 2 ] DEBUG Engine               - engineServices: [class com.almasb.fxgl.app.FXGLApplication$GameApplicationService, class com.almasb.fxgl.app.services.FXGLDialogService, class com.almasb.fxgl.app.services.IOTaskExecutorService, class com.almasb.fxgl.event.EventBusService, class com.almasb.fxgl.io.FileSystemService, class com.almasb.fxgl.localization.LocalizationService, class com.almasb.fxgl.app.services.FXGLAssetLoaderService, class com.almasb.fxgl.app.services.SystemBundleService, class com.almasb.fxgl.profile.SaveLoadService, class com.almasb.fxgl.ui.FXGLUIFactoryServiceProvider, class com.almasb.fxgl.ui.FXGLDialogFactoryServiceProvider, class com.almasb.fxgl.audio.AudioPlayer, class com.almasb.fxgl.notification.impl.NotificationServiceProvider, class com.almasb.fxgl.achievement.AchievementService, class com.almasb.fxgl.cutscene.CutsceneService, class com.almasb.fxgl.minigames.MiniGameService, class com.almasb.fxgl.net.NetService, class com.almasb.fxgl.app.services.UpdaterService, class com.almasb.fxgl.dev.DevService]
00:58:54.193 [FXGL Background Thread 2 ] DEBUG Engine               - fontGame: Abel-Regular.ttf
00:58:54.193 [FXGL Background Thread 2 ] DEBUG Engine               - fontMono: lucida_console.ttf
00:58:54.193 [FXGL Background Thread 2 ] DEBUG Engine               - fontText: Courier-Prime.ttf
00:58:54.193 [FXGL Background Thread 2 ] DEBUG Engine               - fontUI: VarelaRound-Regular.ttf
00:58:54.194 [FXGL Background Thread 2 ] DEBUG Engine               - fullScreen: BooleanProperty [value: false]
00:58:54.194 [FXGL Background Thread 2 ] DEBUG Engine               - gameDifficulty: MEDIUM
00:58:54.194 [FXGL Background Thread 2 ] DEBUG Engine               - gameDifficultyProperty: ObjectProperty [value: MEDIUM]
00:58:54.194 [FXGL Background Thread 2 ] DEBUG Engine               - globalMusicVolume: 0.5
00:58:54.194 [FXGL Background Thread 2 ] DEBUG Engine               - globalMusicVolumeProperty: DoubleProperty [value: 1.0]
00:58:54.194 [FXGL Background Thread 2 ] DEBUG Engine               - globalSoundVolume: 0.5
00:58:54.194 [FXGL Background Thread 2 ] DEBUG Engine               - globalSoundVolumeProperty: DoubleProperty [value: 0.1]
00:58:54.194 [FXGL Background Thread 2 ] DEBUG Engine               - height: 896
00:58:54.194 [FXGL Background Thread 2 ] DEBUG Engine               - isAndroid: false
00:58:54.194 [FXGL Background Thread 2 ] DEBUG Engine               - isBrowser: false
00:58:54.194 [FXGL Background Thread 2 ] DEBUG Engine               - isClickFeedbackEnabled: false
00:58:54.194 [FXGL Background Thread 2 ] DEBUG Engine               - isCloseConfirmation: false
00:58:54.194 [FXGL Background Thread 2 ] DEBUG Engine               - isDesktop: true
00:58:54.194 [FXGL Background Thread 2 ] DEBUG Engine               - isDeveloperMenuEnabled: false
00:58:54.194 [FXGL Background Thread 2 ] DEBUG Engine               - isEntityPreloadEnabled: true
00:58:54.194 [FXGL Background Thread 2 ] DEBUG Engine               - isExperimentalNative: false
00:58:54.194 [FXGL Background Thread 2 ] DEBUG Engine               - isExperimentalTiledLargeMap: false
00:58:54.194 [FXGL Background Thread 2 ] DEBUG Engine               - isFileSystemWriteAllowed: true
00:58:54.194 [FXGL Background Thread 2 ] DEBUG Engine               - isFullScreenAllowed: false
00:58:54.194 [FXGL Background Thread 2 ] DEBUG Engine               - isFullScreenFromStart: false
00:58:54.194 [FXGL Background Thread 2 ] DEBUG Engine               - isGameMenuEnabled: true
00:58:54.194 [FXGL Background Thread 2 ] DEBUG Engine               - isIOS: false
00:58:54.194 [FXGL Background Thread 2 ] DEBUG Engine               - isIntroEnabled: false
00:58:54.194 [FXGL Background Thread 2 ] DEBUG Engine               - isLinux: false
00:58:54.194 [FXGL Background Thread 2 ] DEBUG Engine               - isMac: false
00:58:54.194 [FXGL Background Thread 2 ] DEBUG Engine               - isMainMenuEnabled: true
00:58:54.194 [FXGL Background Thread 2 ] DEBUG Engine               - isManualResizeEnabled: false
00:58:54.194 [FXGL Background Thread 2 ] DEBUG Engine               - isMobile: false
00:58:54.194 [FXGL Background Thread 2 ] DEBUG Engine               - isPreserveResizeRatio: false
00:58:54.195 [FXGL Background Thread 2 ] DEBUG Engine               - isProfilingEnabled: false
00:58:54.195 [FXGL Background Thread 2 ] DEBUG Engine               - isSingleStep: false
00:58:54.195 [FXGL Background Thread 2 ] DEBUG Engine               - isUserProfileEnabled: false
00:58:54.195 [FXGL Background Thread 2 ] DEBUG Engine               - isWindows: true
00:58:54.195 [FXGL Background Thread 2 ] DEBUG Engine               - language: ObjectProperty [value: ENGLISH]
00:58:54.195 [FXGL Background Thread 2 ] DEBUG Engine               - menuKey: ESCAPE
00:58:54.195 [FXGL Background Thread 2 ] DEBUG Engine               - notificationViewClass: class com.almasb.fxgl.notification.view.XboxNotificationView
00:58:54.195 [FXGL Background Thread 2 ] DEBUG Engine               - pixelsPerMeter: 50.0
00:58:54.195 [FXGL Background Thread 2 ] DEBUG Engine               - platform: WINDOWS
00:58:54.195 [FXGL Background Thread 2 ] DEBUG Engine               - profileDir: profiles/
00:58:54.195 [FXGL Background Thread 2 ] DEBUG Engine               - profileName: StringProperty [value: DEFAULT]
00:58:54.195 [FXGL Background Thread 2 ] DEBUG Engine               - randomSeed: -1
00:58:54.195 [FXGL Background Thread 2 ] DEBUG Engine               - runtimeInfo: RuntimeInfo(platform=WINDOWS, version=11.11, build=08.09.2020 18.00)
00:58:54.195 [FXGL Background Thread 2 ] DEBUG Engine               - saveFileExt: sav
00:58:54.195 [FXGL Background Thread 2 ] DEBUG Engine               - sceneFactory: com.almasb.fxgl.app.scene.SceneFactory@15cb74b4
00:58:54.195 [FXGL Background Thread 2 ] DEBUG Engine               - secondsIn24h: 60
00:58:54.195 [FXGL Background Thread 2 ] DEBUG Engine               - soundMenuBack: menu/back.wav
00:58:54.195 [FXGL Background Thread 2 ] DEBUG Engine               - soundMenuPress: menu/press.wav
00:58:54.195 [FXGL Background Thread 2 ] DEBUG Engine               - soundMenuSelect: menu/select.wav
00:58:54.195 [FXGL Background Thread 2 ] DEBUG Engine               - soundNotification: core/notification.wav
00:58:54.195 [FXGL Background Thread 2 ] DEBUG Engine               - stageStyle: DECORATED
00:58:54.195 [FXGL Background Thread 2 ] DEBUG Engine               - supportedLanguages: [ENGLISH, FRENCH, GERMAN, HUNGARIAN, RUSSIAN]
00:58:54.195 [FXGL Background Thread 2 ] DEBUG Engine               - title: IntelliGame
00:58:54.196 [FXGL Background Thread 2 ] DEBUG Engine               - urlGithub: https://github.com/AlmasB/FXGL
00:58:54.196 [FXGL Background Thread 2 ] DEBUG Engine               - urlLeaderboard: http://fxgl-top.herokuapp.com/
00:58:54.196 [FXGL Background Thread 2 ] DEBUG Engine               - urlPOM: https://raw.githubusercontent.com/AlmasB/FXGL/master/pom.xml
00:58:54.196 [FXGL Background Thread 2 ] DEBUG Engine               - version: 1.0(呕心沥血)
00:58:54.196 [FXGL Background Thread 2 ] DEBUG Engine               - versionCheckDays: 7
00:58:54.196 [FXGL Background Thread 2 ] DEBUG Engine               - width: 896
00:58:54.196 [FXGL Background Thread 2 ] DEBUG Engine               - Logging services
00:58:54.196 [FXGL Background Thread 2 ] DEBUG Engine               - class com.almasb.fxgl.app.FXGLApplication$GameApplicationService
00:58:54.196 [FXGL Background Thread 2 ] DEBUG Engine               - class com.almasb.fxgl.app.services.FXGLDialogService
00:58:54.196 [FXGL Background Thread 2 ] DEBUG Engine               - class com.almasb.fxgl.app.services.IOTaskExecutorService
00:58:54.196 [FXGL Background Thread 2 ] DEBUG Engine               - class com.almasb.fxgl.event.EventBusService
00:58:54.196 [FXGL Background Thread 2 ] DEBUG Engine               - class com.almasb.fxgl.io.FileSystemService
00:58:54.196 [FXGL Background Thread 2 ] DEBUG Engine               - class com.almasb.fxgl.localization.LocalizationService
00:58:54.196 [FXGL Background Thread 2 ] DEBUG Engine               - class com.almasb.fxgl.app.services.FXGLAssetLoaderService
00:58:54.196 [FXGL Background Thread 2 ] DEBUG Engine               - class com.almasb.fxgl.app.services.SystemBundleService
00:58:54.196 [FXGL Background Thread 2 ] DEBUG Engine               - class com.almasb.fxgl.profile.SaveLoadService
00:58:54.196 [FXGL Background Thread 2 ] DEBUG Engine               - class com.almasb.fxgl.ui.FXGLUIFactoryServiceProvider
00:58:54.196 [FXGL Background Thread 2 ] DEBUG Engine               - class com.almasb.fxgl.ui.FXGLDialogFactoryServiceProvider
00:58:54.196 [FXGL Background Thread 2 ] DEBUG Engine               - class com.almasb.fxgl.audio.AudioPlayer
00:58:54.196 [FXGL Background Thread 2 ] DEBUG Engine               - class com.almasb.fxgl.notification.impl.NotificationServiceProvider
00:58:54.196 [FXGL Background Thread 2 ] DEBUG Engine               - class com.almasb.fxgl.achievement.AchievementService
00:58:54.196 [FXGL Background Thread 2 ] DEBUG Engine               - class com.almasb.fxgl.cutscene.CutsceneService
00:58:54.196 [FXGL Background Thread 2 ] DEBUG Engine               - class com.almasb.fxgl.minigames.MiniGameService
00:58:54.196 [FXGL Background Thread 2 ] DEBUG Engine               - class com.almasb.fxgl.net.NetService
00:58:54.197 [FXGL Background Thread 2 ] DEBUG Engine               - class com.almasb.fxgl.app.services.UpdaterService
00:58:54.197 [FXGL Background Thread 2 ] DEBUG Engine               - class com.almasb.fxgl.dev.DevService
00:58:54.306 [JavaFX Application Thread] DEBUG FXGLAssetLoaderServi - Loading from file system: /assets/textures/monster2.png
00:58:54.942 [JavaFX Application Thread] DEBUG FXGLAssetLoaderServi - Loading from file system: /assets/textures/monster1.png
00:58:55.568 [JavaFX Application Thread] DEBUG FXGLAssetLoaderServi - Loading from cache: /assets/textures/monster2.png@40.0x40.0
00:58:56.255 [JavaFX Application Thread] DEBUG FXGLAssetLoaderServi - Loading from cache: /assets/textures/monster1.png@40.0x40.0
00:58:56.887 [JavaFX Application Thread] DEBUG FXGLAssetLoaderServi - Loading from file system: /assets/textures/monster3.png
00:58:57.072 [JavaFX Application Thread] DEBUG FXGLAssetLoaderServi - Loading from file system: /assets/textures/hammer.png
00:58:57.079 [JavaFX Application Thread] DEBUG FXGLAssetLoaderServi - Loading from file system: /assets/sounds/shoot.wav
00:58:57.325 [JavaFX Application Thread] DEBUG FXGLAssetLoaderServi - Loading from file system: /assets/textures/player.png
00:58:57.520 [JavaFX Application Thread] DEBUG FXGLAssetLoaderServi - Loading from cache: /assets/textures/monster2.png@40.0x40.0
00:58:57.831 [JavaFX Application Thread] DEBUG FXGLAssetLoaderServi - Loading from cache: /assets/textures/hammer.png@40.0x40.0
00:58:57.833 [JavaFX Application Thread] DEBUG FXGLAssetLoaderServi - Loading from cache: /assets/sounds/shoot.wav
00:58:58.074 [JavaFX Application Thread] DEBUG FXGLAssetLoaderServi - Loading from cache: /assets/textures/hammer.png@40.0x40.0
00:58:58.076 [JavaFX Application Thread] DEBUG FXGLAssetLoaderServi - Loading from cache: /assets/sounds/shoot.wav
00:58:58.151 [JavaFX Application Thread] DEBUG FXGLAssetLoaderServi - Loading from cache: /assets/textures/monster3.png@40.0x40.0
00:58:58.288 [JavaFX Application Thread] DEBUG FXGLAssetLoaderServi - Loading from cache: /assets/textures/hammer.png@40.0x40.0
00:58:58.292 [JavaFX Application Thread] DEBUG FXGLAssetLoaderServi - Loading from cache: /assets/sounds/shoot.wav
00:58:58.666 [JavaFX Application Thread] DEBUG FXGLAssetLoaderServi - Loading from cache: /assets/textures/hammer.png@40.0x40.0
00:58:58.668 [JavaFX Application Thread] DEBUG FXGLAssetLoaderServi - Loading from cache: /assets/sounds/shoot.wav
00:58:58.703 [JavaFX Application Thread] DEBUG FXGLAssetLoaderServi - Loading from file system: /assets/sounds/explosion.wav
00:58:58.706 [JavaFX Application Thread] DEBUG FXGLAssetLoaderServi - Loading from file system: /assets/textures/explosion.png
00:58:58.719 [JavaFX Application Thread] DEBUG EventBus             - Firing event: cn.edu.witpt.IntelliGame.event.GameEvent[source=javafx.event.Event$$Lambda$113/0x0000000800216440@197403af]
00:58:58.784 [JavaFX Application Thread] DEBUG FXGLAssetLoaderServi - Loading from file system: /assets/textures/monster4.png
00:58:59.415 [JavaFX Application Thread] DEBUG FXGLAssetLoaderServi - Loading from cache: /assets/textures/monster2.png@40.0x40.0
00:58:59.866 [JavaFX Application Thread] DEBUG FXGLAssetLoaderServi - Loading from cache: /assets/textures/hammer.png@40.0x40.0
00:58:59.868 [JavaFX Application Thread] DEBUG FXGLAssetLoaderServi - Loading from cache: /assets/sounds/shoot.wav
00:59:00.039 [JavaFX Application Thread] DEBUG FXGLAssetLoaderServi - Loading from cache: /assets/textures/monster1.png@40.0x40.0
00:59:00.637 [JavaFX Application Thread] DEBUG FXGLAssetLoaderServi - Loading from cache: /assets/sounds/explosion.wav
00:59:00.637 [JavaFX Application Thread] DEBUG FXGLAssetLoaderServi - Loading from cache: /assets/textures/explosion.png@1280.0x80.0
00:59:00.638 [JavaFX Application Thread] DEBUG EventBus             - Firing event: cn.edu.witpt.IntelliGame.event.GameEvent[source=javafx.event.Event$$Lambda$113/0x0000000800216440@197403af]
00:59:00.666 [JavaFX Application Thread] DEBUG FXGLAssetLoaderServi - Loading from cache: /assets/textures/monster1.png@40.0x40.0
00:59:00.877 [JavaFX Application Thread] DEBUG MainWindow           - Push state: FXGLDefaultMenu
00:59:00.877 [JavaFX Application Thread] DEBUG Input                - Clearing active input actions
00:59:00.879 [JavaFX Application Thread] DEBUG GameApplicationServi - Removing overlay from GameScene and adding to FXGLDefaultMenu
00:59:00.879 [JavaFX Application Thread] DEBUG MainWindow           - GameScene -> FXGLDefaultMenu
00:59:04.088 [JavaFX Application Thread] DEBUG Menu                 - fireExitToMainMenu()
00:59:04.089 [JavaFX Application Thread] DEBUG MainWindow           - Push state: DialogSubScene
00:59:04.090 [JavaFX Application Thread] DEBUG Input                - Clearing active input actions
00:59:04.091 [JavaFX Application Thread] DEBUG GameApplicationServi - Removing overlay from FXGLDefaultMenu and adding to DialogSubScene
00:59:04.091 [JavaFX Application Thread] DEBUG MainWindow           - FXGLDefaultMenu -> DialogSubScene
00:59:41.985 [JavaFX Application Thread] DEBUG MainWindow           - Pop state: DialogSubScene
00:59:41.985 [JavaFX Application Thread] DEBUG Input                - Clearing active input actions
00:59:41.985 [JavaFX Application Thread] DEBUG GameApplicationServi - Removing overlay from DialogSubScene and adding to FXGLDefaultMenu
00:59:41.985 [JavaFX Application Thread] DEBUG MainWindow           - FXGLDefaultMenu <- DialogSubScene
00:59:44.440 [JavaFX Application Thread] DEBUG Menu                 - createContentGameplay()
00:59:44.936 [JavaFX Application Thread] DEBUG Menu                 - createContentControls()
00:59:47.553 [JavaFX Application Thread] DEBUG Menu                 - createContentVideo()
00:59:48.119 [JavaFX Application Thread] DEBUG Menu                 - createContentAudio()
00:59:58.544 [JavaFX Application Thread] DEBUG Menu                 - createContentAchievements()
00:59:59.224 [JavaFX Application Thread] DEBUG Menu                 - createContentCredits()
00:59:59.607 [JavaFX Application Thread] DEBUG Menu                 - createContentFeedback()
01:00:01.960 [JavaFX Application Thread] DEBUG Menu                 - fireExitToMainMenu()
01:00:01.960 [JavaFX Application Thread] DEBUG MainWindow           - Push state: DialogSubScene
01:00:01.960 [JavaFX Application Thread] DEBUG Input                - Clearing active input actions
01:00:01.961 [JavaFX Application Thread] DEBUG GameApplicationServi - Removing overlay from FXGLDefaultMenu and adding to DialogSubScene
01:00:01.961 [JavaFX Application Thread] DEBUG MainWindow           - FXGLDefaultMenu -> DialogSubScene
01:00:02.487 [JavaFX Application Thread] DEBUG MainWindow           - Pop state: DialogSubScene
01:00:02.487 [JavaFX Application Thread] DEBUG Input                - Clearing active input actions
01:00:02.488 [JavaFX Application Thread] DEBUG GameApplicationServi - Removing overlay from DialogSubScene and adding to FXGLDefaultMenu
01:00:02.488 [JavaFX Application Thread] DEBUG MainWindow           - FXGLDefaultMenu <- DialogSubScene
01:00:02.488 [JavaFX Application Thread] DEBUG MainWindow           - Pop state: FXGLDefaultMenu
01:00:02.488 [JavaFX Application Thread] DEBUG Input                - Clearing active input actions
01:00:02.488 [JavaFX Application Thread] DEBUG GameApplicationServi - Removing overlay from FXGLDefaultMenu and adding to GameScene
01:00:02.488 [JavaFX Application Thread] DEBUG MainWindow           - GameScene <- FXGLDefaultMenu
01:00:02.488 [JavaFX Application Thread] DEBUG Input                - Clearing active input actions
01:00:02.492 [JavaFX Application Thread] DEBUG GameApplicationServi - Removing overlay from GameScene and adding to FXGLMainMenuDummyScene
01:00:02.492 [JavaFX Application Thread] DEBUG MainWindow           - GameScene -> FXGLMainMenuDummyScene
01:00:02.492 [JavaFX Application Thread] DEBUG MainWindow           - Push state: FXGLDefaultMenu
01:00:02.492 [JavaFX Application Thread] DEBUG Input                - Clearing active input actions
01:00:02.493 [JavaFX Application Thread] DEBUG GameApplicationServi - Removing overlay from FXGLMainMenuDummyScene and adding to FXGLDefaultMenu
01:00:02.494 [JavaFX Application Thread] DEBUG MainWindow           - FXGLMainMenuDummyScene -> FXGLDefaultMenu
01:00:16.151 [JavaFX Application Thread] DEBUG Menu                 - fireExit()
01:00:16.152 [JavaFX Application Thread] DEBUG MainWindow           - Push state: DialogSubScene
01:00:16.153 [JavaFX Application Thread] DEBUG Input                - Clearing active input actions
01:00:16.154 [JavaFX Application Thread] DEBUG GameApplicationServi - Removing overlay from FXGLDefaultMenu and adding to DialogSubScene
01:00:16.154 [JavaFX Application Thread] DEBUG MainWindow           - FXGLDefaultMenu -> DialogSubScene
01:00:19.024 [JavaFX Application Thread] DEBUG MainWindow           - Pop state: DialogSubScene
01:00:19.024 [JavaFX Application Thread] DEBUG Input                - Clearing active input actions
01:00:19.024 [JavaFX Application Thread] DEBUG GameApplicationServi - Removing overlay from DialogSubScene and adding to FXGLDefaultMenu
01:00:19.024 [JavaFX Application Thread] DEBUG MainWindow           - FXGLDefaultMenu <- DialogSubScene
01:00:19.024 [JavaFX Application Thread] DEBUG FXGLApplication      - Exiting FXGL
01:00:19.024 [JavaFX Application Thread] DEBUG LoopRunner           - Stopping loop
01:00:19.024 [JavaFX Application Thread] DEBUG SystemBundleService  - Saving FXGL system data
01:00:19.025 [JavaFX Application Thread] DEBUG FileSystemAccess     - Writing to: C:\Users\nIck_\Desktop\IntelliGame\system\fxgl.bundle
01:00:19.026 [JavaFX Application Thread] DEBUG Async                - Shutting down background threads
01:00:19.027 [JavaFX Application Thread] DEBUG MainWindow           - Closing main window
01:00:19.038 [JavaFX Application Thread] DEBUG Logger               - Closing Logger
