01:27:12.048 [main                     ] DEBUG Logger               - Configured Logger
01:27:12.062 [main                     ] DEBUG GameApplication      - Logging settings
Title: IntelliGame
Version: 1.0(呕心沥血)
Width: 896
Height: 896
Fullscreen: false
Intro: false
Profiling: false
Single step:false
App Mode: RELEASE
Menu Key: ESCAPE
Stage Style: DECORATED
Scene Factory: class com.almasb.fxgl.app.scene.SceneFactory

01:27:12.439 [JavaFX Application Thread] DEBUG FXGLApplication      - Initializing FXGL
01:27:12.453 [JavaFX Application Thread] INFO  Engine               - FXGL-11.11 (08.09.2020 18.00) on WINDOWS (J:11.0.7 FX:11.0.2)
01:27:12.453 [JavaFX Application Thread] DEBUG Engine               - JRE Vendor Name: Oracle Corporation
01:27:12.453 [JavaFX Application Thread] DEBUG Engine               - Running on OS: Windows 10 version 10.0
01:27:12.453 [JavaFX Application Thread] DEBUG Engine               - Architecture: amd64
01:27:12.454 [JavaFX Application Thread] INFO  Engine               - Source code and latest versions at: https://github.com/AlmasB/FXGL
01:27:12.454 [JavaFX Application Thread] INFO  Engine               -              Join the FXGL chat at: https://gitter.im/AlmasB/FXGL
01:27:12.566 [JavaFX Application Thread] DEBUG MainWindow           - Creating a JavaFX scene
01:27:12.625 [JavaFX Application Thread] DEBUG MainWindow           - Target settings size: 896.0 x 896.0
01:27:12.626 [JavaFX Application Thread] DEBUG MainWindow           - Scaled scene size:    896.0 x 896.0
01:27:12.626 [JavaFX Application Thread] DEBUG MainWindow           - Scaled ratio: (1.0, 1.0)
01:27:12.627 [JavaFX Application Thread] DEBUG MainWindow           - Set initial scene to StartupScene
01:27:12.634 [JavaFX Application Thread] DEBUG MainWindow           - Opening main window
01:27:12.732 [JavaFX Application Thread] DEBUG MainWindow           - Window border size: (16.0, 39.0)
01:27:12.732 [JavaFX Application Thread] DEBUG MainWindow           - Scaled size: 896.0 x 896.0
01:27:12.733 [JavaFX Application Thread] DEBUG MainWindow           - Scaled ratio: (1.0, 1.0)
01:27:12.733 [JavaFX Application Thread] DEBUG MainWindow           - Scene size: 896.0 x 896.0
01:27:12.733 [JavaFX Application Thread] DEBUG MainWindow           - Stage size: 912.0 x 935.0
01:27:12.745 [FXGL Background Thread 1 ] DEBUG Engine               - Initializing environment variables
01:27:12.779 [FXGL Background Thread 1 ] DEBUG GameApplicationServi - Applying CSS: fxgl_dark.css
01:27:12.780 [FXGL Background Thread 1 ] DEBUG FXGLAssetLoaderServi - Loading from file system: /assets/ui/css/fxgl_dark.css
01:27:12.843 [FXGL Background Thread 1 ] DEBUG GameApplicationServi - Initializing application scenes
01:27:12.917 [FXGL Background Thread 1 ] DEBUG GameWorld            - Game world initialized
01:27:12.987 [FXGL Background Thread 1 ] DEBUG PhysicsWorld         - Physics world initialized: appHeight=896, physics.ppm=50.0
01:27:12.990 [FXGL Background Thread 1 ] DEBUG GameScene            - Game scene initialized: 896x896
01:27:13.022 [FXGL Background Thread 1 ] DEBUG FXGLAssetLoaderServi - Loading from file system: /assets/textures/particles/trace_horizontal.png
01:27:13.088 [FXGL Background Thread 1 ] DEBUG FXGL.DefaultMenu     - createMenuBodyMainMenu()
01:27:13.107 [FXGL Background Thread 1 ] DEBUG FXGL.DefaultMenu     - createOptionsMenu()
01:27:13.112 [FXGL Background Thread 1 ] DEBUG FXGL.DefaultMenu     - createExtraMenu()
01:27:13.116 [FXGL Background Thread 1 ] DEBUG FXGLAssetLoaderServi - Loading from file system: /assets/textures/particles/smoke.png
01:27:13.171 [FXGL Background Thread 1 ] DEBUG FXGLAssetLoaderServi - Loading from cache: /assets/textures/particles/trace_horizontal.png@64.0x64.0
01:27:13.172 [FXGL Background Thread 1 ] DEBUG FXGL.DefaultMenu     - createMenuBodyGameMenu()
01:27:13.173 [FXGL Background Thread 1 ] DEBUG FXGL.DefaultMenu     - createOptionsMenu()
01:27:13.175 [FXGL Background Thread 1 ] DEBUG FXGL.DefaultMenu     - createExtraMenu()
01:27:13.176 [FXGL Background Thread 1 ] DEBUG FXGLAssetLoaderServi - Loading from cache: /assets/textures/particles/smoke.png@128.0x128.0
01:27:13.188 [FXGL Background Thread 1 ] DEBUG GameApplicationServi - Application scenes initialized
01:27:13.198 [FXGL Background Thread 1 ] DEBUG SystemBundleService  - Loading FXGL system data
01:27:13.201 [FXGL Background Thread 1 ] DEBUG FileSystemAccess     - Reading from: C:\Users\nIck_\Desktop\IntelliGame\system\fxgl.bundle
01:27:13.206 [FXGL Background Thread 1 ] DEBUG SystemBundleService  - Bundle FXGL: {}
01:27:13.209 [FXGL Background Thread 3 ] DEBUG FXGLApplication      - Loading fonts
01:27:13.209 [FXGL Background Thread 3 ] DEBUG FXGLAssetLoaderServi - Loading from file system: /assets/ui/fonts/VarelaRound-Regular.ttf
01:27:13.209 [FXGL Background Thread 1 ] DEBUG FXGLApplication      - Loading default localization
01:27:13.209 [FXGL Background Thread 1 ] DEBUG FXGLAssetLoaderServi - Loading from file system: /assets/languages/english.lang
01:27:13.227 [FXGL Background Thread 1 ] INFO  FXGLApplication      - FXGL initialization took: 0.482 sec
01:27:13.236 [JavaFX Application Thread] DEBUG Input                - Registered new binding: 向左移动 - A
01:27:13.236 [JavaFX Application Thread] DEBUG Input                - Registered new binding: 向上移动 - W
01:27:13.236 [JavaFX Application Thread] DEBUG Input                - Registered new binding: 向右移动 - D
01:27:13.237 [JavaFX Application Thread] DEBUG Input                - Registered new binding: 向下移动 - S
01:27:13.238 [JavaFX Application Thread] DEBUG Input                - Registered new binding: 扔锤子 - LMB
01:27:13.239 [JavaFX Application Thread] DEBUG FXGLAssetLoaderServi - Loading from file system: /assets/music/bgm.mp3
01:27:13.351 [JavaFX Application Thread] DEBUG AudioPlayer          - Playing music com.almasb.fxgl.audio.Music@2a6325e3
01:27:13.353 [JavaFX Application Thread] DEBUG FXGLAssetLoaderServi - Loading from file system: /assets/textures/fxgl_icon.png
01:27:13.377 [JavaFX Application Thread] DEBUG FXGLAssetLoaderServi - Loading from file system: /assets/ui/cursors/fxgl_default.png
01:27:13.380 [JavaFX Application Thread] DEBUG Input                - Registered new binding: Screenshot - P
01:27:13.382 [JavaFX Application Thread] DEBUG LoopRunner           - Starting loop
01:27:13.385 [JavaFX Application Thread] DEBUG Input                - Clearing active input actions
01:27:13.394 [JavaFX Application Thread] DEBUG GameApplicationServi - Removing overlay from StartupScene and adding to FXGLMainMenuDummyScene
01:27:13.394 [JavaFX Application Thread] DEBUG MainWindow           - StartupScene -> FXGLMainMenuDummyScene
01:27:13.394 [JavaFX Application Thread] DEBUG MainWindow           - Push state: FXGLDefaultMenu
01:27:13.401 [JavaFX Application Thread] DEBUG Input                - Clearing active input actions
01:27:13.414 [JavaFX Application Thread] DEBUG GameApplicationServi - Removing overlay from FXGLMainMenuDummyScene and adding to FXGLDefaultMenu
01:27:13.414 [JavaFX Application Thread] DEBUG MainWindow           - FXGLMainMenuDummyScene -> FXGLDefaultMenu
01:27:13.559 [FXGL Background Thread 3 ] DEBUG FXGLAssetLoaderServi - Loading from file system: /assets/ui/fonts/Abel-Regular.ttf
01:27:13.562 [FXGL Background Thread 3 ] DEBUG FXGLAssetLoaderServi - Loading from file system: /assets/ui/fonts/lucida_console.ttf
01:27:13.567 [FXGL Background Thread 3 ] DEBUG FXGLAssetLoaderServi - Loading from file system: /assets/ui/fonts/Courier-Prime.ttf
01:27:13.571 [JavaFX Application Thread] DEBUG FXGLApplication      - Registering font factories with UI factory
01:27:14.414 [JavaFX Application Thread] DEBUG Menu                 - fireNewGame()
01:27:14.414 [JavaFX Application Thread] DEBUG GameApplicationServi - Starting new game
01:27:14.416 [JavaFX Application Thread] DEBUG MainWindow           - Pop state: FXGLDefaultMenu
01:27:14.416 [JavaFX Application Thread] DEBUG Input                - Clearing active input actions
01:27:14.416 [JavaFX Application Thread] DEBUG GameApplicationServi - Removing overlay from FXGLDefaultMenu and adding to FXGLMainMenuDummyScene
01:27:14.417 [JavaFX Application Thread] DEBUG MainWindow           - FXGLMainMenuDummyScene <- FXGLDefaultMenu
01:27:14.417 [JavaFX Application Thread] DEBUG Input                - Clearing active input actions
01:27:14.423 [JavaFX Application Thread] DEBUG GameApplicationServi - Removing overlay from FXGLMainMenuDummyScene and adding to FXGLLoadingScene
01:27:14.423 [JavaFX Application Thread] DEBUG MainWindow           - FXGLMainMenuDummyScene -> FXGLLoadingScene
01:27:14.423 [JavaFX Application Thread] DEBUG GameApplicationServi - Clearing previous game
01:27:14.423 [JavaFX Application Thread] DEBUG GameScene            - Clearing game scene
01:27:14.423 [JavaFX Application Thread] DEBUG GameWorld            - Clearing game world
01:27:14.423 [JavaFX Application Thread] DEBUG PhysicsWorld         - Clearing physics world
01:27:14.424 [FXGL Background Thread 3 ] DEBUG FXGLApplication      - Initializing game
01:27:14.433 [FXGL Background Thread 3 ] DEBUG FXGLAssetLoaderServi - Loading from file system: /assets/textures/background/background.jpg
01:27:14.581 [FXGL Background Thread 3 ] DEBUG FXGLAssetLoaderServi - Loading from file system: /assets/textures/home.png
01:27:14.617 [FXGL Background Thread 3 ] DEBUG FXGLAssetLoaderServi - Loading from cache: /assets/textures/home.png@88.0x88.0
01:27:14.630 [FXGL Background Thread 3 ] DEBUG FXGLAssetLoaderServi - Loading from cache: /assets/textures/home.png@88.0x88.0
01:27:14.642 [FXGL Background Thread 3 ] DEBUG FXGLAssetLoaderServi - Loading from cache: /assets/textures/home.png@88.0x88.0
01:27:14.648 [FXGL Background Thread 3 ] DEBUG FXGLAssetLoaderServi - Loading from cache: /assets/textures/home.png@88.0x88.0
01:27:14.658 [FXGL Background Thread 3 ] DEBUG FXGLAssetLoaderServi - Loading from cache: /assets/textures/home.png@88.0x88.0
01:27:14.662 [FXGL Background Thread 3 ] DEBUG FXGLAssetLoaderServi - Loading from cache: /assets/textures/home.png@88.0x88.0
01:27:14.669 [FXGL Background Thread 3 ] DEBUG FXGLAssetLoaderServi - Loading from file system: /assets/textures/player.png
01:27:14.697 [FXGL Background Thread 3 ] DEBUG FXGLAssetLoaderServi - Loading from file system: /assets/ui/main.fxml
01:27:14.745 [FXGL Background Thread 3 ] DEBUG FXGLAssetLoaderServi - Loading from file system: /assets/textures/life.png
01:27:14.747 [FXGL Background Thread 3 ] DEBUG FXGLAssetLoaderServi - Loading from cache: /assets/textures/life.png@32.0x42.0
01:27:14.747 [FXGL Background Thread 3 ] DEBUG FXGLAssetLoaderServi - Loading from cache: /assets/textures/life.png@32.0x42.0
01:27:14.747 [FXGL Background Thread 3 ] DEBUG FXGLAssetLoaderServi - Loading from file system: /assets/textures/houselife.png
01:27:14.753 [FXGL Background Thread 3 ] DEBUG FXGLAssetLoaderServi - Loading from cache: /assets/textures/houselife.png@32.0x32.0
01:27:14.753 [FXGL Background Thread 3 ] DEBUG FXGLAssetLoaderServi - Loading from cache: /assets/textures/houselife.png@32.0x32.0
01:27:14.753 [FXGL Background Thread 3 ] DEBUG FXGLAssetLoaderServi - Loading from cache: /assets/textures/houselife.png@32.0x32.0
01:27:14.753 [FXGL Background Thread 3 ] DEBUG FXGLAssetLoaderServi - Loading from cache: /assets/textures/houselife.png@32.0x32.0
01:27:14.754 [FXGL Background Thread 3 ] INFO  FXGLApplication      - Game initialization took: 0.330 sec
01:27:14.754 [JavaFX Application Thread] DEBUG Input                - Clearing active input actions
01:27:14.761 [JavaFX Application Thread] DEBUG GameApplicationServi - Removing overlay from FXGLLoadingScene and adding to GameScene
01:27:14.761 [JavaFX Application Thread] DEBUG MainWindow           - FXGLLoadingScene -> GameScene
01:27:15.870 [JavaFX Application Thread] DEBUG FXGLApplication      - Exiting FXGL
01:27:15.871 [JavaFX Application Thread] DEBUG LoopRunner           - Stopping loop
01:27:15.871 [JavaFX Application Thread] DEBUG SystemBundleService  - Saving FXGL system data
01:27:15.872 [JavaFX Application Thread] DEBUG FileSystemAccess     - Writing to: C:\Users\nIck_\Desktop\IntelliGame\system\fxgl.bundle
01:27:15.873 [JavaFX Application Thread] DEBUG Async                - Shutting down background threads
01:27:15.873 [JavaFX Application Thread] DEBUG MainWindow           - Closing main window
01:27:15.886 [JavaFX Application Thread] DEBUG Logger               - Closing Logger
