02:04:41.490 [main                     ] DEBUG Logger               - Configured Logger
02:04:41.514 [main                     ] DEBUG GameApplication      - Logging settings
Title: IntelliGame
Version: 1.0(呕心沥血)
Width: 896
Height: 896
Fullscreen: false
Intro: false
Profiling: false
Single step:false
App Mode: RELEASE
Menu Key: ESCAPE
Stage Style: DECORATED
Scene Factory: class com.almasb.fxgl.app.scene.SceneFactory

02:04:41.896 [JavaFX Application Thread] DEBUG FXGLApplication      - Initializing FXGL
02:04:41.908 [JavaFX Application Thread] INFO  Engine               - FXGL-11.11 (08.09.2020 18.00) on WINDOWS (J:11.0.7 FX:11.0.2)
02:04:41.908 [JavaFX Application Thread] DEBUG Engine               - JRE Vendor Name: Oracle Corporation
02:04:41.909 [JavaFX Application Thread] DEBUG Engine               - Running on OS: Windows 10 version 10.0
02:04:41.909 [JavaFX Application Thread] DEBUG Engine               - Architecture: amd64
02:04:41.909 [JavaFX Application Thread] INFO  Engine               - Source code and latest versions at: https://github.com/AlmasB/FXGL
02:04:41.909 [JavaFX Application Thread] INFO  Engine               -              Join the FXGL chat at: https://gitter.im/AlmasB/FXGL
02:04:42.029 [JavaFX Application Thread] DEBUG MainWindow           - Creating a JavaFX scene
02:04:42.105 [JavaFX Application Thread] DEBUG MainWindow           - Target settings size: 896.0 x 896.0
02:04:42.106 [JavaFX Application Thread] DEBUG MainWindow           - Scaled scene size:    896.0 x 896.0
02:04:42.106 [JavaFX Application Thread] DEBUG MainWindow           - Scaled ratio: (1.0, 1.0)
02:04:42.107 [JavaFX Application Thread] DEBUG MainWindow           - Set initial scene to StartupScene
02:04:42.117 [JavaFX Application Thread] DEBUG MainWindow           - Opening main window
02:04:42.209 [JavaFX Application Thread] DEBUG MainWindow           - Window border size: (16.0, 39.0)
02:04:42.209 [JavaFX Application Thread] DEBUG MainWindow           - Scaled size: 896.0 x 896.0
02:04:42.209 [JavaFX Application Thread] DEBUG MainWindow           - Scaled ratio: (1.0, 1.0)
02:04:42.209 [JavaFX Application Thread] DEBUG MainWindow           - Scene size: 896.0 x 896.0
02:04:42.210 [JavaFX Application Thread] DEBUG MainWindow           - Stage size: 912.0 x 935.0
02:04:42.216 [FXGL Background Thread 1 ] DEBUG Engine               - Initializing environment variables
02:04:42.246 [FXGL Background Thread 1 ] DEBUG GameApplicationServi - Applying CSS: fxgl_dark.css
02:04:42.247 [FXGL Background Thread 1 ] DEBUG FXGLAssetLoaderServi - Loading from file system: /assets/ui/css/fxgl_dark.css
02:04:42.307 [FXGL Background Thread 1 ] DEBUG GameApplicationServi - Initializing application scenes
02:04:42.378 [FXGL Background Thread 1 ] DEBUG GameWorld            - Game world initialized
02:04:42.454 [FXGL Background Thread 1 ] DEBUG PhysicsWorld         - Physics world initialized: appHeight=896, physics.ppm=50.0
02:04:42.456 [FXGL Background Thread 1 ] DEBUG GameScene            - Game scene initialized: 896x896
02:04:42.488 [FXGL Background Thread 1 ] DEBUG FXGLAssetLoaderServi - Loading from file system: /assets/textures/particles/trace_horizontal.png
02:04:42.545 [FXGL Background Thread 1 ] DEBUG FXGL.DefaultMenu     - createMenuBodyMainMenu()
02:04:42.566 [FXGL Background Thread 1 ] DEBUG FXGL.DefaultMenu     - createOptionsMenu()
02:04:42.571 [FXGL Background Thread 1 ] DEBUG FXGL.DefaultMenu     - createExtraMenu()
02:04:42.573 [FXGL Background Thread 1 ] DEBUG FXGLAssetLoaderServi - Loading from file system: /assets/textures/particles/smoke.png
02:04:42.635 [FXGL Background Thread 1 ] DEBUG FXGLAssetLoaderServi - Loading from cache: /assets/textures/particles/trace_horizontal.png@64.0x64.0
02:04:42.635 [FXGL Background Thread 1 ] DEBUG FXGL.DefaultMenu     - createMenuBodyGameMenu()
02:04:42.637 [FXGL Background Thread 1 ] DEBUG FXGL.DefaultMenu     - createOptionsMenu()
02:04:42.639 [FXGL Background Thread 1 ] DEBUG FXGL.DefaultMenu     - createExtraMenu()
02:04:42.641 [FXGL Background Thread 1 ] DEBUG FXGLAssetLoaderServi - Loading from cache: /assets/textures/particles/smoke.png@128.0x128.0
02:04:42.659 [FXGL Background Thread 1 ] DEBUG GameApplicationServi - Application scenes initialized
02:04:42.669 [FXGL Background Thread 1 ] DEBUG SystemBundleService  - Loading FXGL system data
02:04:42.673 [FXGL Background Thread 1 ] DEBUG FileSystemAccess     - Reading from: C:\Users\nIck_\Desktop\IntelliGame\system\fxgl.bundle
02:04:42.679 [FXGL Background Thread 1 ] DEBUG SystemBundleService  - Bundle FXGL: {}
02:04:42.681 [FXGL Background Thread 3 ] DEBUG FXGLApplication      - Loading fonts
02:04:42.681 [FXGL Background Thread 3 ] DEBUG FXGLAssetLoaderServi - Loading from file system: /assets/ui/fonts/VarelaRound-Regular.ttf
02:04:42.682 [FXGL Background Thread 1 ] DEBUG FXGLApplication      - Loading default localization
02:04:42.682 [FXGL Background Thread 1 ] DEBUG FXGLAssetLoaderServi - Loading from file system: /assets/languages/english.lang
02:04:42.700 [FXGL Background Thread 1 ] INFO  FXGLApplication      - FXGL initialization took: 0.483 sec
02:04:42.711 [JavaFX Application Thread] DEBUG Input                - Registered new binding: 向左移动 - A
02:04:42.712 [JavaFX Application Thread] DEBUG Input                - Registered new binding: 向上移动 - W
02:04:42.712 [JavaFX Application Thread] DEBUG Input                - Registered new binding: 向右移动 - D
02:04:42.713 [JavaFX Application Thread] DEBUG Input                - Registered new binding: 向下移动 - S
02:04:42.715 [JavaFX Application Thread] DEBUG Input                - Registered new binding: Shoot - LMB
02:04:42.716 [JavaFX Application Thread] DEBUG FXGLAssetLoaderServi - Loading from file system: /assets/music/bgm.mp3
02:04:42.821 [JavaFX Application Thread] DEBUG AudioPlayer          - Playing music com.almasb.fxgl.audio.Music@1189854a
02:04:42.822 [JavaFX Application Thread] DEBUG FXGLAssetLoaderServi - Loading from file system: /assets/textures/fxgl_icon.png
02:04:42.849 [JavaFX Application Thread] DEBUG FXGLAssetLoaderServi - Loading from file system: /assets/ui/cursors/fxgl_default.png
02:04:42.851 [JavaFX Application Thread] DEBUG Input                - Registered new binding: Screenshot - P
02:04:42.854 [JavaFX Application Thread] DEBUG LoopRunner           - Starting loop
02:04:42.856 [JavaFX Application Thread] DEBUG Input                - Clearing active input actions
02:04:42.865 [JavaFX Application Thread] DEBUG GameApplicationServi - Removing overlay from StartupScene and adding to FXGLMainMenuDummyScene
02:04:42.865 [JavaFX Application Thread] DEBUG MainWindow           - StartupScene -> FXGLMainMenuDummyScene
02:04:42.865 [JavaFX Application Thread] DEBUG MainWindow           - Push state: FXGLDefaultMenu
02:04:42.871 [JavaFX Application Thread] DEBUG Input                - Clearing active input actions
02:04:42.889 [JavaFX Application Thread] DEBUG GameApplicationServi - Removing overlay from FXGLMainMenuDummyScene and adding to FXGLDefaultMenu
02:04:42.889 [JavaFX Application Thread] DEBUG MainWindow           - FXGLMainMenuDummyScene -> FXGLDefaultMenu
02:04:43.036 [FXGL Background Thread 3 ] DEBUG FXGLAssetLoaderServi - Loading from file system: /assets/ui/fonts/Abel-Regular.ttf
02:04:43.040 [FXGL Background Thread 3 ] DEBUG FXGLAssetLoaderServi - Loading from file system: /assets/ui/fonts/lucida_console.ttf
02:04:43.044 [FXGL Background Thread 3 ] DEBUG FXGLAssetLoaderServi - Loading from file system: /assets/ui/fonts/Courier-Prime.ttf
02:04:43.058 [JavaFX Application Thread] DEBUG FXGLApplication      - Registering font factories with UI factory
02:04:44.085 [JavaFX Application Thread] DEBUG Menu                 - fireNewGame()
02:04:44.085 [JavaFX Application Thread] DEBUG GameApplicationServi - Starting new game
02:04:44.087 [JavaFX Application Thread] DEBUG MainWindow           - Pop state: FXGLDefaultMenu
02:04:44.087 [JavaFX Application Thread] DEBUG Input                - Clearing active input actions
02:04:44.088 [JavaFX Application Thread] DEBUG GameApplicationServi - Removing overlay from FXGLDefaultMenu and adding to FXGLMainMenuDummyScene
02:04:44.088 [JavaFX Application Thread] DEBUG MainWindow           - FXGLMainMenuDummyScene <- FXGLDefaultMenu
02:04:44.088 [JavaFX Application Thread] DEBUG Input                - Clearing active input actions
02:04:44.098 [JavaFX Application Thread] DEBUG GameApplicationServi - Removing overlay from FXGLMainMenuDummyScene and adding to FXGLLoadingScene
02:04:44.098 [JavaFX Application Thread] DEBUG MainWindow           - FXGLMainMenuDummyScene -> FXGLLoadingScene
02:04:44.098 [JavaFX Application Thread] DEBUG GameApplicationServi - Clearing previous game
02:04:44.098 [JavaFX Application Thread] DEBUG GameScene            - Clearing game scene
02:04:44.098 [JavaFX Application Thread] DEBUG GameWorld            - Clearing game world
02:04:44.098 [JavaFX Application Thread] DEBUG PhysicsWorld         - Clearing physics world
02:04:44.099 [FXGL Background Thread 3 ] DEBUG FXGLApplication      - Initializing game
02:04:44.107 [FXGL Background Thread 3 ] DEBUG FXGLAssetLoaderServi - Loading from file system: /assets/textures//background/background.jpg
02:04:44.238 [FXGL Background Thread 3 ] DEBUG FXGLAssetLoaderServi - Loading from file system: /assets/textures//home/home.png
02:04:44.276 [FXGL Background Thread 3 ] DEBUG FXGLAssetLoaderServi - Loading from cache: /assets/textures//home/home.png@88.0x88.0
02:04:44.287 [FXGL Background Thread 3 ] DEBUG FXGLAssetLoaderServi - Loading from cache: /assets/textures//home/home.png@88.0x88.0
02:04:44.294 [FXGL Background Thread 3 ] DEBUG FXGLAssetLoaderServi - Loading from cache: /assets/textures//home/home.png@88.0x88.0
02:04:44.300 [FXGL Background Thread 3 ] DEBUG FXGLAssetLoaderServi - Loading from cache: /assets/textures//home/home.png@88.0x88.0
02:04:44.307 [FXGL Background Thread 3 ] DEBUG FXGLAssetLoaderServi - Loading from cache: /assets/textures//home/home.png@88.0x88.0
02:04:44.314 [FXGL Background Thread 3 ] DEBUG FXGLAssetLoaderServi - Loading from cache: /assets/textures//home/home.png@88.0x88.0
02:04:44.328 [FXGL Background Thread 3 ] DEBUG FXGLAssetLoaderServi - Loading from file system: /assets/textures//player/player.png
02:04:44.364 [FXGL Background Thread 3 ] DEBUG FXGLAssetLoaderServi - Loading from file system: /assets/ui/main.fxml
02:04:44.432 [FXGL Background Thread 3 ] DEBUG FXGLAssetLoaderServi - Loading from file system: /assets/textures//item/life.png
02:04:44.433 [FXGL Background Thread 3 ] DEBUG FXGLAssetLoaderServi - Loading from cache: /assets/textures//item/life.png@32.0x42.0
02:04:44.433 [FXGL Background Thread 3 ] DEBUG FXGLAssetLoaderServi - Loading from cache: /assets/textures//item/life.png@32.0x42.0
02:04:44.434 [FXGL Background Thread 3 ] DEBUG FXGLAssetLoaderServi - Loading from file system: /assets/textures//item/houselife.png
02:04:44.441 [FXGL Background Thread 3 ] DEBUG FXGLAssetLoaderServi - Loading from cache: /assets/textures//item/houselife.png@32.0x32.0
02:04:44.441 [FXGL Background Thread 3 ] DEBUG FXGLAssetLoaderServi - Loading from cache: /assets/textures//item/houselife.png@32.0x32.0
02:04:44.441 [FXGL Background Thread 3 ] DEBUG FXGLAssetLoaderServi - Loading from cache: /assets/textures//item/houselife.png@32.0x32.0
02:04:44.441 [FXGL Background Thread 3 ] DEBUG FXGLAssetLoaderServi - Loading from cache: /assets/textures//item/houselife.png@32.0x32.0
02:04:44.442 [FXGL Background Thread 3 ] INFO  FXGLApplication      - Game initialization took: 0.343 sec
02:04:44.442 [JavaFX Application Thread] DEBUG Input                - Clearing active input actions
02:04:44.451 [JavaFX Application Thread] DEBUG GameApplicationServi - Removing overlay from FXGLLoadingScene and adding to GameScene
02:04:44.452 [JavaFX Application Thread] DEBUG MainWindow           - FXGLLoadingScene -> GameScene
02:04:45.451 [JavaFX Application Thread] DEBUG FXGLAssetLoaderServi - Loading from file system: /assets/textures/hammer.png
02:04:45.451 [JavaFX Application Thread] WARN  FXGLAssetLoaderServi - Failed to load texture hammer.png Error: java.lang.IllegalArgumentException: Asset "/assets/textures/hammer.png" was not found!
02:04:45.462 [JavaFX Application Thread] DEBUG FXGLAssetLoaderServi - Loading from file system: /assets/sounds/shoot.wav
02:04:45.655 [JavaFX Application Thread] DEBUG FXGLAssetLoaderServi - Loading from file system: /assets/textures/monster3.png
02:04:45.656 [JavaFX Application Thread] WARN  FXGLAssetLoaderServi - Failed to load texture monster3.png Error: java.lang.IllegalArgumentException: Asset "/assets/textures/monster3.png" was not found!
02:04:45.681 [FXGL Background Thread 2 ] DEBUG Engine               - Logging environment variables
02:04:45.681 [FXGL Background Thread 2 ] DEBUG Engine               - achievements: []
02:04:45.681 [FXGL Background Thread 2 ] DEBUG Engine               - appIcon: fxgl_icon.png
02:04:45.681 [FXGL Background Thread 2 ] DEBUG Engine               - applicationMode: RELEASE
02:04:45.681 [FXGL Background Thread 2 ] DEBUG Engine               - cSSList: [fxgl_dark.css]
02:04:45.682 [FXGL Background Thread 2 ] DEBUG Engine               - configClass: Optional.empty
02:04:45.682 [FXGL Background Thread 2 ] DEBUG Engine               - credits: [赵力行, 易金鹏, 张恒锐, 张培祥, 郑伊龙, 李磊, 卢贤哲]
02:04:45.682 [FXGL Background Thread 2 ] DEBUG Engine               - devBBoxColorProperty: ObjectProperty [value: 0xff0000ff]
02:04:45.682 [FXGL Background Thread 2 ] DEBUG Engine               - devEnableDebugCameraProperty: BooleanProperty [value: false]
02:04:45.682 [FXGL Background Thread 2 ] DEBUG Engine               - devSensorColorProperty: ObjectProperty [value: 0xffff00ff]
02:04:45.682 [FXGL Background Thread 2 ] DEBUG Engine               - devShowBBoxProperty: BooleanProperty [value: false]
02:04:45.682 [FXGL Background Thread 2 ] DEBUG Engine               - devShowPositionProperty: BooleanProperty [value: false]
02:04:45.682 [FXGL Background Thread 2 ] DEBUG Engine               - enabledMenuItems: [EXTRA]
02:04:45.682 [FXGL Background Thread 2 ] DEBUG Engine               - engineServices: [class com.almasb.fxgl.app.FXGLApplication$GameApplicationService, class com.almasb.fxgl.app.services.FXGLDialogService, class com.almasb.fxgl.app.services.IOTaskExecutorService, class com.almasb.fxgl.event.EventBusService, class com.almasb.fxgl.io.FileSystemService, class com.almasb.fxgl.localization.LocalizationService, class com.almasb.fxgl.app.services.FXGLAssetLoaderService, class com.almasb.fxgl.app.services.SystemBundleService, class com.almasb.fxgl.profile.SaveLoadService, class com.almasb.fxgl.ui.FXGLUIFactoryServiceProvider, class com.almasb.fxgl.ui.FXGLDialogFactoryServiceProvider, class com.almasb.fxgl.audio.AudioPlayer, class com.almasb.fxgl.notification.impl.NotificationServiceProvider, class com.almasb.fxgl.achievement.AchievementService, class com.almasb.fxgl.cutscene.CutsceneService, class com.almasb.fxgl.minigames.MiniGameService, class com.almasb.fxgl.net.NetService, class com.almasb.fxgl.app.services.UpdaterService, class com.almasb.fxgl.dev.DevService]
02:04:45.682 [FXGL Background Thread 2 ] DEBUG Engine               - fontGame: Abel-Regular.ttf
02:04:45.682 [FXGL Background Thread 2 ] DEBUG Engine               - fontMono: lucida_console.ttf
02:04:45.682 [FXGL Background Thread 2 ] DEBUG Engine               - fontText: Courier-Prime.ttf
02:04:45.682 [FXGL Background Thread 2 ] DEBUG Engine               - fontUI: VarelaRound-Regular.ttf
02:04:45.682 [FXGL Background Thread 2 ] DEBUG Engine               - fullScreen: BooleanProperty [value: false]
02:04:45.682 [FXGL Background Thread 2 ] DEBUG Engine               - gameDifficulty: MEDIUM
02:04:45.683 [FXGL Background Thread 2 ] DEBUG Engine               - gameDifficultyProperty: ObjectProperty [value: MEDIUM]
02:04:45.683 [FXGL Background Thread 2 ] DEBUG Engine               - globalMusicVolume: 0.5
02:04:45.683 [FXGL Background Thread 2 ] DEBUG Engine               - globalMusicVolumeProperty: DoubleProperty [value: 1.0]
02:04:45.683 [FXGL Background Thread 2 ] DEBUG Engine               - globalSoundVolume: 0.5
02:04:45.683 [FXGL Background Thread 2 ] DEBUG Engine               - globalSoundVolumeProperty: DoubleProperty [value: 0.1]
02:04:45.683 [FXGL Background Thread 2 ] DEBUG Engine               - height: 896
02:04:45.683 [FXGL Background Thread 2 ] DEBUG Engine               - isAndroid: false
02:04:45.683 [FXGL Background Thread 2 ] DEBUG Engine               - isBrowser: false
02:04:45.683 [FXGL Background Thread 2 ] DEBUG Engine               - isClickFeedbackEnabled: false
02:04:45.683 [FXGL Background Thread 2 ] DEBUG Engine               - isCloseConfirmation: false
02:04:45.683 [FXGL Background Thread 2 ] DEBUG Engine               - isDesktop: true
02:04:45.683 [FXGL Background Thread 2 ] DEBUG Engine               - isDeveloperMenuEnabled: false
02:04:45.683 [FXGL Background Thread 2 ] DEBUG Engine               - isEntityPreloadEnabled: true
02:04:45.683 [FXGL Background Thread 2 ] DEBUG Engine               - isExperimentalNative: false
02:04:45.683 [FXGL Background Thread 2 ] DEBUG Engine               - isExperimentalTiledLargeMap: false
02:04:45.683 [FXGL Background Thread 2 ] DEBUG Engine               - isFileSystemWriteAllowed: true
02:04:45.683 [FXGL Background Thread 2 ] DEBUG Engine               - isFullScreenAllowed: false
02:04:45.683 [FXGL Background Thread 2 ] DEBUG Engine               - isFullScreenFromStart: false
02:04:45.683 [FXGL Background Thread 2 ] DEBUG Engine               - isGameMenuEnabled: true
02:04:45.683 [FXGL Background Thread 2 ] DEBUG Engine               - isIOS: false
02:04:45.683 [FXGL Background Thread 2 ] DEBUG Engine               - isIntroEnabled: false
02:04:45.684 [FXGL Background Thread 2 ] DEBUG Engine               - isLinux: false
02:04:45.684 [FXGL Background Thread 2 ] DEBUG Engine               - isMac: false
02:04:45.684 [FXGL Background Thread 2 ] DEBUG Engine               - isMainMenuEnabled: true
02:04:45.684 [FXGL Background Thread 2 ] DEBUG Engine               - isManualResizeEnabled: false
02:04:45.684 [FXGL Background Thread 2 ] DEBUG Engine               - isMobile: false
02:04:45.684 [FXGL Background Thread 2 ] DEBUG Engine               - isPreserveResizeRatio: false
02:04:45.684 [FXGL Background Thread 2 ] DEBUG Engine               - isProfilingEnabled: false
02:04:45.684 [FXGL Background Thread 2 ] DEBUG Engine               - isSingleStep: false
02:04:45.684 [FXGL Background Thread 2 ] DEBUG Engine               - isUserProfileEnabled: false
02:04:45.684 [FXGL Background Thread 2 ] DEBUG Engine               - isWindows: true
02:04:45.684 [FXGL Background Thread 2 ] DEBUG Engine               - language: ObjectProperty [value: ENGLISH]
02:04:45.684 [FXGL Background Thread 2 ] DEBUG Engine               - menuKey: ESCAPE
02:04:45.684 [FXGL Background Thread 2 ] DEBUG Engine               - notificationViewClass: class com.almasb.fxgl.notification.view.XboxNotificationView
02:04:45.684 [FXGL Background Thread 2 ] DEBUG Engine               - pixelsPerMeter: 50.0
02:04:45.684 [FXGL Background Thread 2 ] DEBUG Engine               - platform: WINDOWS
02:04:45.684 [FXGL Background Thread 2 ] DEBUG Engine               - profileDir: profiles/
02:04:45.684 [FXGL Background Thread 2 ] DEBUG Engine               - profileName: StringProperty [value: DEFAULT]
02:04:45.684 [FXGL Background Thread 2 ] DEBUG Engine               - randomSeed: -1
02:04:45.684 [FXGL Background Thread 2 ] DEBUG Engine               - runtimeInfo: RuntimeInfo(platform=WINDOWS, version=11.11, build=08.09.2020 18.00)
02:04:45.684 [FXGL Background Thread 2 ] DEBUG Engine               - saveFileExt: sav
02:04:45.685 [FXGL Background Thread 2 ] DEBUG Engine               - sceneFactory: com.almasb.fxgl.app.scene.SceneFactory@f0c7689
02:04:45.685 [FXGL Background Thread 2 ] DEBUG Engine               - secondsIn24h: 60
02:04:45.685 [FXGL Background Thread 2 ] DEBUG Engine               - soundMenuBack: menu/back.wav
02:04:45.685 [FXGL Background Thread 2 ] DEBUG Engine               - soundMenuPress: menu/press.wav
02:04:45.685 [FXGL Background Thread 2 ] DEBUG Engine               - soundMenuSelect: menu/select.wav
02:04:45.685 [FXGL Background Thread 2 ] DEBUG Engine               - soundNotification: core/notification.wav
02:04:45.685 [FXGL Background Thread 2 ] DEBUG Engine               - stageStyle: DECORATED
02:04:45.685 [FXGL Background Thread 2 ] DEBUG Engine               - supportedLanguages: [ENGLISH, FRENCH, GERMAN, HUNGARIAN, RUSSIAN]
02:04:45.685 [FXGL Background Thread 2 ] DEBUG Engine               - title: IntelliGame
02:04:45.685 [FXGL Background Thread 2 ] DEBUG Engine               - urlGithub: https://github.com/AlmasB/FXGL
02:04:45.685 [FXGL Background Thread 2 ] DEBUG Engine               - urlLeaderboard: http://fxgl-top.herokuapp.com/
02:04:45.685 [FXGL Background Thread 2 ] DEBUG Engine               - urlPOM: https://raw.githubusercontent.com/AlmasB/FXGL/master/pom.xml
02:04:45.685 [FXGL Background Thread 2 ] DEBUG Engine               - version: 1.0(呕心沥血)
02:04:45.685 [FXGL Background Thread 2 ] DEBUG Engine               - versionCheckDays: 7
02:04:45.685 [FXGL Background Thread 2 ] DEBUG Engine               - width: 896
02:04:45.685 [FXGL Background Thread 2 ] DEBUG Engine               - Logging services
02:04:45.685 [FXGL Background Thread 2 ] DEBUG Engine               - class com.almasb.fxgl.app.FXGLApplication$GameApplicationService
02:04:45.685 [FXGL Background Thread 2 ] DEBUG Engine               - class com.almasb.fxgl.app.services.FXGLDialogService
02:04:45.685 [FXGL Background Thread 2 ] DEBUG Engine               - class com.almasb.fxgl.app.services.IOTaskExecutorService
02:04:45.685 [FXGL Background Thread 2 ] DEBUG Engine               - class com.almasb.fxgl.event.EventBusService
02:04:45.685 [FXGL Background Thread 2 ] DEBUG Engine               - class com.almasb.fxgl.io.FileSystemService
02:04:45.686 [FXGL Background Thread 2 ] DEBUG Engine               - class com.almasb.fxgl.localization.LocalizationService
02:04:45.686 [FXGL Background Thread 2 ] DEBUG Engine               - class com.almasb.fxgl.app.services.FXGLAssetLoaderService
02:04:45.686 [FXGL Background Thread 2 ] DEBUG Engine               - class com.almasb.fxgl.app.services.SystemBundleService
02:04:45.686 [FXGL Background Thread 2 ] DEBUG Engine               - class com.almasb.fxgl.profile.SaveLoadService
02:04:45.686 [FXGL Background Thread 2 ] DEBUG Engine               - class com.almasb.fxgl.ui.FXGLUIFactoryServiceProvider
02:04:45.686 [FXGL Background Thread 2 ] DEBUG Engine               - class com.almasb.fxgl.ui.FXGLDialogFactoryServiceProvider
02:04:45.686 [FXGL Background Thread 2 ] DEBUG Engine               - class com.almasb.fxgl.audio.AudioPlayer
02:04:45.686 [FXGL Background Thread 2 ] DEBUG Engine               - class com.almasb.fxgl.notification.impl.NotificationServiceProvider
02:04:45.686 [FXGL Background Thread 2 ] DEBUG Engine               - class com.almasb.fxgl.achievement.AchievementService
02:04:45.686 [FXGL Background Thread 2 ] DEBUG Engine               - class com.almasb.fxgl.cutscene.CutsceneService
02:04:45.686 [FXGL Background Thread 2 ] DEBUG Engine               - class com.almasb.fxgl.minigames.MiniGameService
02:04:45.686 [FXGL Background Thread 2 ] DEBUG Engine               - class com.almasb.fxgl.net.NetService
02:04:45.686 [FXGL Background Thread 2 ] DEBUG Engine               - class com.almasb.fxgl.app.services.UpdaterService
02:04:45.686 [FXGL Background Thread 2 ] DEBUG Engine               - class com.almasb.fxgl.dev.DevService
02:04:45.691 [JavaFX Application Thread] DEBUG FXGLAssetLoaderServi - Loading from file system: /assets/textures/hammer.png
02:04:45.691 [JavaFX Application Thread] WARN  FXGLAssetLoaderServi - Failed to load texture hammer.png Error: java.lang.IllegalArgumentException: Asset "/assets/textures/hammer.png" was not found!
02:04:45.697 [JavaFX Application Thread] DEBUG FXGLAssetLoaderServi - Loading from cache: /assets/sounds/shoot.wav
02:04:45.912 [JavaFX Application Thread] DEBUG FXGLAssetLoaderServi - Loading from file system: /assets/textures/hammer.png
02:04:45.912 [JavaFX Application Thread] WARN  FXGLAssetLoaderServi - Failed to load texture hammer.png Error: java.lang.IllegalArgumentException: Asset "/assets/textures/hammer.png" was not found!
02:04:45.915 [JavaFX Application Thread] DEBUG FXGLAssetLoaderServi - Loading from cache: /assets/sounds/shoot.wav
02:04:46.294 [JavaFX Application Thread] DEBUG FXGLAssetLoaderServi - Loading from file system: /assets/textures/monster4.png
02:04:46.295 [JavaFX Application Thread] WARN  FXGLAssetLoaderServi - Failed to load texture monster4.png Error: java.lang.IllegalArgumentException: Asset "/assets/textures/monster4.png" was not found!
02:04:46.356 [JavaFX Application Thread] DEBUG FXGLAssetLoaderServi - Loading from file system: /assets/textures/hammer.png
02:04:46.356 [JavaFX Application Thread] WARN  FXGLAssetLoaderServi - Failed to load texture hammer.png Error: java.lang.IllegalArgumentException: Asset "/assets/textures/hammer.png" was not found!
02:04:46.359 [JavaFX Application Thread] DEBUG FXGLAssetLoaderServi - Loading from cache: /assets/sounds/shoot.wav
02:04:46.571 [JavaFX Application Thread] DEBUG FXGLAssetLoaderServi - Loading from file system: /assets/textures/hammer.png
02:04:46.571 [JavaFX Application Thread] WARN  FXGLAssetLoaderServi - Failed to load texture hammer.png Error: java.lang.IllegalArgumentException: Asset "/assets/textures/hammer.png" was not found!
02:04:46.574 [JavaFX Application Thread] DEBUG FXGLAssetLoaderServi - Loading from cache: /assets/sounds/shoot.wav
02:04:46.786 [JavaFX Application Thread] DEBUG FXGLAssetLoaderServi - Loading from file system: /assets/textures/hammer.png
02:04:46.787 [JavaFX Application Thread] WARN  FXGLAssetLoaderServi - Failed to load texture hammer.png Error: java.lang.IllegalArgumentException: Asset "/assets/textures/hammer.png" was not found!
02:04:46.790 [JavaFX Application Thread] DEBUG FXGLAssetLoaderServi - Loading from cache: /assets/sounds/shoot.wav
02:04:46.923 [JavaFX Application Thread] DEBUG FXGLAssetLoaderServi - Loading from file system: /assets/textures/monster2.png
02:04:46.924 [JavaFX Application Thread] WARN  FXGLAssetLoaderServi - Failed to load texture monster2.png Error: java.lang.IllegalArgumentException: Asset "/assets/textures/monster2.png" was not found!
02:04:46.987 [JavaFX Application Thread] DEBUG FXGLAssetLoaderServi - Loading from file system: /assets/sounds/explosion.wav
02:04:46.990 [JavaFX Application Thread] DEBUG FXGLAssetLoaderServi - Loading from file system: /assets/textures/explosion.png
02:04:47.003 [JavaFX Application Thread] DEBUG EventBus             - Firing event: cn.edu.witpt.IntelliGame.event.GameEvent[source=javafx.event.Event$$Lambda$111/0x000000080021fc40@168a2060]
02:04:47.019 [JavaFX Application Thread] DEBUG FXGLAssetLoaderServi - Loading from file system: /assets/textures/hammer.png
02:04:47.019 [JavaFX Application Thread] WARN  FXGLAssetLoaderServi - Failed to load texture hammer.png Error: java.lang.IllegalArgumentException: Asset "/assets/textures/hammer.png" was not found!
02:04:47.022 [JavaFX Application Thread] DEBUG FXGLAssetLoaderServi - Loading from cache: /assets/sounds/shoot.wav
02:04:47.579 [JavaFX Application Thread] DEBUG FXGLAssetLoaderServi - Loading from file system: /assets/textures/monster1.png
02:04:47.580 [JavaFX Application Thread] WARN  FXGLAssetLoaderServi - Failed to load texture monster1.png Error: java.lang.IllegalArgumentException: Asset "/assets/textures/monster1.png" was not found!
02:04:48.230 [JavaFX Application Thread] DEBUG FXGLApplication      - Exiting FXGL
02:04:48.230 [JavaFX Application Thread] DEBUG LoopRunner           - Stopping loop
02:04:48.230 [JavaFX Application Thread] DEBUG SystemBundleService  - Saving FXGL system data
02:04:48.232 [JavaFX Application Thread] DEBUG FileSystemAccess     - Writing to: C:\Users\nIck_\Desktop\IntelliGame\system\fxgl.bundle
02:04:48.233 [JavaFX Application Thread] DEBUG Async                - Shutting down background threads
02:04:48.233 [JavaFX Application Thread] DEBUG MainWindow           - Closing main window
02:04:48.245 [JavaFX Application Thread] DEBUG Logger               - Closing Logger
