01:13:28.103 [main                     ] DEBUG Logger               - Configured Logger
01:13:28.134 [main                     ] DEBUG GameApplication      - Logging settings
Title: IntelliGame
Version: 1.0(呕心沥血)
Width: 896
Height: 896
Fullscreen: false
Intro: false
Profiling: false
Single step:false
App Mode: RELEASE
Menu Key: ESCAPE
Stage Style: DECORATED
Scene Factory: class com.almasb.fxgl.app.scene.SceneFactory

01:13:28.661 [JavaFX Application Thread] DEBUG FXGLApplication      - Initializing FXGL
01:13:28.670 [JavaFX Application Thread] INFO  Engine               - FXGL-11.11 (08.09.2020 18.00) on WINDOWS (J:11.0.7 FX:14)
01:13:28.670 [JavaFX Application Thread] DEBUG Engine               - JRE Vendor Name: Oracle Corporation
01:13:28.670 [JavaFX Application Thread] DEBUG Engine               - Running on OS: Windows 10 version 10.0
01:13:28.671 [JavaFX Application Thread] DEBUG Engine               - Architecture: amd64
01:13:28.671 [JavaFX Application Thread] INFO  Engine               - Source code and latest versions at: https://github.com/AlmasB/FXGL
01:13:28.671 [JavaFX Application Thread] INFO  Engine               -              Join the FXGL chat at: https://gitter.im/AlmasB/FXGL
01:13:28.803 [JavaFX Application Thread] DEBUG MainWindow           - Creating a JavaFX scene
01:13:28.911 [JavaFX Application Thread] DEBUG MainWindow           - Target settings size: 896.0 x 896.0
01:13:28.911 [JavaFX Application Thread] DEBUG MainWindow           - Scaled scene size:    896.0 x 896.0
01:13:28.911 [JavaFX Application Thread] DEBUG MainWindow           - Scaled ratio: (1.0, 1.0)
01:13:28.913 [JavaFX Application Thread] DEBUG MainWindow           - Set initial scene to StartupScene
01:13:28.921 [JavaFX Application Thread] DEBUG MainWindow           - Opening main window
01:13:29.013 [JavaFX Application Thread] DEBUG MainWindow           - Window border size: (16.0, 39.0)
01:13:29.013 [JavaFX Application Thread] DEBUG MainWindow           - Scaled size: 896.0 x 896.0
01:13:29.013 [JavaFX Application Thread] DEBUG MainWindow           - Scaled ratio: (1.0, 1.0)
01:13:29.013 [JavaFX Application Thread] DEBUG MainWindow           - Scene size: 896.0 x 896.0
01:13:29.013 [JavaFX Application Thread] DEBUG MainWindow           - Stage size: 912.0 x 935.0
01:13:29.022 [FXGL Background Thread 1 ] DEBUG Engine               - Initializing environment variables
01:13:29.058 [FXGL Background Thread 1 ] DEBUG GameApplicationServi - Applying CSS: fxgl_dark.css
01:13:29.060 [FXGL Background Thread 1 ] DEBUG FXGLAssetLoaderServi - Loading from file system: /assets/ui/css/fxgl_dark.css
01:13:29.127 [FXGL Background Thread 1 ] DEBUG GameApplicationServi - Initializing application scenes
01:13:29.208 [FXGL Background Thread 1 ] DEBUG GameWorld            - Game world initialized
01:13:29.279 [FXGL Background Thread 1 ] DEBUG PhysicsWorld         - Physics world initialized: appHeight=896, physics.ppm=50.0
01:13:29.282 [FXGL Background Thread 1 ] DEBUG GameScene            - Game scene initialized: 896x896
01:13:29.315 [FXGL Background Thread 1 ] DEBUG FXGLAssetLoaderServi - Loading from file system: /assets/textures/particles/trace_horizontal.png
01:13:29.372 [FXGL Background Thread 1 ] DEBUG FXGL.DefaultMenu     - createMenuBodyMainMenu()
01:13:29.390 [FXGL Background Thread 1 ] DEBUG FXGL.DefaultMenu     - createOptionsMenu()
01:13:29.394 [FXGL Background Thread 1 ] DEBUG FXGL.DefaultMenu     - createExtraMenu()
01:13:29.398 [FXGL Background Thread 1 ] DEBUG FXGLAssetLoaderServi - Loading from file system: /assets/textures/particles/smoke.png
01:13:29.447 [FXGL Background Thread 1 ] DEBUG FXGLAssetLoaderServi - Loading from cache: /assets/textures/particles/trace_horizontal.png@64.0x64.0
01:13:29.448 [FXGL Background Thread 1 ] DEBUG FXGL.DefaultMenu     - createMenuBodyGameMenu()
01:13:29.449 [FXGL Background Thread 1 ] DEBUG FXGL.DefaultMenu     - createOptionsMenu()
01:13:29.450 [FXGL Background Thread 1 ] DEBUG FXGL.DefaultMenu     - createExtraMenu()
01:13:29.452 [FXGL Background Thread 1 ] DEBUG FXGLAssetLoaderServi - Loading from cache: /assets/textures/particles/smoke.png@128.0x128.0
01:13:29.466 [FXGL Background Thread 1 ] DEBUG GameApplicationServi - Application scenes initialized
01:13:29.474 [FXGL Background Thread 1 ] DEBUG SystemBundleService  - Loading FXGL system data
01:13:29.476 [FXGL Background Thread 1 ] DEBUG FileSystemAccess     - Reading from: C:\Users\nIck_\Desktop\IntelliGame\system\fxgl.bundle
01:13:29.480 [FXGL Background Thread 1 ] DEBUG SystemBundleService  - Bundle FXGL: {}
01:13:29.482 [FXGL Background Thread 3 ] DEBUG FXGLApplication      - Loading fonts
01:13:29.482 [FXGL Background Thread 3 ] DEBUG FXGLAssetLoaderServi - Loading from file system: /assets/ui/fonts/VarelaRound-Regular.ttf
01:13:29.483 [FXGL Background Thread 1 ] DEBUG FXGLApplication      - Loading default localization
01:13:29.483 [FXGL Background Thread 1 ] DEBUG FXGLAssetLoaderServi - Loading from file system: /assets/languages/english.lang
01:13:29.494 [FXGL Background Thread 1 ] INFO  FXGLApplication      - FXGL initialization took: 0.473 sec
01:13:29.502 [JavaFX Application Thread] DEBUG Input                - Registered new binding: 向左移动 - A
01:13:29.503 [JavaFX Application Thread] DEBUG Input                - Registered new binding: 向上移动 - W
01:13:29.503 [JavaFX Application Thread] DEBUG Input                - Registered new binding: 向右移动 - D
01:13:29.503 [JavaFX Application Thread] DEBUG Input                - Registered new binding: 向下移动 - S
01:13:29.504 [JavaFX Application Thread] DEBUG Input                - Registered new binding: Shoot - LMB
01:13:29.505 [JavaFX Application Thread] DEBUG FXGLAssetLoaderServi - Loading from file system: /assets/music/bgm.mp3
01:13:29.639 [JavaFX Application Thread] DEBUG AudioPlayer          - Playing music com.almasb.fxgl.audio.Music@e2978fb
01:13:29.641 [JavaFX Application Thread] DEBUG FXGLAssetLoaderServi - Loading from file system: /assets/textures/fxgl_icon.png
01:13:29.668 [JavaFX Application Thread] DEBUG FXGLAssetLoaderServi - Loading from file system: /assets/ui/cursors/fxgl_default.png
01:13:29.671 [JavaFX Application Thread] DEBUG Input                - Registered new binding: Screenshot - P
01:13:29.673 [JavaFX Application Thread] DEBUG LoopRunner           - Starting loop
01:13:29.675 [JavaFX Application Thread] DEBUG Input                - Clearing active input actions
01:13:29.682 [JavaFX Application Thread] DEBUG GameApplicationServi - Removing overlay from StartupScene and adding to FXGLMainMenuDummyScene
01:13:29.682 [JavaFX Application Thread] DEBUG MainWindow           - StartupScene -> FXGLMainMenuDummyScene
01:13:29.682 [JavaFX Application Thread] DEBUG MainWindow           - Push state: FXGLDefaultMenu
01:13:29.688 [JavaFX Application Thread] DEBUG Input                - Clearing active input actions
01:13:29.697 [JavaFX Application Thread] DEBUG GameApplicationServi - Removing overlay from FXGLMainMenuDummyScene and adding to FXGLDefaultMenu
01:13:29.698 [JavaFX Application Thread] DEBUG MainWindow           - FXGLMainMenuDummyScene -> FXGLDefaultMenu
01:13:29.796 [FXGL Background Thread 3 ] DEBUG FXGLAssetLoaderServi - Loading from file system: /assets/ui/fonts/Abel-Regular.ttf
01:13:29.800 [FXGL Background Thread 3 ] DEBUG FXGLAssetLoaderServi - Loading from file system: /assets/ui/fonts/lucida_console.ttf
01:13:29.806 [FXGL Background Thread 3 ] DEBUG FXGLAssetLoaderServi - Loading from file system: /assets/ui/fonts/Courier-Prime.ttf
01:13:29.869 [JavaFX Application Thread] DEBUG FXGLApplication      - Registering font factories with UI factory
01:13:30.831 [JavaFX Application Thread] DEBUG Menu                 - fireNewGame()
01:13:30.831 [JavaFX Application Thread] DEBUG GameApplicationServi - Starting new game
01:13:30.833 [JavaFX Application Thread] DEBUG MainWindow           - Pop state: FXGLDefaultMenu
01:13:30.833 [JavaFX Application Thread] DEBUG Input                - Clearing active input actions
01:13:30.834 [JavaFX Application Thread] DEBUG GameApplicationServi - Removing overlay from FXGLDefaultMenu and adding to FXGLMainMenuDummyScene
01:13:30.834 [JavaFX Application Thread] DEBUG MainWindow           - FXGLMainMenuDummyScene <- FXGLDefaultMenu
01:13:30.835 [JavaFX Application Thread] DEBUG Input                - Clearing active input actions
01:13:30.840 [JavaFX Application Thread] DEBUG GameApplicationServi - Removing overlay from FXGLMainMenuDummyScene and adding to FXGLLoadingScene
01:13:30.840 [JavaFX Application Thread] DEBUG MainWindow           - FXGLMainMenuDummyScene -> FXGLLoadingScene
01:13:30.840 [JavaFX Application Thread] DEBUG GameApplicationServi - Clearing previous game
01:13:30.841 [JavaFX Application Thread] DEBUG GameScene            - Clearing game scene
01:13:30.841 [JavaFX Application Thread] DEBUG GameWorld            - Clearing game world
01:13:30.841 [JavaFX Application Thread] DEBUG PhysicsWorld         - Clearing physics world
01:13:30.842 [FXGL Background Thread 3 ] DEBUG FXGLApplication      - Initializing game
01:13:30.849 [FXGL Background Thread 3 ] DEBUG FXGLAssetLoaderServi - Loading from file system: /assets/textures//background/background.jpg
01:13:30.976 [FXGL Background Thread 3 ] DEBUG FXGLAssetLoaderServi - Loading from file system: /assets/textures//home/home.png
01:13:31.018 [FXGL Background Thread 3 ] DEBUG FXGLAssetLoaderServi - Loading from cache: /assets/textures//home/home.png@88.0x88.0
01:13:31.024 [FXGL Background Thread 3 ] DEBUG FXGLAssetLoaderServi - Loading from cache: /assets/textures//home/home.png@88.0x88.0
01:13:31.031 [FXGL Background Thread 3 ] DEBUG FXGLAssetLoaderServi - Loading from cache: /assets/textures//home/home.png@88.0x88.0
01:13:31.038 [FXGL Background Thread 3 ] DEBUG FXGLAssetLoaderServi - Loading from cache: /assets/textures//home/home.png@88.0x88.0
01:13:31.052 [FXGL Background Thread 3 ] DEBUG FXGLAssetLoaderServi - Loading from cache: /assets/textures//home/home.png@88.0x88.0
01:13:31.059 [FXGL Background Thread 3 ] DEBUG FXGLAssetLoaderServi - Loading from cache: /assets/textures//home/home.png@88.0x88.0
01:13:31.072 [FXGL Background Thread 3 ] DEBUG FXGLAssetLoaderServi - Loading from file system: /assets/textures//player/player.png
01:13:31.100 [FXGL Background Thread 3 ] DEBUG FXGLAssetLoaderServi - Loading from file system: /assets/ui/main.fxml
01:13:31.147 [FXGL Background Thread 3 ] DEBUG FXGLAssetLoaderServi - Loading from file system: /assets/textures//item/life.png
01:13:31.149 [FXGL Background Thread 3 ] DEBUG FXGLAssetLoaderServi - Loading from cache: /assets/textures//item/life.png@32.0x42.0
01:13:31.149 [FXGL Background Thread 3 ] DEBUG FXGLAssetLoaderServi - Loading from cache: /assets/textures//item/life.png@32.0x42.0
01:13:31.149 [FXGL Background Thread 3 ] DEBUG FXGLAssetLoaderServi - Loading from file system: /assets/textures//item/houselife.png
01:13:31.155 [FXGL Background Thread 3 ] DEBUG FXGLAssetLoaderServi - Loading from cache: /assets/textures//item/houselife.png@32.0x32.0
01:13:31.155 [FXGL Background Thread 3 ] DEBUG FXGLAssetLoaderServi - Loading from cache: /assets/textures//item/houselife.png@32.0x32.0
01:13:31.155 [FXGL Background Thread 3 ] DEBUG FXGLAssetLoaderServi - Loading from cache: /assets/textures//item/houselife.png@32.0x32.0
01:13:31.155 [FXGL Background Thread 3 ] DEBUG FXGLAssetLoaderServi - Loading from cache: /assets/textures//item/houselife.png@32.0x32.0
01:13:31.155 [FXGL Background Thread 3 ] INFO  FXGLApplication      - Game initialization took: 0.313 sec
01:13:31.156 [JavaFX Application Thread] DEBUG Input                - Clearing active input actions
01:13:31.161 [JavaFX Application Thread] DEBUG GameApplicationServi - Removing overlay from FXGLLoadingScene and adding to GameScene
01:13:31.161 [JavaFX Application Thread] DEBUG MainWindow           - FXGLLoadingScene -> GameScene
01:13:31.476 [JavaFX Application Thread] DEBUG FXGLAssetLoaderServi - Loading from file system: /assets/textures//player/player.png
01:13:32.483 [FXGL Background Thread 2 ] DEBUG Engine               - Logging environment variables
01:13:32.483 [FXGL Background Thread 2 ] DEBUG Engine               - achievements: []
01:13:32.483 [FXGL Background Thread 2 ] DEBUG Engine               - appIcon: fxgl_icon.png
01:13:32.483 [FXGL Background Thread 2 ] DEBUG Engine               - applicationMode: RELEASE
01:13:32.483 [FXGL Background Thread 2 ] DEBUG Engine               - cSSList: [fxgl_dark.css]
01:13:32.483 [FXGL Background Thread 2 ] DEBUG Engine               - configClass: Optional.empty
01:13:32.483 [FXGL Background Thread 2 ] DEBUG Engine               - credits: [赵力行, 易金鹏, 张恒锐, 张培祥, 郑伊龙, 李磊, 卢贤哲]
01:13:32.484 [FXGL Background Thread 2 ] DEBUG Engine               - devBBoxColorProperty: ObjectProperty [value: 0xff0000ff]
01:13:32.484 [FXGL Background Thread 2 ] DEBUG Engine               - devEnableDebugCameraProperty: BooleanProperty [value: false]
01:13:32.484 [FXGL Background Thread 2 ] DEBUG Engine               - devSensorColorProperty: ObjectProperty [value: 0xffff00ff]
01:13:32.484 [FXGL Background Thread 2 ] DEBUG Engine               - devShowBBoxProperty: BooleanProperty [value: false]
01:13:32.484 [FXGL Background Thread 2 ] DEBUG Engine               - devShowPositionProperty: BooleanProperty [value: false]
01:13:32.484 [FXGL Background Thread 2 ] DEBUG Engine               - enabledMenuItems: [EXTRA]
01:13:32.484 [FXGL Background Thread 2 ] DEBUG Engine               - engineServices: [class com.almasb.fxgl.app.FXGLApplication$GameApplicationService, class com.almasb.fxgl.app.services.FXGLDialogService, class com.almasb.fxgl.app.services.IOTaskExecutorService, class com.almasb.fxgl.event.EventBusService, class com.almasb.fxgl.io.FileSystemService, class com.almasb.fxgl.localization.LocalizationService, class com.almasb.fxgl.app.services.FXGLAssetLoaderService, class com.almasb.fxgl.app.services.SystemBundleService, class com.almasb.fxgl.profile.SaveLoadService, class com.almasb.fxgl.ui.FXGLUIFactoryServiceProvider, class com.almasb.fxgl.ui.FXGLDialogFactoryServiceProvider, class com.almasb.fxgl.audio.AudioPlayer, class com.almasb.fxgl.notification.impl.NotificationServiceProvider, class com.almasb.fxgl.achievement.AchievementService, class com.almasb.fxgl.cutscene.CutsceneService, class com.almasb.fxgl.minigames.MiniGameService, class com.almasb.fxgl.net.NetService, class com.almasb.fxgl.app.services.UpdaterService, class com.almasb.fxgl.dev.DevService]
01:13:32.484 [FXGL Background Thread 2 ] DEBUG Engine               - fontGame: Abel-Regular.ttf
01:13:32.484 [FXGL Background Thread 2 ] DEBUG Engine               - fontMono: lucida_console.ttf
01:13:32.484 [FXGL Background Thread 2 ] DEBUG Engine               - fontText: Courier-Prime.ttf
01:13:32.484 [FXGL Background Thread 2 ] DEBUG Engine               - fontUI: VarelaRound-Regular.ttf
01:13:32.484 [FXGL Background Thread 2 ] DEBUG Engine               - fullScreen: BooleanProperty [value: false]
01:13:32.484 [FXGL Background Thread 2 ] DEBUG Engine               - gameDifficulty: MEDIUM
01:13:32.484 [FXGL Background Thread 2 ] DEBUG Engine               - gameDifficultyProperty: ObjectProperty [value: MEDIUM]
01:13:32.484 [FXGL Background Thread 2 ] DEBUG Engine               - globalMusicVolume: 0.5
01:13:32.485 [FXGL Background Thread 2 ] DEBUG Engine               - globalMusicVolumeProperty: DoubleProperty [value: 1.0]
01:13:32.485 [FXGL Background Thread 2 ] DEBUG Engine               - globalSoundVolume: 0.5
01:13:32.485 [FXGL Background Thread 2 ] DEBUG Engine               - globalSoundVolumeProperty: DoubleProperty [value: 0.1]
01:13:32.485 [FXGL Background Thread 2 ] DEBUG Engine               - height: 896
01:13:32.485 [FXGL Background Thread 2 ] DEBUG Engine               - isAndroid: false
01:13:32.485 [FXGL Background Thread 2 ] DEBUG Engine               - isBrowser: false
01:13:32.485 [FXGL Background Thread 2 ] DEBUG Engine               - isClickFeedbackEnabled: false
01:13:32.485 [FXGL Background Thread 2 ] DEBUG Engine               - isCloseConfirmation: false
01:13:32.485 [FXGL Background Thread 2 ] DEBUG Engine               - isDesktop: true
01:13:32.485 [FXGL Background Thread 2 ] DEBUG Engine               - isDeveloperMenuEnabled: false
01:13:32.485 [FXGL Background Thread 2 ] DEBUG Engine               - isEntityPreloadEnabled: true
01:13:32.485 [FXGL Background Thread 2 ] DEBUG Engine               - isExperimentalNative: false
01:13:32.485 [FXGL Background Thread 2 ] DEBUG Engine               - isExperimentalTiledLargeMap: false
01:13:32.486 [FXGL Background Thread 2 ] DEBUG Engine               - isFileSystemWriteAllowed: true
01:13:32.486 [FXGL Background Thread 2 ] DEBUG Engine               - isFullScreenAllowed: false
01:13:32.486 [FXGL Background Thread 2 ] DEBUG Engine               - isFullScreenFromStart: false
01:13:32.486 [FXGL Background Thread 2 ] DEBUG Engine               - isGameMenuEnabled: true
01:13:32.486 [FXGL Background Thread 2 ] DEBUG Engine               - isIOS: false
01:13:32.486 [FXGL Background Thread 2 ] DEBUG Engine               - isIntroEnabled: false
01:13:32.486 [FXGL Background Thread 2 ] DEBUG Engine               - isLinux: false
01:13:32.486 [FXGL Background Thread 2 ] DEBUG Engine               - isMac: false
01:13:32.486 [FXGL Background Thread 2 ] DEBUG Engine               - isMainMenuEnabled: true
01:13:32.486 [FXGL Background Thread 2 ] DEBUG Engine               - isManualResizeEnabled: false
01:13:32.486 [FXGL Background Thread 2 ] DEBUG Engine               - isMobile: false
01:13:32.486 [FXGL Background Thread 2 ] DEBUG Engine               - isPreserveResizeRatio: false
01:13:32.486 [FXGL Background Thread 2 ] DEBUG Engine               - isProfilingEnabled: false
01:13:32.486 [FXGL Background Thread 2 ] DEBUG Engine               - isSingleStep: false
01:13:32.486 [FXGL Background Thread 2 ] DEBUG Engine               - isUserProfileEnabled: false
01:13:32.486 [FXGL Background Thread 2 ] DEBUG Engine               - isWindows: true
01:13:32.486 [FXGL Background Thread 2 ] DEBUG Engine               - language: ObjectProperty [value: ENGLISH]
01:13:32.486 [FXGL Background Thread 2 ] DEBUG Engine               - menuKey: ESCAPE
01:13:32.486 [FXGL Background Thread 2 ] DEBUG Engine               - notificationViewClass: class com.almasb.fxgl.notification.view.XboxNotificationView
01:13:32.486 [FXGL Background Thread 2 ] DEBUG Engine               - pixelsPerMeter: 50.0
01:13:32.486 [FXGL Background Thread 2 ] DEBUG Engine               - platform: WINDOWS
01:13:32.486 [FXGL Background Thread 2 ] DEBUG Engine               - profileDir: profiles/
01:13:32.487 [FXGL Background Thread 2 ] DEBUG Engine               - profileName: StringProperty [value: DEFAULT]
01:13:32.487 [FXGL Background Thread 2 ] DEBUG Engine               - randomSeed: -1
01:13:32.487 [FXGL Background Thread 2 ] DEBUG Engine               - runtimeInfo: RuntimeInfo(platform=WINDOWS, version=11.11, build=08.09.2020 18.00)
01:13:32.487 [FXGL Background Thread 2 ] DEBUG Engine               - saveFileExt: sav
01:13:32.487 [FXGL Background Thread 2 ] DEBUG Engine               - sceneFactory: com.almasb.fxgl.app.scene.SceneFactory@26e15a6
01:13:32.487 [FXGL Background Thread 2 ] DEBUG Engine               - secondsIn24h: 60
01:13:32.487 [FXGL Background Thread 2 ] DEBUG Engine               - soundMenuBack: menu/back.wav
01:13:32.487 [FXGL Background Thread 2 ] DEBUG Engine               - soundMenuPress: menu/press.wav
01:13:32.487 [FXGL Background Thread 2 ] DEBUG Engine               - soundMenuSelect: menu/select.wav
01:13:32.487 [FXGL Background Thread 2 ] DEBUG Engine               - soundNotification: core/notification.wav
01:13:32.487 [FXGL Background Thread 2 ] DEBUG Engine               - stageStyle: DECORATED
01:13:32.487 [FXGL Background Thread 2 ] DEBUG Engine               - supportedLanguages: [ENGLISH, FRENCH, GERMAN, HUNGARIAN, RUSSIAN]
01:13:32.487 [FXGL Background Thread 2 ] DEBUG Engine               - title: IntelliGame
01:13:32.488 [FXGL Background Thread 2 ] DEBUG Engine               - urlGithub: https://github.com/AlmasB/FXGL
01:13:32.488 [FXGL Background Thread 2 ] DEBUG Engine               - urlLeaderboard: http://fxgl-top.herokuapp.com/
01:13:32.488 [FXGL Background Thread 2 ] DEBUG Engine               - urlPOM: https://raw.githubusercontent.com/AlmasB/FXGL/master/pom.xml
01:13:32.488 [FXGL Background Thread 2 ] DEBUG Engine               - version: 1.0(呕心沥血)
01:13:32.488 [FXGL Background Thread 2 ] DEBUG Engine               - versionCheckDays: 7
01:13:32.488 [FXGL Background Thread 2 ] DEBUG Engine               - width: 896
01:13:32.488 [FXGL Background Thread 2 ] DEBUG Engine               - Logging services
01:13:32.488 [FXGL Background Thread 2 ] DEBUG Engine               - class com.almasb.fxgl.app.FXGLApplication$GameApplicationService
01:13:32.488 [FXGL Background Thread 2 ] DEBUG Engine               - class com.almasb.fxgl.app.services.FXGLDialogService
01:13:32.488 [FXGL Background Thread 2 ] DEBUG Engine               - class com.almasb.fxgl.app.services.IOTaskExecutorService
01:13:32.488 [FXGL Background Thread 2 ] DEBUG Engine               - class com.almasb.fxgl.event.EventBusService
01:13:32.488 [FXGL Background Thread 2 ] DEBUG Engine               - class com.almasb.fxgl.io.FileSystemService
01:13:32.488 [FXGL Background Thread 2 ] DEBUG Engine               - class com.almasb.fxgl.localization.LocalizationService
01:13:32.488 [FXGL Background Thread 2 ] DEBUG Engine               - class com.almasb.fxgl.app.services.FXGLAssetLoaderService
01:13:32.488 [FXGL Background Thread 2 ] DEBUG Engine               - class com.almasb.fxgl.app.services.SystemBundleService
01:13:32.488 [FXGL Background Thread 2 ] DEBUG Engine               - class com.almasb.fxgl.profile.SaveLoadService
01:13:32.488 [FXGL Background Thread 2 ] DEBUG Engine               - class com.almasb.fxgl.ui.FXGLUIFactoryServiceProvider
01:13:32.489 [FXGL Background Thread 2 ] DEBUG Engine               - class com.almasb.fxgl.ui.FXGLDialogFactoryServiceProvider
01:13:32.489 [FXGL Background Thread 2 ] DEBUG Engine               - class com.almasb.fxgl.audio.AudioPlayer
01:13:32.489 [FXGL Background Thread 2 ] DEBUG Engine               - class com.almasb.fxgl.notification.impl.NotificationServiceProvider
01:13:32.489 [FXGL Background Thread 2 ] DEBUG Engine               - class com.almasb.fxgl.achievement.AchievementService
01:13:32.489 [FXGL Background Thread 2 ] DEBUG Engine               - class com.almasb.fxgl.cutscene.CutsceneService
01:13:32.489 [FXGL Background Thread 2 ] DEBUG Engine               - class com.almasb.fxgl.minigames.MiniGameService
01:13:32.489 [FXGL Background Thread 2 ] DEBUG Engine               - class com.almasb.fxgl.net.NetService
01:13:32.489 [FXGL Background Thread 2 ] DEBUG Engine               - class com.almasb.fxgl.app.services.UpdaterService
01:13:32.489 [FXGL Background Thread 2 ] DEBUG Engine               - class com.almasb.fxgl.dev.DevService
01:13:32.550 [JavaFX Application Thread] DEBUG FXGLAssetLoaderServi - Loading from file system: /assets/textures//monster/monster2.png
01:13:33.602 [JavaFX Application Thread] DEBUG FXGLAssetLoaderServi - Loading from file system: /assets/textures//monster/monster1.png
01:13:34.644 [JavaFX Application Thread] DEBUG FXGLAssetLoaderServi - Loading from file system: /assets/textures//monster/monster3.png
01:13:35.636 [JavaFX Application Thread] DEBUG FXGLAssetLoaderServi - Loading from file system: /assets/textures//item/hammer.png
01:13:35.642 [JavaFX Application Thread] DEBUG FXGLAssetLoaderServi - Loading from file system: /assets/sounds/shoot.wav
01:13:35.700 [JavaFX Application Thread] DEBUG FXGLAssetLoaderServi - Loading from file system: /assets/textures//monster/monster4.png
01:13:35.858 [JavaFX Application Thread] DEBUG FXGLAssetLoaderServi - Loading from cache: /assets/textures//item/hammer.png@40.0x40.0
01:13:35.861 [JavaFX Application Thread] DEBUG FXGLAssetLoaderServi - Loading from cache: /assets/sounds/shoot.wav
01:13:36.067 [JavaFX Application Thread] DEBUG FXGLAssetLoaderServi - Loading from cache: /assets/textures//item/hammer.png@40.0x40.0
01:13:36.068 [JavaFX Application Thread] DEBUG FXGLAssetLoaderServi - Loading from cache: /assets/sounds/shoot.wav
01:13:36.274 [JavaFX Application Thread] DEBUG FXGLAssetLoaderServi - Loading from cache: /assets/textures//item/hammer.png@40.0x40.0
01:13:36.276 [JavaFX Application Thread] DEBUG FXGLAssetLoaderServi - Loading from cache: /assets/sounds/shoot.wav
01:13:36.483 [JavaFX Application Thread] DEBUG FXGLAssetLoaderServi - Loading from cache: /assets/textures//item/hammer.png@40.0x40.0
01:13:36.485 [JavaFX Application Thread] DEBUG FXGLAssetLoaderServi - Loading from cache: /assets/sounds/shoot.wav
01:13:36.692 [JavaFX Application Thread] DEBUG FXGLAssetLoaderServi - Loading from cache: /assets/textures//item/hammer.png@40.0x40.0
01:13:36.694 [JavaFX Application Thread] DEBUG FXGLAssetLoaderServi - Loading from cache: /assets/sounds/shoot.wav
01:13:36.748 [JavaFX Application Thread] DEBUG FXGLAssetLoaderServi - Loading from cache: /assets/textures//monster/monster1.png@40.0x40.0
01:13:36.899 [JavaFX Application Thread] DEBUG FXGLAssetLoaderServi - Loading from cache: /assets/textures//item/hammer.png@40.0x40.0
01:13:36.902 [JavaFX Application Thread] DEBUG FXGLAssetLoaderServi - Loading from cache: /assets/sounds/shoot.wav
01:13:37.044 [JavaFX Application Thread] DEBUG FXGLAssetLoaderServi - Loading from file system: /assets/sounds/explosion.wav
01:13:37.047 [JavaFX Application Thread] DEBUG FXGLAssetLoaderServi - Loading from file system: /assets/textures/explosion.png
01:13:37.061 [JavaFX Application Thread] DEBUG EventBus             - Firing event: cn.edu.witpt.IntelliGame.event.GameEvent[source=javafx.event.Event$$Lambda$114/0x000000080022fc40@59d70fc9]
01:13:37.121 [JavaFX Application Thread] DEBUG FXGLAssetLoaderServi - Loading from cache: /assets/textures//item/hammer.png@40.0x40.0
01:13:37.123 [JavaFX Application Thread] DEBUG FXGLAssetLoaderServi - Loading from cache: /assets/sounds/shoot.wav
01:13:37.330 [JavaFX Application Thread] DEBUG FXGLAssetLoaderServi - Loading from cache: /assets/textures//item/hammer.png@40.0x40.0
01:13:37.332 [JavaFX Application Thread] DEBUG FXGLAssetLoaderServi - Loading from cache: /assets/sounds/shoot.wav
01:13:37.538 [JavaFX Application Thread] DEBUG FXGLAssetLoaderServi - Loading from cache: /assets/textures//item/hammer.png@40.0x40.0
01:13:37.540 [JavaFX Application Thread] DEBUG FXGLAssetLoaderServi - Loading from cache: /assets/sounds/shoot.wav
01:13:37.727 [JavaFX Application Thread] DEBUG FXGLAssetLoaderServi - Loading from cache: /assets/sounds/explosion.wav
01:13:37.727 [JavaFX Application Thread] DEBUG FXGLAssetLoaderServi - Loading from cache: /assets/textures/explosion.png@1280.0x80.0
01:13:37.728 [JavaFX Application Thread] DEBUG EventBus             - Firing event: cn.edu.witpt.IntelliGame.event.GameEvent[source=javafx.event.Event$$Lambda$114/0x000000080022fc40@59d70fc9]
01:13:37.746 [JavaFX Application Thread] DEBUG FXGLAssetLoaderServi - Loading from cache: /assets/textures//item/hammer.png@40.0x40.0
01:13:37.749 [JavaFX Application Thread] DEBUG FXGLAssetLoaderServi - Loading from cache: /assets/sounds/shoot.wav
01:13:37.796 [JavaFX Application Thread] DEBUG FXGLAssetLoaderServi - Loading from cache: /assets/textures//monster/monster4.png@40.0x40.0
01:13:37.956 [JavaFX Application Thread] DEBUG FXGLAssetLoaderServi - Loading from cache: /assets/textures//item/hammer.png@40.0x40.0
01:13:37.958 [JavaFX Application Thread] DEBUG FXGLAssetLoaderServi - Loading from cache: /assets/sounds/shoot.wav
01:13:38.163 [JavaFX Application Thread] DEBUG FXGLAssetLoaderServi - Loading from cache: /assets/textures//item/hammer.png@40.0x40.0
01:13:38.165 [JavaFX Application Thread] DEBUG FXGLAssetLoaderServi - Loading from cache: /assets/sounds/shoot.wav
01:13:38.379 [JavaFX Application Thread] DEBUG FXGLAssetLoaderServi - Loading from cache: /assets/textures//item/hammer.png@40.0x40.0
01:13:38.381 [JavaFX Application Thread] DEBUG FXGLAssetLoaderServi - Loading from cache: /assets/sounds/shoot.wav
01:13:38.594 [JavaFX Application Thread] DEBUG FXGLAssetLoaderServi - Loading from cache: /assets/textures//item/hammer.png@40.0x40.0
01:13:38.596 [JavaFX Application Thread] DEBUG FXGLAssetLoaderServi - Loading from cache: /assets/sounds/shoot.wav
01:13:38.804 [JavaFX Application Thread] DEBUG FXGLAssetLoaderServi - Loading from cache: /assets/textures//item/hammer.png@40.0x40.0
01:13:38.810 [JavaFX Application Thread] DEBUG FXGLAssetLoaderServi - Loading from cache: /assets/sounds/shoot.wav
01:13:38.852 [JavaFX Application Thread] DEBUG FXGLAssetLoaderServi - Loading from cache: /assets/textures//monster/monster4.png@40.0x40.0
01:13:39.900 [JavaFX Application Thread] DEBUG FXGLAssetLoaderServi - Loading from cache: /assets/textures//monster/monster4.png@40.0x40.0
01:13:40.159 [JavaFX Application Thread] DEBUG FXGLApplication      - Exiting FXGL
01:13:40.159 [JavaFX Application Thread] DEBUG LoopRunner           - Stopping loop
01:13:40.159 [JavaFX Application Thread] DEBUG SystemBundleService  - Saving FXGL system data
01:13:40.161 [JavaFX Application Thread] DEBUG FileSystemAccess     - Writing to: C:\Users\nIck_\Desktop\IntelliGame\system\fxgl.bundle
01:13:40.162 [JavaFX Application Thread] DEBUG Async                - Shutting down background threads
01:13:40.162 [JavaFX Application Thread] DEBUG MainWindow           - Closing main window
01:13:40.173 [JavaFX Application Thread] DEBUG Logger               - Closing Logger
