01:18:58.288 [main                     ] DEBUG Logger               - Configured Logger
01:18:58.308 [main                     ] DEBUG GameApplication      - Logging settings
Title: IntelliGame
Version: 1.0(呕心沥血)
Width: 896
Height: 896
Fullscreen: false
Intro: false
Profiling: false
Single step:false
App Mode: RELEASE
Menu Key: ESCAPE
Stage Style: DECORATED
Scene Factory: class com.almasb.fxgl.app.scene.SceneFactory

01:18:58.696 [JavaFX Application Thread] DEBUG FXGLApplication      - Initializing FXGL
01:18:58.708 [JavaFX Application Thread] INFO  Engine               - FXGL-11.11 (08.09.2020 18.00) on WINDOWS (J:11.0.7 FX:11.0.2)
01:18:58.708 [JavaFX Application Thread] DEBUG Engine               - JRE Vendor Name: Oracle Corporation
01:18:58.708 [JavaFX Application Thread] DEBUG Engine               - Running on OS: Windows 10 version 10.0
01:18:58.708 [JavaFX Application Thread] DEBUG Engine               - Architecture: amd64
01:18:58.708 [JavaFX Application Thread] INFO  Engine               - Source code and latest versions at: https://github.com/AlmasB/FXGL
01:18:58.708 [JavaFX Application Thread] INFO  Engine               -              Join the FXGL chat at: https://gitter.im/AlmasB/FXGL
01:18:58.814 [JavaFX Application Thread] DEBUG MainWindow           - Creating a JavaFX scene
01:18:58.890 [JavaFX Application Thread] DEBUG MainWindow           - Target settings size: 896.0 x 896.0
01:18:58.890 [JavaFX Application Thread] DEBUG MainWindow           - Scaled scene size:    896.0 x 896.0
01:18:58.890 [JavaFX Application Thread] DEBUG MainWindow           - Scaled ratio: (1.0, 1.0)
01:18:58.892 [JavaFX Application Thread] DEBUG MainWindow           - Set initial scene to StartupScene
01:18:58.901 [JavaFX Application Thread] DEBUG MainWindow           - Opening main window
01:18:59.016 [JavaFX Application Thread] DEBUG MainWindow           - Window border size: (16.0, 39.0)
01:18:59.016 [JavaFX Application Thread] DEBUG MainWindow           - Scaled size: 896.0 x 896.0
01:18:59.017 [JavaFX Application Thread] DEBUG MainWindow           - Scaled ratio: (1.0, 1.0)
01:18:59.017 [JavaFX Application Thread] DEBUG MainWindow           - Scene size: 896.0 x 896.0
01:18:59.017 [JavaFX Application Thread] DEBUG MainWindow           - Stage size: 912.0 x 935.0
01:18:59.026 [FXGL Background Thread 1 ] DEBUG Engine               - Initializing environment variables
01:18:59.062 [FXGL Background Thread 1 ] DEBUG GameApplicationServi - Applying CSS: fxgl_dark.css
01:18:59.063 [FXGL Background Thread 1 ] DEBUG FXGLAssetLoaderServi - Loading from file system: /assets/ui/css/fxgl_dark.css
01:18:59.121 [FXGL Background Thread 1 ] DEBUG GameApplicationServi - Initializing application scenes
01:18:59.197 [FXGL Background Thread 1 ] DEBUG GameWorld            - Game world initialized
01:18:59.264 [FXGL Background Thread 1 ] DEBUG PhysicsWorld         - Physics world initialized: appHeight=896, physics.ppm=50.0
01:18:59.266 [FXGL Background Thread 1 ] DEBUG GameScene            - Game scene initialized: 896x896
01:18:59.298 [FXGL Background Thread 1 ] DEBUG FXGLAssetLoaderServi - Loading from file system: /assets/textures/particles/trace_horizontal.png
01:18:59.364 [FXGL Background Thread 1 ] DEBUG FXGL.DefaultMenu     - createMenuBodyMainMenu()
01:18:59.385 [FXGL Background Thread 1 ] DEBUG FXGL.DefaultMenu     - createOptionsMenu()
01:18:59.390 [FXGL Background Thread 1 ] DEBUG FXGL.DefaultMenu     - createExtraMenu()
01:18:59.393 [FXGL Background Thread 1 ] DEBUG FXGLAssetLoaderServi - Loading from file system: /assets/textures/particles/smoke.png
01:18:59.455 [FXGL Background Thread 1 ] DEBUG FXGLAssetLoaderServi - Loading from cache: /assets/textures/particles/trace_horizontal.png@64.0x64.0
01:18:59.456 [FXGL Background Thread 1 ] DEBUG FXGL.DefaultMenu     - createMenuBodyGameMenu()
01:18:59.457 [FXGL Background Thread 1 ] DEBUG FXGL.DefaultMenu     - createOptionsMenu()
01:18:59.460 [FXGL Background Thread 1 ] DEBUG FXGL.DefaultMenu     - createExtraMenu()
01:18:59.462 [FXGL Background Thread 1 ] DEBUG FXGLAssetLoaderServi - Loading from cache: /assets/textures/particles/smoke.png@128.0x128.0
01:18:59.475 [FXGL Background Thread 1 ] DEBUG GameApplicationServi - Application scenes initialized
01:18:59.488 [FXGL Background Thread 1 ] DEBUG SystemBundleService  - Loading FXGL system data
01:18:59.492 [FXGL Background Thread 1 ] DEBUG FileSystemAccess     - Reading from: C:\Users\nIck_\Desktop\IntelliGame\system\fxgl.bundle
01:18:59.499 [FXGL Background Thread 1 ] DEBUG SystemBundleService  - Bundle FXGL: {}
01:18:59.502 [FXGL Background Thread 3 ] DEBUG FXGLApplication      - Loading fonts
01:18:59.502 [FXGL Background Thread 3 ] DEBUG FXGLAssetLoaderServi - Loading from file system: /assets/ui/fonts/VarelaRound-Regular.ttf
01:18:59.502 [FXGL Background Thread 1 ] DEBUG FXGLApplication      - Loading default localization
01:18:59.503 [FXGL Background Thread 1 ] DEBUG FXGLAssetLoaderServi - Loading from file system: /assets/languages/english.lang
01:18:59.520 [FXGL Background Thread 1 ] INFO  FXGLApplication      - FXGL initialization took: 0.493 sec
01:18:59.532 [JavaFX Application Thread] DEBUG Input                - Registered new binding: 向左移动 - A
01:18:59.532 [JavaFX Application Thread] DEBUG Input                - Registered new binding: 向上移动 - W
01:18:59.533 [JavaFX Application Thread] DEBUG Input                - Registered new binding: 向右移动 - D
01:18:59.533 [JavaFX Application Thread] DEBUG Input                - Registered new binding: 向下移动 - S
01:18:59.535 [JavaFX Application Thread] DEBUG Input                - Registered new binding: 扔锤子 - LMB
01:18:59.536 [JavaFX Application Thread] DEBUG FXGLAssetLoaderServi - Loading from file system: /assets/music/bgm.mp3
01:18:59.644 [JavaFX Application Thread] DEBUG AudioPlayer          - Playing music com.almasb.fxgl.audio.Music@5768064e
01:18:59.646 [JavaFX Application Thread] DEBUG FXGLAssetLoaderServi - Loading from file system: /assets/textures/fxgl_icon.png
01:18:59.663 [JavaFX Application Thread] DEBUG FXGLAssetLoaderServi - Loading from file system: /assets/ui/cursors/fxgl_default.png
01:18:59.665 [JavaFX Application Thread] DEBUG Input                - Registered new binding: Screenshot - P
01:18:59.667 [JavaFX Application Thread] DEBUG LoopRunner           - Starting loop
01:18:59.668 [JavaFX Application Thread] DEBUG Input                - Clearing active input actions
01:18:59.678 [JavaFX Application Thread] DEBUG GameApplicationServi - Removing overlay from StartupScene and adding to FXGLMainMenuDummyScene
01:18:59.678 [JavaFX Application Thread] DEBUG MainWindow           - StartupScene -> FXGLMainMenuDummyScene
01:18:59.678 [JavaFX Application Thread] DEBUG MainWindow           - Push state: FXGLDefaultMenu
01:18:59.683 [JavaFX Application Thread] DEBUG Input                - Clearing active input actions
01:18:59.695 [JavaFX Application Thread] DEBUG GameApplicationServi - Removing overlay from FXGLMainMenuDummyScene and adding to FXGLDefaultMenu
01:18:59.696 [JavaFX Application Thread] DEBUG MainWindow           - FXGLMainMenuDummyScene -> FXGLDefaultMenu
01:18:59.838 [FXGL Background Thread 3 ] DEBUG FXGLAssetLoaderServi - Loading from file system: /assets/ui/fonts/Abel-Regular.ttf
01:18:59.842 [FXGL Background Thread 3 ] DEBUG FXGLAssetLoaderServi - Loading from file system: /assets/ui/fonts/lucida_console.ttf
01:18:59.847 [FXGL Background Thread 3 ] DEBUG FXGLAssetLoaderServi - Loading from file system: /assets/ui/fonts/Courier-Prime.ttf
01:18:59.852 [JavaFX Application Thread] DEBUG FXGLApplication      - Registering font factories with UI factory
01:19:00.511 [JavaFX Application Thread] DEBUG Menu                 - fireNewGame()
01:19:00.511 [JavaFX Application Thread] DEBUG GameApplicationServi - Starting new game
01:19:00.512 [JavaFX Application Thread] DEBUG MainWindow           - Pop state: FXGLDefaultMenu
01:19:00.512 [JavaFX Application Thread] DEBUG Input                - Clearing active input actions
01:19:00.513 [JavaFX Application Thread] DEBUG GameApplicationServi - Removing overlay from FXGLDefaultMenu and adding to FXGLMainMenuDummyScene
01:19:00.513 [JavaFX Application Thread] DEBUG MainWindow           - FXGLMainMenuDummyScene <- FXGLDefaultMenu
01:19:00.514 [JavaFX Application Thread] DEBUG Input                - Clearing active input actions
01:19:00.521 [JavaFX Application Thread] DEBUG GameApplicationServi - Removing overlay from FXGLMainMenuDummyScene and adding to FXGLLoadingScene
01:19:00.522 [JavaFX Application Thread] DEBUG MainWindow           - FXGLMainMenuDummyScene -> FXGLLoadingScene
01:19:00.522 [JavaFX Application Thread] DEBUG GameApplicationServi - Clearing previous game
01:19:00.522 [JavaFX Application Thread] DEBUG GameScene            - Clearing game scene
01:19:00.522 [JavaFX Application Thread] DEBUG GameWorld            - Clearing game world
01:19:00.522 [JavaFX Application Thread] DEBUG PhysicsWorld         - Clearing physics world
01:19:00.523 [FXGL Background Thread 3 ] DEBUG FXGLApplication      - Initializing game
01:19:00.531 [FXGL Background Thread 3 ] DEBUG FXGLAssetLoaderServi - Loading from file system: /assets/textures/background/background.jpg
01:19:00.642 [FXGL Background Thread 3 ] DEBUG FXGLAssetLoaderServi - Loading from file system: /assets/textures/home.png
01:19:00.679 [FXGL Background Thread 3 ] DEBUG FXGLAssetLoaderServi - Loading from cache: /assets/textures/home.png@88.0x88.0
01:19:00.689 [FXGL Background Thread 3 ] DEBUG FXGLAssetLoaderServi - Loading from cache: /assets/textures/home.png@88.0x88.0
01:19:00.697 [FXGL Background Thread 3 ] DEBUG FXGLAssetLoaderServi - Loading from cache: /assets/textures/home.png@88.0x88.0
01:19:00.704 [FXGL Background Thread 3 ] DEBUG FXGLAssetLoaderServi - Loading from cache: /assets/textures/home.png@88.0x88.0
01:19:00.713 [FXGL Background Thread 3 ] DEBUG FXGLAssetLoaderServi - Loading from cache: /assets/textures/home.png@88.0x88.0
01:19:00.717 [FXGL Background Thread 3 ] DEBUG FXGLAssetLoaderServi - Loading from cache: /assets/textures/home.png@88.0x88.0
01:19:00.724 [FXGL Background Thread 3 ] DEBUG FXGLAssetLoaderServi - Loading from file system: /assets/textures/player.png
01:19:00.759 [FXGL Background Thread 3 ] DEBUG FXGLAssetLoaderServi - Loading from file system: /assets/ui/main.fxml
01:19:00.817 [FXGL Background Thread 3 ] DEBUG FXGLAssetLoaderServi - Loading from file system: /assets/textures/life.png
01:19:00.818 [FXGL Background Thread 3 ] DEBUG FXGLAssetLoaderServi - Loading from cache: /assets/textures/life.png@32.0x42.0
01:19:00.819 [FXGL Background Thread 3 ] DEBUG FXGLAssetLoaderServi - Loading from cache: /assets/textures/life.png@32.0x42.0
01:19:00.819 [FXGL Background Thread 3 ] DEBUG FXGLAssetLoaderServi - Loading from file system: /assets/textures/houselife.png
01:19:00.824 [FXGL Background Thread 3 ] DEBUG FXGLAssetLoaderServi - Loading from cache: /assets/textures/houselife.png@32.0x32.0
01:19:00.825 [FXGL Background Thread 3 ] DEBUG FXGLAssetLoaderServi - Loading from cache: /assets/textures/houselife.png@32.0x32.0
01:19:00.825 [FXGL Background Thread 3 ] DEBUG FXGLAssetLoaderServi - Loading from cache: /assets/textures/houselife.png@32.0x32.0
01:19:00.825 [FXGL Background Thread 3 ] DEBUG FXGLAssetLoaderServi - Loading from cache: /assets/textures/houselife.png@32.0x32.0
01:19:00.825 [FXGL Background Thread 3 ] INFO  FXGLApplication      - Game initialization took: 0.302 sec
01:19:00.828 [JavaFX Application Thread] DEBUG Input                - Clearing active input actions
01:19:00.834 [JavaFX Application Thread] DEBUG GameApplicationServi - Removing overlay from FXGLLoadingScene and adding to GameScene
01:19:00.835 [JavaFX Application Thread] DEBUG MainWindow           - FXGLLoadingScene -> GameScene
01:19:01.544 [JavaFX Application Thread] DEBUG FXGLAssetLoaderServi - Loading from file system: /assets/textures/hammer.png
01:19:01.551 [JavaFX Application Thread] DEBUG FXGLAssetLoaderServi - Loading from file system: /assets/sounds/shoot.wav
01:19:01.866 [JavaFX Application Thread] DEBUG FXGLAssetLoaderServi - Loading from file system: /assets/textures/monster3.png
01:19:02.502 [FXGL Background Thread 2 ] DEBUG Engine               - Logging environment variables
01:19:02.502 [FXGL Background Thread 2 ] DEBUG Engine               - achievements: []
01:19:02.502 [FXGL Background Thread 2 ] DEBUG Engine               - appIcon: fxgl_icon.png
01:19:02.502 [FXGL Background Thread 2 ] DEBUG Engine               - applicationMode: RELEASE
01:19:02.503 [FXGL Background Thread 2 ] DEBUG Engine               - cSSList: [fxgl_dark.css]
01:19:02.503 [FXGL Background Thread 2 ] DEBUG Engine               - configClass: Optional.empty
01:19:02.503 [FXGL Background Thread 2 ] DEBUG Engine               - credits: [赵力行, 易金鹏, 张恒锐, 张培祥, 郑伊龙, 李磊, 卢贤哲]
01:19:02.503 [FXGL Background Thread 2 ] DEBUG Engine               - devBBoxColorProperty: ObjectProperty [value: 0xff0000ff]
01:19:02.503 [FXGL Background Thread 2 ] DEBUG Engine               - devEnableDebugCameraProperty: BooleanProperty [value: false]
01:19:02.503 [FXGL Background Thread 2 ] DEBUG Engine               - devSensorColorProperty: ObjectProperty [value: 0xffff00ff]
01:19:02.503 [FXGL Background Thread 2 ] DEBUG Engine               - devShowBBoxProperty: BooleanProperty [value: false]
01:19:02.503 [FXGL Background Thread 2 ] DEBUG Engine               - devShowPositionProperty: BooleanProperty [value: false]
01:19:02.503 [JavaFX Application Thread] DEBUG FXGLAssetLoaderServi - Loading from file system: /assets/textures/monster2.png
01:19:02.504 [FXGL Background Thread 2 ] DEBUG Engine               - enabledMenuItems: [EXTRA]
01:19:02.504 [FXGL Background Thread 2 ] DEBUG Engine               - engineServices: [class com.almasb.fxgl.app.FXGLApplication$GameApplicationService, class com.almasb.fxgl.app.services.FXGLDialogService, class com.almasb.fxgl.app.services.IOTaskExecutorService, class com.almasb.fxgl.event.EventBusService, class com.almasb.fxgl.io.FileSystemService, class com.almasb.fxgl.localization.LocalizationService, class com.almasb.fxgl.app.services.FXGLAssetLoaderService, class com.almasb.fxgl.app.services.SystemBundleService, class com.almasb.fxgl.profile.SaveLoadService, class com.almasb.fxgl.ui.FXGLUIFactoryServiceProvider, class com.almasb.fxgl.ui.FXGLDialogFactoryServiceProvider, class com.almasb.fxgl.audio.AudioPlayer, class com.almasb.fxgl.notification.impl.NotificationServiceProvider, class com.almasb.fxgl.achievement.AchievementService, class com.almasb.fxgl.cutscene.CutsceneService, class com.almasb.fxgl.minigames.MiniGameService, class com.almasb.fxgl.net.NetService, class com.almasb.fxgl.app.services.UpdaterService, class com.almasb.fxgl.dev.DevService]
01:19:02.504 [FXGL Background Thread 2 ] DEBUG Engine               - fontGame: Abel-Regular.ttf
01:19:02.504 [FXGL Background Thread 2 ] DEBUG Engine               - fontMono: lucida_console.ttf
01:19:02.504 [FXGL Background Thread 2 ] DEBUG Engine               - fontText: Courier-Prime.ttf
01:19:02.504 [FXGL Background Thread 2 ] DEBUG Engine               - fontUI: VarelaRound-Regular.ttf
01:19:02.504 [FXGL Background Thread 2 ] DEBUG Engine               - fullScreen: BooleanProperty [value: false]
01:19:02.504 [FXGL Background Thread 2 ] DEBUG Engine               - gameDifficulty: MEDIUM
01:19:02.504 [FXGL Background Thread 2 ] DEBUG Engine               - gameDifficultyProperty: ObjectProperty [value: MEDIUM]
01:19:02.504 [FXGL Background Thread 2 ] DEBUG Engine               - globalMusicVolume: 0.5
01:19:02.504 [FXGL Background Thread 2 ] DEBUG Engine               - globalMusicVolumeProperty: DoubleProperty [value: 1.0]
01:19:02.504 [FXGL Background Thread 2 ] DEBUG Engine               - globalSoundVolume: 0.5
01:19:02.505 [FXGL Background Thread 2 ] DEBUG Engine               - globalSoundVolumeProperty: DoubleProperty [value: 0.1]
01:19:02.505 [FXGL Background Thread 2 ] DEBUG Engine               - height: 896
01:19:02.505 [FXGL Background Thread 2 ] DEBUG Engine               - isAndroid: false
01:19:02.505 [FXGL Background Thread 2 ] DEBUG Engine               - isBrowser: false
01:19:02.505 [FXGL Background Thread 2 ] DEBUG Engine               - isClickFeedbackEnabled: false
01:19:02.505 [FXGL Background Thread 2 ] DEBUG Engine               - isCloseConfirmation: false
01:19:02.505 [FXGL Background Thread 2 ] DEBUG Engine               - isDesktop: true
01:19:02.505 [FXGL Background Thread 2 ] DEBUG Engine               - isDeveloperMenuEnabled: false
01:19:02.505 [FXGL Background Thread 2 ] DEBUG Engine               - isEntityPreloadEnabled: true
01:19:02.505 [FXGL Background Thread 2 ] DEBUG Engine               - isExperimentalNative: false
01:19:02.505 [FXGL Background Thread 2 ] DEBUG Engine               - isExperimentalTiledLargeMap: false
01:19:02.505 [FXGL Background Thread 2 ] DEBUG Engine               - isFileSystemWriteAllowed: true
01:19:02.505 [FXGL Background Thread 2 ] DEBUG Engine               - isFullScreenAllowed: false
01:19:02.505 [FXGL Background Thread 2 ] DEBUG Engine               - isFullScreenFromStart: false
01:19:02.505 [FXGL Background Thread 2 ] DEBUG Engine               - isGameMenuEnabled: true
01:19:02.506 [FXGL Background Thread 2 ] DEBUG Engine               - isIOS: false
01:19:02.506 [FXGL Background Thread 2 ] DEBUG Engine               - isIntroEnabled: false
01:19:02.506 [FXGL Background Thread 2 ] DEBUG Engine               - isLinux: false
01:19:02.506 [FXGL Background Thread 2 ] DEBUG Engine               - isMac: false
01:19:02.506 [FXGL Background Thread 2 ] DEBUG Engine               - isMainMenuEnabled: true
01:19:02.506 [FXGL Background Thread 2 ] DEBUG Engine               - isManualResizeEnabled: false
01:19:02.506 [FXGL Background Thread 2 ] DEBUG Engine               - isMobile: false
01:19:02.506 [FXGL Background Thread 2 ] DEBUG Engine               - isPreserveResizeRatio: false
01:19:02.506 [FXGL Background Thread 2 ] DEBUG Engine               - isProfilingEnabled: false
01:19:02.506 [FXGL Background Thread 2 ] DEBUG Engine               - isSingleStep: false
01:19:02.506 [FXGL Background Thread 2 ] DEBUG Engine               - isUserProfileEnabled: false
01:19:02.506 [FXGL Background Thread 2 ] DEBUG Engine               - isWindows: true
01:19:02.506 [FXGL Background Thread 2 ] DEBUG Engine               - language: ObjectProperty [value: ENGLISH]
01:19:02.507 [FXGL Background Thread 2 ] DEBUG Engine               - menuKey: ESCAPE
01:19:02.507 [FXGL Background Thread 2 ] DEBUG Engine               - notificationViewClass: class com.almasb.fxgl.notification.view.XboxNotificationView
01:19:02.507 [FXGL Background Thread 2 ] DEBUG Engine               - pixelsPerMeter: 50.0
01:19:02.507 [FXGL Background Thread 2 ] DEBUG Engine               - platform: WINDOWS
01:19:02.507 [FXGL Background Thread 2 ] DEBUG Engine               - profileDir: profiles/
01:19:02.507 [FXGL Background Thread 2 ] DEBUG Engine               - profileName: StringProperty [value: DEFAULT]
01:19:02.507 [FXGL Background Thread 2 ] DEBUG Engine               - randomSeed: -1
01:19:02.507 [FXGL Background Thread 2 ] DEBUG Engine               - runtimeInfo: RuntimeInfo(platform=WINDOWS, version=11.11, build=08.09.2020 18.00)
01:19:02.507 [FXGL Background Thread 2 ] DEBUG Engine               - saveFileExt: sav
01:19:02.507 [FXGL Background Thread 2 ] DEBUG Engine               - sceneFactory: com.almasb.fxgl.app.scene.SceneFactory@3333485d
01:19:02.507 [FXGL Background Thread 2 ] DEBUG Engine               - secondsIn24h: 60
01:19:02.507 [FXGL Background Thread 2 ] DEBUG Engine               - soundMenuBack: menu/back.wav
01:19:02.507 [FXGL Background Thread 2 ] DEBUG Engine               - soundMenuPress: menu/press.wav
01:19:02.508 [FXGL Background Thread 2 ] DEBUG Engine               - soundMenuSelect: menu/select.wav
01:19:02.508 [FXGL Background Thread 2 ] DEBUG Engine               - soundNotification: core/notification.wav
01:19:02.508 [FXGL Background Thread 2 ] DEBUG Engine               - stageStyle: DECORATED
01:19:02.508 [FXGL Background Thread 2 ] DEBUG Engine               - supportedLanguages: [ENGLISH, FRENCH, GERMAN, HUNGARIAN, RUSSIAN]
01:19:02.508 [FXGL Background Thread 2 ] DEBUG Engine               - title: IntelliGame
01:19:02.508 [FXGL Background Thread 2 ] DEBUG Engine               - urlGithub: https://github.com/AlmasB/FXGL
01:19:02.508 [FXGL Background Thread 2 ] DEBUG Engine               - urlLeaderboard: http://fxgl-top.herokuapp.com/
01:19:02.508 [FXGL Background Thread 2 ] DEBUG Engine               - urlPOM: https://raw.githubusercontent.com/AlmasB/FXGL/master/pom.xml
01:19:02.508 [FXGL Background Thread 2 ] DEBUG Engine               - version: 1.0(呕心沥血)
01:19:02.508 [FXGL Background Thread 2 ] DEBUG Engine               - versionCheckDays: 7
01:19:02.508 [FXGL Background Thread 2 ] DEBUG Engine               - width: 896
01:19:02.508 [FXGL Background Thread 2 ] DEBUG Engine               - Logging services
01:19:02.508 [FXGL Background Thread 2 ] DEBUG Engine               - class com.almasb.fxgl.app.FXGLApplication$GameApplicationService
01:19:02.508 [FXGL Background Thread 2 ] DEBUG Engine               - class com.almasb.fxgl.app.services.FXGLDialogService
01:19:02.508 [FXGL Background Thread 2 ] DEBUG Engine               - class com.almasb.fxgl.app.services.IOTaskExecutorService
01:19:02.508 [FXGL Background Thread 2 ] DEBUG Engine               - class com.almasb.fxgl.event.EventBusService
01:19:02.508 [FXGL Background Thread 2 ] DEBUG Engine               - class com.almasb.fxgl.io.FileSystemService
01:19:02.509 [FXGL Background Thread 2 ] DEBUG Engine               - class com.almasb.fxgl.localization.LocalizationService
01:19:02.509 [FXGL Background Thread 2 ] DEBUG Engine               - class com.almasb.fxgl.app.services.FXGLAssetLoaderService
01:19:02.509 [FXGL Background Thread 2 ] DEBUG Engine               - class com.almasb.fxgl.app.services.SystemBundleService
01:19:02.509 [FXGL Background Thread 2 ] DEBUG Engine               - class com.almasb.fxgl.profile.SaveLoadService
01:19:02.509 [FXGL Background Thread 2 ] DEBUG Engine               - class com.almasb.fxgl.ui.FXGLUIFactoryServiceProvider
01:19:02.509 [FXGL Background Thread 2 ] DEBUG Engine               - class com.almasb.fxgl.ui.FXGLDialogFactoryServiceProvider
01:19:02.509 [FXGL Background Thread 2 ] DEBUG Engine               - class com.almasb.fxgl.audio.AudioPlayer
01:19:02.509 [FXGL Background Thread 2 ] DEBUG Engine               - class com.almasb.fxgl.notification.impl.NotificationServiceProvider
01:19:02.509 [FXGL Background Thread 2 ] DEBUG Engine               - class com.almasb.fxgl.achievement.AchievementService
01:19:02.509 [FXGL Background Thread 2 ] DEBUG Engine               - class com.almasb.fxgl.cutscene.CutsceneService
01:19:02.509 [FXGL Background Thread 2 ] DEBUG Engine               - class com.almasb.fxgl.minigames.MiniGameService
01:19:02.509 [FXGL Background Thread 2 ] DEBUG Engine               - class com.almasb.fxgl.net.NetService
01:19:02.509 [FXGL Background Thread 2 ] DEBUG Engine               - class com.almasb.fxgl.app.services.UpdaterService
01:19:02.509 [FXGL Background Thread 2 ] DEBUG Engine               - class com.almasb.fxgl.dev.DevService
01:19:02.578 [JavaFX Application Thread] DEBUG FXGLAssetLoaderServi - Loading from file system: /assets/textures/player.png
01:19:02.895 [JavaFX Application Thread] DEBUG FXGLApplication      - Exiting FXGL
01:19:02.895 [JavaFX Application Thread] DEBUG LoopRunner           - Stopping loop
01:19:02.895 [JavaFX Application Thread] DEBUG SystemBundleService  - Saving FXGL system data
01:19:02.896 [JavaFX Application Thread] DEBUG FileSystemAccess     - Writing to: C:\Users\nIck_\Desktop\IntelliGame\system\fxgl.bundle
01:19:02.897 [JavaFX Application Thread] DEBUG Async                - Shutting down background threads
01:19:02.897 [JavaFX Application Thread] DEBUG MainWindow           - Closing main window
01:19:02.910 [JavaFX Application Thread] DEBUG Logger               - Closing Logger
