01:05:24.622 [main                     ] DEBUG Logger               - Configured Logger
01:05:24.642 [main                     ] DEBUG GameApplication      - Logging settings
Title: IntelliGame
Version: 1.0(呕心沥血)
Width: 896
Height: 896
Fullscreen: false
Intro: false
Profiling: false
Single step:false
App Mode: RELEASE
Menu Key: ESCAPE
Stage Style: DECORATED
Scene Factory: class com.almasb.fxgl.app.scene.SceneFactory

01:05:25.028 [JavaFX Application Thread] DEBUG FXGLApplication      - Initializing FXGL
01:05:25.042 [JavaFX Application Thread] INFO  Engine               - FXGL-11.11 (08.09.2020 18.00) on WINDOWS (J:11.0.7 FX:11.0.2)
01:05:25.043 [JavaFX Application Thread] DEBUG Engine               - JRE Vendor Name: Oracle Corporation
01:05:25.043 [JavaFX Application Thread] DEBUG Engine               - Running on OS: Windows 10 version 10.0
01:05:25.043 [JavaFX Application Thread] DEBUG Engine               - Architecture: amd64
01:05:25.043 [JavaFX Application Thread] INFO  Engine               - Source code and latest versions at: https://github.com/AlmasB/FXGL
01:05:25.043 [JavaFX Application Thread] INFO  Engine               -              Join the FXGL chat at: https://gitter.im/AlmasB/FXGL
01:05:25.156 [JavaFX Application Thread] DEBUG MainWindow           - Creating a JavaFX scene
01:05:25.229 [JavaFX Application Thread] DEBUG MainWindow           - Target settings size: 896.0 x 896.0
01:05:25.230 [JavaFX Application Thread] DEBUG MainWindow           - Scaled scene size:    896.0 x 896.0
01:05:25.230 [JavaFX Application Thread] DEBUG MainWindow           - Scaled ratio: (1.0, 1.0)
01:05:25.231 [JavaFX Application Thread] DEBUG MainWindow           - Set initial scene to StartupScene
01:05:25.239 [JavaFX Application Thread] DEBUG MainWindow           - Opening main window
01:05:25.333 [JavaFX Application Thread] DEBUG MainWindow           - Window border size: (16.0, 39.0)
01:05:25.334 [JavaFX Application Thread] DEBUG MainWindow           - Scaled size: 896.0 x 896.0
01:05:25.334 [JavaFX Application Thread] DEBUG MainWindow           - Scaled ratio: (1.0, 1.0)
01:05:25.334 [JavaFX Application Thread] DEBUG MainWindow           - Scene size: 896.0 x 896.0
01:05:25.334 [JavaFX Application Thread] DEBUG MainWindow           - Stage size: 912.0 x 935.0
01:05:25.342 [FXGL Background Thread 1 ] DEBUG Engine               - Initializing environment variables
01:05:25.375 [FXGL Background Thread 1 ] DEBUG GameApplicationServi - Applying CSS: fxgl_dark.css
01:05:25.376 [FXGL Background Thread 1 ] DEBUG FXGLAssetLoaderServi - Loading from file system: /assets/ui/css/fxgl_dark.css
01:05:25.439 [FXGL Background Thread 1 ] DEBUG GameApplicationServi - Initializing application scenes
01:05:25.498 [FXGL Background Thread 1 ] DEBUG GameWorld            - Game world initialized
01:05:25.557 [FXGL Background Thread 1 ] DEBUG PhysicsWorld         - Physics world initialized: appHeight=896, physics.ppm=50.0
01:05:25.559 [FXGL Background Thread 1 ] DEBUG GameScene            - Game scene initialized: 896x896
01:05:25.594 [FXGL Background Thread 1 ] DEBUG FXGLAssetLoaderServi - Loading from file system: /assets/textures/particles/trace_horizontal.png
01:05:25.651 [FXGL Background Thread 1 ] DEBUG FXGL.DefaultMenu     - createMenuBodyMainMenu()
01:05:25.673 [FXGL Background Thread 1 ] DEBUG FXGL.DefaultMenu     - createOptionsMenu()
01:05:25.679 [FXGL Background Thread 1 ] DEBUG FXGL.DefaultMenu     - createExtraMenu()
01:05:25.683 [FXGL Background Thread 1 ] DEBUG FXGLAssetLoaderServi - Loading from file system: /assets/textures/particles/smoke.png
01:05:25.737 [FXGL Background Thread 1 ] DEBUG FXGLAssetLoaderServi - Loading from cache: /assets/textures/particles/trace_horizontal.png@64.0x64.0
01:05:25.738 [FXGL Background Thread 1 ] DEBUG FXGL.DefaultMenu     - createMenuBodyGameMenu()
01:05:25.738 [FXGL Background Thread 1 ] DEBUG FXGL.DefaultMenu     - createOptionsMenu()
01:05:25.740 [FXGL Background Thread 1 ] DEBUG FXGL.DefaultMenu     - createExtraMenu()
01:05:25.741 [FXGL Background Thread 1 ] DEBUG FXGLAssetLoaderServi - Loading from cache: /assets/textures/particles/smoke.png@128.0x128.0
01:05:25.756 [FXGL Background Thread 1 ] DEBUG GameApplicationServi - Application scenes initialized
01:05:25.770 [FXGL Background Thread 1 ] DEBUG SystemBundleService  - Loading FXGL system data
01:05:25.774 [FXGL Background Thread 1 ] DEBUG FileSystemAccess     - Reading from: C:\Users\nIck_\Desktop\IntelliGame\system\fxgl.bundle
01:05:25.780 [FXGL Background Thread 1 ] DEBUG SystemBundleService  - Bundle FXGL: {}
01:05:25.782 [FXGL Background Thread 3 ] DEBUG FXGLApplication      - Loading fonts
01:05:25.782 [FXGL Background Thread 3 ] DEBUG FXGLAssetLoaderServi - Loading from file system: /assets/ui/fonts/VarelaRound-Regular.ttf
01:05:25.782 [FXGL Background Thread 1 ] DEBUG FXGLApplication      - Loading default localization
01:05:25.783 [FXGL Background Thread 1 ] DEBUG FXGLAssetLoaderServi - Loading from file system: /assets/languages/english.lang
01:05:25.800 [FXGL Background Thread 1 ] INFO  FXGLApplication      - FXGL initialization took: 0.457 sec
01:05:25.814 [JavaFX Application Thread] DEBUG Input                - Registered new binding: 向左移动 - A
01:05:25.814 [JavaFX Application Thread] DEBUG Input                - Registered new binding: 向上移动 - W
01:05:25.815 [JavaFX Application Thread] DEBUG Input                - Registered new binding: 向右移动 - D
01:05:25.815 [JavaFX Application Thread] DEBUG Input                - Registered new binding: 向下移动 - S
01:05:25.819 [JavaFX Application Thread] DEBUG Input                - Registered new binding: 扔锤子 - LMB
01:05:25.820 [JavaFX Application Thread] DEBUG FXGLAssetLoaderServi - Loading from file system: /assets/music/bgm.mp3
01:05:25.933 [JavaFX Application Thread] DEBUG AudioPlayer          - Playing music com.almasb.fxgl.audio.Music@3b7f3bfe
01:05:25.935 [JavaFX Application Thread] DEBUG FXGLAssetLoaderServi - Loading from file system: /assets/textures/fxgl_icon.png
01:05:25.962 [JavaFX Application Thread] DEBUG FXGLAssetLoaderServi - Loading from file system: /assets/ui/cursors/fxgl_default.png
01:05:25.965 [JavaFX Application Thread] DEBUG Input                - Registered new binding: Screenshot - P
01:05:25.968 [JavaFX Application Thread] DEBUG LoopRunner           - Starting loop
01:05:25.971 [JavaFX Application Thread] DEBUG Input                - Clearing active input actions
01:05:25.984 [JavaFX Application Thread] DEBUG GameApplicationServi - Removing overlay from StartupScene and adding to FXGLMainMenuDummyScene
01:05:25.984 [JavaFX Application Thread] DEBUG MainWindow           - StartupScene -> FXGLMainMenuDummyScene
01:05:25.984 [JavaFX Application Thread] DEBUG MainWindow           - Push state: FXGLDefaultMenu
01:05:25.990 [JavaFX Application Thread] DEBUG Input                - Clearing active input actions
01:05:26.007 [JavaFX Application Thread] DEBUG GameApplicationServi - Removing overlay from FXGLMainMenuDummyScene and adding to FXGLDefaultMenu
01:05:26.007 [JavaFX Application Thread] DEBUG MainWindow           - FXGLMainMenuDummyScene -> FXGLDefaultMenu
01:05:26.139 [FXGL Background Thread 3 ] DEBUG FXGLAssetLoaderServi - Loading from file system: /assets/ui/fonts/Abel-Regular.ttf
01:05:26.142 [FXGL Background Thread 3 ] DEBUG FXGLAssetLoaderServi - Loading from file system: /assets/ui/fonts/lucida_console.ttf
01:05:26.146 [FXGL Background Thread 3 ] DEBUG FXGLAssetLoaderServi - Loading from file system: /assets/ui/fonts/Courier-Prime.ttf
01:05:26.151 [JavaFX Application Thread] DEBUG FXGLApplication      - Registering font factories with UI factory
01:05:28.783 [FXGL Background Thread 2 ] DEBUG Engine               - Logging environment variables
01:05:28.783 [FXGL Background Thread 2 ] DEBUG Engine               - achievements: []
01:05:28.783 [FXGL Background Thread 2 ] DEBUG Engine               - appIcon: fxgl_icon.png
01:05:28.783 [FXGL Background Thread 2 ] DEBUG Engine               - applicationMode: RELEASE
01:05:28.783 [FXGL Background Thread 2 ] DEBUG Engine               - cSSList: [fxgl_dark.css]
01:05:28.784 [FXGL Background Thread 2 ] DEBUG Engine               - configClass: Optional.empty
01:05:28.784 [FXGL Background Thread 2 ] DEBUG Engine               - credits: [赵力行, 易金鹏, 张恒锐, 张培祥, 郑伊龙, 李磊, 卢贤哲]
01:05:28.784 [FXGL Background Thread 2 ] DEBUG Engine               - devBBoxColorProperty: ObjectProperty [value: 0xff0000ff]
01:05:28.784 [FXGL Background Thread 2 ] DEBUG Engine               - devEnableDebugCameraProperty: BooleanProperty [value: false]
01:05:28.784 [FXGL Background Thread 2 ] DEBUG Engine               - devSensorColorProperty: ObjectProperty [value: 0xffff00ff]
01:05:28.784 [FXGL Background Thread 2 ] DEBUG Engine               - devShowBBoxProperty: BooleanProperty [value: false]
01:05:28.784 [FXGL Background Thread 2 ] DEBUG Engine               - devShowPositionProperty: BooleanProperty [value: false]
01:05:28.784 [FXGL Background Thread 2 ] DEBUG Engine               - enabledMenuItems: [EXTRA]
01:05:28.784 [FXGL Background Thread 2 ] DEBUG Engine               - engineServices: [class com.almasb.fxgl.app.FXGLApplication$GameApplicationService, class com.almasb.fxgl.app.services.FXGLDialogService, class com.almasb.fxgl.app.services.IOTaskExecutorService, class com.almasb.fxgl.event.EventBusService, class com.almasb.fxgl.io.FileSystemService, class com.almasb.fxgl.localization.LocalizationService, class com.almasb.fxgl.app.services.FXGLAssetLoaderService, class com.almasb.fxgl.app.services.SystemBundleService, class com.almasb.fxgl.profile.SaveLoadService, class com.almasb.fxgl.ui.FXGLUIFactoryServiceProvider, class com.almasb.fxgl.ui.FXGLDialogFactoryServiceProvider, class com.almasb.fxgl.audio.AudioPlayer, class com.almasb.fxgl.notification.impl.NotificationServiceProvider, class com.almasb.fxgl.achievement.AchievementService, class com.almasb.fxgl.cutscene.CutsceneService, class com.almasb.fxgl.minigames.MiniGameService, class com.almasb.fxgl.net.NetService, class com.almasb.fxgl.app.services.UpdaterService, class com.almasb.fxgl.dev.DevService]
01:05:28.785 [FXGL Background Thread 2 ] DEBUG Engine               - fontGame: Abel-Regular.ttf
01:05:28.785 [FXGL Background Thread 2 ] DEBUG Engine               - fontMono: lucida_console.ttf
01:05:28.785 [FXGL Background Thread 2 ] DEBUG Engine               - fontText: Courier-Prime.ttf
01:05:28.785 [FXGL Background Thread 2 ] DEBUG Engine               - fontUI: VarelaRound-Regular.ttf
01:05:28.785 [FXGL Background Thread 2 ] DEBUG Engine               - fullScreen: BooleanProperty [value: false]
01:05:28.785 [FXGL Background Thread 2 ] DEBUG Engine               - gameDifficulty: MEDIUM
01:05:28.785 [FXGL Background Thread 2 ] DEBUG Engine               - gameDifficultyProperty: ObjectProperty [value: MEDIUM]
01:05:28.785 [FXGL Background Thread 2 ] DEBUG Engine               - globalMusicVolume: 0.5
01:05:28.785 [FXGL Background Thread 2 ] DEBUG Engine               - globalMusicVolumeProperty: DoubleProperty [value: 1.0]
01:05:28.785 [FXGL Background Thread 2 ] DEBUG Engine               - globalSoundVolume: 0.5
01:05:28.785 [FXGL Background Thread 2 ] DEBUG Engine               - globalSoundVolumeProperty: DoubleProperty [value: 0.1]
01:05:28.785 [FXGL Background Thread 2 ] DEBUG Engine               - height: 896
01:05:28.785 [FXGL Background Thread 2 ] DEBUG Engine               - isAndroid: false
01:05:28.785 [FXGL Background Thread 2 ] DEBUG Engine               - isBrowser: false
01:05:28.785 [FXGL Background Thread 2 ] DEBUG Engine               - isClickFeedbackEnabled: false
01:05:28.785 [FXGL Background Thread 2 ] DEBUG Engine               - isCloseConfirmation: false
01:05:28.786 [FXGL Background Thread 2 ] DEBUG Engine               - isDesktop: true
01:05:28.786 [FXGL Background Thread 2 ] DEBUG Engine               - isDeveloperMenuEnabled: false
01:05:28.786 [FXGL Background Thread 2 ] DEBUG Engine               - isEntityPreloadEnabled: true
01:05:28.786 [FXGL Background Thread 2 ] DEBUG Engine               - isExperimentalNative: false
01:05:28.786 [FXGL Background Thread 2 ] DEBUG Engine               - isExperimentalTiledLargeMap: false
01:05:28.786 [FXGL Background Thread 2 ] DEBUG Engine               - isFileSystemWriteAllowed: true
01:05:28.786 [FXGL Background Thread 2 ] DEBUG Engine               - isFullScreenAllowed: false
01:05:28.786 [FXGL Background Thread 2 ] DEBUG Engine               - isFullScreenFromStart: false
01:05:28.786 [FXGL Background Thread 2 ] DEBUG Engine               - isGameMenuEnabled: true
01:05:28.786 [FXGL Background Thread 2 ] DEBUG Engine               - isIOS: false
01:05:28.786 [FXGL Background Thread 2 ] DEBUG Engine               - isIntroEnabled: false
01:05:28.786 [FXGL Background Thread 2 ] DEBUG Engine               - isLinux: false
01:05:28.786 [FXGL Background Thread 2 ] DEBUG Engine               - isMac: false
01:05:28.786 [FXGL Background Thread 2 ] DEBUG Engine               - isMainMenuEnabled: true
01:05:28.786 [FXGL Background Thread 2 ] DEBUG Engine               - isManualResizeEnabled: false
01:05:28.786 [FXGL Background Thread 2 ] DEBUG Engine               - isMobile: false
01:05:28.786 [FXGL Background Thread 2 ] DEBUG Engine               - isPreserveResizeRatio: false
01:05:28.786 [FXGL Background Thread 2 ] DEBUG Engine               - isProfilingEnabled: false
01:05:28.787 [FXGL Background Thread 2 ] DEBUG Engine               - isSingleStep: false
01:05:28.787 [FXGL Background Thread 2 ] DEBUG Engine               - isUserProfileEnabled: false
01:05:28.787 [FXGL Background Thread 2 ] DEBUG Engine               - isWindows: true
01:05:28.787 [FXGL Background Thread 2 ] DEBUG Engine               - language: ObjectProperty [value: ENGLISH]
01:05:28.787 [FXGL Background Thread 2 ] DEBUG Engine               - menuKey: ESCAPE
01:05:28.787 [FXGL Background Thread 2 ] DEBUG Engine               - notificationViewClass: class com.almasb.fxgl.notification.view.XboxNotificationView
01:05:28.787 [FXGL Background Thread 2 ] DEBUG Engine               - pixelsPerMeter: 50.0
01:05:28.787 [FXGL Background Thread 2 ] DEBUG Engine               - platform: WINDOWS
01:05:28.787 [FXGL Background Thread 2 ] DEBUG Engine               - profileDir: profiles/
01:05:28.787 [FXGL Background Thread 2 ] DEBUG Engine               - profileName: StringProperty [value: DEFAULT]
01:05:28.787 [FXGL Background Thread 2 ] DEBUG Engine               - randomSeed: -1
01:05:28.787 [FXGL Background Thread 2 ] DEBUG Engine               - runtimeInfo: RuntimeInfo(platform=WINDOWS, version=11.11, build=08.09.2020 18.00)
01:05:28.787 [FXGL Background Thread 2 ] DEBUG Engine               - saveFileExt: sav
01:05:28.788 [FXGL Background Thread 2 ] DEBUG Engine               - sceneFactory: com.almasb.fxgl.app.scene.SceneFactory@1c5645ca
01:05:28.788 [FXGL Background Thread 2 ] DEBUG Engine               - secondsIn24h: 60
01:05:28.788 [FXGL Background Thread 2 ] DEBUG Engine               - soundMenuBack: menu/back.wav
01:05:28.788 [FXGL Background Thread 2 ] DEBUG Engine               - soundMenuPress: menu/press.wav
01:05:28.788 [FXGL Background Thread 2 ] DEBUG Engine               - soundMenuSelect: menu/select.wav
01:05:28.788 [FXGL Background Thread 2 ] DEBUG Engine               - soundNotification: core/notification.wav
01:05:28.788 [FXGL Background Thread 2 ] DEBUG Engine               - stageStyle: DECORATED
01:05:28.788 [FXGL Background Thread 2 ] DEBUG Engine               - supportedLanguages: [ENGLISH, FRENCH, GERMAN, HUNGARIAN, RUSSIAN]
01:05:28.788 [FXGL Background Thread 2 ] DEBUG Engine               - title: IntelliGame
01:05:28.788 [FXGL Background Thread 2 ] DEBUG Engine               - urlGithub: https://github.com/AlmasB/FXGL
01:05:28.788 [FXGL Background Thread 2 ] DEBUG Engine               - urlLeaderboard: http://fxgl-top.herokuapp.com/
01:05:28.788 [FXGL Background Thread 2 ] DEBUG Engine               - urlPOM: https://raw.githubusercontent.com/AlmasB/FXGL/master/pom.xml
01:05:28.788 [FXGL Background Thread 2 ] DEBUG Engine               - version: 1.0(呕心沥血)
01:05:28.788 [FXGL Background Thread 2 ] DEBUG Engine               - versionCheckDays: 7
01:05:28.788 [FXGL Background Thread 2 ] DEBUG Engine               - width: 896
01:05:28.788 [FXGL Background Thread 2 ] DEBUG Engine               - Logging services
01:05:28.788 [FXGL Background Thread 2 ] DEBUG Engine               - class com.almasb.fxgl.app.FXGLApplication$GameApplicationService
01:05:28.788 [FXGL Background Thread 2 ] DEBUG Engine               - class com.almasb.fxgl.app.services.FXGLDialogService
01:05:28.788 [FXGL Background Thread 2 ] DEBUG Engine               - class com.almasb.fxgl.app.services.IOTaskExecutorService
01:05:28.789 [FXGL Background Thread 2 ] DEBUG Engine               - class com.almasb.fxgl.event.EventBusService
01:05:28.789 [FXGL Background Thread 2 ] DEBUG Engine               - class com.almasb.fxgl.io.FileSystemService
01:05:28.789 [FXGL Background Thread 2 ] DEBUG Engine               - class com.almasb.fxgl.localization.LocalizationService
01:05:28.789 [FXGL Background Thread 2 ] DEBUG Engine               - class com.almasb.fxgl.app.services.FXGLAssetLoaderService
01:05:28.789 [FXGL Background Thread 2 ] DEBUG Engine               - class com.almasb.fxgl.app.services.SystemBundleService
01:05:28.789 [FXGL Background Thread 2 ] DEBUG Engine               - class com.almasb.fxgl.profile.SaveLoadService
01:05:28.789 [FXGL Background Thread 2 ] DEBUG Engine               - class com.almasb.fxgl.ui.FXGLUIFactoryServiceProvider
01:05:28.789 [FXGL Background Thread 2 ] DEBUG Engine               - class com.almasb.fxgl.ui.FXGLDialogFactoryServiceProvider
01:05:28.789 [FXGL Background Thread 2 ] DEBUG Engine               - class com.almasb.fxgl.audio.AudioPlayer
01:05:28.789 [FXGL Background Thread 2 ] DEBUG Engine               - class com.almasb.fxgl.notification.impl.NotificationServiceProvider
01:05:28.789 [FXGL Background Thread 2 ] DEBUG Engine               - class com.almasb.fxgl.achievement.AchievementService
01:05:28.789 [FXGL Background Thread 2 ] DEBUG Engine               - class com.almasb.fxgl.cutscene.CutsceneService
01:05:28.789 [FXGL Background Thread 2 ] DEBUG Engine               - class com.almasb.fxgl.minigames.MiniGameService
01:05:28.789 [FXGL Background Thread 2 ] DEBUG Engine               - class com.almasb.fxgl.net.NetService
01:05:28.789 [FXGL Background Thread 2 ] DEBUG Engine               - class com.almasb.fxgl.app.services.UpdaterService
01:05:28.789 [FXGL Background Thread 2 ] DEBUG Engine               - class com.almasb.fxgl.dev.DevService
01:05:29.359 [JavaFX Application Thread] DEBUG Menu                 - fireExit()
01:05:29.361 [JavaFX Application Thread] DEBUG MainWindow           - Push state: DialogSubScene
01:05:29.361 [JavaFX Application Thread] DEBUG Input                - Clearing active input actions
01:05:29.363 [JavaFX Application Thread] DEBUG GameApplicationServi - Removing overlay from FXGLDefaultMenu and adding to DialogSubScene
01:05:29.363 [JavaFX Application Thread] DEBUG MainWindow           - FXGLDefaultMenu -> DialogSubScene
01:05:30.776 [JavaFX Application Thread] DEBUG MainWindow           - Pop state: DialogSubScene
01:05:30.776 [JavaFX Application Thread] DEBUG Input                - Clearing active input actions
01:05:30.776 [JavaFX Application Thread] DEBUG GameApplicationServi - Removing overlay from DialogSubScene and adding to FXGLDefaultMenu
01:05:30.776 [JavaFX Application Thread] DEBUG MainWindow           - FXGLDefaultMenu <- DialogSubScene
01:05:31.303 [JavaFX Application Thread] DEBUG Menu                 - fireNewGame()
01:05:31.304 [JavaFX Application Thread] DEBUG GameApplicationServi - Starting new game
01:05:31.305 [JavaFX Application Thread] DEBUG MainWindow           - Pop state: FXGLDefaultMenu
01:05:31.306 [JavaFX Application Thread] DEBUG Input                - Clearing active input actions
01:05:31.306 [JavaFX Application Thread] DEBUG GameApplicationServi - Removing overlay from FXGLDefaultMenu and adding to FXGLMainMenuDummyScene
01:05:31.307 [JavaFX Application Thread] DEBUG MainWindow           - FXGLMainMenuDummyScene <- FXGLDefaultMenu
01:05:31.307 [JavaFX Application Thread] DEBUG Input                - Clearing active input actions
01:05:31.313 [JavaFX Application Thread] DEBUG GameApplicationServi - Removing overlay from FXGLMainMenuDummyScene and adding to FXGLLoadingScene
01:05:31.314 [JavaFX Application Thread] DEBUG MainWindow           - FXGLMainMenuDummyScene -> FXGLLoadingScene
01:05:31.314 [JavaFX Application Thread] DEBUG GameApplicationServi - Clearing previous game
01:05:31.314 [JavaFX Application Thread] DEBUG GameScene            - Clearing game scene
01:05:31.314 [JavaFX Application Thread] DEBUG GameWorld            - Clearing game world
01:05:31.314 [JavaFX Application Thread] DEBUG PhysicsWorld         - Clearing physics world
01:05:31.315 [FXGL Background Thread 3 ] DEBUG FXGLApplication      - Initializing game
01:05:31.324 [FXGL Background Thread 3 ] DEBUG FXGLAssetLoaderServi - Loading from file system: /assets/textures/background/background.jpg
01:05:31.445 [FXGL Background Thread 3 ] DEBUG FXGLAssetLoaderServi - Loading from file system: /assets/textures/home.png
01:05:31.486 [FXGL Background Thread 3 ] DEBUG FXGLAssetLoaderServi - Loading from cache: /assets/textures/home.png@88.0x88.0
01:05:31.497 [FXGL Background Thread 3 ] DEBUG FXGLAssetLoaderServi - Loading from cache: /assets/textures/home.png@88.0x88.0
01:05:31.504 [FXGL Background Thread 3 ] DEBUG FXGLAssetLoaderServi - Loading from cache: /assets/textures/home.png@88.0x88.0
01:05:31.518 [FXGL Background Thread 3 ] DEBUG FXGLAssetLoaderServi - Loading from cache: /assets/textures/home.png@88.0x88.0
01:05:31.525 [FXGL Background Thread 3 ] DEBUG FXGLAssetLoaderServi - Loading from cache: /assets/textures/home.png@88.0x88.0
01:05:31.532 [FXGL Background Thread 3 ] DEBUG FXGLAssetLoaderServi - Loading from cache: /assets/textures/home.png@88.0x88.0
01:05:31.538 [FXGL Background Thread 3 ] DEBUG FXGLAssetLoaderServi - Loading from file system: /assets/textures/player.png
01:05:31.573 [FXGL Background Thread 3 ] DEBUG FXGLAssetLoaderServi - Loading from file system: /assets/ui/main.fxml
01:05:31.629 [FXGL Background Thread 3 ] DEBUG FXGLAssetLoaderServi - Loading from file system: /assets/textures/life.png
01:05:31.630 [FXGL Background Thread 3 ] DEBUG FXGLAssetLoaderServi - Loading from cache: /assets/textures/life.png@32.0x42.0
01:05:31.630 [FXGL Background Thread 3 ] DEBUG FXGLAssetLoaderServi - Loading from cache: /assets/textures/life.png@32.0x42.0
01:05:31.631 [FXGL Background Thread 3 ] DEBUG FXGLAssetLoaderServi - Loading from file system: /assets/textures/houselife.png
01:05:31.636 [FXGL Background Thread 3 ] DEBUG FXGLAssetLoaderServi - Loading from cache: /assets/textures/houselife.png@32.0x32.0
01:05:31.636 [FXGL Background Thread 3 ] DEBUG FXGLAssetLoaderServi - Loading from cache: /assets/textures/houselife.png@32.0x32.0
01:05:31.637 [FXGL Background Thread 3 ] DEBUG FXGLAssetLoaderServi - Loading from cache: /assets/textures/houselife.png@32.0x32.0
01:05:31.637 [FXGL Background Thread 3 ] DEBUG FXGLAssetLoaderServi - Loading from cache: /assets/textures/houselife.png@32.0x32.0
01:05:31.637 [FXGL Background Thread 3 ] INFO  FXGLApplication      - Game initialization took: 0.321 sec
01:05:31.637 [JavaFX Application Thread] DEBUG Input                - Clearing active input actions
01:05:31.644 [JavaFX Application Thread] DEBUG GameApplicationServi - Removing overlay from FXGLLoadingScene and adding to GameScene
01:05:31.644 [JavaFX Application Thread] DEBUG MainWindow           - FXGLLoadingScene -> GameScene
01:05:32.101 [JavaFX Application Thread] DEBUG MainWindow           - Push state: FXGLDefaultMenu
01:05:32.101 [JavaFX Application Thread] DEBUG Input                - Clearing active input actions
01:05:32.102 [JavaFX Application Thread] DEBUG GameApplicationServi - Removing overlay from GameScene and adding to FXGLDefaultMenu
01:05:32.102 [JavaFX Application Thread] DEBUG MainWindow           - GameScene -> FXGLDefaultMenu
01:05:33.592 [JavaFX Application Thread] DEBUG Menu                 - fireExitToMainMenu()
01:05:33.592 [JavaFX Application Thread] DEBUG MainWindow           - Push state: DialogSubScene
01:05:33.592 [JavaFX Application Thread] DEBUG Input                - Clearing active input actions
01:05:33.594 [JavaFX Application Thread] DEBUG GameApplicationServi - Removing overlay from FXGLDefaultMenu and adding to DialogSubScene
01:05:33.594 [JavaFX Application Thread] DEBUG MainWindow           - FXGLDefaultMenu -> DialogSubScene
01:05:36.864 [JavaFX Application Thread] DEBUG MainWindow           - Pop state: DialogSubScene
01:05:36.864 [JavaFX Application Thread] DEBUG Input                - Clearing active input actions
01:05:36.864 [JavaFX Application Thread] DEBUG GameApplicationServi - Removing overlay from DialogSubScene and adding to FXGLDefaultMenu
01:05:36.864 [JavaFX Application Thread] DEBUG MainWindow           - FXGLDefaultMenu <- DialogSubScene
01:05:36.864 [JavaFX Application Thread] DEBUG MainWindow           - Pop state: FXGLDefaultMenu
01:05:36.864 [JavaFX Application Thread] DEBUG Input                - Clearing active input actions
01:05:36.865 [JavaFX Application Thread] DEBUG GameApplicationServi - Removing overlay from FXGLDefaultMenu and adding to GameScene
01:05:36.865 [JavaFX Application Thread] DEBUG MainWindow           - GameScene <- FXGLDefaultMenu
01:05:36.865 [JavaFX Application Thread] DEBUG Input                - Clearing active input actions
01:05:36.867 [JavaFX Application Thread] DEBUG GameApplicationServi - Removing overlay from GameScene and adding to FXGLMainMenuDummyScene
01:05:36.867 [JavaFX Application Thread] DEBUG MainWindow           - GameScene -> FXGLMainMenuDummyScene
01:05:36.868 [JavaFX Application Thread] DEBUG MainWindow           - Push state: FXGLDefaultMenu
01:05:36.868 [JavaFX Application Thread] DEBUG Input                - Clearing active input actions
01:05:36.870 [JavaFX Application Thread] DEBUG GameApplicationServi - Removing overlay from FXGLMainMenuDummyScene and adding to FXGLDefaultMenu
01:05:36.871 [JavaFX Application Thread] DEBUG MainWindow           - FXGLMainMenuDummyScene -> FXGLDefaultMenu
01:05:38.007 [JavaFX Application Thread] DEBUG Menu                 - fireNewGame()
01:05:38.007 [JavaFX Application Thread] DEBUG GameApplicationServi - Starting new game
01:05:38.007 [JavaFX Application Thread] DEBUG MainWindow           - Pop state: FXGLDefaultMenu
01:05:38.007 [JavaFX Application Thread] DEBUG Input                - Clearing active input actions
01:05:38.008 [JavaFX Application Thread] DEBUG GameApplicationServi - Removing overlay from FXGLDefaultMenu and adding to FXGLMainMenuDummyScene
01:05:38.008 [JavaFX Application Thread] DEBUG MainWindow           - FXGLMainMenuDummyScene <- FXGLDefaultMenu
01:05:38.008 [JavaFX Application Thread] DEBUG Input                - Clearing active input actions
01:05:38.011 [JavaFX Application Thread] DEBUG GameApplicationServi - Removing overlay from FXGLMainMenuDummyScene and adding to FXGLLoadingScene
01:05:38.011 [JavaFX Application Thread] DEBUG MainWindow           - FXGLMainMenuDummyScene -> FXGLLoadingScene
01:05:38.011 [JavaFX Application Thread] DEBUG GameApplicationServi - Clearing previous game
01:05:38.012 [JavaFX Application Thread] DEBUG GameScene            - Clearing game scene
01:05:38.012 [JavaFX Application Thread] DEBUG GameWorld            - Clearing game world
01:05:38.014 [JavaFX Application Thread] DEBUG PhysicsWorld         - Clearing physics world
01:05:38.014 [FXGL Background Thread 3 ] DEBUG FXGLApplication      - Initializing game
01:05:38.014 [FXGL Background Thread 3 ] DEBUG FXGLAssetLoaderServi - Loading from cache: /assets/textures/background/background.jpg@916.0x916.0
01:05:38.015 [FXGL Background Thread 3 ] DEBUG FXGLAssetLoaderServi - Loading from cache: /assets/textures/home.png@88.0x88.0
01:05:38.025 [FXGL Background Thread 3 ] DEBUG FXGLAssetLoaderServi - Loading from cache: /assets/textures/home.png@88.0x88.0
01:05:38.031 [FXGL Background Thread 3 ] DEBUG FXGLAssetLoaderServi - Loading from cache: /assets/textures/home.png@88.0x88.0
01:05:38.046 [FXGL Background Thread 3 ] DEBUG FXGLAssetLoaderServi - Loading from cache: /assets/textures/home.png@88.0x88.0
01:05:38.053 [FXGL Background Thread 3 ] DEBUG FXGLAssetLoaderServi - Loading from cache: /assets/textures/home.png@88.0x88.0
01:05:38.059 [FXGL Background Thread 3 ] DEBUG FXGLAssetLoaderServi - Loading from cache: /assets/textures/home.png@88.0x88.0
01:05:38.066 [FXGL Background Thread 3 ] DEBUG FXGLAssetLoaderServi - Loading from cache: /assets/textures/home.png@88.0x88.0
01:05:38.073 [FXGL Background Thread 3 ] DEBUG FXGLAssetLoaderServi - Loading from cache: /assets/textures/player.png
01:05:38.094 [FXGL Background Thread 3 ] DEBUG FXGLAssetLoaderServi - Loading from file system: /assets/ui/main.fxml
01:05:38.097 [FXGL Background Thread 3 ] DEBUG FXGLAssetLoaderServi - Loading from cache: /assets/textures/life.png@32.0x42.0
01:05:38.097 [FXGL Background Thread 3 ] DEBUG FXGLAssetLoaderServi - Loading from cache: /assets/textures/life.png@32.0x42.0
01:05:38.097 [FXGL Background Thread 3 ] DEBUG FXGLAssetLoaderServi - Loading from cache: /assets/textures/life.png@32.0x42.0
01:05:38.097 [FXGL Background Thread 3 ] DEBUG FXGLAssetLoaderServi - Loading from cache: /assets/textures/houselife.png@32.0x32.0
01:05:38.097 [FXGL Background Thread 3 ] DEBUG FXGLAssetLoaderServi - Loading from cache: /assets/textures/houselife.png@32.0x32.0
01:05:38.097 [FXGL Background Thread 3 ] DEBUG FXGLAssetLoaderServi - Loading from cache: /assets/textures/houselife.png@32.0x32.0
01:05:38.097 [FXGL Background Thread 3 ] DEBUG FXGLAssetLoaderServi - Loading from cache: /assets/textures/houselife.png@32.0x32.0
01:05:38.097 [FXGL Background Thread 3 ] DEBUG FXGLAssetLoaderServi - Loading from cache: /assets/textures/houselife.png@32.0x32.0
01:05:38.097 [FXGL Background Thread 3 ] INFO  FXGLApplication      - Game initialization took: 0.083 sec
01:05:38.100 [JavaFX Application Thread] DEBUG Input                - Clearing active input actions
01:05:38.103 [JavaFX Application Thread] DEBUG GameApplicationServi - Removing overlay from FXGLLoadingScene and adding to GameScene
01:05:38.103 [JavaFX Application Thread] DEBUG MainWindow           - FXGLLoadingScene -> GameScene
01:05:38.757 [JavaFX Application Thread] DEBUG MainWindow           - Push state: FXGLDefaultMenu
01:05:38.757 [JavaFX Application Thread] DEBUG Input                - Clearing active input actions
01:05:38.759 [JavaFX Application Thread] DEBUG GameApplicationServi - Removing overlay from GameScene and adding to FXGLDefaultMenu
01:05:38.759 [JavaFX Application Thread] DEBUG MainWindow           - GameScene -> FXGLDefaultMenu
01:05:40.544 [JavaFX Application Thread] DEBUG Menu                 - fireExitToMainMenu()
01:05:40.544 [JavaFX Application Thread] DEBUG MainWindow           - Push state: DialogSubScene
01:05:40.544 [JavaFX Application Thread] DEBUG Input                - Clearing active input actions
01:05:40.545 [JavaFX Application Thread] DEBUG GameApplicationServi - Removing overlay from FXGLDefaultMenu and adding to DialogSubScene
01:05:40.545 [JavaFX Application Thread] DEBUG MainWindow           - FXGLDefaultMenu -> DialogSubScene
01:05:44.489 [JavaFX Application Thread] DEBUG MainWindow           - Pop state: DialogSubScene
01:05:44.489 [JavaFX Application Thread] DEBUG Input                - Clearing active input actions
01:05:44.489 [JavaFX Application Thread] DEBUG GameApplicationServi - Removing overlay from DialogSubScene and adding to FXGLDefaultMenu
01:05:44.489 [JavaFX Application Thread] DEBUG MainWindow           - FXGLDefaultMenu <- DialogSubScene
01:05:45.527 [JavaFX Application Thread] DEBUG Menu                 - fireResume()
01:05:45.528 [JavaFX Application Thread] DEBUG MainWindow           - Pop state: FXGLDefaultMenu
01:05:45.528 [JavaFX Application Thread] DEBUG Input                - Clearing active input actions
01:05:45.528 [JavaFX Application Thread] DEBUG GameApplicationServi - Removing overlay from FXGLDefaultMenu and adding to GameScene
01:05:45.528 [JavaFX Application Thread] DEBUG MainWindow           - GameScene <- FXGLDefaultMenu
01:05:45.969 [JavaFX Application Thread] DEBUG FXGLAssetLoaderServi - Loading from file system: /assets/textures/player.png
01:05:46.097 [JavaFX Application Thread] DEBUG FXGLAssetLoaderServi - Loading from file system: /assets/textures/monster4.png
01:05:46.735 [JavaFX Application Thread] DEBUG FXGLAssetLoaderServi - Loading from file system: /assets/textures/monster2.png
01:05:47.019 [JavaFX Application Thread] DEBUG EventBus             - Firing event: cn.edu.witpt.IntelliGame.event.GameEvent[source=javafx.event.Event$$Lambda$114/0x000000080021d040@50c318ac]
01:05:47.372 [JavaFX Application Thread] DEBUG FXGLAssetLoaderServi - Loading from file system: /assets/textures/monster3.png
01:05:47.600 [JavaFX Application Thread] DEBUG EventBus             - Firing event: cn.edu.witpt.IntelliGame.event.GameEvent[source=javafx.event.Event$$Lambda$114/0x000000080021d040@50c318ac]
01:05:48.002 [JavaFX Application Thread] DEBUG FXGLAssetLoaderServi - Loading from cache: /assets/textures/monster4.png@40.0x40.0
01:05:48.637 [JavaFX Application Thread] DEBUG FXGLAssetLoaderServi - Loading from file system: /assets/textures/monster1.png
01:05:49.261 [JavaFX Application Thread] DEBUG FXGLAssetLoaderServi - Loading from cache: /assets/textures/monster3.png@40.0x40.0
01:05:49.887 [JavaFX Application Thread] DEBUG FXGLAssetLoaderServi - Loading from cache: /assets/textures/monster4.png@40.0x40.0
01:05:49.889 [JavaFX Application Thread] DEBUG EventBus             - Firing event: cn.edu.witpt.IntelliGame.event.GameEvent[source=javafx.event.Event$$Lambda$114/0x000000080021d040@50c318ac]
01:05:49.889 [JavaFX Application Thread] DEBUG MainWindow           - Push state: DialogSubScene
01:05:49.889 [JavaFX Application Thread] DEBUG Input                - Clearing active input actions
01:05:49.890 [JavaFX Application Thread] DEBUG GameApplicationServi - Removing overlay from GameScene and adding to DialogSubScene
01:05:49.890 [JavaFX Application Thread] DEBUG MainWindow           - GameScene -> DialogSubScene
01:05:55.431 [JavaFX Application Thread] DEBUG MainWindow           - Pop state: DialogSubScene
01:05:55.431 [JavaFX Application Thread] DEBUG Input                - Clearing active input actions
01:05:55.432 [JavaFX Application Thread] DEBUG GameApplicationServi - Removing overlay from DialogSubScene and adding to GameScene
01:05:55.432 [JavaFX Application Thread] DEBUG MainWindow           - GameScene <- DialogSubScene
01:05:55.432 [JavaFX Application Thread] DEBUG FXGLApplication      - Exiting FXGL
01:05:55.432 [JavaFX Application Thread] DEBUG LoopRunner           - Stopping loop
01:05:55.432 [JavaFX Application Thread] DEBUG SystemBundleService  - Saving FXGL system data
01:05:55.433 [JavaFX Application Thread] DEBUG FileSystemAccess     - Writing to: C:\Users\nIck_\Desktop\IntelliGame\system\fxgl.bundle
01:05:55.434 [JavaFX Application Thread] DEBUG Async                - Shutting down background threads
01:05:55.434 [JavaFX Application Thread] DEBUG MainWindow           - Closing main window
01:05:55.446 [JavaFX Application Thread] DEBUG Logger               - Closing Logger
