02:08:46.880 [main                     ] DEBUG Logger               - Configured Logger
02:08:46.903 [main                     ] DEBUG GameApplication      - Logging settings
Title: IntelliGame
Version: 1.0(呕心沥血)
Width: 896
Height: 896
Fullscreen: false
Intro: false
Profiling: false
Single step:false
App Mode: RELEASE
Menu Key: ESCAPE
Stage Style: DECORATED
Scene Factory: class com.almasb.fxgl.app.scene.SceneFactory

02:08:47.260 [JavaFX Application Thread] DEBUG FXGLApplication      - Initializing FXGL
02:08:47.270 [JavaFX Application Thread] INFO  Engine               - FXGL-11.11 (08.09.2020 18.00) on WINDOWS (J:11.0.7 FX:11.0.2)
02:08:47.271 [JavaFX Application Thread] DEBUG Engine               - JRE Vendor Name: Oracle Corporation
02:08:47.271 [JavaFX Application Thread] DEBUG Engine               - Running on OS: Windows 10 version 10.0
02:08:47.271 [JavaFX Application Thread] DEBUG Engine               - Architecture: amd64
02:08:47.271 [JavaFX Application Thread] INFO  Engine               - Source code and latest versions at: https://github.com/AlmasB/FXGL
02:08:47.271 [JavaFX Application Thread] INFO  Engine               -              Join the FXGL chat at: https://gitter.im/AlmasB/FXGL
02:08:47.380 [JavaFX Application Thread] DEBUG MainWindow           - Creating a JavaFX scene
02:08:47.447 [JavaFX Application Thread] DEBUG MainWindow           - Target settings size: 896.0 x 896.0
02:08:47.447 [JavaFX Application Thread] DEBUG MainWindow           - Scaled scene size:    896.0 x 896.0
02:08:47.447 [JavaFX Application Thread] DEBUG MainWindow           - Scaled ratio: (1.0, 1.0)
02:08:47.448 [JavaFX Application Thread] DEBUG MainWindow           - Set initial scene to StartupScene
02:08:47.454 [JavaFX Application Thread] DEBUG MainWindow           - Opening main window
02:08:47.566 [JavaFX Application Thread] DEBUG MainWindow           - Window border size: (16.0, 39.0)
02:08:47.566 [JavaFX Application Thread] DEBUG MainWindow           - Scaled size: 896.0 x 896.0
02:08:47.566 [JavaFX Application Thread] DEBUG MainWindow           - Scaled ratio: (1.0, 1.0)
02:08:47.567 [JavaFX Application Thread] DEBUG MainWindow           - Scene size: 896.0 x 896.0
02:08:47.567 [JavaFX Application Thread] DEBUG MainWindow           - Stage size: 912.0 x 935.0
02:08:47.577 [FXGL Background Thread 1 ] DEBUG Engine               - Initializing environment variables
02:08:47.613 [FXGL Background Thread 1 ] DEBUG GameApplicationServi - Applying CSS: fxgl_dark.css
02:08:47.614 [FXGL Background Thread 1 ] DEBUG FXGLAssetLoaderServi - Loading from file system: /assets/ui/css/fxgl_dark.css
02:08:47.681 [FXGL Background Thread 1 ] DEBUG GameApplicationServi - Initializing application scenes
02:08:47.748 [FXGL Background Thread 1 ] DEBUG GameWorld            - Game world initialized
02:08:47.805 [FXGL Background Thread 1 ] DEBUG PhysicsWorld         - Physics world initialized: appHeight=896, physics.ppm=50.0
02:08:47.807 [FXGL Background Thread 1 ] DEBUG GameScene            - Game scene initialized: 896x896
02:08:47.842 [FXGL Background Thread 1 ] DEBUG FXGLAssetLoaderServi - Loading from file system: /assets/textures/particles/trace_horizontal.png
02:08:47.905 [FXGL Background Thread 1 ] DEBUG FXGL.DefaultMenu     - createMenuBodyMainMenu()
02:08:47.928 [FXGL Background Thread 1 ] DEBUG FXGL.DefaultMenu     - createOptionsMenu()
02:08:47.935 [FXGL Background Thread 1 ] DEBUG FXGL.DefaultMenu     - createExtraMenu()
02:08:47.939 [FXGL Background Thread 1 ] DEBUG FXGLAssetLoaderServi - Loading from file system: /assets/textures/particles/smoke.png
02:08:47.991 [FXGL Background Thread 1 ] DEBUG FXGLAssetLoaderServi - Loading from cache: /assets/textures/particles/trace_horizontal.png@64.0x64.0
02:08:47.992 [FXGL Background Thread 1 ] DEBUG FXGL.DefaultMenu     - createMenuBodyGameMenu()
02:08:47.993 [FXGL Background Thread 1 ] DEBUG FXGL.DefaultMenu     - createOptionsMenu()
02:08:47.994 [FXGL Background Thread 1 ] DEBUG FXGL.DefaultMenu     - createExtraMenu()
02:08:47.996 [FXGL Background Thread 1 ] DEBUG FXGLAssetLoaderServi - Loading from cache: /assets/textures/particles/smoke.png@128.0x128.0
02:08:48.006 [FXGL Background Thread 1 ] DEBUG GameApplicationServi - Application scenes initialized
02:08:48.015 [FXGL Background Thread 1 ] DEBUG SystemBundleService  - Loading FXGL system data
02:08:48.018 [FXGL Background Thread 1 ] DEBUG FileSystemAccess     - Reading from: C:\Users\nIck_\Desktop\IntelliGame\system\fxgl.bundle
02:08:48.023 [FXGL Background Thread 1 ] DEBUG SystemBundleService  - Bundle FXGL: {}
02:08:48.025 [FXGL Background Thread 3 ] DEBUG FXGLApplication      - Loading fonts
02:08:48.025 [FXGL Background Thread 3 ] DEBUG FXGLAssetLoaderServi - Loading from file system: /assets/ui/fonts/VarelaRound-Regular.ttf
02:08:48.026 [FXGL Background Thread 1 ] DEBUG FXGLApplication      - Loading default localization
02:08:48.026 [FXGL Background Thread 1 ] DEBUG FXGLAssetLoaderServi - Loading from file system: /assets/languages/english.lang
02:08:48.045 [FXGL Background Thread 1 ] INFO  FXGLApplication      - FXGL initialization took: 0.468 sec
02:08:48.054 [JavaFX Application Thread] DEBUG Input                - Registered new binding: 向左移动 - A
02:08:48.055 [JavaFX Application Thread] DEBUG Input                - Registered new binding: 向上移动 - W
02:08:48.056 [JavaFX Application Thread] DEBUG Input                - Registered new binding: 向右移动 - D
02:08:48.056 [JavaFX Application Thread] DEBUG Input                - Registered new binding: 向下移动 - S
02:08:48.058 [JavaFX Application Thread] DEBUG Input                - Registered new binding: Shoot - LMB
02:08:48.059 [JavaFX Application Thread] DEBUG FXGLAssetLoaderServi - Loading from file system: /assets/music/bgm.mp3
02:08:48.161 [JavaFX Application Thread] DEBUG AudioPlayer          - Playing music com.almasb.fxgl.audio.Music@33377ece
02:08:48.163 [JavaFX Application Thread] DEBUG FXGLAssetLoaderServi - Loading from file system: /assets/textures/fxgl_icon.png
02:08:48.181 [JavaFX Application Thread] DEBUG FXGLAssetLoaderServi - Loading from file system: /assets/ui/cursors/fxgl_default.png
02:08:48.184 [JavaFX Application Thread] DEBUG Input                - Registered new binding: Screenshot - P
02:08:48.186 [JavaFX Application Thread] DEBUG LoopRunner           - Starting loop
02:08:48.188 [JavaFX Application Thread] DEBUG Input                - Clearing active input actions
02:08:48.197 [JavaFX Application Thread] DEBUG GameApplicationServi - Removing overlay from StartupScene and adding to FXGLMainMenuDummyScene
02:08:48.198 [JavaFX Application Thread] DEBUG MainWindow           - StartupScene -> FXGLMainMenuDummyScene
02:08:48.198 [JavaFX Application Thread] DEBUG MainWindow           - Push state: FXGLDefaultMenu
02:08:48.203 [JavaFX Application Thread] DEBUG Input                - Clearing active input actions
02:08:48.217 [JavaFX Application Thread] DEBUG GameApplicationServi - Removing overlay from FXGLMainMenuDummyScene and adding to FXGLDefaultMenu
02:08:48.217 [JavaFX Application Thread] DEBUG MainWindow           - FXGLMainMenuDummyScene -> FXGLDefaultMenu
02:08:48.358 [FXGL Background Thread 3 ] DEBUG FXGLAssetLoaderServi - Loading from file system: /assets/ui/fonts/Abel-Regular.ttf
02:08:48.362 [FXGL Background Thread 3 ] DEBUG FXGLAssetLoaderServi - Loading from file system: /assets/ui/fonts/lucida_console.ttf
02:08:48.367 [FXGL Background Thread 3 ] DEBUG FXGLAssetLoaderServi - Loading from file system: /assets/ui/fonts/Courier-Prime.ttf
02:08:48.374 [JavaFX Application Thread] DEBUG FXGLApplication      - Registering font factories with UI factory
02:08:49.277 [JavaFX Application Thread] DEBUG Menu                 - fireNewGame()
02:08:49.277 [JavaFX Application Thread] DEBUG GameApplicationServi - Starting new game
02:08:49.279 [JavaFX Application Thread] DEBUG MainWindow           - Pop state: FXGLDefaultMenu
02:08:49.279 [JavaFX Application Thread] DEBUG Input                - Clearing active input actions
02:08:49.279 [JavaFX Application Thread] DEBUG GameApplicationServi - Removing overlay from FXGLDefaultMenu and adding to FXGLMainMenuDummyScene
02:08:49.280 [JavaFX Application Thread] DEBUG MainWindow           - FXGLMainMenuDummyScene <- FXGLDefaultMenu
02:08:49.280 [JavaFX Application Thread] DEBUG Input                - Clearing active input actions
02:08:49.287 [JavaFX Application Thread] DEBUG GameApplicationServi - Removing overlay from FXGLMainMenuDummyScene and adding to FXGLLoadingScene
02:08:49.287 [JavaFX Application Thread] DEBUG MainWindow           - FXGLMainMenuDummyScene -> FXGLLoadingScene
02:08:49.287 [JavaFX Application Thread] DEBUG GameApplicationServi - Clearing previous game
02:08:49.287 [JavaFX Application Thread] DEBUG GameScene            - Clearing game scene
02:08:49.287 [JavaFX Application Thread] DEBUG GameWorld            - Clearing game world
02:08:49.287 [JavaFX Application Thread] DEBUG PhysicsWorld         - Clearing physics world
02:08:49.288 [FXGL Background Thread 3 ] DEBUG FXGLApplication      - Initializing game
02:08:49.297 [FXGL Background Thread 3 ] DEBUG FXGLAssetLoaderServi - Loading from file system: /assets/textures/background/background.jpg
02:08:49.410 [FXGL Background Thread 3 ] DEBUG FXGLAssetLoaderServi - Loading from file system: /assets/textures/home.png
02:08:49.445 [FXGL Background Thread 3 ] DEBUG FXGLAssetLoaderServi - Loading from cache: /assets/textures/home.png@88.0x88.0
02:08:49.457 [FXGL Background Thread 3 ] DEBUG FXGLAssetLoaderServi - Loading from cache: /assets/textures/home.png@88.0x88.0
02:08:49.463 [FXGL Background Thread 3 ] DEBUG FXGLAssetLoaderServi - Loading from cache: /assets/textures/home.png@88.0x88.0
02:08:49.470 [FXGL Background Thread 3 ] DEBUG FXGLAssetLoaderServi - Loading from cache: /assets/textures/home.png@88.0x88.0
02:08:49.478 [FXGL Background Thread 3 ] DEBUG FXGLAssetLoaderServi - Loading from cache: /assets/textures/home.png@88.0x88.0
02:08:49.484 [FXGL Background Thread 3 ] DEBUG FXGLAssetLoaderServi - Loading from cache: /assets/textures/home.png@88.0x88.0
02:08:49.498 [FXGL Background Thread 3 ] DEBUG FXGLAssetLoaderServi - Loading from file system: /assets/textures/player.png
02:08:49.533 [FXGL Background Thread 3 ] DEBUG FXGLAssetLoaderServi - Loading from file system: /assets/ui/main.fxml
02:08:49.586 [FXGL Background Thread 3 ] DEBUG FXGLAssetLoaderServi - Loading from file system: /assets/textures//item/life.png
02:08:49.587 [FXGL Background Thread 3 ] WARN  FXGLAssetLoaderServi - Failed to load texture /item/life.png Error: java.lang.IllegalArgumentException: Asset "/assets/textures//item/life.png" was not found!
02:08:49.597 [FXGL Background Thread 3 ] DEBUG FXGLAssetLoaderServi - Loading from file system: /assets/textures//item/life.png
02:08:49.598 [FXGL Background Thread 3 ] WARN  FXGLAssetLoaderServi - Failed to load texture /item/life.png Error: java.lang.IllegalArgumentException: Asset "/assets/textures//item/life.png" was not found!
02:08:49.598 [FXGL Background Thread 3 ] DEBUG FXGLAssetLoaderServi - Loading from file system: /assets/textures//item/life.png
02:08:49.599 [FXGL Background Thread 3 ] WARN  FXGLAssetLoaderServi - Failed to load texture /item/life.png Error: java.lang.IllegalArgumentException: Asset "/assets/textures//item/life.png" was not found!
02:08:49.599 [FXGL Background Thread 3 ] DEBUG FXGLAssetLoaderServi - Loading from file system: /assets/textures//item/houselife.png
02:08:49.600 [FXGL Background Thread 3 ] WARN  FXGLAssetLoaderServi - Failed to load texture /item/houselife.png Error: java.lang.IllegalArgumentException: Asset "/assets/textures//item/houselife.png" was not found!
02:08:49.600 [FXGL Background Thread 3 ] DEBUG FXGLAssetLoaderServi - Loading from file system: /assets/textures//item/houselife.png
02:08:49.600 [FXGL Background Thread 3 ] WARN  FXGLAssetLoaderServi - Failed to load texture /item/houselife.png Error: java.lang.IllegalArgumentException: Asset "/assets/textures//item/houselife.png" was not found!
02:08:49.601 [FXGL Background Thread 3 ] DEBUG FXGLAssetLoaderServi - Loading from file system: /assets/textures//item/houselife.png
02:08:49.602 [FXGL Background Thread 3 ] WARN  FXGLAssetLoaderServi - Failed to load texture /item/houselife.png Error: java.lang.IllegalArgumentException: Asset "/assets/textures//item/houselife.png" was not found!
02:08:49.602 [FXGL Background Thread 3 ] DEBUG FXGLAssetLoaderServi - Loading from file system: /assets/textures//item/houselife.png
02:08:49.602 [FXGL Background Thread 3 ] WARN  FXGLAssetLoaderServi - Failed to load texture /item/houselife.png Error: java.lang.IllegalArgumentException: Asset "/assets/textures//item/houselife.png" was not found!
02:08:49.603 [FXGL Background Thread 3 ] DEBUG FXGLAssetLoaderServi - Loading from file system: /assets/textures//item/houselife.png
02:08:49.603 [FXGL Background Thread 3 ] WARN  FXGLAssetLoaderServi - Failed to load texture /item/houselife.png Error: java.lang.IllegalArgumentException: Asset "/assets/textures//item/houselife.png" was not found!
02:08:49.603 [FXGL Background Thread 3 ] INFO  FXGLApplication      - Game initialization took: 0.315 sec
02:08:49.604 [JavaFX Application Thread] DEBUG Input                - Clearing active input actions
02:08:49.612 [JavaFX Application Thread] DEBUG GameApplicationServi - Removing overlay from FXGLLoadingScene and adding to GameScene
02:08:49.612 [JavaFX Application Thread] DEBUG MainWindow           - FXGLLoadingScene -> GameScene
02:08:51.024 [JavaFX Application Thread] DEBUG FXGLAssetLoaderServi - Loading from file system: /assets/textures/monster1.png
02:08:51.026 [FXGL Background Thread 2 ] DEBUG Engine               - Logging environment variables
02:08:51.026 [FXGL Background Thread 2 ] DEBUG Engine               - achievements: []
02:08:51.027 [FXGL Background Thread 2 ] DEBUG Engine               - appIcon: fxgl_icon.png
02:08:51.027 [FXGL Background Thread 2 ] DEBUG Engine               - applicationMode: RELEASE
02:08:51.027 [FXGL Background Thread 2 ] DEBUG Engine               - cSSList: [fxgl_dark.css]
02:08:51.027 [FXGL Background Thread 2 ] DEBUG Engine               - configClass: Optional.empty
02:08:51.027 [FXGL Background Thread 2 ] DEBUG Engine               - credits: [赵力行, 易金鹏, 张恒锐, 张培祥, 郑伊龙, 李磊, 卢贤哲]
02:08:51.027 [FXGL Background Thread 2 ] DEBUG Engine               - devBBoxColorProperty: ObjectProperty [value: 0xff0000ff]
02:08:51.027 [FXGL Background Thread 2 ] DEBUG Engine               - devEnableDebugCameraProperty: BooleanProperty [value: false]
02:08:51.027 [FXGL Background Thread 2 ] DEBUG Engine               - devSensorColorProperty: ObjectProperty [value: 0xffff00ff]
02:08:51.027 [FXGL Background Thread 2 ] DEBUG Engine               - devShowBBoxProperty: BooleanProperty [value: false]
02:08:51.027 [FXGL Background Thread 2 ] DEBUG Engine               - devShowPositionProperty: BooleanProperty [value: false]
02:08:51.027 [FXGL Background Thread 2 ] DEBUG Engine               - enabledMenuItems: [EXTRA]
02:08:51.027 [FXGL Background Thread 2 ] DEBUG Engine               - engineServices: [class com.almasb.fxgl.app.FXGLApplication$GameApplicationService, class com.almasb.fxgl.app.services.FXGLDialogService, class com.almasb.fxgl.app.services.IOTaskExecutorService, class com.almasb.fxgl.event.EventBusService, class com.almasb.fxgl.io.FileSystemService, class com.almasb.fxgl.localization.LocalizationService, class com.almasb.fxgl.app.services.FXGLAssetLoaderService, class com.almasb.fxgl.app.services.SystemBundleService, class com.almasb.fxgl.profile.SaveLoadService, class com.almasb.fxgl.ui.FXGLUIFactoryServiceProvider, class com.almasb.fxgl.ui.FXGLDialogFactoryServiceProvider, class com.almasb.fxgl.audio.AudioPlayer, class com.almasb.fxgl.notification.impl.NotificationServiceProvider, class com.almasb.fxgl.achievement.AchievementService, class com.almasb.fxgl.cutscene.CutsceneService, class com.almasb.fxgl.minigames.MiniGameService, class com.almasb.fxgl.net.NetService, class com.almasb.fxgl.app.services.UpdaterService, class com.almasb.fxgl.dev.DevService]
02:08:51.027 [FXGL Background Thread 2 ] DEBUG Engine               - fontGame: Abel-Regular.ttf
02:08:51.028 [FXGL Background Thread 2 ] DEBUG Engine               - fontMono: lucida_console.ttf
02:08:51.028 [FXGL Background Thread 2 ] DEBUG Engine               - fontText: Courier-Prime.ttf
02:08:51.028 [FXGL Background Thread 2 ] DEBUG Engine               - fontUI: VarelaRound-Regular.ttf
02:08:51.028 [FXGL Background Thread 2 ] DEBUG Engine               - fullScreen: BooleanProperty [value: false]
02:08:51.028 [FXGL Background Thread 2 ] DEBUG Engine               - gameDifficulty: MEDIUM
02:08:51.028 [FXGL Background Thread 2 ] DEBUG Engine               - gameDifficultyProperty: ObjectProperty [value: MEDIUM]
02:08:51.028 [FXGL Background Thread 2 ] DEBUG Engine               - globalMusicVolume: 0.5
02:08:51.028 [FXGL Background Thread 2 ] DEBUG Engine               - globalMusicVolumeProperty: DoubleProperty [value: 1.0]
02:08:51.028 [FXGL Background Thread 2 ] DEBUG Engine               - globalSoundVolume: 0.5
02:08:51.028 [FXGL Background Thread 2 ] DEBUG Engine               - globalSoundVolumeProperty: DoubleProperty [value: 0.1]
02:08:51.028 [FXGL Background Thread 2 ] DEBUG Engine               - height: 896
02:08:51.028 [FXGL Background Thread 2 ] DEBUG Engine               - isAndroid: false
02:08:51.028 [FXGL Background Thread 2 ] DEBUG Engine               - isBrowser: false
02:08:51.028 [FXGL Background Thread 2 ] DEBUG Engine               - isClickFeedbackEnabled: false
02:08:51.029 [FXGL Background Thread 2 ] DEBUG Engine               - isCloseConfirmation: false
02:08:51.029 [FXGL Background Thread 2 ] DEBUG Engine               - isDesktop: true
02:08:51.029 [FXGL Background Thread 2 ] DEBUG Engine               - isDeveloperMenuEnabled: false
02:08:51.029 [FXGL Background Thread 2 ] DEBUG Engine               - isEntityPreloadEnabled: true
02:08:51.029 [FXGL Background Thread 2 ] DEBUG Engine               - isExperimentalNative: false
02:08:51.029 [FXGL Background Thread 2 ] DEBUG Engine               - isExperimentalTiledLargeMap: false
02:08:51.029 [FXGL Background Thread 2 ] DEBUG Engine               - isFileSystemWriteAllowed: true
02:08:51.029 [FXGL Background Thread 2 ] DEBUG Engine               - isFullScreenAllowed: false
02:08:51.029 [FXGL Background Thread 2 ] DEBUG Engine               - isFullScreenFromStart: false
02:08:51.029 [FXGL Background Thread 2 ] DEBUG Engine               - isGameMenuEnabled: true
02:08:51.029 [FXGL Background Thread 2 ] DEBUG Engine               - isIOS: false
02:08:51.029 [FXGL Background Thread 2 ] DEBUG Engine               - isIntroEnabled: false
02:08:51.029 [FXGL Background Thread 2 ] DEBUG Engine               - isLinux: false
02:08:51.029 [FXGL Background Thread 2 ] DEBUG Engine               - isMac: false
02:08:51.029 [FXGL Background Thread 2 ] DEBUG Engine               - isMainMenuEnabled: true
02:08:51.030 [FXGL Background Thread 2 ] DEBUG Engine               - isManualResizeEnabled: false
02:08:51.030 [FXGL Background Thread 2 ] DEBUG Engine               - isMobile: false
02:08:51.030 [FXGL Background Thread 2 ] DEBUG Engine               - isPreserveResizeRatio: false
02:08:51.030 [FXGL Background Thread 2 ] DEBUG Engine               - isProfilingEnabled: false
02:08:51.030 [FXGL Background Thread 2 ] DEBUG Engine               - isSingleStep: false
02:08:51.030 [FXGL Background Thread 2 ] DEBUG Engine               - isUserProfileEnabled: false
02:08:51.030 [FXGL Background Thread 2 ] DEBUG Engine               - isWindows: true
02:08:51.030 [FXGL Background Thread 2 ] DEBUG Engine               - language: ObjectProperty [value: ENGLISH]
02:08:51.030 [FXGL Background Thread 2 ] DEBUG Engine               - menuKey: ESCAPE
02:08:51.030 [FXGL Background Thread 2 ] DEBUG Engine               - notificationViewClass: class com.almasb.fxgl.notification.view.XboxNotificationView
02:08:51.030 [FXGL Background Thread 2 ] DEBUG Engine               - pixelsPerMeter: 50.0
02:08:51.030 [FXGL Background Thread 2 ] DEBUG Engine               - platform: WINDOWS
02:08:51.030 [FXGL Background Thread 2 ] DEBUG Engine               - profileDir: profiles/
02:08:51.030 [FXGL Background Thread 2 ] DEBUG Engine               - profileName: StringProperty [value: DEFAULT]
02:08:51.030 [FXGL Background Thread 2 ] DEBUG Engine               - randomSeed: -1
02:08:51.031 [FXGL Background Thread 2 ] DEBUG Engine               - runtimeInfo: RuntimeInfo(platform=WINDOWS, version=11.11, build=08.09.2020 18.00)
02:08:51.031 [FXGL Background Thread 2 ] DEBUG Engine               - saveFileExt: sav
02:08:51.031 [FXGL Background Thread 2 ] DEBUG Engine               - sceneFactory: com.almasb.fxgl.app.scene.SceneFactory@32e8a660
02:08:51.031 [FXGL Background Thread 2 ] DEBUG Engine               - secondsIn24h: 60
02:08:51.031 [FXGL Background Thread 2 ] DEBUG Engine               - soundMenuBack: menu/back.wav
02:08:51.031 [FXGL Background Thread 2 ] DEBUG Engine               - soundMenuPress: menu/press.wav
02:08:51.031 [FXGL Background Thread 2 ] DEBUG Engine               - soundMenuSelect: menu/select.wav
02:08:51.031 [FXGL Background Thread 2 ] DEBUG Engine               - soundNotification: core/notification.wav
02:08:51.031 [FXGL Background Thread 2 ] DEBUG Engine               - stageStyle: DECORATED
02:08:51.031 [FXGL Background Thread 2 ] DEBUG Engine               - supportedLanguages: [ENGLISH, FRENCH, GERMAN, HUNGARIAN, RUSSIAN]
02:08:51.031 [FXGL Background Thread 2 ] DEBUG Engine               - title: IntelliGame
02:08:51.031 [FXGL Background Thread 2 ] DEBUG Engine               - urlGithub: https://github.com/AlmasB/FXGL
02:08:51.031 [FXGL Background Thread 2 ] DEBUG Engine               - urlLeaderboard: http://fxgl-top.herokuapp.com/
02:08:51.031 [FXGL Background Thread 2 ] DEBUG Engine               - urlPOM: https://raw.githubusercontent.com/AlmasB/FXGL/master/pom.xml
02:08:51.031 [FXGL Background Thread 2 ] DEBUG Engine               - version: 1.0(呕心沥血)
02:08:51.031 [FXGL Background Thread 2 ] DEBUG Engine               - versionCheckDays: 7
02:08:51.031 [FXGL Background Thread 2 ] DEBUG Engine               - width: 896
02:08:51.031 [FXGL Background Thread 2 ] DEBUG Engine               - Logging services
02:08:51.031 [FXGL Background Thread 2 ] DEBUG Engine               - class com.almasb.fxgl.app.FXGLApplication$GameApplicationService
02:08:51.032 [FXGL Background Thread 2 ] DEBUG Engine               - class com.almasb.fxgl.app.services.FXGLDialogService
02:08:51.032 [FXGL Background Thread 2 ] DEBUG Engine               - class com.almasb.fxgl.app.services.IOTaskExecutorService
02:08:51.032 [FXGL Background Thread 2 ] DEBUG Engine               - class com.almasb.fxgl.event.EventBusService
02:08:51.032 [FXGL Background Thread 2 ] DEBUG Engine               - class com.almasb.fxgl.io.FileSystemService
02:08:51.032 [FXGL Background Thread 2 ] DEBUG Engine               - class com.almasb.fxgl.localization.LocalizationService
02:08:51.032 [FXGL Background Thread 2 ] DEBUG Engine               - class com.almasb.fxgl.app.services.FXGLAssetLoaderService
02:08:51.032 [FXGL Background Thread 2 ] DEBUG Engine               - class com.almasb.fxgl.app.services.SystemBundleService
02:08:51.032 [FXGL Background Thread 2 ] DEBUG Engine               - class com.almasb.fxgl.profile.SaveLoadService
02:08:51.032 [FXGL Background Thread 2 ] DEBUG Engine               - class com.almasb.fxgl.ui.FXGLUIFactoryServiceProvider
02:08:51.032 [FXGL Background Thread 2 ] DEBUG Engine               - class com.almasb.fxgl.ui.FXGLDialogFactoryServiceProvider
02:08:51.032 [FXGL Background Thread 2 ] DEBUG Engine               - class com.almasb.fxgl.audio.AudioPlayer
02:08:51.032 [FXGL Background Thread 2 ] DEBUG Engine               - class com.almasb.fxgl.notification.impl.NotificationServiceProvider
02:08:51.032 [FXGL Background Thread 2 ] DEBUG Engine               - class com.almasb.fxgl.achievement.AchievementService
02:08:51.032 [FXGL Background Thread 2 ] DEBUG Engine               - class com.almasb.fxgl.cutscene.CutsceneService
02:08:51.032 [FXGL Background Thread 2 ] DEBUG Engine               - class com.almasb.fxgl.minigames.MiniGameService
02:08:51.032 [FXGL Background Thread 2 ] DEBUG Engine               - class com.almasb.fxgl.net.NetService
02:08:51.032 [FXGL Background Thread 2 ] DEBUG Engine               - class com.almasb.fxgl.app.services.UpdaterService
02:08:51.032 [FXGL Background Thread 2 ] DEBUG Engine               - class com.almasb.fxgl.dev.DevService
02:08:51.581 [JavaFX Application Thread] DEBUG FXGLApplication      - Exiting FXGL
02:08:51.581 [JavaFX Application Thread] DEBUG LoopRunner           - Stopping loop
02:08:51.581 [JavaFX Application Thread] DEBUG SystemBundleService  - Saving FXGL system data
02:08:51.583 [JavaFX Application Thread] DEBUG FileSystemAccess     - Writing to: C:\Users\nIck_\Desktop\IntelliGame\system\fxgl.bundle
02:08:51.584 [JavaFX Application Thread] DEBUG Async                - Shutting down background threads
02:08:51.584 [JavaFX Application Thread] DEBUG MainWindow           - Closing main window
02:08:51.592 [JavaFX Application Thread] DEBUG Logger               - Closing Logger
