01:27:03.132 [main                     ] DEBUG Logger               - Configured Logger
01:27:03.153 [main                     ] DEBUG GameApplication      - Logging settings
Title: IntelliGame
Version: 1.0(呕心沥血)
Width: 896
Height: 896
Fullscreen: false
Intro: false
Profiling: false
Single step:false
App Mode: RELEASE
Menu Key: ESCAPE
Stage Style: DECORATED
Scene Factory: class com.almasb.fxgl.app.scene.SceneFactory

01:27:03.527 [JavaFX Application Thread] DEBUG FXGLApplication      - Initializing FXGL
01:27:03.543 [JavaFX Application Thread] INFO  Engine               - FXGL-11.11 (08.09.2020 18.00) on WINDOWS (J:11.0.7 FX:11.0.2)
01:27:03.543 [JavaFX Application Thread] DEBUG Engine               - JRE Vendor Name: Oracle Corporation
01:27:03.543 [JavaFX Application Thread] DEBUG Engine               - Running on OS: Windows 10 version 10.0
01:27:03.544 [JavaFX Application Thread] DEBUG Engine               - Architecture: amd64
01:27:03.544 [JavaFX Application Thread] INFO  Engine               - Source code and latest versions at: https://github.com/AlmasB/FXGL
01:27:03.544 [JavaFX Application Thread] INFO  Engine               -              Join the FXGL chat at: https://gitter.im/AlmasB/FXGL
01:27:03.662 [JavaFX Application Thread] DEBUG MainWindow           - Creating a JavaFX scene
01:27:03.727 [JavaFX Application Thread] DEBUG MainWindow           - Target settings size: 896.0 x 896.0
01:27:03.727 [JavaFX Application Thread] DEBUG MainWindow           - Scaled scene size:    896.0 x 896.0
01:27:03.727 [JavaFX Application Thread] DEBUG MainWindow           - Scaled ratio: (1.0, 1.0)
01:27:03.728 [JavaFX Application Thread] DEBUG MainWindow           - Set initial scene to StartupScene
01:27:03.736 [JavaFX Application Thread] DEBUG MainWindow           - Opening main window
01:27:03.837 [JavaFX Application Thread] DEBUG MainWindow           - Window border size: (16.0, 39.0)
01:27:03.838 [JavaFX Application Thread] DEBUG MainWindow           - Scaled size: 896.0 x 896.0
01:27:03.838 [JavaFX Application Thread] DEBUG MainWindow           - Scaled ratio: (1.0, 1.0)
01:27:03.838 [JavaFX Application Thread] DEBUG MainWindow           - Scene size: 896.0 x 896.0
01:27:03.838 [JavaFX Application Thread] DEBUG MainWindow           - Stage size: 912.0 x 935.0
01:27:03.847 [FXGL Background Thread 1 ] DEBUG Engine               - Initializing environment variables
01:27:03.890 [FXGL Background Thread 1 ] DEBUG GameApplicationServi - Applying CSS: fxgl_dark.css
01:27:03.891 [FXGL Background Thread 1 ] DEBUG FXGLAssetLoaderServi - Loading from file system: /assets/ui/css/fxgl_dark.css
01:27:03.953 [FXGL Background Thread 1 ] DEBUG GameApplicationServi - Initializing application scenes
01:27:04.019 [FXGL Background Thread 1 ] DEBUG GameWorld            - Game world initialized
01:27:04.087 [FXGL Background Thread 1 ] DEBUG PhysicsWorld         - Physics world initialized: appHeight=896, physics.ppm=50.0
01:27:04.089 [FXGL Background Thread 1 ] DEBUG GameScene            - Game scene initialized: 896x896
01:27:04.122 [FXGL Background Thread 1 ] DEBUG FXGLAssetLoaderServi - Loading from file system: /assets/textures/particles/trace_horizontal.png
01:27:04.183 [FXGL Background Thread 1 ] DEBUG FXGL.DefaultMenu     - createMenuBodyMainMenu()
01:27:04.205 [FXGL Background Thread 1 ] DEBUG FXGL.DefaultMenu     - createOptionsMenu()
01:27:04.212 [FXGL Background Thread 1 ] DEBUG FXGL.DefaultMenu     - createExtraMenu()
01:27:04.217 [FXGL Background Thread 1 ] DEBUG FXGLAssetLoaderServi - Loading from file system: /assets/textures/particles/smoke.png
01:27:04.270 [FXGL Background Thread 1 ] DEBUG FXGLAssetLoaderServi - Loading from cache: /assets/textures/particles/trace_horizontal.png@64.0x64.0
01:27:04.271 [FXGL Background Thread 1 ] DEBUG FXGL.DefaultMenu     - createMenuBodyGameMenu()
01:27:04.272 [FXGL Background Thread 1 ] DEBUG FXGL.DefaultMenu     - createOptionsMenu()
01:27:04.274 [FXGL Background Thread 1 ] DEBUG FXGL.DefaultMenu     - createExtraMenu()
01:27:04.276 [FXGL Background Thread 1 ] DEBUG FXGLAssetLoaderServi - Loading from cache: /assets/textures/particles/smoke.png@128.0x128.0
01:27:04.287 [FXGL Background Thread 1 ] DEBUG GameApplicationServi - Application scenes initialized
01:27:04.295 [FXGL Background Thread 1 ] DEBUG SystemBundleService  - Loading FXGL system data
01:27:04.299 [FXGL Background Thread 1 ] DEBUG FileSystemAccess     - Reading from: C:\Users\nIck_\Desktop\IntelliGame\system\fxgl.bundle
01:27:04.304 [FXGL Background Thread 1 ] DEBUG SystemBundleService  - Bundle FXGL: {}
01:27:04.307 [FXGL Background Thread 3 ] DEBUG FXGLApplication      - Loading fonts
01:27:04.307 [FXGL Background Thread 3 ] DEBUG FXGLAssetLoaderServi - Loading from file system: /assets/ui/fonts/VarelaRound-Regular.ttf
01:27:04.308 [FXGL Background Thread 1 ] DEBUG FXGLApplication      - Loading default localization
01:27:04.308 [FXGL Background Thread 1 ] DEBUG FXGLAssetLoaderServi - Loading from file system: /assets/languages/english.lang
01:27:04.326 [FXGL Background Thread 1 ] INFO  FXGLApplication      - FXGL initialization took: 0.478 sec
01:27:04.337 [JavaFX Application Thread] DEBUG Input                - Registered new binding: 向左移动 - A
01:27:04.338 [JavaFX Application Thread] DEBUG Input                - Registered new binding: 向上移动 - W
01:27:04.338 [JavaFX Application Thread] DEBUG Input                - Registered new binding: 向右移动 - D
01:27:04.339 [JavaFX Application Thread] DEBUG Input                - Registered new binding: 向下移动 - S
01:27:04.341 [JavaFX Application Thread] DEBUG Input                - Registered new binding: 扔锤子 - LMB
01:27:04.341 [JavaFX Application Thread] DEBUG FXGLAssetLoaderServi - Loading from file system: /assets/music/bgm.mp3
01:27:04.445 [JavaFX Application Thread] DEBUG AudioPlayer          - Playing music com.almasb.fxgl.audio.Music@6e5db13a
01:27:04.447 [JavaFX Application Thread] DEBUG FXGLAssetLoaderServi - Loading from file system: /assets/textures/fxgl_icon.png
01:27:04.469 [JavaFX Application Thread] DEBUG FXGLAssetLoaderServi - Loading from file system: /assets/ui/cursors/fxgl_default.png
01:27:04.472 [JavaFX Application Thread] DEBUG Input                - Registered new binding: Screenshot - P
01:27:04.475 [JavaFX Application Thread] DEBUG LoopRunner           - Starting loop
01:27:04.477 [JavaFX Application Thread] DEBUG Input                - Clearing active input actions
01:27:04.486 [JavaFX Application Thread] DEBUG GameApplicationServi - Removing overlay from StartupScene and adding to FXGLMainMenuDummyScene
01:27:04.487 [JavaFX Application Thread] DEBUG MainWindow           - StartupScene -> FXGLMainMenuDummyScene
01:27:04.487 [JavaFX Application Thread] DEBUG MainWindow           - Push state: FXGLDefaultMenu
01:27:04.492 [JavaFX Application Thread] DEBUG Input                - Clearing active input actions
01:27:04.505 [JavaFX Application Thread] DEBUG GameApplicationServi - Removing overlay from FXGLMainMenuDummyScene and adding to FXGLDefaultMenu
01:27:04.506 [JavaFX Application Thread] DEBUG MainWindow           - FXGLMainMenuDummyScene -> FXGLDefaultMenu
01:27:04.660 [FXGL Background Thread 3 ] DEBUG FXGLAssetLoaderServi - Loading from file system: /assets/ui/fonts/Abel-Regular.ttf
01:27:04.664 [FXGL Background Thread 3 ] DEBUG FXGLAssetLoaderServi - Loading from file system: /assets/ui/fonts/lucida_console.ttf
01:27:04.668 [FXGL Background Thread 3 ] DEBUG FXGLAssetLoaderServi - Loading from file system: /assets/ui/fonts/Courier-Prime.ttf
01:27:04.672 [JavaFX Application Thread] DEBUG FXGLApplication      - Registering font factories with UI factory
01:27:05.566 [JavaFX Application Thread] DEBUG Menu                 - fireNewGame()
01:27:05.566 [JavaFX Application Thread] DEBUG GameApplicationServi - Starting new game
01:27:05.567 [JavaFX Application Thread] DEBUG MainWindow           - Pop state: FXGLDefaultMenu
01:27:05.568 [JavaFX Application Thread] DEBUG Input                - Clearing active input actions
01:27:05.568 [JavaFX Application Thread] DEBUG GameApplicationServi - Removing overlay from FXGLDefaultMenu and adding to FXGLMainMenuDummyScene
01:27:05.569 [JavaFX Application Thread] DEBUG MainWindow           - FXGLMainMenuDummyScene <- FXGLDefaultMenu
01:27:05.569 [JavaFX Application Thread] DEBUG Input                - Clearing active input actions
01:27:05.576 [JavaFX Application Thread] DEBUG GameApplicationServi - Removing overlay from FXGLMainMenuDummyScene and adding to FXGLLoadingScene
01:27:05.577 [JavaFX Application Thread] DEBUG MainWindow           - FXGLMainMenuDummyScene -> FXGLLoadingScene
01:27:05.577 [JavaFX Application Thread] DEBUG GameApplicationServi - Clearing previous game
01:27:05.577 [JavaFX Application Thread] DEBUG GameScene            - Clearing game scene
01:27:05.577 [JavaFX Application Thread] DEBUG GameWorld            - Clearing game world
01:27:05.577 [JavaFX Application Thread] DEBUG PhysicsWorld         - Clearing physics world
01:27:05.578 [FXGL Background Thread 3 ] DEBUG FXGLApplication      - Initializing game
01:27:05.589 [FXGL Background Thread 3 ] DEBUG FXGLAssetLoaderServi - Loading from file system: /assets/textures/background/background.jpg
01:27:05.704 [FXGL Background Thread 3 ] DEBUG FXGLAssetLoaderServi - Loading from file system: /assets/textures/home.png
01:27:05.742 [FXGL Background Thread 3 ] DEBUG FXGLAssetLoaderServi - Loading from cache: /assets/textures/home.png@88.0x88.0
01:27:05.753 [FXGL Background Thread 3 ] DEBUG FXGLAssetLoaderServi - Loading from cache: /assets/textures/home.png@88.0x88.0
01:27:05.760 [FXGL Background Thread 3 ] DEBUG FXGLAssetLoaderServi - Loading from cache: /assets/textures/home.png@88.0x88.0
01:27:05.768 [FXGL Background Thread 3 ] DEBUG FXGLAssetLoaderServi - Loading from cache: /assets/textures/home.png@88.0x88.0
01:27:05.775 [FXGL Background Thread 3 ] DEBUG FXGLAssetLoaderServi - Loading from cache: /assets/textures/home.png@88.0x88.0
01:27:05.781 [FXGL Background Thread 3 ] DEBUG FXGLAssetLoaderServi - Loading from cache: /assets/textures/home.png@88.0x88.0
01:27:05.795 [FXGL Background Thread 3 ] DEBUG FXGLAssetLoaderServi - Loading from file system: /assets/textures/player.png
01:27:05.830 [FXGL Background Thread 3 ] DEBUG FXGLAssetLoaderServi - Loading from file system: /assets/ui/main.fxml
01:27:05.872 [FXGL Background Thread 3 ] WARN  FXGLAssetLoaderServi - Failed to load FXML main.fxml Error: javafx.fxml.LoadException: 
unknown path:13

01:27:05.872 [FXGL Background Thread 3 ] WARN  FXGLAssetLoaderServi - Failed to load UI, so controller.init() will not be called
01:27:05.876 [FXGL Background Thread 3 ] DEBUG FXGLAssetLoaderServi - Loading from file system: /assets/textures/life.png
01:27:05.877 [FXGL Background Thread 3 ] DEBUG FXGLAssetLoaderServi - Loading from cache: /assets/textures/life.png@32.0x42.0
01:27:05.877 [FXGL Background Thread 3 ] DEBUG FXGLAssetLoaderServi - Loading from cache: /assets/textures/life.png@32.0x42.0
01:27:05.878 [FXGL Background Thread 3 ] DEBUG FXGLAssetLoaderServi - Loading from file system: /assets/textures/houselife.png
01:27:05.883 [FXGL Background Thread 3 ] DEBUG FXGLAssetLoaderServi - Loading from cache: /assets/textures/houselife.png@32.0x32.0
01:27:05.883 [FXGL Background Thread 3 ] DEBUG FXGLAssetLoaderServi - Loading from cache: /assets/textures/houselife.png@32.0x32.0
01:27:05.883 [FXGL Background Thread 3 ] DEBUG FXGLAssetLoaderServi - Loading from cache: /assets/textures/houselife.png@32.0x32.0
01:27:05.883 [FXGL Background Thread 3 ] DEBUG FXGLAssetLoaderServi - Loading from cache: /assets/textures/houselife.png@32.0x32.0
01:27:05.884 [FXGL Background Thread 3 ] INFO  FXGLApplication      - Game initialization took: 0.306 sec
01:27:05.884 [JavaFX Application Thread] DEBUG Input                - Clearing active input actions
01:27:05.889 [JavaFX Application Thread] DEBUG GameApplicationServi - Removing overlay from FXGLLoadingScene and adding to GameScene
01:27:05.890 [JavaFX Application Thread] DEBUG MainWindow           - FXGLLoadingScene -> GameScene
01:27:07.230 [JavaFX Application Thread] DEBUG FXGLApplication      - Exiting FXGL
01:27:07.230 [JavaFX Application Thread] DEBUG LoopRunner           - Stopping loop
01:27:07.231 [JavaFX Application Thread] DEBUG SystemBundleService  - Saving FXGL system data
01:27:07.232 [JavaFX Application Thread] DEBUG FileSystemAccess     - Writing to: C:\Users\nIck_\Desktop\IntelliGame\system\fxgl.bundle
01:27:07.233 [JavaFX Application Thread] DEBUG Async                - Shutting down background threads
01:27:07.234 [JavaFX Application Thread] DEBUG MainWindow           - Closing main window
01:27:07.247 [JavaFX Application Thread] DEBUG Logger               - Closing Logger
