22:34:33.006 [main                     ] DEBUG Logger               - Configured Logger
22:34:33.028 [main                     ] DEBUG GameApplication      - Logging settings
Title: IntelliGame
Version: 1.0(呕心沥血)
Width: 896
Height: 896
Fullscreen: false
Intro: false
Profiling: false
Single step:false
App Mode: RELEASE
Menu Key: ESCAPE
Stage Style: DECORATED
Scene Factory: class com.almasb.fxgl.app.scene.SceneFactory

22:34:33.388 [JavaFX Application Thread] DEBUG FXGLApplication      - Initializing FXGL
22:34:33.400 [JavaFX Application Thread] INFO  Engine               - FXGL-11.11 (08.09.2020 18.00) on WINDOWS (J:11.0.7 FX:11.0.2)
22:34:33.400 [JavaFX Application Thread] DEBUG Engine               - JRE Vendor Name: Oracle Corporation
22:34:33.400 [JavaFX Application Thread] DEBUG Engine               - Running on OS: Windows 10 version 10.0
22:34:33.400 [JavaFX Application Thread] DEBUG Engine               - Architecture: amd64
22:34:33.400 [JavaFX Application Thread] INFO  Engine               - Source code and latest versions at: https://github.com/AlmasB/FXGL
22:34:33.400 [JavaFX Application Thread] INFO  Engine               -              Join the FXGL chat at: https://gitter.im/AlmasB/FXGL
22:34:33.512 [JavaFX Application Thread] DEBUG MainWindow           - Creating a JavaFX scene
22:34:33.572 [JavaFX Application Thread] DEBUG MainWindow           - Target settings size: 896.0 x 896.0
22:34:33.572 [JavaFX Application Thread] DEBUG MainWindow           - Scaled scene size:    896.0 x 896.0
22:34:33.572 [JavaFX Application Thread] DEBUG MainWindow           - Scaled ratio: (1.0, 1.0)
22:34:33.573 [JavaFX Application Thread] DEBUG MainWindow           - Set initial scene to StartupScene
22:34:33.582 [JavaFX Application Thread] DEBUG MainWindow           - Opening main window
22:34:33.693 [JavaFX Application Thread] DEBUG MainWindow           - Window border size: (16.0, 39.0)
22:34:33.694 [JavaFX Application Thread] DEBUG MainWindow           - Scaled size: 896.0 x 896.0
22:34:33.694 [JavaFX Application Thread] DEBUG MainWindow           - Scaled ratio: (1.0, 1.0)
22:34:33.694 [JavaFX Application Thread] DEBUG MainWindow           - Scene size: 896.0 x 896.0
22:34:33.694 [JavaFX Application Thread] DEBUG MainWindow           - Stage size: 912.0 x 935.0
22:34:33.706 [FXGL Background Thread 1 ] DEBUG Engine               - Initializing environment variables
22:34:33.752 [FXGL Background Thread 1 ] DEBUG GameApplicationServi - Applying CSS: fxgl_dark.css
22:34:33.753 [FXGL Background Thread 1 ] DEBUG FXGLAssetLoaderServi - Loading from file system: /assets/ui/css/fxgl_dark.css
22:34:33.831 [FXGL Background Thread 1 ] DEBUG GameApplicationServi - Initializing application scenes
22:34:33.908 [FXGL Background Thread 1 ] DEBUG GameWorld            - Game world initialized
22:34:33.979 [FXGL Background Thread 1 ] DEBUG PhysicsWorld         - Physics world initialized: appHeight=896, physics.ppm=50.0
22:34:33.981 [FXGL Background Thread 1 ] DEBUG GameScene            - Game scene initialized: 896x896
22:34:34.016 [FXGL Background Thread 1 ] DEBUG FXGLAssetLoaderServi - Loading from file system: /assets/textures/particles/trace_horizontal.png
22:34:34.077 [FXGL Background Thread 1 ] DEBUG FXGL.DefaultMenu     - createMenuBodyMainMenu()
22:34:34.095 [FXGL Background Thread 1 ] DEBUG FXGL.DefaultMenu     - createOptionsMenu()
22:34:34.099 [FXGL Background Thread 1 ] DEBUG FXGL.DefaultMenu     - createExtraMenu()
22:34:34.102 [FXGL Background Thread 1 ] DEBUG FXGLAssetLoaderServi - Loading from file system: /assets/textures/particles/smoke.png
22:34:34.171 [FXGL Background Thread 1 ] DEBUG FXGLAssetLoaderServi - Loading from cache: /assets/textures/particles/trace_horizontal.png@64.0x64.0
22:34:34.172 [FXGL Background Thread 1 ] DEBUG FXGL.DefaultMenu     - createMenuBodyGameMenu()
22:34:34.173 [FXGL Background Thread 1 ] DEBUG FXGL.DefaultMenu     - createOptionsMenu()
22:34:34.175 [FXGL Background Thread 1 ] DEBUG FXGL.DefaultMenu     - createExtraMenu()
22:34:34.177 [FXGL Background Thread 1 ] DEBUG FXGLAssetLoaderServi - Loading from cache: /assets/textures/particles/smoke.png@128.0x128.0
22:34:34.197 [FXGL Background Thread 1 ] DEBUG GameApplicationServi - Application scenes initialized
22:34:34.210 [FXGL Background Thread 1 ] DEBUG SystemBundleService  - Loading FXGL system data
22:34:34.213 [FXGL Background Thread 1 ] DEBUG FileSystemAccess     - Reading from: C:\Users\nIck_\Desktop\IntelliGame\system\fxgl.bundle
22:34:34.217 [FXGL Background Thread 1 ] DEBUG SystemBundleService  - Bundle FXGL: {}
22:34:34.219 [FXGL Background Thread 3 ] DEBUG FXGLApplication      - Loading fonts
22:34:34.220 [FXGL Background Thread 3 ] DEBUG FXGLAssetLoaderServi - Loading from file system: /assets/ui/fonts/VarelaRound-Regular.ttf
22:34:34.220 [FXGL Background Thread 1 ] DEBUG FXGLApplication      - Loading default localization
22:34:34.220 [FXGL Background Thread 1 ] DEBUG FXGLAssetLoaderServi - Loading from file system: /assets/languages/english.lang
22:34:34.236 [FXGL Background Thread 1 ] INFO  FXGLApplication      - FXGL initialization took: 0.529 sec
22:34:34.248 [JavaFX Application Thread] DEBUG Input                - Registered new binding: 向左移动 - A
22:34:34.248 [JavaFX Application Thread] DEBUG Input                - Registered new binding: 向上移动 - W
22:34:34.249 [JavaFX Application Thread] DEBUG Input                - Registered new binding: 向右移动 - D
22:34:34.249 [JavaFX Application Thread] DEBUG Input                - Registered new binding: 向下移动 - S
22:34:34.251 [JavaFX Application Thread] DEBUG Input                - Registered new binding: 扔锤子 - LMB
22:34:34.252 [JavaFX Application Thread] DEBUG FXGLAssetLoaderServi - Loading from file system: /assets/music/bgm.mp3
22:34:34.357 [JavaFX Application Thread] DEBUG AudioPlayer          - Playing music com.almasb.fxgl.audio.Music@1012d4dc
22:34:34.359 [JavaFX Application Thread] DEBUG FXGLAssetLoaderServi - Loading from file system: /assets/textures/fxgl_icon.png
22:34:34.379 [JavaFX Application Thread] DEBUG FXGLAssetLoaderServi - Loading from file system: /assets/ui/cursors/fxgl_default.png
22:34:34.382 [JavaFX Application Thread] DEBUG Input                - Registered new binding: Screenshot - P
22:34:34.384 [JavaFX Application Thread] DEBUG LoopRunner           - Starting loop
22:34:34.386 [JavaFX Application Thread] DEBUG Input                - Clearing active input actions
22:34:34.395 [JavaFX Application Thread] DEBUG GameApplicationServi - Removing overlay from StartupScene and adding to FXGLMainMenuDummyScene
22:34:34.395 [JavaFX Application Thread] DEBUG MainWindow           - StartupScene -> FXGLMainMenuDummyScene
22:34:34.395 [JavaFX Application Thread] DEBUG MainWindow           - Push state: FXGLDefaultMenu
22:34:34.401 [JavaFX Application Thread] DEBUG Input                - Clearing active input actions
22:34:34.414 [JavaFX Application Thread] DEBUG GameApplicationServi - Removing overlay from FXGLMainMenuDummyScene and adding to FXGLDefaultMenu
22:34:34.414 [JavaFX Application Thread] DEBUG MainWindow           - FXGLMainMenuDummyScene -> FXGLDefaultMenu
22:34:34.546 [FXGL Background Thread 3 ] DEBUG FXGLAssetLoaderServi - Loading from file system: /assets/ui/fonts/Abel-Regular.ttf
22:34:34.550 [FXGL Background Thread 3 ] DEBUG FXGLAssetLoaderServi - Loading from file system: /assets/ui/fonts/lucida_console.ttf
22:34:34.555 [FXGL Background Thread 3 ] DEBUG FXGLAssetLoaderServi - Loading from file system: /assets/ui/fonts/Courier-Prime.ttf
22:34:34.560 [JavaFX Application Thread] DEBUG FXGLApplication      - Registering font factories with UI factory
22:34:35.853 [JavaFX Application Thread] DEBUG Menu                 - fireNewGame()
22:34:35.853 [JavaFX Application Thread] DEBUG GameApplicationServi - Starting new game
22:34:35.854 [JavaFX Application Thread] DEBUG MainWindow           - Pop state: FXGLDefaultMenu
22:34:35.854 [JavaFX Application Thread] DEBUG Input                - Clearing active input actions
22:34:35.855 [JavaFX Application Thread] DEBUG GameApplicationServi - Removing overlay from FXGLDefaultMenu and adding to FXGLMainMenuDummyScene
22:34:35.855 [JavaFX Application Thread] DEBUG MainWindow           - FXGLMainMenuDummyScene <- FXGLDefaultMenu
22:34:35.856 [JavaFX Application Thread] DEBUG Input                - Clearing active input actions
22:34:35.862 [JavaFX Application Thread] DEBUG GameApplicationServi - Removing overlay from FXGLMainMenuDummyScene and adding to FXGLLoadingScene
22:34:35.862 [JavaFX Application Thread] DEBUG MainWindow           - FXGLMainMenuDummyScene -> FXGLLoadingScene
22:34:35.862 [JavaFX Application Thread] DEBUG GameApplicationServi - Clearing previous game
22:34:35.862 [JavaFX Application Thread] DEBUG GameScene            - Clearing game scene
22:34:35.862 [JavaFX Application Thread] DEBUG GameWorld            - Clearing game world
22:34:35.863 [JavaFX Application Thread] DEBUG PhysicsWorld         - Clearing physics world
22:34:35.864 [FXGL Background Thread 3 ] DEBUG FXGLApplication      - Initializing game
22:34:35.874 [FXGL Background Thread 3 ] DEBUG FXGLAssetLoaderServi - Loading from file system: /assets/textures/background/background.jpg
22:34:35.993 [FXGL Background Thread 3 ] DEBUG FXGLAssetLoaderServi - Loading from file system: /assets/textures/home.png
22:34:36.029 [FXGL Background Thread 3 ] DEBUG FXGLAssetLoaderServi - Loading from cache: /assets/textures/home.png@88.0x88.0
22:34:36.041 [FXGL Background Thread 3 ] DEBUG FXGLAssetLoaderServi - Loading from cache: /assets/textures/home.png@88.0x88.0
22:34:36.054 [FXGL Background Thread 3 ] DEBUG FXGLAssetLoaderServi - Loading from cache: /assets/textures/home.png@88.0x88.0
22:34:36.061 [FXGL Background Thread 3 ] DEBUG FXGLAssetLoaderServi - Loading from cache: /assets/textures/home.png@88.0x88.0
22:34:36.068 [FXGL Background Thread 3 ] DEBUG FXGLAssetLoaderServi - Loading from cache: /assets/textures/home.png@88.0x88.0
22:34:36.075 [FXGL Background Thread 3 ] DEBUG FXGLAssetLoaderServi - Loading from cache: /assets/textures/home.png@88.0x88.0
22:34:36.081 [FXGL Background Thread 3 ] DEBUG FXGLAssetLoaderServi - Loading from file system: /assets/textures/player.png
22:34:36.110 [FXGL Background Thread 3 ] DEBUG FXGLAssetLoaderServi - Loading from file system: /assets/ui/main.fxml
22:34:36.168 [FXGL Background Thread 3 ] DEBUG FXGLAssetLoaderServi - Loading from file system: /assets/textures/life.png
22:34:36.170 [FXGL Background Thread 3 ] DEBUG FXGLAssetLoaderServi - Loading from cache: /assets/textures/life.png@32.0x42.0
22:34:36.170 [FXGL Background Thread 3 ] DEBUG FXGLAssetLoaderServi - Loading from cache: /assets/textures/life.png@32.0x42.0
22:34:36.170 [FXGL Background Thread 3 ] DEBUG FXGLAssetLoaderServi - Loading from file system: /assets/textures/houselife.png
22:34:36.176 [FXGL Background Thread 3 ] DEBUG FXGLAssetLoaderServi - Loading from cache: /assets/textures/houselife.png@32.0x32.0
22:34:36.176 [FXGL Background Thread 3 ] DEBUG FXGLAssetLoaderServi - Loading from cache: /assets/textures/houselife.png@32.0x32.0
22:34:36.176 [FXGL Background Thread 3 ] DEBUG FXGLAssetLoaderServi - Loading from cache: /assets/textures/houselife.png@32.0x32.0
22:34:36.177 [FXGL Background Thread 3 ] DEBUG FXGLAssetLoaderServi - Loading from cache: /assets/textures/houselife.png@32.0x32.0
22:34:36.177 [FXGL Background Thread 3 ] INFO  FXGLApplication      - Game initialization took: 0.314 sec
22:34:36.178 [JavaFX Application Thread] DEBUG Input                - Clearing active input actions
22:34:36.185 [JavaFX Application Thread] DEBUG GameApplicationServi - Removing overlay from FXGLLoadingScene and adding to GameScene
22:34:36.186 [JavaFX Application Thread] DEBUG MainWindow           - FXGLLoadingScene -> GameScene
22:34:36.506 [JavaFX Application Thread] DEBUG FXGLAssetLoaderServi - Loading from file system: /assets/textures/player.png
22:34:36.789 [JavaFX Application Thread] DEBUG FXGLAssetLoaderServi - Loading from file system: /assets/textures/hammer.png
22:34:36.796 [JavaFX Application Thread] DEBUG FXGLAssetLoaderServi - Loading from file system: /assets/sounds/shoot.wav
22:34:37.003 [JavaFX Application Thread] DEBUG FXGLAssetLoaderServi - Loading from file system: /assets/textures/monster1.png
22:34:37.025 [JavaFX Application Thread] DEBUG FXGLAssetLoaderServi - Loading from cache: /assets/textures/hammer.png@40.0x40.0
22:34:37.027 [JavaFX Application Thread] DEBUG FXGLAssetLoaderServi - Loading from cache: /assets/sounds/shoot.wav
22:34:37.219 [FXGL Background Thread 2 ] DEBUG Engine               - Logging environment variables
22:34:37.219 [FXGL Background Thread 2 ] DEBUG Engine               - achievements: []
22:34:37.219 [FXGL Background Thread 2 ] DEBUG Engine               - appIcon: fxgl_icon.png
22:34:37.219 [FXGL Background Thread 2 ] DEBUG Engine               - applicationMode: RELEASE
22:34:37.220 [FXGL Background Thread 2 ] DEBUG Engine               - cSSList: [fxgl_dark.css]
22:34:37.220 [FXGL Background Thread 2 ] DEBUG Engine               - configClass: Optional.empty
22:34:37.220 [FXGL Background Thread 2 ] DEBUG Engine               - credits: [赵力行, 易金鹏, 张恒锐, 张培祥, 郑伊龙, 李磊, 卢贤哲]
22:34:37.220 [FXGL Background Thread 2 ] DEBUG Engine               - devBBoxColorProperty: ObjectProperty [value: 0xff0000ff]
22:34:37.220 [FXGL Background Thread 2 ] DEBUG Engine               - devEnableDebugCameraProperty: BooleanProperty [value: false]
22:34:37.220 [FXGL Background Thread 2 ] DEBUG Engine               - devSensorColorProperty: ObjectProperty [value: 0xffff00ff]
22:34:37.220 [FXGL Background Thread 2 ] DEBUG Engine               - devShowBBoxProperty: BooleanProperty [value: false]
22:34:37.220 [FXGL Background Thread 2 ] DEBUG Engine               - devShowPositionProperty: BooleanProperty [value: false]
22:34:37.220 [FXGL Background Thread 2 ] DEBUG Engine               - enabledMenuItems: [EXTRA]
22:34:37.220 [FXGL Background Thread 2 ] DEBUG Engine               - engineServices: [class com.almasb.fxgl.app.FXGLApplication$GameApplicationService, class com.almasb.fxgl.app.services.FXGLDialogService, class com.almasb.fxgl.app.services.IOTaskExecutorService, class com.almasb.fxgl.event.EventBusService, class com.almasb.fxgl.io.FileSystemService, class com.almasb.fxgl.localization.LocalizationService, class com.almasb.fxgl.app.services.FXGLAssetLoaderService, class com.almasb.fxgl.app.services.SystemBundleService, class com.almasb.fxgl.profile.SaveLoadService, class com.almasb.fxgl.ui.FXGLUIFactoryServiceProvider, class com.almasb.fxgl.ui.FXGLDialogFactoryServiceProvider, class com.almasb.fxgl.audio.AudioPlayer, class com.almasb.fxgl.notification.impl.NotificationServiceProvider, class com.almasb.fxgl.achievement.AchievementService, class com.almasb.fxgl.cutscene.CutsceneService, class com.almasb.fxgl.minigames.MiniGameService, class com.almasb.fxgl.net.NetService, class com.almasb.fxgl.app.services.UpdaterService, class com.almasb.fxgl.dev.DevService]
22:34:37.221 [FXGL Background Thread 2 ] DEBUG Engine               - fontGame: Abel-Regular.ttf
22:34:37.221 [FXGL Background Thread 2 ] DEBUG Engine               - fontMono: lucida_console.ttf
22:34:37.221 [FXGL Background Thread 2 ] DEBUG Engine               - fontText: Courier-Prime.ttf
22:34:37.221 [FXGL Background Thread 2 ] DEBUG Engine               - fontUI: VarelaRound-Regular.ttf
22:34:37.221 [FXGL Background Thread 2 ] DEBUG Engine               - fullScreen: BooleanProperty [value: false]
22:34:37.221 [FXGL Background Thread 2 ] DEBUG Engine               - gameDifficulty: MEDIUM
22:34:37.221 [FXGL Background Thread 2 ] DEBUG Engine               - gameDifficultyProperty: ObjectProperty [value: MEDIUM]
22:34:37.221 [FXGL Background Thread 2 ] DEBUG Engine               - globalMusicVolume: 0.5
22:34:37.221 [FXGL Background Thread 2 ] DEBUG Engine               - globalMusicVolumeProperty: DoubleProperty [value: 1.0]
22:34:37.221 [FXGL Background Thread 2 ] DEBUG Engine               - globalSoundVolume: 0.5
22:34:37.221 [FXGL Background Thread 2 ] DEBUG Engine               - globalSoundVolumeProperty: DoubleProperty [value: 0.1]
22:34:37.221 [FXGL Background Thread 2 ] DEBUG Engine               - height: 896
22:34:37.221 [FXGL Background Thread 2 ] DEBUG Engine               - isAndroid: false
22:34:37.221 [FXGL Background Thread 2 ] DEBUG Engine               - isBrowser: false
22:34:37.221 [FXGL Background Thread 2 ] DEBUG Engine               - isClickFeedbackEnabled: false
22:34:37.221 [FXGL Background Thread 2 ] DEBUG Engine               - isCloseConfirmation: false
22:34:37.222 [FXGL Background Thread 2 ] DEBUG Engine               - isDesktop: true
22:34:37.222 [FXGL Background Thread 2 ] DEBUG Engine               - isDeveloperMenuEnabled: false
22:34:37.222 [FXGL Background Thread 2 ] DEBUG Engine               - isEntityPreloadEnabled: true
22:34:37.222 [FXGL Background Thread 2 ] DEBUG Engine               - isExperimentalNative: false
22:34:37.222 [FXGL Background Thread 2 ] DEBUG Engine               - isExperimentalTiledLargeMap: false
22:34:37.222 [FXGL Background Thread 2 ] DEBUG Engine               - isFileSystemWriteAllowed: true
22:34:37.222 [FXGL Background Thread 2 ] DEBUG Engine               - isFullScreenAllowed: false
22:34:37.222 [FXGL Background Thread 2 ] DEBUG Engine               - isFullScreenFromStart: false
22:34:37.222 [FXGL Background Thread 2 ] DEBUG Engine               - isGameMenuEnabled: true
22:34:37.222 [FXGL Background Thread 2 ] DEBUG Engine               - isIOS: false
22:34:37.222 [FXGL Background Thread 2 ] DEBUG Engine               - isIntroEnabled: false
22:34:37.222 [FXGL Background Thread 2 ] DEBUG Engine               - isLinux: false
22:34:37.222 [FXGL Background Thread 2 ] DEBUG Engine               - isMac: false
22:34:37.222 [FXGL Background Thread 2 ] DEBUG Engine               - isMainMenuEnabled: true
22:34:37.222 [FXGL Background Thread 2 ] DEBUG Engine               - isManualResizeEnabled: false
22:34:37.222 [FXGL Background Thread 2 ] DEBUG Engine               - isMobile: false
22:34:37.222 [FXGL Background Thread 2 ] DEBUG Engine               - isPreserveResizeRatio: false
22:34:37.222 [FXGL Background Thread 2 ] DEBUG Engine               - isProfilingEnabled: false
22:34:37.222 [FXGL Background Thread 2 ] DEBUG Engine               - isSingleStep: false
22:34:37.222 [FXGL Background Thread 2 ] DEBUG Engine               - isUserProfileEnabled: false
22:34:37.222 [FXGL Background Thread 2 ] DEBUG Engine               - isWindows: true
22:34:37.222 [FXGL Background Thread 2 ] DEBUG Engine               - language: ObjectProperty [value: ENGLISH]
22:34:37.222 [FXGL Background Thread 2 ] DEBUG Engine               - menuKey: ESCAPE
22:34:37.222 [FXGL Background Thread 2 ] DEBUG Engine               - notificationViewClass: class com.almasb.fxgl.notification.view.XboxNotificationView
22:34:37.222 [FXGL Background Thread 2 ] DEBUG Engine               - pixelsPerMeter: 50.0
22:34:37.222 [FXGL Background Thread 2 ] DEBUG Engine               - platform: WINDOWS
22:34:37.223 [FXGL Background Thread 2 ] DEBUG Engine               - profileDir: profiles/
22:34:37.223 [FXGL Background Thread 2 ] DEBUG Engine               - profileName: StringProperty [value: DEFAULT]
22:34:37.223 [FXGL Background Thread 2 ] DEBUG Engine               - randomSeed: -1
22:34:37.223 [FXGL Background Thread 2 ] DEBUG Engine               - runtimeInfo: RuntimeInfo(platform=WINDOWS, version=11.11, build=08.09.2020 18.00)
22:34:37.223 [FXGL Background Thread 2 ] DEBUG Engine               - saveFileExt: sav
22:34:37.223 [FXGL Background Thread 2 ] DEBUG Engine               - sceneFactory: com.almasb.fxgl.app.scene.SceneFactory@3294f90e
22:34:37.223 [FXGL Background Thread 2 ] DEBUG Engine               - secondsIn24h: 60
22:34:37.223 [FXGL Background Thread 2 ] DEBUG Engine               - soundMenuBack: menu/back.wav
22:34:37.223 [FXGL Background Thread 2 ] DEBUG Engine               - soundMenuPress: menu/press.wav
22:34:37.223 [FXGL Background Thread 2 ] DEBUG Engine               - soundMenuSelect: menu/select.wav
22:34:37.223 [FXGL Background Thread 2 ] DEBUG Engine               - soundNotification: core/notification.wav
22:34:37.223 [FXGL Background Thread 2 ] DEBUG Engine               - stageStyle: DECORATED
22:34:37.223 [FXGL Background Thread 2 ] DEBUG Engine               - supportedLanguages: [ENGLISH, FRENCH, GERMAN, HUNGARIAN, RUSSIAN]
22:34:37.223 [FXGL Background Thread 2 ] DEBUG Engine               - title: IntelliGame
22:34:37.223 [FXGL Background Thread 2 ] DEBUG Engine               - urlGithub: https://github.com/AlmasB/FXGL
22:34:37.223 [FXGL Background Thread 2 ] DEBUG Engine               - urlLeaderboard: http://fxgl-top.herokuapp.com/
22:34:37.223 [FXGL Background Thread 2 ] DEBUG Engine               - urlPOM: https://raw.githubusercontent.com/AlmasB/FXGL/master/pom.xml
22:34:37.223 [FXGL Background Thread 2 ] DEBUG Engine               - version: 1.0(呕心沥血)
22:34:37.223 [FXGL Background Thread 2 ] DEBUG Engine               - versionCheckDays: 7
22:34:37.223 [FXGL Background Thread 2 ] DEBUG Engine               - width: 896
22:34:37.224 [FXGL Background Thread 2 ] DEBUG Engine               - Logging services
22:34:37.224 [FXGL Background Thread 2 ] DEBUG Engine               - class com.almasb.fxgl.app.FXGLApplication$GameApplicationService
22:34:37.224 [FXGL Background Thread 2 ] DEBUG Engine               - class com.almasb.fxgl.app.services.FXGLDialogService
22:34:37.224 [FXGL Background Thread 2 ] DEBUG Engine               - class com.almasb.fxgl.app.services.IOTaskExecutorService
22:34:37.224 [FXGL Background Thread 2 ] DEBUG Engine               - class com.almasb.fxgl.event.EventBusService
22:34:37.224 [FXGL Background Thread 2 ] DEBUG Engine               - class com.almasb.fxgl.io.FileSystemService
22:34:37.224 [FXGL Background Thread 2 ] DEBUG Engine               - class com.almasb.fxgl.localization.LocalizationService
22:34:37.224 [FXGL Background Thread 2 ] DEBUG Engine               - class com.almasb.fxgl.app.services.FXGLAssetLoaderService
22:34:37.224 [FXGL Background Thread 2 ] DEBUG Engine               - class com.almasb.fxgl.app.services.SystemBundleService
22:34:37.224 [FXGL Background Thread 2 ] DEBUG Engine               - class com.almasb.fxgl.profile.SaveLoadService
22:34:37.224 [FXGL Background Thread 2 ] DEBUG Engine               - class com.almasb.fxgl.ui.FXGLUIFactoryServiceProvider
22:34:37.224 [FXGL Background Thread 2 ] DEBUG Engine               - class com.almasb.fxgl.ui.FXGLDialogFactoryServiceProvider
22:34:37.224 [FXGL Background Thread 2 ] DEBUG Engine               - class com.almasb.fxgl.audio.AudioPlayer
22:34:37.224 [FXGL Background Thread 2 ] DEBUG Engine               - class com.almasb.fxgl.notification.impl.NotificationServiceProvider
22:34:37.224 [FXGL Background Thread 2 ] DEBUG Engine               - class com.almasb.fxgl.achievement.AchievementService
22:34:37.224 [FXGL Background Thread 2 ] DEBUG Engine               - class com.almasb.fxgl.cutscene.CutsceneService
22:34:37.224 [FXGL Background Thread 2 ] DEBUG Engine               - class com.almasb.fxgl.minigames.MiniGameService
22:34:37.224 [FXGL Background Thread 2 ] DEBUG Engine               - class com.almasb.fxgl.net.NetService
22:34:37.224 [FXGL Background Thread 2 ] DEBUG Engine               - class com.almasb.fxgl.app.services.UpdaterService
22:34:37.224 [FXGL Background Thread 2 ] DEBUG Engine               - class com.almasb.fxgl.dev.DevService
22:34:37.241 [JavaFX Application Thread] DEBUG FXGLAssetLoaderServi - Loading from cache: /assets/textures/hammer.png@40.0x40.0
22:34:37.244 [JavaFX Application Thread] DEBUG FXGLAssetLoaderServi - Loading from cache: /assets/sounds/shoot.wav
22:34:37.457 [JavaFX Application Thread] DEBUG FXGLAssetLoaderServi - Loading from cache: /assets/textures/hammer.png@40.0x40.0
22:34:37.459 [JavaFX Application Thread] DEBUG FXGLAssetLoaderServi - Loading from cache: /assets/sounds/shoot.wav
22:34:37.637 [JavaFX Application Thread] DEBUG FXGLAssetLoaderServi - Loading from file system: /assets/textures/monster3.png
22:34:37.672 [JavaFX Application Thread] DEBUG FXGLAssetLoaderServi - Loading from cache: /assets/textures/hammer.png@40.0x40.0
22:34:37.674 [JavaFX Application Thread] DEBUG FXGLAssetLoaderServi - Loading from cache: /assets/sounds/shoot.wav
22:34:37.882 [JavaFX Application Thread] DEBUG FXGLAssetLoaderServi - Loading from cache: /assets/textures/hammer.png@40.0x40.0
22:34:37.889 [JavaFX Application Thread] DEBUG FXGLAssetLoaderServi - Loading from cache: /assets/sounds/shoot.wav
22:34:38.102 [JavaFX Application Thread] DEBUG FXGLAssetLoaderServi - Loading from cache: /assets/textures/hammer.png@40.0x40.0
22:34:38.105 [JavaFX Application Thread] DEBUG FXGLAssetLoaderServi - Loading from cache: /assets/sounds/shoot.wav
22:34:38.265 [JavaFX Application Thread] DEBUG FXGLAssetLoaderServi - Loading from file system: /assets/textures/monster4.png
22:34:38.314 [JavaFX Application Thread] DEBUG FXGLAssetLoaderServi - Loading from cache: /assets/textures/hammer.png@40.0x40.0
22:34:38.318 [JavaFX Application Thread] DEBUG FXGLAssetLoaderServi - Loading from cache: /assets/sounds/shoot.wav
22:34:38.533 [JavaFX Application Thread] DEBUG FXGLAssetLoaderServi - Loading from cache: /assets/textures/hammer.png@40.0x40.0
22:34:38.535 [JavaFX Application Thread] DEBUG FXGLAssetLoaderServi - Loading from cache: /assets/sounds/shoot.wav
22:34:38.745 [JavaFX Application Thread] DEBUG FXGLAssetLoaderServi - Loading from cache: /assets/textures/hammer.png@40.0x40.0
22:34:38.750 [JavaFX Application Thread] DEBUG FXGLAssetLoaderServi - Loading from cache: /assets/sounds/shoot.wav
22:34:38.901 [JavaFX Application Thread] DEBUG FXGLAssetLoaderServi - Loading from cache: /assets/textures/monster1.png@40.0x40.0
22:34:38.964 [JavaFX Application Thread] DEBUG FXGLAssetLoaderServi - Loading from cache: /assets/textures/hammer.png@40.0x40.0
22:34:38.966 [JavaFX Application Thread] DEBUG FXGLAssetLoaderServi - Loading from cache: /assets/sounds/shoot.wav
22:34:39.178 [JavaFX Application Thread] DEBUG FXGLAssetLoaderServi - Loading from cache: /assets/textures/hammer.png@40.0x40.0
22:34:39.179 [JavaFX Application Thread] DEBUG FXGLAssetLoaderServi - Loading from cache: /assets/sounds/shoot.wav
22:34:39.394 [JavaFX Application Thread] DEBUG FXGLAssetLoaderServi - Loading from cache: /assets/textures/hammer.png@40.0x40.0
22:34:39.395 [JavaFX Application Thread] DEBUG FXGLAssetLoaderServi - Loading from cache: /assets/sounds/shoot.wav
22:34:39.530 [JavaFX Application Thread] DEBUG FXGLAssetLoaderServi - Loading from cache: /assets/textures/monster4.png@40.0x40.0
22:34:39.609 [JavaFX Application Thread] DEBUG FXGLAssetLoaderServi - Loading from cache: /assets/textures/hammer.png@40.0x40.0
22:34:39.611 [JavaFX Application Thread] DEBUG FXGLAssetLoaderServi - Loading from cache: /assets/sounds/shoot.wav
22:34:39.626 [JavaFX Application Thread] DEBUG FXGLAssetLoaderServi - Loading from file system: /assets/sounds/explosion.wav
22:34:39.630 [JavaFX Application Thread] DEBUG FXGLAssetLoaderServi - Loading from file system: /assets/textures/explosion.png
22:34:39.642 [JavaFX Application Thread] DEBUG EventBus             - Firing event: cn.edu.witpt.IntelliGame.event.GameEvent[source=javafx.event.Event$$Lambda$111/0x000000080021fc40@643c4442]
22:34:39.830 [JavaFX Application Thread] DEBUG FXGLAssetLoaderServi - Loading from cache: /assets/textures/hammer.png@40.0x40.0
22:34:39.832 [JavaFX Application Thread] DEBUG FXGLAssetLoaderServi - Loading from cache: /assets/sounds/shoot.wav
22:34:39.832 [JavaFX Application Thread] DEBUG FXGLAssetLoaderServi - Loading from cache: /assets/sounds/explosion.wav
22:34:39.832 [JavaFX Application Thread] DEBUG FXGLAssetLoaderServi - Loading from cache: /assets/textures/explosion.png@1280.0x80.0
22:34:39.833 [JavaFX Application Thread] DEBUG EventBus             - Firing event: cn.edu.witpt.IntelliGame.event.GameEvent[source=javafx.event.Event$$Lambda$111/0x000000080021fc40@643c4442]
22:34:40.039 [JavaFX Application Thread] DEBUG FXGLAssetLoaderServi - Loading from cache: /assets/textures/hammer.png@40.0x40.0
22:34:40.040 [JavaFX Application Thread] DEBUG FXGLAssetLoaderServi - Loading from cache: /assets/sounds/shoot.wav
22:34:40.170 [JavaFX Application Thread] DEBUG FXGLAssetLoaderServi - Loading from cache: /assets/textures/monster4.png@40.0x40.0
22:34:40.247 [JavaFX Application Thread] DEBUG FXGLAssetLoaderServi - Loading from cache: /assets/textures/hammer.png@40.0x40.0
22:34:40.249 [JavaFX Application Thread] DEBUG FXGLAssetLoaderServi - Loading from cache: /assets/sounds/shoot.wav
22:34:40.261 [JavaFX Application Thread] DEBUG FXGLAssetLoaderServi - Loading from cache: /assets/sounds/explosion.wav
22:34:40.262 [JavaFX Application Thread] DEBUG FXGLAssetLoaderServi - Loading from cache: /assets/textures/explosion.png@1280.0x80.0
22:34:40.262 [JavaFX Application Thread] DEBUG EventBus             - Firing event: cn.edu.witpt.IntelliGame.event.GameEvent[source=javafx.event.Event$$Lambda$111/0x000000080021fc40@643c4442]
22:34:40.457 [JavaFX Application Thread] DEBUG FXGLAssetLoaderServi - Loading from cache: /assets/textures/hammer.png@40.0x40.0
22:34:40.459 [JavaFX Application Thread] DEBUG FXGLAssetLoaderServi - Loading from cache: /assets/sounds/shoot.wav
22:34:40.664 [JavaFX Application Thread] DEBUG FXGLAssetLoaderServi - Loading from cache: /assets/textures/hammer.png@40.0x40.0
22:34:40.666 [JavaFX Application Thread] DEBUG FXGLAssetLoaderServi - Loading from cache: /assets/sounds/shoot.wav
22:34:40.693 [JavaFX Application Thread] DEBUG FXGLAssetLoaderServi - Loading from cache: /assets/sounds/explosion.wav
22:34:40.693 [JavaFX Application Thread] DEBUG FXGLAssetLoaderServi - Loading from cache: /assets/textures/explosion.png@1280.0x80.0
22:34:40.693 [JavaFX Application Thread] DEBUG EventBus             - Firing event: cn.edu.witpt.IntelliGame.event.GameEvent[source=javafx.event.Event$$Lambda$111/0x000000080021fc40@643c4442]
22:34:40.793 [JavaFX Application Thread] DEBUG FXGLAssetLoaderServi - Loading from cache: /assets/textures/monster4.png@40.0x40.0
22:34:40.873 [JavaFX Application Thread] DEBUG FXGLAssetLoaderServi - Loading from cache: /assets/textures/hammer.png@40.0x40.0
22:34:40.874 [JavaFX Application Thread] DEBUG FXGLAssetLoaderServi - Loading from cache: /assets/sounds/shoot.wav
22:34:41.081 [JavaFX Application Thread] DEBUG FXGLAssetLoaderServi - Loading from cache: /assets/textures/hammer.png@40.0x40.0
22:34:41.083 [JavaFX Application Thread] DEBUG FXGLAssetLoaderServi - Loading from cache: /assets/sounds/shoot.wav
22:34:41.289 [JavaFX Application Thread] DEBUG FXGLAssetLoaderServi - Loading from cache: /assets/textures/hammer.png@40.0x40.0
22:34:41.290 [JavaFX Application Thread] DEBUG FXGLAssetLoaderServi - Loading from cache: /assets/sounds/shoot.wav
22:34:41.418 [JavaFX Application Thread] DEBUG FXGLAssetLoaderServi - Loading from cache: /assets/textures/monster1.png@40.0x40.0
22:34:41.497 [JavaFX Application Thread] DEBUG FXGLAssetLoaderServi - Loading from cache: /assets/textures/hammer.png@40.0x40.0
22:34:41.498 [JavaFX Application Thread] DEBUG FXGLAssetLoaderServi - Loading from cache: /assets/sounds/shoot.wav
22:34:41.541 [JavaFX Application Thread] DEBUG FXGLAssetLoaderServi - Loading from cache: /assets/sounds/explosion.wav
22:34:41.541 [JavaFX Application Thread] DEBUG FXGLAssetLoaderServi - Loading from cache: /assets/textures/explosion.png@1280.0x80.0
22:34:41.541 [JavaFX Application Thread] DEBUG EventBus             - Firing event: cn.edu.witpt.IntelliGame.event.GameEvent[source=javafx.event.Event$$Lambda$111/0x000000080021fc40@643c4442]
22:34:41.706 [JavaFX Application Thread] DEBUG FXGLAssetLoaderServi - Loading from cache: /assets/textures/hammer.png@40.0x40.0
22:34:41.708 [JavaFX Application Thread] DEBUG FXGLAssetLoaderServi - Loading from cache: /assets/sounds/shoot.wav
22:34:41.914 [JavaFX Application Thread] DEBUG FXGLAssetLoaderServi - Loading from cache: /assets/textures/hammer.png@40.0x40.0
22:34:41.916 [JavaFX Application Thread] DEBUG FXGLAssetLoaderServi - Loading from cache: /assets/sounds/shoot.wav
22:34:42.042 [JavaFX Application Thread] DEBUG FXGLAssetLoaderServi - Loading from cache: /assets/textures/monster3.png@40.0x40.0
22:34:42.122 [JavaFX Application Thread] DEBUG FXGLAssetLoaderServi - Loading from cache: /assets/textures/hammer.png@40.0x40.0
22:34:42.124 [JavaFX Application Thread] DEBUG FXGLAssetLoaderServi - Loading from cache: /assets/sounds/shoot.wav
22:34:42.298 [JavaFX Application Thread] DEBUG FXGLAssetLoaderServi - Loading from cache: /assets/sounds/explosion.wav
22:34:42.298 [JavaFX Application Thread] DEBUG FXGLAssetLoaderServi - Loading from cache: /assets/textures/explosion.png@1280.0x80.0
22:34:42.298 [JavaFX Application Thread] DEBUG EventBus             - Firing event: cn.edu.witpt.IntelliGame.event.GameEvent[source=javafx.event.Event$$Lambda$111/0x000000080021fc40@643c4442]
22:34:42.330 [JavaFX Application Thread] DEBUG FXGLAssetLoaderServi - Loading from cache: /assets/textures/hammer.png@40.0x40.0
22:34:42.331 [JavaFX Application Thread] DEBUG FXGLAssetLoaderServi - Loading from cache: /assets/sounds/shoot.wav
22:34:42.538 [JavaFX Application Thread] DEBUG FXGLAssetLoaderServi - Loading from cache: /assets/textures/hammer.png@40.0x40.0
22:34:42.541 [JavaFX Application Thread] DEBUG FXGLAssetLoaderServi - Loading from cache: /assets/sounds/shoot.wav
22:34:42.672 [JavaFX Application Thread] DEBUG FXGLAssetLoaderServi - Loading from file system: /assets/textures/monster2.png
22:34:42.746 [JavaFX Application Thread] DEBUG FXGLAssetLoaderServi - Loading from cache: /assets/textures/hammer.png@40.0x40.0
22:34:42.749 [JavaFX Application Thread] DEBUG FXGLAssetLoaderServi - Loading from cache: /assets/sounds/shoot.wav
22:34:42.953 [JavaFX Application Thread] DEBUG FXGLAssetLoaderServi - Loading from cache: /assets/textures/hammer.png@40.0x40.0
22:34:42.958 [JavaFX Application Thread] DEBUG FXGLAssetLoaderServi - Loading from cache: /assets/sounds/shoot.wav
22:34:43.172 [JavaFX Application Thread] DEBUG FXGLAssetLoaderServi - Loading from cache: /assets/textures/hammer.png@40.0x40.0
22:34:43.174 [JavaFX Application Thread] DEBUG FXGLAssetLoaderServi - Loading from cache: /assets/sounds/shoot.wav
22:34:43.298 [JavaFX Application Thread] DEBUG FXGLAssetLoaderServi - Loading from cache: /assets/textures/monster1.png@40.0x40.0
22:34:43.386 [JavaFX Application Thread] DEBUG FXGLAssetLoaderServi - Loading from cache: /assets/textures/hammer.png@40.0x40.0
22:34:43.388 [JavaFX Application Thread] DEBUG FXGLAssetLoaderServi - Loading from cache: /assets/sounds/shoot.wav
22:34:43.602 [JavaFX Application Thread] DEBUG FXGLAssetLoaderServi - Loading from cache: /assets/textures/hammer.png@40.0x40.0
22:34:43.604 [JavaFX Application Thread] DEBUG FXGLAssetLoaderServi - Loading from cache: /assets/sounds/shoot.wav
22:34:43.817 [JavaFX Application Thread] DEBUG FXGLAssetLoaderServi - Loading from cache: /assets/textures/hammer.png@40.0x40.0
22:34:43.819 [JavaFX Application Thread] DEBUG FXGLAssetLoaderServi - Loading from cache: /assets/sounds/shoot.wav
22:34:43.860 [JavaFX Application Thread] DEBUG FXGLAssetLoaderServi - Loading from cache: /assets/sounds/explosion.wav
22:34:43.860 [JavaFX Application Thread] DEBUG FXGLAssetLoaderServi - Loading from cache: /assets/textures/explosion.png@1280.0x80.0
22:34:43.860 [JavaFX Application Thread] DEBUG EventBus             - Firing event: cn.edu.witpt.IntelliGame.event.GameEvent[source=javafx.event.Event$$Lambda$111/0x000000080021fc40@643c4442]
22:34:43.928 [JavaFX Application Thread] DEBUG FXGLAssetLoaderServi - Loading from cache: /assets/textures/monster2.png@40.0x40.0
22:34:44.033 [JavaFX Application Thread] DEBUG FXGLAssetLoaderServi - Loading from cache: /assets/textures/hammer.png@40.0x40.0
22:34:44.034 [JavaFX Application Thread] DEBUG FXGLAssetLoaderServi - Loading from cache: /assets/sounds/shoot.wav
22:34:44.248 [JavaFX Application Thread] DEBUG FXGLAssetLoaderServi - Loading from cache: /assets/textures/hammer.png@40.0x40.0
22:34:44.249 [JavaFX Application Thread] DEBUG FXGLAssetLoaderServi - Loading from cache: /assets/sounds/shoot.wav
22:34:44.458 [JavaFX Application Thread] DEBUG FXGLAssetLoaderServi - Loading from cache: /assets/textures/hammer.png@40.0x40.0
22:34:44.464 [JavaFX Application Thread] DEBUG FXGLAssetLoaderServi - Loading from cache: /assets/sounds/shoot.wav
22:34:44.561 [JavaFX Application Thread] DEBUG FXGLAssetLoaderServi - Loading from cache: /assets/textures/monster4.png@40.0x40.0
22:34:44.678 [JavaFX Application Thread] DEBUG FXGLAssetLoaderServi - Loading from cache: /assets/textures/hammer.png@40.0x40.0
22:34:44.680 [JavaFX Application Thread] DEBUG FXGLAssetLoaderServi - Loading from cache: /assets/sounds/shoot.wav
22:34:44.889 [JavaFX Application Thread] DEBUG FXGLAssetLoaderServi - Loading from cache: /assets/textures/hammer.png@40.0x40.0
22:34:44.894 [JavaFX Application Thread] DEBUG FXGLAssetLoaderServi - Loading from cache: /assets/sounds/shoot.wav
22:34:45.088 [JavaFX Application Thread] DEBUG FXGLAssetLoaderServi - Loading from cache: /assets/sounds/explosion.wav
22:34:45.089 [JavaFX Application Thread] DEBUG FXGLAssetLoaderServi - Loading from cache: /assets/textures/explosion.png@1280.0x80.0
22:34:45.089 [JavaFX Application Thread] DEBUG EventBus             - Firing event: cn.edu.witpt.IntelliGame.event.GameEvent[source=javafx.event.Event$$Lambda$111/0x000000080021fc40@643c4442]
22:34:45.108 [JavaFX Application Thread] DEBUG FXGLAssetLoaderServi - Loading from cache: /assets/textures/hammer.png@40.0x40.0
22:34:45.110 [JavaFX Application Thread] DEBUG FXGLAssetLoaderServi - Loading from cache: /assets/sounds/shoot.wav
22:34:45.193 [JavaFX Application Thread] DEBUG FXGLAssetLoaderServi - Loading from cache: /assets/textures/monster1.png@40.0x40.0
22:34:45.322 [JavaFX Application Thread] DEBUG FXGLAssetLoaderServi - Loading from cache: /assets/textures/hammer.png@40.0x40.0
22:34:45.326 [JavaFX Application Thread] DEBUG FXGLAssetLoaderServi - Loading from cache: /assets/sounds/shoot.wav
22:34:45.540 [JavaFX Application Thread] DEBUG FXGLAssetLoaderServi - Loading from cache: /assets/textures/hammer.png@40.0x40.0
22:34:45.541 [JavaFX Application Thread] DEBUG FXGLAssetLoaderServi - Loading from cache: /assets/sounds/shoot.wav
22:34:45.753 [JavaFX Application Thread] DEBUG FXGLAssetLoaderServi - Loading from cache: /assets/textures/hammer.png@40.0x40.0
22:34:45.755 [JavaFX Application Thread] DEBUG FXGLAssetLoaderServi - Loading from cache: /assets/sounds/shoot.wav
22:34:45.825 [JavaFX Application Thread] DEBUG FXGLAssetLoaderServi - Loading from cache: /assets/textures/monster3.png@40.0x40.0
22:34:45.972 [JavaFX Application Thread] DEBUG FXGLAssetLoaderServi - Loading from cache: /assets/textures/hammer.png@40.0x40.0
22:34:45.973 [JavaFX Application Thread] DEBUG FXGLAssetLoaderServi - Loading from cache: /assets/sounds/shoot.wav
22:34:46.186 [JavaFX Application Thread] DEBUG FXGLAssetLoaderServi - Loading from cache: /assets/textures/hammer.png@40.0x40.0
22:34:46.188 [JavaFX Application Thread] DEBUG FXGLAssetLoaderServi - Loading from cache: /assets/sounds/shoot.wav
22:34:46.255 [JavaFX Application Thread] DEBUG FXGLAssetLoaderServi - Loading from cache: /assets/sounds/explosion.wav
22:34:46.255 [JavaFX Application Thread] DEBUG FXGLAssetLoaderServi - Loading from cache: /assets/textures/explosion.png@1280.0x80.0
22:34:46.256 [JavaFX Application Thread] DEBUG EventBus             - Firing event: cn.edu.witpt.IntelliGame.event.GameEvent[source=javafx.event.Event$$Lambda$111/0x000000080021fc40@643c4442]
22:34:46.400 [JavaFX Application Thread] DEBUG FXGLAssetLoaderServi - Loading from cache: /assets/textures/hammer.png@40.0x40.0
22:34:46.402 [JavaFX Application Thread] DEBUG FXGLAssetLoaderServi - Loading from cache: /assets/sounds/shoot.wav
22:34:46.457 [JavaFX Application Thread] DEBUG FXGLAssetLoaderServi - Loading from cache: /assets/textures/monster3.png@40.0x40.0
22:34:46.616 [JavaFX Application Thread] DEBUG FXGLAssetLoaderServi - Loading from cache: /assets/textures/hammer.png@40.0x40.0
22:34:46.618 [JavaFX Application Thread] DEBUG FXGLAssetLoaderServi - Loading from cache: /assets/sounds/shoot.wav
22:34:46.831 [JavaFX Application Thread] DEBUG FXGLAssetLoaderServi - Loading from cache: /assets/textures/hammer.png@40.0x40.0
22:34:46.833 [JavaFX Application Thread] DEBUG FXGLAssetLoaderServi - Loading from cache: /assets/sounds/shoot.wav
22:34:47.046 [JavaFX Application Thread] DEBUG FXGLAssetLoaderServi - Loading from cache: /assets/textures/hammer.png@40.0x40.0
22:34:47.049 [JavaFX Application Thread] DEBUG FXGLAssetLoaderServi - Loading from cache: /assets/sounds/shoot.wav
22:34:47.089 [JavaFX Application Thread] DEBUG FXGLAssetLoaderServi - Loading from cache: /assets/textures/monster1.png@40.0x40.0
22:34:47.257 [JavaFX Application Thread] DEBUG FXGLAssetLoaderServi - Loading from cache: /assets/textures/hammer.png@40.0x40.0
22:34:47.263 [JavaFX Application Thread] DEBUG FXGLAssetLoaderServi - Loading from cache: /assets/sounds/shoot.wav
22:34:47.477 [JavaFX Application Thread] DEBUG FXGLAssetLoaderServi - Loading from cache: /assets/textures/hammer.png@40.0x40.0
22:34:47.479 [JavaFX Application Thread] DEBUG FXGLAssetLoaderServi - Loading from cache: /assets/sounds/shoot.wav
22:34:47.689 [JavaFX Application Thread] DEBUG FXGLAssetLoaderServi - Loading from cache: /assets/textures/hammer.png@40.0x40.0
22:34:47.693 [JavaFX Application Thread] DEBUG FXGLAssetLoaderServi - Loading from cache: /assets/sounds/shoot.wav
22:34:47.720 [JavaFX Application Thread] DEBUG FXGLAssetLoaderServi - Loading from cache: /assets/textures/monster2.png@40.0x40.0
22:34:47.908 [JavaFX Application Thread] DEBUG FXGLAssetLoaderServi - Loading from cache: /assets/textures/hammer.png@40.0x40.0
22:34:47.909 [JavaFX Application Thread] DEBUG FXGLAssetLoaderServi - Loading from cache: /assets/sounds/shoot.wav
22:34:48.033 [JavaFX Application Thread] DEBUG FXGLAssetLoaderServi - Loading from cache: /assets/sounds/explosion.wav
22:34:48.033 [JavaFX Application Thread] DEBUG FXGLAssetLoaderServi - Loading from cache: /assets/textures/explosion.png@1280.0x80.0
22:34:48.033 [JavaFX Application Thread] DEBUG EventBus             - Firing event: cn.edu.witpt.IntelliGame.event.GameEvent[source=javafx.event.Event$$Lambda$111/0x000000080021fc40@643c4442]
22:34:48.122 [JavaFX Application Thread] DEBUG FXGLAssetLoaderServi - Loading from cache: /assets/textures/hammer.png@40.0x40.0
22:34:48.124 [JavaFX Application Thread] DEBUG FXGLAssetLoaderServi - Loading from cache: /assets/sounds/shoot.wav
22:34:48.339 [JavaFX Application Thread] DEBUG FXGLAssetLoaderServi - Loading from cache: /assets/textures/hammer.png@40.0x40.0
22:34:48.341 [JavaFX Application Thread] DEBUG FXGLAssetLoaderServi - Loading from cache: /assets/sounds/shoot.wav
22:34:48.353 [JavaFX Application Thread] DEBUG FXGLAssetLoaderServi - Loading from cache: /assets/textures/monster4.png@40.0x40.0
22:34:48.555 [JavaFX Application Thread] DEBUG FXGLAssetLoaderServi - Loading from cache: /assets/textures/hammer.png@40.0x40.0
22:34:48.557 [JavaFX Application Thread] DEBUG FXGLAssetLoaderServi - Loading from cache: /assets/sounds/shoot.wav
22:34:48.714 [JavaFX Application Thread] DEBUG FXGLAssetLoaderServi - Loading from cache: /assets/sounds/explosion.wav
22:34:48.714 [JavaFX Application Thread] DEBUG FXGLAssetLoaderServi - Loading from cache: /assets/textures/explosion.png@1280.0x80.0
22:34:48.714 [JavaFX Application Thread] DEBUG EventBus             - Firing event: cn.edu.witpt.IntelliGame.event.GameEvent[source=javafx.event.Event$$Lambda$111/0x000000080021fc40@643c4442]
22:34:48.768 [JavaFX Application Thread] DEBUG FXGLAssetLoaderServi - Loading from cache: /assets/textures/hammer.png@40.0x40.0
22:34:48.770 [JavaFX Application Thread] DEBUG FXGLAssetLoaderServi - Loading from cache: /assets/sounds/shoot.wav
22:34:48.985 [JavaFX Application Thread] DEBUG FXGLAssetLoaderServi - Loading from cache: /assets/textures/hammer.png@40.0x40.0
22:34:48.987 [JavaFX Application Thread] DEBUG FXGLAssetLoaderServi - Loading from cache: /assets/sounds/shoot.wav
22:34:48.987 [JavaFX Application Thread] DEBUG FXGLAssetLoaderServi - Loading from cache: /assets/textures/monster1.png@40.0x40.0
22:34:49.199 [JavaFX Application Thread] DEBUG FXGLAssetLoaderServi - Loading from cache: /assets/textures/hammer.png@40.0x40.0
22:34:49.200 [JavaFX Application Thread] DEBUG FXGLAssetLoaderServi - Loading from cache: /assets/sounds/shoot.wav
22:34:49.415 [JavaFX Application Thread] DEBUG FXGLAssetLoaderServi - Loading from cache: /assets/textures/hammer.png@40.0x40.0
22:34:49.416 [JavaFX Application Thread] DEBUG FXGLAssetLoaderServi - Loading from cache: /assets/sounds/shoot.wav
22:34:49.616 [JavaFX Application Thread] DEBUG FXGLAssetLoaderServi - Loading from cache: /assets/textures/monster1.png@40.0x40.0
22:34:49.625 [JavaFX Application Thread] DEBUG FXGLAssetLoaderServi - Loading from cache: /assets/textures/hammer.png@40.0x40.0
22:34:49.632 [JavaFX Application Thread] DEBUG FXGLAssetLoaderServi - Loading from cache: /assets/sounds/shoot.wav
22:34:49.846 [JavaFX Application Thread] DEBUG FXGLAssetLoaderServi - Loading from cache: /assets/textures/hammer.png@40.0x40.0
22:34:49.848 [JavaFX Application Thread] DEBUG FXGLAssetLoaderServi - Loading from cache: /assets/sounds/shoot.wav
22:34:49.971 [JavaFX Application Thread] DEBUG FXGLAssetLoaderServi - Loading from cache: /assets/sounds/explosion.wav
22:34:49.971 [JavaFX Application Thread] DEBUG FXGLAssetLoaderServi - Loading from cache: /assets/textures/explosion.png@1280.0x80.0
22:34:49.971 [JavaFX Application Thread] DEBUG EventBus             - Firing event: cn.edu.witpt.IntelliGame.event.GameEvent[source=javafx.event.Event$$Lambda$111/0x000000080021fc40@643c4442]
22:34:50.057 [JavaFX Application Thread] DEBUG FXGLAssetLoaderServi - Loading from cache: /assets/textures/hammer.png@40.0x40.0
22:34:50.061 [JavaFX Application Thread] DEBUG FXGLAssetLoaderServi - Loading from cache: /assets/sounds/shoot.wav
22:34:50.248 [JavaFX Application Thread] DEBUG FXGLAssetLoaderServi - Loading from cache: /assets/textures/monster2.png@40.0x40.0
22:34:50.277 [JavaFX Application Thread] DEBUG FXGLAssetLoaderServi - Loading from cache: /assets/textures/hammer.png@40.0x40.0
22:34:50.278 [JavaFX Application Thread] DEBUG FXGLAssetLoaderServi - Loading from cache: /assets/sounds/shoot.wav
22:34:50.410 [JavaFX Application Thread] DEBUG FXGLAssetLoaderServi - Loading from cache: /assets/sounds/explosion.wav
22:34:50.410 [JavaFX Application Thread] DEBUG FXGLAssetLoaderServi - Loading from cache: /assets/textures/explosion.png@1280.0x80.0
22:34:50.410 [JavaFX Application Thread] DEBUG EventBus             - Firing event: cn.edu.witpt.IntelliGame.event.GameEvent[source=javafx.event.Event$$Lambda$111/0x000000080021fc40@643c4442]
22:34:50.490 [JavaFX Application Thread] DEBUG FXGLAssetLoaderServi - Loading from cache: /assets/textures/hammer.png@40.0x40.0
22:34:50.495 [JavaFX Application Thread] DEBUG FXGLAssetLoaderServi - Loading from cache: /assets/sounds/shoot.wav
22:34:50.708 [JavaFX Application Thread] DEBUG FXGLAssetLoaderServi - Loading from cache: /assets/textures/hammer.png@40.0x40.0
22:34:50.709 [JavaFX Application Thread] DEBUG FXGLAssetLoaderServi - Loading from cache: /assets/sounds/shoot.wav
22:34:50.880 [JavaFX Application Thread] DEBUG FXGLAssetLoaderServi - Loading from cache: /assets/textures/monster3.png@40.0x40.0
22:34:50.922 [JavaFX Application Thread] DEBUG FXGLAssetLoaderServi - Loading from cache: /assets/textures/hammer.png@40.0x40.0
22:34:50.923 [JavaFX Application Thread] DEBUG FXGLAssetLoaderServi - Loading from cache: /assets/sounds/shoot.wav
22:34:51.138 [JavaFX Application Thread] DEBUG FXGLAssetLoaderServi - Loading from cache: /assets/textures/hammer.png@40.0x40.0
22:34:51.140 [JavaFX Application Thread] DEBUG FXGLAssetLoaderServi - Loading from cache: /assets/sounds/shoot.wav
22:34:51.353 [JavaFX Application Thread] DEBUG FXGLAssetLoaderServi - Loading from cache: /assets/textures/hammer.png@40.0x40.0
22:34:51.355 [JavaFX Application Thread] DEBUG FXGLAssetLoaderServi - Loading from cache: /assets/sounds/shoot.wav
22:34:51.429 [JavaFX Application Thread] DEBUG FXGLAssetLoaderServi - Loading from cache: /assets/sounds/explosion.wav
22:34:51.429 [JavaFX Application Thread] DEBUG FXGLAssetLoaderServi - Loading from cache: /assets/textures/explosion.png@1280.0x80.0
22:34:51.429 [JavaFX Application Thread] DEBUG EventBus             - Firing event: cn.edu.witpt.IntelliGame.event.GameEvent[source=javafx.event.Event$$Lambda$111/0x000000080021fc40@643c4442]
22:34:51.492 [JavaFX Application Thread] DEBUG FXGLAssetLoaderServi - Loading from cache: /assets/sounds/explosion.wav
22:34:51.492 [JavaFX Application Thread] DEBUG FXGLAssetLoaderServi - Loading from cache: /assets/textures/explosion.png@1280.0x80.0
22:34:51.492 [JavaFX Application Thread] DEBUG EventBus             - Firing event: cn.edu.witpt.IntelliGame.event.GameEvent[source=javafx.event.Event$$Lambda$111/0x000000080021fc40@643c4442]
22:34:51.512 [JavaFX Application Thread] DEBUG FXGLAssetLoaderServi - Loading from cache: /assets/textures/monster1.png@40.0x40.0
22:34:51.562 [JavaFX Application Thread] DEBUG FXGLAssetLoaderServi - Loading from cache: /assets/textures/hammer.png@40.0x40.0
22:34:51.569 [JavaFX Application Thread] DEBUG FXGLAssetLoaderServi - Loading from cache: /assets/sounds/shoot.wav
22:34:51.783 [JavaFX Application Thread] DEBUG FXGLAssetLoaderServi - Loading from cache: /assets/textures/hammer.png@40.0x40.0
22:34:51.785 [JavaFX Application Thread] DEBUG FXGLAssetLoaderServi - Loading from cache: /assets/sounds/shoot.wav
22:34:51.993 [JavaFX Application Thread] DEBUG FXGLAssetLoaderServi - Loading from cache: /assets/textures/hammer.png@40.0x40.0
22:34:52.001 [JavaFX Application Thread] DEBUG FXGLAssetLoaderServi - Loading from cache: /assets/sounds/shoot.wav
22:34:52.105 [JavaFX Application Thread] DEBUG FXGLAssetLoaderServi - Loading from cache: /assets/sounds/explosion.wav
22:34:52.105 [JavaFX Application Thread] DEBUG FXGLAssetLoaderServi - Loading from cache: /assets/textures/explosion.png@1280.0x80.0
22:34:52.106 [JavaFX Application Thread] DEBUG EventBus             - Firing event: cn.edu.witpt.IntelliGame.event.GameEvent[source=javafx.event.Event$$Lambda$111/0x000000080021fc40@643c4442]
22:34:52.137 [JavaFX Application Thread] DEBUG FXGLAssetLoaderServi - Loading from cache: /assets/textures/monster2.png@40.0x40.0
22:34:52.214 [JavaFX Application Thread] DEBUG FXGLAssetLoaderServi - Loading from cache: /assets/textures/hammer.png@40.0x40.0
22:34:52.215 [JavaFX Application Thread] DEBUG FXGLAssetLoaderServi - Loading from cache: /assets/sounds/shoot.wav
22:34:52.426 [JavaFX Application Thread] DEBUG FXGLAssetLoaderServi - Loading from cache: /assets/textures/hammer.png@40.0x40.0
22:34:52.430 [JavaFX Application Thread] DEBUG FXGLAssetLoaderServi - Loading from cache: /assets/sounds/shoot.wav
22:34:52.643 [JavaFX Application Thread] DEBUG FXGLAssetLoaderServi - Loading from cache: /assets/textures/hammer.png@40.0x40.0
22:34:52.646 [JavaFX Application Thread] DEBUG FXGLAssetLoaderServi - Loading from cache: /assets/sounds/shoot.wav
22:34:52.776 [JavaFX Application Thread] DEBUG FXGLAssetLoaderServi - Loading from cache: /assets/textures/monster2.png@40.0x40.0
22:34:52.842 [JavaFX Application Thread] DEBUG FXGLAssetLoaderServi - Loading from cache: /assets/sounds/explosion.wav
22:34:52.842 [JavaFX Application Thread] DEBUG FXGLAssetLoaderServi - Loading from cache: /assets/textures/explosion.png@1280.0x80.0
22:34:52.842 [JavaFX Application Thread] DEBUG EventBus             - Firing event: cn.edu.witpt.IntelliGame.event.GameEvent[source=javafx.event.Event$$Lambda$111/0x000000080021fc40@643c4442]
22:34:52.858 [JavaFX Application Thread] DEBUG FXGLAssetLoaderServi - Loading from cache: /assets/textures/hammer.png@40.0x40.0
22:34:52.861 [JavaFX Application Thread] DEBUG FXGLAssetLoaderServi - Loading from cache: /assets/sounds/shoot.wav
22:34:53.066 [JavaFX Application Thread] DEBUG FXGLAssetLoaderServi - Loading from cache: /assets/sounds/explosion.wav
22:34:53.066 [JavaFX Application Thread] DEBUG FXGLAssetLoaderServi - Loading from cache: /assets/textures/explosion.png@1280.0x80.0
22:34:53.066 [JavaFX Application Thread] DEBUG EventBus             - Firing event: cn.edu.witpt.IntelliGame.event.GameEvent[source=javafx.event.Event$$Lambda$111/0x000000080021fc40@643c4442]
22:34:53.075 [JavaFX Application Thread] DEBUG FXGLAssetLoaderServi - Loading from cache: /assets/textures/hammer.png@40.0x40.0
22:34:53.077 [JavaFX Application Thread] DEBUG FXGLAssetLoaderServi - Loading from cache: /assets/sounds/shoot.wav
22:34:53.289 [JavaFX Application Thread] DEBUG FXGLAssetLoaderServi - Loading from cache: /assets/textures/hammer.png@40.0x40.0
22:34:53.290 [JavaFX Application Thread] DEBUG FXGLAssetLoaderServi - Loading from cache: /assets/sounds/shoot.wav
22:34:53.402 [JavaFX Application Thread] DEBUG FXGLAssetLoaderServi - Loading from cache: /assets/textures/monster4.png@40.0x40.0
22:34:53.506 [JavaFX Application Thread] DEBUG FXGLAssetLoaderServi - Loading from cache: /assets/textures/hammer.png@40.0x40.0
22:34:53.508 [JavaFX Application Thread] DEBUG FXGLAssetLoaderServi - Loading from cache: /assets/sounds/shoot.wav
22:34:53.721 [JavaFX Application Thread] DEBUG FXGLAssetLoaderServi - Loading from cache: /assets/textures/hammer.png@40.0x40.0
22:34:53.723 [JavaFX Application Thread] DEBUG FXGLAssetLoaderServi - Loading from cache: /assets/sounds/shoot.wav
22:34:53.937 [JavaFX Application Thread] DEBUG FXGLAssetLoaderServi - Loading from cache: /assets/textures/hammer.png@40.0x40.0
22:34:53.938 [JavaFX Application Thread] DEBUG FXGLAssetLoaderServi - Loading from cache: /assets/sounds/shoot.wav
22:34:54.040 [JavaFX Application Thread] DEBUG FXGLAssetLoaderServi - Loading from cache: /assets/textures/monster2.png@40.0x40.0
22:34:54.151 [JavaFX Application Thread] DEBUG FXGLAssetLoaderServi - Loading from cache: /assets/textures/hammer.png@40.0x40.0
22:34:54.153 [JavaFX Application Thread] DEBUG FXGLAssetLoaderServi - Loading from cache: /assets/sounds/shoot.wav
22:34:54.367 [JavaFX Application Thread] DEBUG FXGLAssetLoaderServi - Loading from cache: /assets/textures/hammer.png@40.0x40.0
22:34:54.368 [JavaFX Application Thread] DEBUG FXGLAssetLoaderServi - Loading from cache: /assets/sounds/shoot.wav
22:34:54.522 [JavaFX Application Thread] DEBUG FXGLAssetLoaderServi - Loading from cache: /assets/sounds/explosion.wav
22:34:54.522 [JavaFX Application Thread] DEBUG FXGLAssetLoaderServi - Loading from cache: /assets/textures/explosion.png@1280.0x80.0
22:34:54.522 [JavaFX Application Thread] DEBUG EventBus             - Firing event: cn.edu.witpt.IntelliGame.event.GameEvent[source=javafx.event.Event$$Lambda$111/0x000000080021fc40@643c4442]
22:34:54.580 [JavaFX Application Thread] DEBUG FXGLAssetLoaderServi - Loading from cache: /assets/textures/hammer.png@40.0x40.0
22:34:54.582 [JavaFX Application Thread] DEBUG FXGLAssetLoaderServi - Loading from cache: /assets/sounds/shoot.wav
22:34:54.673 [JavaFX Application Thread] DEBUG FXGLAssetLoaderServi - Loading from cache: /assets/textures/monster1.png@40.0x40.0
22:34:54.794 [JavaFX Application Thread] DEBUG FXGLAssetLoaderServi - Loading from cache: /assets/textures/hammer.png@40.0x40.0
22:34:54.797 [JavaFX Application Thread] DEBUG FXGLAssetLoaderServi - Loading from cache: /assets/sounds/shoot.wav
22:34:54.954 [JavaFX Application Thread] DEBUG FXGLAssetLoaderServi - Loading from cache: /assets/sounds/explosion.wav
22:34:54.954 [JavaFX Application Thread] DEBUG FXGLAssetLoaderServi - Loading from cache: /assets/textures/explosion.png@1280.0x80.0
22:34:54.954 [JavaFX Application Thread] DEBUG EventBus             - Firing event: cn.edu.witpt.IntelliGame.event.GameEvent[source=javafx.event.Event$$Lambda$111/0x000000080021fc40@643c4442]
22:34:55.012 [JavaFX Application Thread] DEBUG FXGLAssetLoaderServi - Loading from cache: /assets/textures/hammer.png@40.0x40.0
22:34:55.013 [JavaFX Application Thread] DEBUG FXGLAssetLoaderServi - Loading from cache: /assets/sounds/shoot.wav
22:34:55.226 [JavaFX Application Thread] DEBUG FXGLAssetLoaderServi - Loading from cache: /assets/textures/hammer.png@40.0x40.0
22:34:55.228 [JavaFX Application Thread] DEBUG FXGLAssetLoaderServi - Loading from cache: /assets/sounds/shoot.wav
22:34:55.304 [JavaFX Application Thread] DEBUG FXGLAssetLoaderServi - Loading from cache: /assets/textures/monster3.png@40.0x40.0
22:34:55.443 [JavaFX Application Thread] DEBUG FXGLAssetLoaderServi - Loading from cache: /assets/textures/hammer.png@40.0x40.0
22:34:55.445 [JavaFX Application Thread] DEBUG FXGLAssetLoaderServi - Loading from cache: /assets/sounds/shoot.wav
22:34:55.658 [JavaFX Application Thread] DEBUG FXGLAssetLoaderServi - Loading from cache: /assets/textures/hammer.png@40.0x40.0
22:34:55.660 [JavaFX Application Thread] DEBUG FXGLAssetLoaderServi - Loading from cache: /assets/sounds/shoot.wav
22:34:55.874 [JavaFX Application Thread] DEBUG FXGLAssetLoaderServi - Loading from cache: /assets/textures/hammer.png@40.0x40.0
22:34:55.876 [JavaFX Application Thread] DEBUG FXGLAssetLoaderServi - Loading from cache: /assets/sounds/shoot.wav
22:34:55.936 [JavaFX Application Thread] DEBUG FXGLAssetLoaderServi - Loading from cache: /assets/textures/monster3.png@40.0x40.0
22:34:56.090 [JavaFX Application Thread] DEBUG FXGLAssetLoaderServi - Loading from cache: /assets/textures/hammer.png@40.0x40.0
22:34:56.091 [JavaFX Application Thread] DEBUG FXGLAssetLoaderServi - Loading from cache: /assets/sounds/shoot.wav
22:34:56.200 [JavaFX Application Thread] DEBUG FXGLAssetLoaderServi - Loading from cache: /assets/sounds/explosion.wav
22:34:56.200 [JavaFX Application Thread] DEBUG FXGLAssetLoaderServi - Loading from cache: /assets/textures/explosion.png@1280.0x80.0
22:34:56.200 [JavaFX Application Thread] DEBUG EventBus             - Firing event: cn.edu.witpt.IntelliGame.event.GameEvent[source=javafx.event.Event$$Lambda$111/0x000000080021fc40@643c4442]
22:34:56.297 [JavaFX Application Thread] DEBUG FXGLAssetLoaderServi - Loading from cache: /assets/textures/hammer.png@40.0x40.0
22:34:56.304 [JavaFX Application Thread] DEBUG FXGLAssetLoaderServi - Loading from cache: /assets/sounds/shoot.wav
22:34:56.519 [JavaFX Application Thread] DEBUG FXGLAssetLoaderServi - Loading from cache: /assets/textures/hammer.png@40.0x40.0
22:34:56.520 [JavaFX Application Thread] DEBUG FXGLAssetLoaderServi - Loading from cache: /assets/sounds/shoot.wav
22:34:56.569 [JavaFX Application Thread] DEBUG FXGLAssetLoaderServi - Loading from cache: /assets/textures/monster1.png@40.0x40.0
22:34:56.730 [JavaFX Application Thread] DEBUG FXGLAssetLoaderServi - Loading from cache: /assets/textures/hammer.png@40.0x40.0
22:34:56.735 [JavaFX Application Thread] DEBUG FXGLAssetLoaderServi - Loading from cache: /assets/sounds/shoot.wav
22:34:56.867 [JavaFX Application Thread] DEBUG FXGLAssetLoaderServi - Loading from cache: /assets/sounds/explosion.wav
22:34:56.867 [JavaFX Application Thread] DEBUG FXGLAssetLoaderServi - Loading from cache: /assets/textures/explosion.png@1280.0x80.0
22:34:56.867 [JavaFX Application Thread] DEBUG EventBus             - Firing event: cn.edu.witpt.IntelliGame.event.GameEvent[source=javafx.event.Event$$Lambda$111/0x000000080021fc40@643c4442]
22:34:56.949 [JavaFX Application Thread] DEBUG FXGLAssetLoaderServi - Loading from cache: /assets/textures/hammer.png@40.0x40.0
22:34:56.951 [JavaFX Application Thread] DEBUG FXGLAssetLoaderServi - Loading from cache: /assets/sounds/shoot.wav
22:34:57.162 [JavaFX Application Thread] DEBUG FXGLAssetLoaderServi - Loading from cache: /assets/textures/hammer.png@40.0x40.0
22:34:57.166 [JavaFX Application Thread] DEBUG FXGLAssetLoaderServi - Loading from cache: /assets/sounds/shoot.wav
22:34:57.194 [JavaFX Application Thread] DEBUG FXGLAssetLoaderServi - Loading from cache: /assets/sounds/explosion.wav
22:34:57.194 [JavaFX Application Thread] DEBUG FXGLAssetLoaderServi - Loading from cache: /assets/textures/explosion.png@1280.0x80.0
22:34:57.194 [JavaFX Application Thread] DEBUG EventBus             - Firing event: cn.edu.witpt.IntelliGame.event.GameEvent[source=javafx.event.Event$$Lambda$111/0x000000080021fc40@643c4442]
22:34:57.200 [JavaFX Application Thread] DEBUG FXGLAssetLoaderServi - Loading from cache: /assets/textures/monster3.png@40.0x40.0
22:34:57.379 [JavaFX Application Thread] DEBUG FXGLAssetLoaderServi - Loading from cache: /assets/textures/hammer.png@40.0x40.0
22:34:57.381 [JavaFX Application Thread] DEBUG FXGLAssetLoaderServi - Loading from cache: /assets/sounds/shoot.wav
22:34:57.464 [JavaFX Application Thread] DEBUG FXGLAssetLoaderServi - Loading from cache: /assets/sounds/explosion.wav
22:34:57.464 [JavaFX Application Thread] DEBUG FXGLAssetLoaderServi - Loading from cache: /assets/textures/explosion.png@1280.0x80.0
22:34:57.464 [JavaFX Application Thread] DEBUG EventBus             - Firing event: cn.edu.witpt.IntelliGame.event.GameEvent[source=javafx.event.Event$$Lambda$111/0x000000080021fc40@643c4442]
22:34:57.594 [JavaFX Application Thread] DEBUG FXGLAssetLoaderServi - Loading from cache: /assets/textures/hammer.png@40.0x40.0
22:34:57.596 [JavaFX Application Thread] DEBUG FXGLAssetLoaderServi - Loading from cache: /assets/sounds/shoot.wav
22:34:57.596 [JavaFX Application Thread] DEBUG FXGLAssetLoaderServi - Loading from cache: /assets/sounds/explosion.wav
22:34:57.596 [JavaFX Application Thread] DEBUG FXGLAssetLoaderServi - Loading from cache: /assets/textures/explosion.png@1280.0x80.0
22:34:57.596 [JavaFX Application Thread] DEBUG EventBus             - Firing event: cn.edu.witpt.IntelliGame.event.GameEvent[source=javafx.event.Event$$Lambda$111/0x000000080021fc40@643c4442]
22:34:57.810 [JavaFX Application Thread] DEBUG FXGLAssetLoaderServi - Loading from cache: /assets/textures/hammer.png@40.0x40.0
22:34:57.812 [JavaFX Application Thread] DEBUG FXGLAssetLoaderServi - Loading from cache: /assets/sounds/shoot.wav
22:34:57.832 [JavaFX Application Thread] DEBUG FXGLAssetLoaderServi - Loading from cache: /assets/textures/monster3.png@40.0x40.0
22:34:58.311 [JavaFX Application Thread] DEBUG FXGLAssetLoaderServi - Loading from cache: /assets/sounds/explosion.wav
22:34:58.311 [JavaFX Application Thread] DEBUG FXGLAssetLoaderServi - Loading from cache: /assets/textures/explosion.png@1280.0x80.0
22:34:58.311 [JavaFX Application Thread] DEBUG EventBus             - Firing event: cn.edu.witpt.IntelliGame.event.GameEvent[source=javafx.event.Event$$Lambda$111/0x000000080021fc40@643c4442]
22:34:58.458 [JavaFX Application Thread] DEBUG FXGLAssetLoaderServi - Loading from cache: /assets/textures/monster4.png@40.0x40.0
22:34:59.039 [JavaFX Application Thread] DEBUG FXGLApplication      - Exiting FXGL
22:34:59.039 [JavaFX Application Thread] DEBUG LoopRunner           - Stopping loop
22:34:59.039 [JavaFX Application Thread] DEBUG SystemBundleService  - Saving FXGL system data
22:34:59.041 [JavaFX Application Thread] DEBUG FileSystemAccess     - Writing to: C:\Users\nIck_\Desktop\IntelliGame\system\fxgl.bundle
22:34:59.042 [JavaFX Application Thread] DEBUG Async                - Shutting down background threads
22:34:59.042 [JavaFX Application Thread] DEBUG MainWindow           - Closing main window
22:34:59.054 [JavaFX Application Thread] DEBUG Logger               - Closing Logger
