01:41:59.135 [main                     ] DEBUG Logger               - Configured Logger
01:41:59.158 [main                     ] DEBUG GameApplication      - Logging settings
Title: IntelliGame
Version: 1.0(呕心沥血)
Width: 896
Height: 896
Fullscreen: false
Intro: false
Profiling: false
Single step:false
App Mode: RELEASE
Menu Key: ESCAPE
Stage Style: DECORATED
Scene Factory: class com.almasb.fxgl.app.scene.SceneFactory

01:41:59.528 [JavaFX Application Thread] DEBUG FXGLApplication      - Initializing FXGL
01:41:59.541 [JavaFX Application Thread] INFO  Engine               - FXGL-11.11 (08.09.2020 18.00) on WINDOWS (J:11.0.7 FX:11.0.2)
01:41:59.541 [JavaFX Application Thread] DEBUG Engine               - JRE Vendor Name: Oracle Corporation
01:41:59.541 [JavaFX Application Thread] DEBUG Engine               - Running on OS: Windows 10 version 10.0
01:41:59.541 [JavaFX Application Thread] DEBUG Engine               - Architecture: amd64
01:41:59.541 [JavaFX Application Thread] INFO  Engine               - Source code and latest versions at: https://github.com/AlmasB/FXGL
01:41:59.541 [JavaFX Application Thread] INFO  Engine               -              Join the FXGL chat at: https://gitter.im/AlmasB/FXGL
01:41:59.644 [JavaFX Application Thread] DEBUG MainWindow           - Creating a JavaFX scene
01:41:59.704 [JavaFX Application Thread] DEBUG MainWindow           - Target settings size: 896.0 x 896.0
01:41:59.704 [JavaFX Application Thread] DEBUG MainWindow           - Scaled scene size:    896.0 x 896.0
01:41:59.704 [JavaFX Application Thread] DEBUG MainWindow           - Scaled ratio: (1.0, 1.0)
01:41:59.705 [JavaFX Application Thread] DEBUG MainWindow           - Set initial scene to StartupScene
01:41:59.711 [JavaFX Application Thread] DEBUG MainWindow           - Opening main window
01:41:59.826 [JavaFX Application Thread] DEBUG MainWindow           - Window border size: (16.0, 39.0)
01:41:59.826 [JavaFX Application Thread] DEBUG MainWindow           - Scaled size: 896.0 x 896.0
01:41:59.826 [JavaFX Application Thread] DEBUG MainWindow           - Scaled ratio: (1.0, 1.0)
01:41:59.827 [JavaFX Application Thread] DEBUG MainWindow           - Scene size: 896.0 x 896.0
01:41:59.827 [JavaFX Application Thread] DEBUG MainWindow           - Stage size: 912.0 x 935.0
01:41:59.835 [FXGL Background Thread 1 ] DEBUG Engine               - Initializing environment variables
01:41:59.872 [FXGL Background Thread 1 ] DEBUG GameApplicationServi - Applying CSS: fxgl_dark.css
01:41:59.873 [FXGL Background Thread 1 ] DEBUG FXGLAssetLoaderServi - Loading from file system: /assets/ui/css/fxgl_dark.css
01:41:59.950 [FXGL Background Thread 1 ] DEBUG GameApplicationServi - Initializing application scenes
01:42:00.019 [FXGL Background Thread 1 ] DEBUG GameWorld            - Game world initialized
01:42:00.092 [FXGL Background Thread 1 ] DEBUG PhysicsWorld         - Physics world initialized: appHeight=896, physics.ppm=50.0
01:42:00.095 [FXGL Background Thread 1 ] DEBUG GameScene            - Game scene initialized: 896x896
01:42:00.132 [FXGL Background Thread 1 ] DEBUG FXGLAssetLoaderServi - Loading from file system: /assets/textures/particles/trace_horizontal.png
01:42:00.191 [FXGL Background Thread 1 ] DEBUG FXGL.DefaultMenu     - createMenuBodyMainMenu()
01:42:00.212 [FXGL Background Thread 1 ] DEBUG FXGL.DefaultMenu     - createOptionsMenu()
01:42:00.216 [FXGL Background Thread 1 ] DEBUG FXGL.DefaultMenu     - createExtraMenu()
01:42:00.218 [FXGL Background Thread 1 ] DEBUG FXGLAssetLoaderServi - Loading from file system: /assets/textures/particles/smoke.png
01:42:00.276 [FXGL Background Thread 1 ] DEBUG FXGLAssetLoaderServi - Loading from cache: /assets/textures/particles/trace_horizontal.png@64.0x64.0
01:42:00.277 [FXGL Background Thread 1 ] DEBUG FXGL.DefaultMenu     - createMenuBodyGameMenu()
01:42:00.278 [FXGL Background Thread 1 ] DEBUG FXGL.DefaultMenu     - createOptionsMenu()
01:42:00.281 [FXGL Background Thread 1 ] DEBUG FXGL.DefaultMenu     - createExtraMenu()
01:42:00.284 [FXGL Background Thread 1 ] DEBUG FXGLAssetLoaderServi - Loading from cache: /assets/textures/particles/smoke.png@128.0x128.0
01:42:00.295 [FXGL Background Thread 1 ] DEBUG GameApplicationServi - Application scenes initialized
01:42:00.305 [FXGL Background Thread 1 ] DEBUG SystemBundleService  - Loading FXGL system data
01:42:00.309 [FXGL Background Thread 1 ] DEBUG FileSystemAccess     - Reading from: C:\Users\nIck_\Desktop\IntelliGame\system\fxgl.bundle
01:42:00.314 [FXGL Background Thread 1 ] DEBUG SystemBundleService  - Bundle FXGL: {}
01:42:00.317 [FXGL Background Thread 3 ] DEBUG FXGLApplication      - Loading fonts
01:42:00.317 [FXGL Background Thread 3 ] DEBUG FXGLAssetLoaderServi - Loading from file system: /assets/ui/fonts/VarelaRound-Regular.ttf
01:42:00.318 [FXGL Background Thread 1 ] DEBUG FXGLApplication      - Loading default localization
01:42:00.318 [FXGL Background Thread 1 ] DEBUG FXGLAssetLoaderServi - Loading from file system: /assets/languages/english.lang
01:42:00.339 [FXGL Background Thread 1 ] INFO  FXGLApplication      - FXGL initialization took: 0.504 sec
01:42:00.352 [JavaFX Application Thread] DEBUG Input                - Registered new binding: 向左移动 - A
01:42:00.352 [JavaFX Application Thread] DEBUG Input                - Registered new binding: 向上移动 - W
01:42:00.353 [JavaFX Application Thread] DEBUG Input                - Registered new binding: 向右移动 - D
01:42:00.353 [JavaFX Application Thread] DEBUG Input                - Registered new binding: 向下移动 - S
01:42:00.355 [JavaFX Application Thread] DEBUG Input                - Registered new binding: 扔锤子 - LMB
01:42:00.356 [JavaFX Application Thread] DEBUG FXGLAssetLoaderServi - Loading from file system: /assets/music/bgm.mp3
01:42:00.467 [JavaFX Application Thread] DEBUG AudioPlayer          - Playing music com.almasb.fxgl.audio.Music@355fbedd
01:42:00.469 [JavaFX Application Thread] DEBUG FXGLAssetLoaderServi - Loading from file system: /assets/textures/fxgl_icon.png
01:42:00.512 [JavaFX Application Thread] DEBUG FXGLAssetLoaderServi - Loading from file system: /assets/ui/cursors/fxgl_default.png
01:42:00.514 [JavaFX Application Thread] DEBUG Input                - Registered new binding: Screenshot - P
01:42:00.517 [JavaFX Application Thread] DEBUG LoopRunner           - Starting loop
01:42:00.519 [JavaFX Application Thread] DEBUG Input                - Clearing active input actions
01:42:00.529 [JavaFX Application Thread] DEBUG GameApplicationServi - Removing overlay from StartupScene and adding to FXGLMainMenuDummyScene
01:42:00.529 [JavaFX Application Thread] DEBUG MainWindow           - StartupScene -> FXGLMainMenuDummyScene
01:42:00.529 [JavaFX Application Thread] DEBUG MainWindow           - Push state: FXGLDefaultMenu
01:42:00.536 [JavaFX Application Thread] DEBUG Input                - Clearing active input actions
01:42:00.550 [JavaFX Application Thread] DEBUG GameApplicationServi - Removing overlay from FXGLMainMenuDummyScene and adding to FXGLDefaultMenu
01:42:00.550 [JavaFX Application Thread] DEBUG MainWindow           - FXGLMainMenuDummyScene -> FXGLDefaultMenu
01:42:00.693 [FXGL Background Thread 3 ] DEBUG FXGLAssetLoaderServi - Loading from file system: /assets/ui/fonts/Abel-Regular.ttf
01:42:00.697 [FXGL Background Thread 3 ] DEBUG FXGLAssetLoaderServi - Loading from file system: /assets/ui/fonts/lucida_console.ttf
01:42:00.709 [FXGL Background Thread 3 ] DEBUG FXGLAssetLoaderServi - Loading from file system: /assets/ui/fonts/Courier-Prime.ttf
01:42:00.715 [JavaFX Application Thread] DEBUG FXGLApplication      - Registering font factories with UI factory
01:42:01.447 [JavaFX Application Thread] DEBUG Menu                 - fireNewGame()
01:42:01.447 [JavaFX Application Thread] DEBUG GameApplicationServi - Starting new game
01:42:01.448 [JavaFX Application Thread] DEBUG MainWindow           - Pop state: FXGLDefaultMenu
01:42:01.448 [JavaFX Application Thread] DEBUG Input                - Clearing active input actions
01:42:01.449 [JavaFX Application Thread] DEBUG GameApplicationServi - Removing overlay from FXGLDefaultMenu and adding to FXGLMainMenuDummyScene
01:42:01.449 [JavaFX Application Thread] DEBUG MainWindow           - FXGLMainMenuDummyScene <- FXGLDefaultMenu
01:42:01.450 [JavaFX Application Thread] DEBUG Input                - Clearing active input actions
01:42:01.458 [JavaFX Application Thread] DEBUG GameApplicationServi - Removing overlay from FXGLMainMenuDummyScene and adding to FXGLLoadingScene
01:42:01.458 [JavaFX Application Thread] DEBUG MainWindow           - FXGLMainMenuDummyScene -> FXGLLoadingScene
01:42:01.458 [JavaFX Application Thread] DEBUG GameApplicationServi - Clearing previous game
01:42:01.458 [JavaFX Application Thread] DEBUG GameScene            - Clearing game scene
01:42:01.458 [JavaFX Application Thread] DEBUG GameWorld            - Clearing game world
01:42:01.458 [JavaFX Application Thread] DEBUG PhysicsWorld         - Clearing physics world
01:42:01.459 [FXGL Background Thread 3 ] DEBUG FXGLApplication      - Initializing game
01:42:01.469 [FXGL Background Thread 3 ] DEBUG FXGLAssetLoaderServi - Loading from file system: /assets/textures/background/background.jpg
01:42:01.586 [FXGL Background Thread 3 ] DEBUG FXGLAssetLoaderServi - Loading from file system: /assets/textures/home.png
01:42:01.617 [FXGL Background Thread 3 ] DEBUG FXGLAssetLoaderServi - Loading from cache: /assets/textures/home.png@88.0x88.0
01:42:01.635 [FXGL Background Thread 3 ] DEBUG FXGLAssetLoaderServi - Loading from cache: /assets/textures/home.png@88.0x88.0
01:42:01.648 [FXGL Background Thread 3 ] DEBUG FXGLAssetLoaderServi - Loading from cache: /assets/textures/home.png@88.0x88.0
01:42:01.655 [FXGL Background Thread 3 ] DEBUG FXGLAssetLoaderServi - Loading from cache: /assets/textures/home.png@88.0x88.0
01:42:01.662 [FXGL Background Thread 3 ] DEBUG FXGLAssetLoaderServi - Loading from cache: /assets/textures/home.png@88.0x88.0
01:42:01.668 [FXGL Background Thread 3 ] DEBUG FXGLAssetLoaderServi - Loading from cache: /assets/textures/home.png@88.0x88.0
01:42:01.683 [FXGL Background Thread 3 ] DEBUG FXGLAssetLoaderServi - Loading from file system: /assets/textures/player.png
01:42:01.719 [FXGL Background Thread 3 ] DEBUG FXGLAssetLoaderServi - Loading from file system: /assets/ui/main.fxml
01:42:01.770 [FXGL Background Thread 3 ] DEBUG FXGLAssetLoaderServi - Loading from file system: /assets/textures/life.png
01:42:01.772 [FXGL Background Thread 3 ] DEBUG FXGLAssetLoaderServi - Loading from cache: /assets/textures/life.png@32.0x42.0
01:42:01.773 [FXGL Background Thread 3 ] DEBUG FXGLAssetLoaderServi - Loading from cache: /assets/textures/life.png@32.0x42.0
01:42:01.773 [FXGL Background Thread 3 ] DEBUG FXGLAssetLoaderServi - Loading from file system: /assets/textures/houselife.png
01:42:01.778 [FXGL Background Thread 3 ] DEBUG FXGLAssetLoaderServi - Loading from cache: /assets/textures/houselife.png@32.0x32.0
01:42:01.778 [FXGL Background Thread 3 ] DEBUG FXGLAssetLoaderServi - Loading from cache: /assets/textures/houselife.png@32.0x32.0
01:42:01.778 [FXGL Background Thread 3 ] DEBUG FXGLAssetLoaderServi - Loading from cache: /assets/textures/houselife.png@32.0x32.0
01:42:01.778 [FXGL Background Thread 3 ] DEBUG FXGLAssetLoaderServi - Loading from cache: /assets/textures/houselife.png@32.0x32.0
01:42:01.779 [FXGL Background Thread 3 ] INFO  FXGLApplication      - Game initialization took: 0.319 sec
01:42:01.780 [JavaFX Application Thread] DEBUG Input                - Clearing active input actions
01:42:01.786 [JavaFX Application Thread] DEBUG GameApplicationServi - Removing overlay from FXGLLoadingScene and adding to GameScene
01:42:01.786 [JavaFX Application Thread] DEBUG MainWindow           - FXGLLoadingScene -> GameScene
01:42:02.038 [JavaFX Application Thread] DEBUG FXGLAssetLoaderServi - Loading from file system: /assets/textures/player.png
01:42:02.316 [JavaFX Application Thread] DEBUG FXGLAssetLoaderServi - Loading from file system: /assets/textures/hammer.png
01:42:02.322 [JavaFX Application Thread] DEBUG FXGLAssetLoaderServi - Loading from file system: /assets/sounds/shoot.wav
01:42:02.544 [JavaFX Application Thread] DEBUG FXGLAssetLoaderServi - Loading from cache: /assets/textures/hammer.png@40.0x40.0
01:42:02.547 [JavaFX Application Thread] DEBUG FXGLAssetLoaderServi - Loading from cache: /assets/sounds/shoot.wav
01:42:02.560 [JavaFX Application Thread] DEBUG FXGLAssetLoaderServi - Loading from file system: /assets/textures/monster1.png
01:42:02.767 [JavaFX Application Thread] DEBUG FXGLAssetLoaderServi - Loading from cache: /assets/textures/hammer.png@40.0x40.0
01:42:02.768 [JavaFX Application Thread] DEBUG FXGLAssetLoaderServi - Loading from cache: /assets/sounds/shoot.wav
01:42:02.982 [JavaFX Application Thread] DEBUG FXGLAssetLoaderServi - Loading from cache: /assets/textures/hammer.png@40.0x40.0
01:42:02.984 [JavaFX Application Thread] DEBUG FXGLAssetLoaderServi - Loading from cache: /assets/sounds/shoot.wav
01:42:03.198 [JavaFX Application Thread] DEBUG FXGLAssetLoaderServi - Loading from cache: /assets/textures/hammer.png@40.0x40.0
01:42:03.199 [JavaFX Application Thread] DEBUG FXGLAssetLoaderServi - Loading from cache: /assets/sounds/shoot.wav
01:42:03.200 [JavaFX Application Thread] DEBUG FXGLAssetLoaderServi - Loading from cache: /assets/textures/monster1.png@40.0x40.0
01:42:03.316 [FXGL Background Thread 2 ] DEBUG Engine               - Logging environment variables
01:42:03.316 [FXGL Background Thread 2 ] DEBUG Engine               - achievements: []
01:42:03.316 [FXGL Background Thread 2 ] DEBUG Engine               - appIcon: fxgl_icon.png
01:42:03.317 [FXGL Background Thread 2 ] DEBUG Engine               - applicationMode: RELEASE
01:42:03.317 [FXGL Background Thread 2 ] DEBUG Engine               - cSSList: [fxgl_dark.css]
01:42:03.317 [FXGL Background Thread 2 ] DEBUG Engine               - configClass: Optional.empty
01:42:03.317 [FXGL Background Thread 2 ] DEBUG Engine               - credits: [赵力行, 易金鹏, 张恒锐, 张培祥, 郑伊龙, 李磊, 卢贤哲]
01:42:03.317 [FXGL Background Thread 2 ] DEBUG Engine               - devBBoxColorProperty: ObjectProperty [value: 0xff0000ff]
01:42:03.317 [FXGL Background Thread 2 ] DEBUG Engine               - devEnableDebugCameraProperty: BooleanProperty [value: false]
01:42:03.317 [FXGL Background Thread 2 ] DEBUG Engine               - devSensorColorProperty: ObjectProperty [value: 0xffff00ff]
01:42:03.317 [FXGL Background Thread 2 ] DEBUG Engine               - devShowBBoxProperty: BooleanProperty [value: false]
01:42:03.317 [FXGL Background Thread 2 ] DEBUG Engine               - devShowPositionProperty: BooleanProperty [value: false]
01:42:03.317 [FXGL Background Thread 2 ] DEBUG Engine               - enabledMenuItems: [EXTRA]
01:42:03.318 [FXGL Background Thread 2 ] DEBUG Engine               - engineServices: [class com.almasb.fxgl.app.FXGLApplication$GameApplicationService, class com.almasb.fxgl.app.services.FXGLDialogService, class com.almasb.fxgl.app.services.IOTaskExecutorService, class com.almasb.fxgl.event.EventBusService, class com.almasb.fxgl.io.FileSystemService, class com.almasb.fxgl.localization.LocalizationService, class com.almasb.fxgl.app.services.FXGLAssetLoaderService, class com.almasb.fxgl.app.services.SystemBundleService, class com.almasb.fxgl.profile.SaveLoadService, class com.almasb.fxgl.ui.FXGLUIFactoryServiceProvider, class com.almasb.fxgl.ui.FXGLDialogFactoryServiceProvider, class com.almasb.fxgl.audio.AudioPlayer, class com.almasb.fxgl.notification.impl.NotificationServiceProvider, class com.almasb.fxgl.achievement.AchievementService, class com.almasb.fxgl.cutscene.CutsceneService, class com.almasb.fxgl.minigames.MiniGameService, class com.almasb.fxgl.net.NetService, class com.almasb.fxgl.app.services.UpdaterService, class com.almasb.fxgl.dev.DevService]
01:42:03.318 [FXGL Background Thread 2 ] DEBUG Engine               - fontGame: Abel-Regular.ttf
01:42:03.318 [FXGL Background Thread 2 ] DEBUG Engine               - fontMono: lucida_console.ttf
01:42:03.318 [FXGL Background Thread 2 ] DEBUG Engine               - fontText: Courier-Prime.ttf
01:42:03.318 [FXGL Background Thread 2 ] DEBUG Engine               - fontUI: VarelaRound-Regular.ttf
01:42:03.318 [FXGL Background Thread 2 ] DEBUG Engine               - fullScreen: BooleanProperty [value: false]
01:42:03.318 [FXGL Background Thread 2 ] DEBUG Engine               - gameDifficulty: MEDIUM
01:42:03.318 [FXGL Background Thread 2 ] DEBUG Engine               - gameDifficultyProperty: ObjectProperty [value: MEDIUM]
01:42:03.318 [FXGL Background Thread 2 ] DEBUG Engine               - globalMusicVolume: 0.5
01:42:03.318 [FXGL Background Thread 2 ] DEBUG Engine               - globalMusicVolumeProperty: DoubleProperty [value: 1.0]
01:42:03.318 [FXGL Background Thread 2 ] DEBUG Engine               - globalSoundVolume: 0.5
01:42:03.318 [FXGL Background Thread 2 ] DEBUG Engine               - globalSoundVolumeProperty: DoubleProperty [value: 0.1]
01:42:03.318 [FXGL Background Thread 2 ] DEBUG Engine               - height: 896
01:42:03.318 [FXGL Background Thread 2 ] DEBUG Engine               - isAndroid: false
01:42:03.318 [FXGL Background Thread 2 ] DEBUG Engine               - isBrowser: false
01:42:03.318 [FXGL Background Thread 2 ] DEBUG Engine               - isClickFeedbackEnabled: false
01:42:03.319 [FXGL Background Thread 2 ] DEBUG Engine               - isCloseConfirmation: false
01:42:03.319 [FXGL Background Thread 2 ] DEBUG Engine               - isDesktop: true
01:42:03.319 [FXGL Background Thread 2 ] DEBUG Engine               - isDeveloperMenuEnabled: false
01:42:03.319 [FXGL Background Thread 2 ] DEBUG Engine               - isEntityPreloadEnabled: true
01:42:03.319 [FXGL Background Thread 2 ] DEBUG Engine               - isExperimentalNative: false
01:42:03.319 [FXGL Background Thread 2 ] DEBUG Engine               - isExperimentalTiledLargeMap: false
01:42:03.319 [FXGL Background Thread 2 ] DEBUG Engine               - isFileSystemWriteAllowed: true
01:42:03.319 [FXGL Background Thread 2 ] DEBUG Engine               - isFullScreenAllowed: false
01:42:03.319 [FXGL Background Thread 2 ] DEBUG Engine               - isFullScreenFromStart: false
01:42:03.319 [FXGL Background Thread 2 ] DEBUG Engine               - isGameMenuEnabled: true
01:42:03.319 [FXGL Background Thread 2 ] DEBUG Engine               - isIOS: false
01:42:03.319 [FXGL Background Thread 2 ] DEBUG Engine               - isIntroEnabled: false
01:42:03.319 [FXGL Background Thread 2 ] DEBUG Engine               - isLinux: false
01:42:03.319 [FXGL Background Thread 2 ] DEBUG Engine               - isMac: false
01:42:03.319 [FXGL Background Thread 2 ] DEBUG Engine               - isMainMenuEnabled: true
01:42:03.319 [FXGL Background Thread 2 ] DEBUG Engine               - isManualResizeEnabled: false
01:42:03.319 [FXGL Background Thread 2 ] DEBUG Engine               - isMobile: false
01:42:03.319 [FXGL Background Thread 2 ] DEBUG Engine               - isPreserveResizeRatio: false
01:42:03.319 [FXGL Background Thread 2 ] DEBUG Engine               - isProfilingEnabled: false
01:42:03.319 [FXGL Background Thread 2 ] DEBUG Engine               - isSingleStep: false
01:42:03.319 [FXGL Background Thread 2 ] DEBUG Engine               - isUserProfileEnabled: false
01:42:03.319 [FXGL Background Thread 2 ] DEBUG Engine               - isWindows: true
01:42:03.319 [FXGL Background Thread 2 ] DEBUG Engine               - language: ObjectProperty [value: ENGLISH]
01:42:03.319 [FXGL Background Thread 2 ] DEBUG Engine               - menuKey: ESCAPE
01:42:03.319 [FXGL Background Thread 2 ] DEBUG Engine               - notificationViewClass: class com.almasb.fxgl.notification.view.XboxNotificationView
01:42:03.320 [FXGL Background Thread 2 ] DEBUG Engine               - pixelsPerMeter: 50.0
01:42:03.320 [FXGL Background Thread 2 ] DEBUG Engine               - platform: WINDOWS
01:42:03.320 [FXGL Background Thread 2 ] DEBUG Engine               - profileDir: profiles/
01:42:03.320 [FXGL Background Thread 2 ] DEBUG Engine               - profileName: StringProperty [value: DEFAULT]
01:42:03.320 [FXGL Background Thread 2 ] DEBUG Engine               - randomSeed: -1
01:42:03.320 [FXGL Background Thread 2 ] DEBUG Engine               - runtimeInfo: RuntimeInfo(platform=WINDOWS, version=11.11, build=08.09.2020 18.00)
01:42:03.320 [FXGL Background Thread 2 ] DEBUG Engine               - saveFileExt: sav
01:42:03.320 [FXGL Background Thread 2 ] DEBUG Engine               - sceneFactory: com.almasb.fxgl.app.scene.SceneFactory@f837505
01:42:03.320 [FXGL Background Thread 2 ] DEBUG Engine               - secondsIn24h: 60
01:42:03.320 [FXGL Background Thread 2 ] DEBUG Engine               - soundMenuBack: menu/back.wav
01:42:03.320 [FXGL Background Thread 2 ] DEBUG Engine               - soundMenuPress: menu/press.wav
01:42:03.320 [FXGL Background Thread 2 ] DEBUG Engine               - soundMenuSelect: menu/select.wav
01:42:03.320 [FXGL Background Thread 2 ] DEBUG Engine               - soundNotification: core/notification.wav
01:42:03.320 [FXGL Background Thread 2 ] DEBUG Engine               - stageStyle: DECORATED
01:42:03.320 [FXGL Background Thread 2 ] DEBUG Engine               - supportedLanguages: [ENGLISH, FRENCH, GERMAN, HUNGARIAN, RUSSIAN]
01:42:03.320 [FXGL Background Thread 2 ] DEBUG Engine               - title: IntelliGame
01:42:03.320 [FXGL Background Thread 2 ] DEBUG Engine               - urlGithub: https://github.com/AlmasB/FXGL
01:42:03.320 [FXGL Background Thread 2 ] DEBUG Engine               - urlLeaderboard: http://fxgl-top.herokuapp.com/
01:42:03.320 [FXGL Background Thread 2 ] DEBUG Engine               - urlPOM: https://raw.githubusercontent.com/AlmasB/FXGL/master/pom.xml
01:42:03.320 [FXGL Background Thread 2 ] DEBUG Engine               - version: 1.0(呕心沥血)
01:42:03.320 [FXGL Background Thread 2 ] DEBUG Engine               - versionCheckDays: 7
01:42:03.320 [FXGL Background Thread 2 ] DEBUG Engine               - width: 896
01:42:03.321 [FXGL Background Thread 2 ] DEBUG Engine               - Logging services
01:42:03.321 [FXGL Background Thread 2 ] DEBUG Engine               - class com.almasb.fxgl.app.FXGLApplication$GameApplicationService
01:42:03.321 [FXGL Background Thread 2 ] DEBUG Engine               - class com.almasb.fxgl.app.services.FXGLDialogService
01:42:03.321 [FXGL Background Thread 2 ] DEBUG Engine               - class com.almasb.fxgl.app.services.IOTaskExecutorService
01:42:03.321 [FXGL Background Thread 2 ] DEBUG Engine               - class com.almasb.fxgl.event.EventBusService
01:42:03.321 [FXGL Background Thread 2 ] DEBUG Engine               - class com.almasb.fxgl.io.FileSystemService
01:42:03.321 [FXGL Background Thread 2 ] DEBUG Engine               - class com.almasb.fxgl.localization.LocalizationService
01:42:03.321 [FXGL Background Thread 2 ] DEBUG Engine               - class com.almasb.fxgl.app.services.FXGLAssetLoaderService
01:42:03.321 [FXGL Background Thread 2 ] DEBUG Engine               - class com.almasb.fxgl.app.services.SystemBundleService
01:42:03.321 [FXGL Background Thread 2 ] DEBUG Engine               - class com.almasb.fxgl.profile.SaveLoadService
01:42:03.321 [FXGL Background Thread 2 ] DEBUG Engine               - class com.almasb.fxgl.ui.FXGLUIFactoryServiceProvider
01:42:03.321 [FXGL Background Thread 2 ] DEBUG Engine               - class com.almasb.fxgl.ui.FXGLDialogFactoryServiceProvider
01:42:03.321 [FXGL Background Thread 2 ] DEBUG Engine               - class com.almasb.fxgl.audio.AudioPlayer
01:42:03.321 [FXGL Background Thread 2 ] DEBUG Engine               - class com.almasb.fxgl.notification.impl.NotificationServiceProvider
01:42:03.321 [FXGL Background Thread 2 ] DEBUG Engine               - class com.almasb.fxgl.achievement.AchievementService
01:42:03.321 [FXGL Background Thread 2 ] DEBUG Engine               - class com.almasb.fxgl.cutscene.CutsceneService
01:42:03.321 [FXGL Background Thread 2 ] DEBUG Engine               - class com.almasb.fxgl.minigames.MiniGameService
01:42:03.321 [FXGL Background Thread 2 ] DEBUG Engine               - class com.almasb.fxgl.net.NetService
01:42:03.321 [FXGL Background Thread 2 ] DEBUG Engine               - class com.almasb.fxgl.app.services.UpdaterService
01:42:03.321 [FXGL Background Thread 2 ] DEBUG Engine               - class com.almasb.fxgl.dev.DevService
01:42:03.414 [JavaFX Application Thread] DEBUG FXGLAssetLoaderServi - Loading from cache: /assets/textures/hammer.png@40.0x40.0
01:42:03.416 [JavaFX Application Thread] DEBUG FXGLAssetLoaderServi - Loading from cache: /assets/sounds/shoot.wav
01:42:03.726 [JavaFX Application Thread] DEBUG FXGLAssetLoaderServi - Loading from cache: /assets/textures/hammer.png@40.0x40.0
01:42:03.728 [JavaFX Application Thread] DEBUG FXGLAssetLoaderServi - Loading from cache: /assets/sounds/shoot.wav
01:42:03.926 [JavaFX Application Thread] DEBUG FXGLAssetLoaderServi - Loading from cache: /assets/textures/monster1.png@40.0x40.0
01:42:03.941 [JavaFX Application Thread] DEBUG FXGLAssetLoaderServi - Loading from cache: /assets/textures/hammer.png@40.0x40.0
01:42:03.943 [JavaFX Application Thread] DEBUG FXGLAssetLoaderServi - Loading from cache: /assets/sounds/shoot.wav
01:42:04.156 [JavaFX Application Thread] DEBUG FXGLAssetLoaderServi - Loading from cache: /assets/textures/hammer.png@40.0x40.0
01:42:04.158 [JavaFX Application Thread] DEBUG FXGLAssetLoaderServi - Loading from cache: /assets/sounds/shoot.wav
01:42:04.372 [JavaFX Application Thread] DEBUG FXGLAssetLoaderServi - Loading from cache: /assets/textures/hammer.png@40.0x40.0
01:42:04.374 [JavaFX Application Thread] DEBUG FXGLAssetLoaderServi - Loading from cache: /assets/sounds/shoot.wav
01:42:04.559 [JavaFX Application Thread] DEBUG FXGLAssetLoaderServi - Loading from file system: /assets/textures/monster4.png
01:42:04.582 [JavaFX Application Thread] DEBUG FXGLAssetLoaderServi - Loading from cache: /assets/textures/hammer.png@40.0x40.0
01:42:04.588 [JavaFX Application Thread] DEBUG FXGLAssetLoaderServi - Loading from cache: /assets/sounds/shoot.wav
01:42:04.803 [JavaFX Application Thread] DEBUG FXGLAssetLoaderServi - Loading from cache: /assets/textures/hammer.png@40.0x40.0
01:42:04.806 [JavaFX Application Thread] DEBUG FXGLAssetLoaderServi - Loading from cache: /assets/sounds/shoot.wav
01:42:05.014 [JavaFX Application Thread] DEBUG FXGLAssetLoaderServi - Loading from cache: /assets/textures/hammer.png@40.0x40.0
01:42:05.019 [JavaFX Application Thread] DEBUG FXGLAssetLoaderServi - Loading from cache: /assets/sounds/shoot.wav
01:42:05.149 [JavaFX Application Thread] DEBUG FXGLAssetLoaderServi - Loading from file system: /assets/sounds/explosion.wav
01:42:05.152 [JavaFX Application Thread] DEBUG FXGLAssetLoaderServi - Loading from file system: /assets/textures/explosion.png
01:42:05.165 [JavaFX Application Thread] DEBUG EventBus             - Firing event: cn.edu.witpt.IntelliGame.event.GameEvent[source=javafx.event.Event$$Lambda$111/0x000000080021fc40@4dfce385]
01:42:05.205 [JavaFX Application Thread] DEBUG FXGLAssetLoaderServi - Loading from file system: /assets/textures/monster3.png
01:42:05.249 [JavaFX Application Thread] DEBUG FXGLAssetLoaderServi - Loading from cache: /assets/textures/hammer.png@40.0x40.0
01:42:05.250 [JavaFX Application Thread] DEBUG FXGLAssetLoaderServi - Loading from cache: /assets/sounds/shoot.wav
01:42:05.420 [JavaFX Application Thread] DEBUG FXGLAssetLoaderServi - Loading from cache: /assets/sounds/explosion.wav
01:42:05.421 [JavaFX Application Thread] DEBUG FXGLAssetLoaderServi - Loading from cache: /assets/textures/explosion.png@1280.0x80.0
01:42:05.421 [JavaFX Application Thread] DEBUG EventBus             - Firing event: cn.edu.witpt.IntelliGame.event.GameEvent[source=javafx.event.Event$$Lambda$111/0x000000080021fc40@4dfce385]
01:42:05.455 [JavaFX Application Thread] DEBUG FXGLAssetLoaderServi - Loading from cache: /assets/textures/hammer.png@40.0x40.0
01:42:05.456 [JavaFX Application Thread] DEBUG FXGLAssetLoaderServi - Loading from cache: /assets/sounds/shoot.wav
01:42:05.664 [JavaFX Application Thread] DEBUG FXGLAssetLoaderServi - Loading from cache: /assets/textures/hammer.png@40.0x40.0
01:42:05.665 [JavaFX Application Thread] DEBUG FXGLAssetLoaderServi - Loading from cache: /assets/sounds/shoot.wav
01:42:05.830 [JavaFX Application Thread] DEBUG FXGLAssetLoaderServi - Loading from cache: /assets/textures/monster1.png@40.0x40.0
01:42:05.871 [JavaFX Application Thread] DEBUG FXGLAssetLoaderServi - Loading from cache: /assets/textures/hammer.png@40.0x40.0
01:42:05.873 [JavaFX Application Thread] DEBUG FXGLAssetLoaderServi - Loading from cache: /assets/sounds/shoot.wav
01:42:06.080 [JavaFX Application Thread] DEBUG FXGLAssetLoaderServi - Loading from cache: /assets/textures/hammer.png@40.0x40.0
01:42:06.082 [JavaFX Application Thread] DEBUG FXGLAssetLoaderServi - Loading from cache: /assets/sounds/shoot.wav
01:42:06.288 [JavaFX Application Thread] DEBUG FXGLAssetLoaderServi - Loading from cache: /assets/textures/hammer.png@40.0x40.0
01:42:06.290 [JavaFX Application Thread] DEBUG FXGLAssetLoaderServi - Loading from cache: /assets/sounds/shoot.wav
01:42:06.454 [JavaFX Application Thread] DEBUG FXGLAssetLoaderServi - Loading from cache: /assets/textures/monster1.png@40.0x40.0
01:42:06.496 [JavaFX Application Thread] DEBUG FXGLAssetLoaderServi - Loading from cache: /assets/textures/hammer.png@40.0x40.0
01:42:06.498 [JavaFX Application Thread] DEBUG FXGLAssetLoaderServi - Loading from cache: /assets/sounds/shoot.wav
01:42:06.706 [JavaFX Application Thread] DEBUG FXGLAssetLoaderServi - Loading from cache: /assets/textures/hammer.png@40.0x40.0
01:42:06.708 [JavaFX Application Thread] DEBUG FXGLAssetLoaderServi - Loading from cache: /assets/sounds/shoot.wav
01:42:06.804 [JavaFX Application Thread] DEBUG FXGLAssetLoaderServi - Loading from cache: /assets/sounds/explosion.wav
01:42:06.804 [JavaFX Application Thread] DEBUG FXGLAssetLoaderServi - Loading from cache: /assets/textures/explosion.png@1280.0x80.0
01:42:06.804 [JavaFX Application Thread] DEBUG EventBus             - Firing event: cn.edu.witpt.IntelliGame.event.GameEvent[source=javafx.event.Event$$Lambda$111/0x000000080021fc40@4dfce385]
01:42:06.913 [JavaFX Application Thread] DEBUG FXGLAssetLoaderServi - Loading from cache: /assets/textures/hammer.png@40.0x40.0
01:42:06.914 [JavaFX Application Thread] DEBUG FXGLAssetLoaderServi - Loading from cache: /assets/sounds/shoot.wav
01:42:07.078 [JavaFX Application Thread] DEBUG FXGLAssetLoaderServi - Loading from cache: /assets/textures/monster1.png@40.0x40.0
01:42:07.121 [JavaFX Application Thread] DEBUG FXGLAssetLoaderServi - Loading from cache: /assets/textures/hammer.png@40.0x40.0
01:42:07.123 [JavaFX Application Thread] DEBUG FXGLAssetLoaderServi - Loading from cache: /assets/sounds/shoot.wav
01:42:07.295 [JavaFX Application Thread] DEBUG FXGLAssetLoaderServi - Loading from cache: /assets/sounds/explosion.wav
01:42:07.295 [JavaFX Application Thread] DEBUG FXGLAssetLoaderServi - Loading from cache: /assets/textures/explosion.png@1280.0x80.0
01:42:07.295 [JavaFX Application Thread] DEBUG EventBus             - Firing event: cn.edu.witpt.IntelliGame.event.GameEvent[source=javafx.event.Event$$Lambda$111/0x000000080021fc40@4dfce385]
01:42:07.329 [JavaFX Application Thread] DEBUG FXGLAssetLoaderServi - Loading from cache: /assets/textures/hammer.png@40.0x40.0
01:42:07.330 [JavaFX Application Thread] DEBUG FXGLAssetLoaderServi - Loading from cache: /assets/sounds/shoot.wav
01:42:07.538 [JavaFX Application Thread] DEBUG FXGLAssetLoaderServi - Loading from cache: /assets/textures/hammer.png@40.0x40.0
01:42:07.539 [JavaFX Application Thread] DEBUG FXGLAssetLoaderServi - Loading from cache: /assets/sounds/shoot.wav
01:42:07.703 [JavaFX Application Thread] DEBUG FXGLAssetLoaderServi - Loading from cache: /assets/textures/monster4.png@40.0x40.0
01:42:07.747 [JavaFX Application Thread] DEBUG FXGLAssetLoaderServi - Loading from cache: /assets/textures/hammer.png@40.0x40.0
01:42:07.749 [JavaFX Application Thread] DEBUG FXGLAssetLoaderServi - Loading from cache: /assets/sounds/shoot.wav
01:42:07.955 [JavaFX Application Thread] DEBUG FXGLAssetLoaderServi - Loading from cache: /assets/textures/hammer.png@40.0x40.0
01:42:07.957 [JavaFX Application Thread] DEBUG FXGLAssetLoaderServi - Loading from cache: /assets/sounds/shoot.wav
01:42:08.163 [JavaFX Application Thread] DEBUG FXGLAssetLoaderServi - Loading from cache: /assets/textures/hammer.png@40.0x40.0
01:42:08.166 [JavaFX Application Thread] DEBUG FXGLAssetLoaderServi - Loading from cache: /assets/sounds/shoot.wav
01:42:08.326 [JavaFX Application Thread] DEBUG FXGLAssetLoaderServi - Loading from cache: /assets/textures/monster4.png@40.0x40.0
01:42:08.372 [JavaFX Application Thread] DEBUG FXGLAssetLoaderServi - Loading from cache: /assets/textures/hammer.png@40.0x40.0
01:42:08.373 [JavaFX Application Thread] DEBUG FXGLAssetLoaderServi - Loading from cache: /assets/sounds/shoot.wav
01:42:08.580 [JavaFX Application Thread] DEBUG FXGLAssetLoaderServi - Loading from cache: /assets/textures/hammer.png@40.0x40.0
01:42:08.582 [JavaFX Application Thread] DEBUG FXGLAssetLoaderServi - Loading from cache: /assets/sounds/shoot.wav
01:42:08.788 [JavaFX Application Thread] DEBUG FXGLAssetLoaderServi - Loading from cache: /assets/textures/hammer.png@40.0x40.0
01:42:08.791 [JavaFX Application Thread] DEBUG FXGLAssetLoaderServi - Loading from cache: /assets/sounds/shoot.wav
01:42:08.927 [JavaFX Application Thread] DEBUG FXGLAssetLoaderServi - Loading from cache: /assets/sounds/explosion.wav
01:42:08.928 [JavaFX Application Thread] DEBUG FXGLAssetLoaderServi - Loading from cache: /assets/textures/explosion.png@1280.0x80.0
01:42:08.928 [JavaFX Application Thread] DEBUG EventBus             - Firing event: cn.edu.witpt.IntelliGame.event.GameEvent[source=javafx.event.Event$$Lambda$111/0x000000080021fc40@4dfce385]
01:42:08.950 [JavaFX Application Thread] DEBUG FXGLAssetLoaderServi - Loading from cache: /assets/textures/monster4.png@40.0x40.0
01:42:08.999 [JavaFX Application Thread] DEBUG FXGLAssetLoaderServi - Loading from cache: /assets/textures/hammer.png@40.0x40.0
01:42:09.003 [JavaFX Application Thread] DEBUG FXGLAssetLoaderServi - Loading from cache: /assets/sounds/shoot.wav
01:42:09.218 [JavaFX Application Thread] DEBUG FXGLAssetLoaderServi - Loading from cache: /assets/textures/hammer.png@40.0x40.0
01:42:09.220 [JavaFX Application Thread] DEBUG FXGLAssetLoaderServi - Loading from cache: /assets/sounds/shoot.wav
01:42:09.430 [JavaFX Application Thread] DEBUG FXGLAssetLoaderServi - Loading from cache: /assets/textures/hammer.png@40.0x40.0
01:42:09.435 [JavaFX Application Thread] DEBUG FXGLAssetLoaderServi - Loading from cache: /assets/sounds/shoot.wav
01:42:09.586 [JavaFX Application Thread] DEBUG FXGLAssetLoaderServi - Loading from cache: /assets/textures/monster1.png@40.0x40.0
01:42:09.649 [JavaFX Application Thread] DEBUG FXGLAssetLoaderServi - Loading from cache: /assets/textures/hammer.png@40.0x40.0
01:42:09.651 [JavaFX Application Thread] DEBUG FXGLAssetLoaderServi - Loading from cache: /assets/sounds/shoot.wav
01:42:09.862 [JavaFX Application Thread] DEBUG FXGLAssetLoaderServi - Loading from cache: /assets/textures/hammer.png@40.0x40.0
01:42:09.865 [JavaFX Application Thread] DEBUG FXGLAssetLoaderServi - Loading from cache: /assets/sounds/shoot.wav
01:42:10.080 [JavaFX Application Thread] DEBUG FXGLAssetLoaderServi - Loading from cache: /assets/textures/hammer.png@40.0x40.0
01:42:10.081 [JavaFX Application Thread] DEBUG FXGLAssetLoaderServi - Loading from cache: /assets/sounds/shoot.wav
01:42:10.214 [JavaFX Application Thread] DEBUG FXGLAssetLoaderServi - Loading from file system: /assets/textures/monster2.png
01:42:10.294 [JavaFX Application Thread] DEBUG FXGLAssetLoaderServi - Loading from cache: /assets/textures/hammer.png@40.0x40.0
01:42:10.296 [JavaFX Application Thread] DEBUG FXGLAssetLoaderServi - Loading from cache: /assets/sounds/shoot.wav
01:42:10.510 [JavaFX Application Thread] DEBUG FXGLAssetLoaderServi - Loading from cache: /assets/textures/hammer.png@40.0x40.0
01:42:10.512 [JavaFX Application Thread] DEBUG FXGLAssetLoaderServi - Loading from cache: /assets/sounds/shoot.wav
01:42:10.532 [JavaFX Application Thread] DEBUG FXGLAssetLoaderServi - Loading from cache: /assets/sounds/explosion.wav
01:42:10.532 [JavaFX Application Thread] DEBUG FXGLAssetLoaderServi - Loading from cache: /assets/textures/explosion.png@1280.0x80.0
01:42:10.532 [JavaFX Application Thread] DEBUG EventBus             - Firing event: cn.edu.witpt.IntelliGame.event.GameEvent[source=javafx.event.Event$$Lambda$111/0x000000080021fc40@4dfce385]
01:42:10.725 [JavaFX Application Thread] DEBUG FXGLAssetLoaderServi - Loading from cache: /assets/textures/hammer.png@40.0x40.0
01:42:10.728 [JavaFX Application Thread] DEBUG FXGLAssetLoaderServi - Loading from cache: /assets/sounds/shoot.wav
01:42:10.852 [JavaFX Application Thread] DEBUG FXGLAssetLoaderServi - Loading from cache: /assets/textures/monster3.png@40.0x40.0
01:42:11.478 [JavaFX Application Thread] DEBUG FXGLAssetLoaderServi - Loading from cache: /assets/textures/monster4.png@40.0x40.0
01:42:11.797 [JavaFX Application Thread] DEBUG FXGLApplication      - Exiting FXGL
01:42:11.798 [JavaFX Application Thread] DEBUG LoopRunner           - Stopping loop
01:42:11.798 [JavaFX Application Thread] DEBUG SystemBundleService  - Saving FXGL system data
01:42:11.799 [JavaFX Application Thread] DEBUG FileSystemAccess     - Writing to: C:\Users\nIck_\Desktop\IntelliGame\system\fxgl.bundle
01:42:11.800 [JavaFX Application Thread] DEBUG Async                - Shutting down background threads
01:42:11.800 [JavaFX Application Thread] DEBUG MainWindow           - Closing main window
01:42:11.810 [JavaFX Application Thread] DEBUG Logger               - Closing Logger
