01:28:22.412 [main                     ] DEBUG Logger               - Configured Logger
01:28:22.443 [main                     ] DEBUG GameApplication      - Logging settings
Title: IntelliGame
Version: 1.0(呕心沥血)
Width: 896
Height: 896
Fullscreen: false
Intro: false
Profiling: false
Single step:false
App Mode: RELEASE
Menu Key: ESCAPE
Stage Style: DECORATED
Scene Factory: class com.almasb.fxgl.app.scene.SceneFactory

01:28:22.821 [JavaFX Application Thread] DEBUG FXGLApplication      - Initializing FXGL
01:28:22.835 [JavaFX Application Thread] INFO  Engine               - FXGL-11.11 (08.09.2020 18.00) on WINDOWS (J:11.0.7 FX:11.0.2)
01:28:22.835 [JavaFX Application Thread] DEBUG Engine               - JRE Vendor Name: Oracle Corporation
01:28:22.835 [JavaFX Application Thread] DEBUG Engine               - Running on OS: Windows 10 version 10.0
01:28:22.836 [JavaFX Application Thread] DEBUG Engine               - Architecture: amd64
01:28:22.836 [JavaFX Application Thread] INFO  Engine               - Source code and latest versions at: https://github.com/AlmasB/FXGL
01:28:22.836 [JavaFX Application Thread] INFO  Engine               -              Join the FXGL chat at: https://gitter.im/AlmasB/FXGL
01:28:22.945 [JavaFX Application Thread] DEBUG MainWindow           - Creating a JavaFX scene
01:28:23.002 [JavaFX Application Thread] DEBUG MainWindow           - Target settings size: 896.0 x 896.0
01:28:23.003 [JavaFX Application Thread] DEBUG MainWindow           - Scaled scene size:    896.0 x 896.0
01:28:23.003 [JavaFX Application Thread] DEBUG MainWindow           - Scaled ratio: (1.0, 1.0)
01:28:23.004 [JavaFX Application Thread] DEBUG MainWindow           - Set initial scene to StartupScene
01:28:23.009 [JavaFX Application Thread] DEBUG MainWindow           - Opening main window
01:28:23.108 [JavaFX Application Thread] DEBUG MainWindow           - Window border size: (16.0, 39.0)
01:28:23.108 [JavaFX Application Thread] DEBUG MainWindow           - Scaled size: 896.0 x 896.0
01:28:23.108 [JavaFX Application Thread] DEBUG MainWindow           - Scaled ratio: (1.0, 1.0)
01:28:23.108 [JavaFX Application Thread] DEBUG MainWindow           - Scene size: 896.0 x 896.0
01:28:23.109 [JavaFX Application Thread] DEBUG MainWindow           - Stage size: 912.0 x 935.0
01:28:23.122 [FXGL Background Thread 1 ] DEBUG Engine               - Initializing environment variables
01:28:23.157 [FXGL Background Thread 1 ] DEBUG GameApplicationServi - Applying CSS: fxgl_dark.css
01:28:23.158 [FXGL Background Thread 1 ] DEBUG FXGLAssetLoaderServi - Loading from file system: /assets/ui/css/fxgl_dark.css
01:28:23.222 [FXGL Background Thread 1 ] DEBUG GameApplicationServi - Initializing application scenes
01:28:23.287 [FXGL Background Thread 1 ] DEBUG GameWorld            - Game world initialized
01:28:23.360 [FXGL Background Thread 1 ] DEBUG PhysicsWorld         - Physics world initialized: appHeight=896, physics.ppm=50.0
01:28:23.362 [FXGL Background Thread 1 ] DEBUG GameScene            - Game scene initialized: 896x896
01:28:23.397 [FXGL Background Thread 1 ] DEBUG FXGLAssetLoaderServi - Loading from file system: /assets/textures/particles/trace_horizontal.png
01:28:23.456 [FXGL Background Thread 1 ] DEBUG FXGL.DefaultMenu     - createMenuBodyMainMenu()
01:28:23.472 [FXGL Background Thread 1 ] DEBUG FXGL.DefaultMenu     - createOptionsMenu()
01:28:23.477 [FXGL Background Thread 1 ] DEBUG FXGL.DefaultMenu     - createExtraMenu()
01:28:23.480 [FXGL Background Thread 1 ] DEBUG FXGLAssetLoaderServi - Loading from file system: /assets/textures/particles/smoke.png
01:28:23.534 [FXGL Background Thread 1 ] DEBUG FXGLAssetLoaderServi - Loading from cache: /assets/textures/particles/trace_horizontal.png@64.0x64.0
01:28:23.534 [FXGL Background Thread 1 ] DEBUG FXGL.DefaultMenu     - createMenuBodyGameMenu()
01:28:23.535 [FXGL Background Thread 1 ] DEBUG FXGL.DefaultMenu     - createOptionsMenu()
01:28:23.537 [FXGL Background Thread 1 ] DEBUG FXGL.DefaultMenu     - createExtraMenu()
01:28:23.539 [FXGL Background Thread 1 ] DEBUG FXGLAssetLoaderServi - Loading from cache: /assets/textures/particles/smoke.png@128.0x128.0
01:28:23.548 [FXGL Background Thread 1 ] DEBUG GameApplicationServi - Application scenes initialized
01:28:23.557 [FXGL Background Thread 1 ] DEBUG SystemBundleService  - Loading FXGL system data
01:28:23.560 [FXGL Background Thread 1 ] DEBUG FileSystemAccess     - Reading from: C:\Users\nIck_\Desktop\IntelliGame\system\fxgl.bundle
01:28:23.564 [FXGL Background Thread 1 ] DEBUG SystemBundleService  - Bundle FXGL: {}
01:28:23.566 [FXGL Background Thread 3 ] DEBUG FXGLApplication      - Loading fonts
01:28:23.566 [FXGL Background Thread 3 ] DEBUG FXGLAssetLoaderServi - Loading from file system: /assets/ui/fonts/VarelaRound-Regular.ttf
01:28:23.567 [FXGL Background Thread 1 ] DEBUG FXGLApplication      - Loading default localization
01:28:23.567 [FXGL Background Thread 1 ] DEBUG FXGLAssetLoaderServi - Loading from file system: /assets/languages/english.lang
01:28:23.584 [FXGL Background Thread 1 ] INFO  FXGLApplication      - FXGL initialization took: 0.461 sec
01:28:23.596 [JavaFX Application Thread] DEBUG Input                - Registered new binding: 向左移动 - A
01:28:23.596 [JavaFX Application Thread] DEBUG Input                - Registered new binding: 向上移动 - W
01:28:23.597 [JavaFX Application Thread] DEBUG Input                - Registered new binding: 向右移动 - D
01:28:23.597 [JavaFX Application Thread] DEBUG Input                - Registered new binding: 向下移动 - S
01:28:23.599 [JavaFX Application Thread] DEBUG Input                - Registered new binding: 扔锤子 - LMB
01:28:23.600 [JavaFX Application Thread] DEBUG FXGLAssetLoaderServi - Loading from file system: /assets/music/bgm.mp3
01:28:23.704 [JavaFX Application Thread] DEBUG AudioPlayer          - Playing music com.almasb.fxgl.audio.Music@14bed0fd
01:28:23.705 [JavaFX Application Thread] DEBUG FXGLAssetLoaderServi - Loading from file system: /assets/textures/fxgl_icon.png
01:28:23.731 [JavaFX Application Thread] DEBUG FXGLAssetLoaderServi - Loading from file system: /assets/ui/cursors/fxgl_default.png
01:28:23.734 [JavaFX Application Thread] DEBUG Input                - Registered new binding: Screenshot - P
01:28:23.736 [JavaFX Application Thread] DEBUG LoopRunner           - Starting loop
01:28:23.740 [JavaFX Application Thread] DEBUG Input                - Clearing active input actions
01:28:23.749 [JavaFX Application Thread] DEBUG GameApplicationServi - Removing overlay from StartupScene and adding to FXGLMainMenuDummyScene
01:28:23.750 [JavaFX Application Thread] DEBUG MainWindow           - StartupScene -> FXGLMainMenuDummyScene
01:28:23.750 [JavaFX Application Thread] DEBUG MainWindow           - Push state: FXGLDefaultMenu
01:28:23.755 [JavaFX Application Thread] DEBUG Input                - Clearing active input actions
01:28:23.770 [JavaFX Application Thread] DEBUG GameApplicationServi - Removing overlay from FXGLMainMenuDummyScene and adding to FXGLDefaultMenu
01:28:23.770 [JavaFX Application Thread] DEBUG MainWindow           - FXGLMainMenuDummyScene -> FXGLDefaultMenu
01:28:23.906 [FXGL Background Thread 3 ] DEBUG FXGLAssetLoaderServi - Loading from file system: /assets/ui/fonts/Abel-Regular.ttf
01:28:23.910 [FXGL Background Thread 3 ] DEBUG FXGLAssetLoaderServi - Loading from file system: /assets/ui/fonts/lucida_console.ttf
01:28:23.923 [FXGL Background Thread 3 ] DEBUG FXGLAssetLoaderServi - Loading from file system: /assets/ui/fonts/Courier-Prime.ttf
01:28:23.929 [JavaFX Application Thread] DEBUG FXGLApplication      - Registering font factories with UI factory
01:28:24.471 [JavaFX Application Thread] DEBUG Menu                 - fireNewGame()
01:28:24.471 [JavaFX Application Thread] DEBUG GameApplicationServi - Starting new game
01:28:24.472 [JavaFX Application Thread] DEBUG MainWindow           - Pop state: FXGLDefaultMenu
01:28:24.472 [JavaFX Application Thread] DEBUG Input                - Clearing active input actions
01:28:24.473 [JavaFX Application Thread] DEBUG GameApplicationServi - Removing overlay from FXGLDefaultMenu and adding to FXGLMainMenuDummyScene
01:28:24.474 [JavaFX Application Thread] DEBUG MainWindow           - FXGLMainMenuDummyScene <- FXGLDefaultMenu
01:28:24.474 [JavaFX Application Thread] DEBUG Input                - Clearing active input actions
01:28:24.483 [JavaFX Application Thread] DEBUG GameApplicationServi - Removing overlay from FXGLMainMenuDummyScene and adding to FXGLLoadingScene
01:28:24.483 [JavaFX Application Thread] DEBUG MainWindow           - FXGLMainMenuDummyScene -> FXGLLoadingScene
01:28:24.484 [JavaFX Application Thread] DEBUG GameApplicationServi - Clearing previous game
01:28:24.484 [JavaFX Application Thread] DEBUG GameScene            - Clearing game scene
01:28:24.484 [JavaFX Application Thread] DEBUG GameWorld            - Clearing game world
01:28:24.484 [JavaFX Application Thread] DEBUG PhysicsWorld         - Clearing physics world
01:28:24.485 [FXGL Background Thread 3 ] DEBUG FXGLApplication      - Initializing game
01:28:24.495 [FXGL Background Thread 3 ] DEBUG FXGLAssetLoaderServi - Loading from file system: /assets/textures/background/background.jpg
01:28:24.611 [FXGL Background Thread 3 ] DEBUG FXGLAssetLoaderServi - Loading from file system: /assets/textures/home.png
01:28:24.653 [FXGL Background Thread 3 ] DEBUG FXGLAssetLoaderServi - Loading from cache: /assets/textures/home.png@88.0x88.0
01:28:24.664 [FXGL Background Thread 3 ] DEBUG FXGLAssetLoaderServi - Loading from cache: /assets/textures/home.png@88.0x88.0
01:28:24.671 [FXGL Background Thread 3 ] DEBUG FXGLAssetLoaderServi - Loading from cache: /assets/textures/home.png@88.0x88.0
01:28:24.678 [FXGL Background Thread 3 ] DEBUG FXGLAssetLoaderServi - Loading from cache: /assets/textures/home.png@88.0x88.0
01:28:24.685 [FXGL Background Thread 3 ] DEBUG FXGLAssetLoaderServi - Loading from cache: /assets/textures/home.png@88.0x88.0
01:28:24.692 [FXGL Background Thread 3 ] DEBUG FXGLAssetLoaderServi - Loading from cache: /assets/textures/home.png@88.0x88.0
01:28:24.705 [FXGL Background Thread 3 ] DEBUG FXGLAssetLoaderServi - Loading from file system: /assets/textures/player.png
01:28:24.734 [FXGL Background Thread 3 ] DEBUG FXGLAssetLoaderServi - Loading from file system: /assets/ui/main.fxml
01:28:24.782 [FXGL Background Thread 3 ] WARN  FXGLAssetLoaderServi - Failed to load FXML main.fxml Error: javafx.fxml.LoadException: 
unknown path:13

01:28:24.782 [FXGL Background Thread 3 ] WARN  FXGLAssetLoaderServi - Failed to load UI, so controller.init() will not be called
01:28:24.786 [FXGL Background Thread 3 ] DEBUG FXGLAssetLoaderServi - Loading from file system: /assets/textures/life.png
01:28:24.788 [FXGL Background Thread 3 ] DEBUG FXGLAssetLoaderServi - Loading from cache: /assets/textures/life.png@32.0x42.0
01:28:24.789 [FXGL Background Thread 3 ] DEBUG FXGLAssetLoaderServi - Loading from cache: /assets/textures/life.png@32.0x42.0
01:28:24.789 [FXGL Background Thread 3 ] DEBUG FXGLAssetLoaderServi - Loading from file system: /assets/textures/houselife.png
01:28:24.794 [FXGL Background Thread 3 ] DEBUG FXGLAssetLoaderServi - Loading from cache: /assets/textures/houselife.png@32.0x32.0
01:28:24.795 [FXGL Background Thread 3 ] DEBUG FXGLAssetLoaderServi - Loading from cache: /assets/textures/houselife.png@32.0x32.0
01:28:24.795 [FXGL Background Thread 3 ] DEBUG FXGLAssetLoaderServi - Loading from cache: /assets/textures/houselife.png@32.0x32.0
01:28:24.795 [FXGL Background Thread 3 ] DEBUG FXGLAssetLoaderServi - Loading from cache: /assets/textures/houselife.png@32.0x32.0
01:28:24.795 [FXGL Background Thread 3 ] INFO  FXGLApplication      - Game initialization took: 0.311 sec
01:28:24.796 [JavaFX Application Thread] DEBUG Input                - Clearing active input actions
01:28:24.802 [JavaFX Application Thread] DEBUG GameApplicationServi - Removing overlay from FXGLLoadingScene and adding to GameScene
01:28:24.802 [JavaFX Application Thread] DEBUG MainWindow           - FXGLLoadingScene -> GameScene
01:28:25.982 [JavaFX Application Thread] DEBUG FXGLApplication      - Exiting FXGL
01:28:25.982 [JavaFX Application Thread] DEBUG LoopRunner           - Stopping loop
01:28:25.982 [JavaFX Application Thread] DEBUG SystemBundleService  - Saving FXGL system data
01:28:25.983 [JavaFX Application Thread] DEBUG FileSystemAccess     - Writing to: C:\Users\nIck_\Desktop\IntelliGame\system\fxgl.bundle
01:28:25.985 [JavaFX Application Thread] DEBUG Async                - Shutting down background threads
01:28:25.985 [JavaFX Application Thread] DEBUG MainWindow           - Closing main window
01:28:25.993 [JavaFX Application Thread] DEBUG Logger               - Closing Logger
